{"F:\\DevFolder\\PythonProjects\\webApplications\\StellarCollabApp\\frontend\\js\\admin.js": {"path":"F:\\DevFolder\\PythonProjects\\webApplications\\StellarCollabApp\\frontend\\js\\admin.js","statementMap":{"0":{"start":{"line":3,"column":8},"end":{"line":3,"column":34}},"1":{"start":{"line":4,"column":8},"end":{"line":4,"column":20}},"2":{"start":{"line":8,"column":8},"end":{"line":8,"column":25}},"3":{"start":{"line":9,"column":8},"end":{"line":9,"column":31}},"4":{"start":{"line":10,"column":8},"end":{"line":10,"column":31}},"5":{"start":{"line":14,"column":21},"end":{"line":14,"column":60}},"6":{"start":{"line":15,"column":8},"end":{"line":19,"column":11}},"7":{"start":{"line":16,"column":12},"end":{"line":18,"column":15}},"8":{"start":{"line":17,"column":16},"end":{"line":17,"column":48}},"9":{"start":{"line":23,"column":8},"end":{"line":25,"column":11}},"10":{"start":{"line":24,"column":12},"end":{"line":24,"column":43}},"11":{"start":{"line":26,"column":8},"end":{"line":26,"column":82}},"12":{"start":{"line":28,"column":8},"end":{"line":30,"column":11}},"13":{"start":{"line":29,"column":12},"end":{"line":29,"column":47}},"14":{"start":{"line":31,"column":8},"end":{"line":31,"column":74}},"15":{"start":{"line":33,"column":8},"end":{"line":33,"column":34}},"16":{"start":{"line":35,"column":8},"end":{"line":45,"column":9}},"17":{"start":{"line":37,"column":16},"end":{"line":37,"column":33}},"18":{"start":{"line":38,"column":16},"end":{"line":38,"column":22}},"19":{"start":{"line":40,"column":16},"end":{"line":40,"column":36}},"20":{"start":{"line":41,"column":16},"end":{"line":41,"column":22}},"21":{"start":{"line":43,"column":16},"end":{"line":43,"column":36}},"22":{"start":{"line":44,"column":16},"end":{"line":44,"column":22}},"23":{"start":{"line":49,"column":8},"end":{"line":62,"column":9}},"24":{"start":{"line":50,"column":29},"end":{"line":54,"column":14}},"25":{"start":{"line":56,"column":12},"end":{"line":59,"column":13}},"26":{"start":{"line":57,"column":30},"end":{"line":57,"column":51}},"27":{"start":{"line":58,"column":16},"end":{"line":58,"column":41}},"28":{"start":{"line":61,"column":12},"end":{"line":61,"column":64}},"29":{"start":{"line":66,"column":31},"end":{"line":66,"column":69}},"30":{"start":{"line":67,"column":8},"end":{"line":84,"column":10}},"31":{"start":{"line":88,"column":8},"end":{"line":101,"column":9}},"32":{"start":{"line":89,"column":29},"end":{"line":93,"column":14}},"33":{"start":{"line":95,"column":12},"end":{"line":98,"column":13}},"34":{"start":{"line":96,"column":30},"end":{"line":96,"column":51}},"35":{"start":{"line":97,"column":16},"end":{"line":97,"column":41}},"36":{"start":{"line":100,"column":12},"end":{"line":100,"column":58}},"37":{"start":{"line":105,"column":22},"end":{"line":105,"column":60}},"38":{"start":{"line":106,"column":8},"end":{"line":136,"column":20}},"39":{"start":{"line":106,"column":44},"end":{"line":136,"column":9}},"40":{"start":{"line":140,"column":8},"end":{"line":153,"column":9}},"41":{"start":{"line":141,"column":29},"end":{"line":145,"column":14}},"42":{"start":{"line":147,"column":12},"end":{"line":150,"column":13}},"43":{"start":{"line":148,"column":33},"end":{"line":148,"column":54}},"44":{"start":{"line":149,"column":16},"end":{"line":149,"column":47}},"45":{"start":{"line":152,"column":12},"end":{"line":152,"column":61}},"46":{"start":{"line":157,"column":22},"end":{"line":157,"column":63}},"47":{"start":{"line":158,"column":8},"end":{"line":181,"column":20}},"48":{"start":{"line":158,"column":49},"end":{"line":181,"column":9}},"49":{"start":{"line":185,"column":8},"end":{"line":198,"column":9}},"50":{"start":{"line":186,"column":29},"end":{"line":190,"column":14}},"51":{"start":{"line":192,"column":12},"end":{"line":195,"column":13}},"52":{"start":{"line":193,"column":29},"end":{"line":193,"column":50}},"53":{"start":{"line":194,"column":16},"end":{"line":194,"column":52}},"54":{"start":{"line":197,"column":12},"end":{"line":197,"column":61}},"55":{"start":{"line":202,"column":26},"end":{"line":202,"column":66}},"56":{"start":{"line":203,"column":8},"end":{"line":217,"column":20}},"57":{"start":{"line":203,"column":51},"end":{"line":217,"column":9}},"58":{"start":{"line":221,"column":8},"end":{"line":221,"column":85}},"59":{"start":{"line":221,"column":78},"end":{"line":221,"column":85}},"60":{"start":{"line":223,"column":8},"end":{"line":240,"column":9}},"61":{"start":{"line":224,"column":29},"end":{"line":233,"column":14}},"62":{"start":{"line":235,"column":12},"end":{"line":237,"column":13}},"63":{"start":{"line":236,"column":16},"end":{"line":236,"column":39}},"64":{"start":{"line":239,"column":12},"end":{"line":239,"column":66}},"65":{"start":{"line":244,"column":8},"end":{"line":244,"column":105}},"66":{"start":{"line":244,"column":98},"end":{"line":244,"column":105}},"67":{"start":{"line":246,"column":8},"end":{"line":259,"column":9}},"68":{"start":{"line":247,"column":29},"end":{"line":252,"column":14}},"69":{"start":{"line":254,"column":12},"end":{"line":256,"column":13}},"70":{"start":{"line":255,"column":16},"end":{"line":255,"column":39}},"71":{"start":{"line":258,"column":12},"end":{"line":258,"column":59}},"72":{"start":{"line":263,"column":8},"end":{"line":263,"column":87}},"73":{"start":{"line":263,"column":80},"end":{"line":263,"column":87}},"74":{"start":{"line":265,"column":8},"end":{"line":282,"column":9}},"75":{"start":{"line":266,"column":29},"end":{"line":275,"column":14}},"76":{"start":{"line":277,"column":12},"end":{"line":279,"column":13}},"77":{"start":{"line":278,"column":16},"end":{"line":278,"column":42}},"78":{"start":{"line":281,"column":12},"end":{"line":281,"column":68}},"79":{"start":{"line":286,"column":8},"end":{"line":286,"column":107}},"80":{"start":{"line":286,"column":100},"end":{"line":286,"column":107}},"81":{"start":{"line":288,"column":8},"end":{"line":301,"column":9}},"82":{"start":{"line":289,"column":29},"end":{"line":294,"column":14}},"83":{"start":{"line":296,"column":12},"end":{"line":298,"column":13}},"84":{"start":{"line":297,"column":16},"end":{"line":297,"column":42}},"85":{"start":{"line":300,"column":12},"end":{"line":300,"column":61}},"86":{"start":{"line":306,"column":19},"end":{"line":306,"column":35}}},"fnMap":{"0":{"name":"(anonymous_0)","decl":{"start":{"line":2,"column":4},"end":{"line":2,"column":5}},"loc":{"start":{"line":2,"column":18},"end":{"line":5,"column":5}},"line":2},"1":{"name":"(anonymous_1)","decl":{"start":{"line":7,"column":4},"end":{"line":7,"column":5}},"loc":{"start":{"line":7,"column":17},"end":{"line":11,"column":5}},"line":7},"2":{"name":"(anonymous_2)","decl":{"start":{"line":13,"column":4},"end":{"line":13,"column":5}},"loc":{"start":{"line":13,"column":16},"end":{"line":20,"column":5}},"line":13},"3":{"name":"(anonymous_3)","decl":{"start":{"line":15,"column":21},"end":{"line":15,"column":22}},"loc":{"start":{"line":15,"column":28},"end":{"line":19,"column":9}},"line":15},"4":{"name":"(anonymous_4)","decl":{"start":{"line":16,"column":42},"end":{"line":16,"column":43}},"loc":{"start":{"line":16,"column":48},"end":{"line":18,"column":13}},"line":16},"5":{"name":"(anonymous_5)","decl":{"start":{"line":22,"column":4},"end":{"line":22,"column":5}},"loc":{"start":{"line":22,"column":23},"end":{"line":46,"column":5}},"line":22},"6":{"name":"(anonymous_6)","decl":{"start":{"line":23,"column":56},"end":{"line":23,"column":57}},"loc":{"start":{"line":23,"column":63},"end":{"line":25,"column":9}},"line":23},"7":{"name":"(anonymous_7)","decl":{"start":{"line":28,"column":58},"end":{"line":28,"column":59}},"loc":{"start":{"line":28,"column":69},"end":{"line":30,"column":9}},"line":28},"8":{"name":"(anonymous_8)","decl":{"start":{"line":48,"column":4},"end":{"line":48,"column":5}},"loc":{"start":{"line":48,"column":22},"end":{"line":63,"column":5}},"line":48},"9":{"name":"(anonymous_9)","decl":{"start":{"line":65,"column":4},"end":{"line":65,"column":5}},"loc":{"start":{"line":65,"column":24},"end":{"line":85,"column":5}},"line":65},"10":{"name":"(anonymous_10)","decl":{"start":{"line":87,"column":4},"end":{"line":87,"column":5}},"loc":{"start":{"line":87,"column":22},"end":{"line":102,"column":5}},"line":87},"11":{"name":"(anonymous_11)","decl":{"start":{"line":104,"column":4},"end":{"line":104,"column":5}},"loc":{"start":{"line":104,"column":24},"end":{"line":137,"column":5}},"line":104},"12":{"name":"(anonymous_12)","decl":{"start":{"line":106,"column":36},"end":{"line":106,"column":37}},"loc":{"start":{"line":106,"column":44},"end":{"line":136,"column":9}},"line":106},"13":{"name":"(anonymous_13)","decl":{"start":{"line":139,"column":4},"end":{"line":139,"column":5}},"loc":{"start":{"line":139,"column":25},"end":{"line":154,"column":5}},"line":139},"14":{"name":"(anonymous_14)","decl":{"start":{"line":156,"column":4},"end":{"line":156,"column":5}},"loc":{"start":{"line":156,"column":30},"end":{"line":182,"column":5}},"line":156},"15":{"name":"(anonymous_15)","decl":{"start":{"line":158,"column":39},"end":{"line":158,"column":40}},"loc":{"start":{"line":158,"column":49},"end":{"line":181,"column":9}},"line":158},"16":{"name":"(anonymous_16)","decl":{"start":{"line":184,"column":4},"end":{"line":184,"column":5}},"loc":{"start":{"line":184,"column":25},"end":{"line":199,"column":5}},"line":184},"17":{"name":"(anonymous_17)","decl":{"start":{"line":201,"column":4},"end":{"line":201,"column":5}},"loc":{"start":{"line":201,"column":30},"end":{"line":218,"column":5}},"line":201},"18":{"name":"(anonymous_18)","decl":{"start":{"line":203,"column":43},"end":{"line":203,"column":44}},"loc":{"start":{"line":203,"column":51},"end":{"line":217,"column":9}},"line":203},"19":{"name":"(anonymous_19)","decl":{"start":{"line":220,"column":4},"end":{"line":220,"column":5}},"loc":{"start":{"line":220,"column":35},"end":{"line":241,"column":5}},"line":220},"20":{"name":"(anonymous_20)","decl":{"start":{"line":243,"column":4},"end":{"line":243,"column":5}},"loc":{"start":{"line":243,"column":29},"end":{"line":260,"column":5}},"line":243},"21":{"name":"(anonymous_21)","decl":{"start":{"line":262,"column":4},"end":{"line":262,"column":5}},"loc":{"start":{"line":262,"column":39},"end":{"line":283,"column":5}},"line":262},"22":{"name":"(anonymous_22)","decl":{"start":{"line":285,"column":4},"end":{"line":285,"column":5}},"loc":{"start":{"line":285,"column":33},"end":{"line":302,"column":5}},"line":285}},"branchMap":{"0":{"loc":{"start":{"line":35,"column":8},"end":{"line":45,"column":9}},"type":"switch","locations":[{"start":{"line":36,"column":12},"end":{"line":38,"column":22}},{"start":{"line":39,"column":12},"end":{"line":41,"column":22}},{"start":{"line":42,"column":12},"end":{"line":44,"column":22}}],"line":35},"1":{"loc":{"start":{"line":56,"column":12},"end":{"line":59,"column":13}},"type":"if","locations":[{"start":{"line":56,"column":12},"end":{"line":59,"column":13}},{"start":{},"end":{}}],"line":56},"2":{"loc":{"start":{"line":95,"column":12},"end":{"line":98,"column":13}},"type":"if","locations":[{"start":{"line":95,"column":12},"end":{"line":98,"column":13}},{"start":{},"end":{}}],"line":95},"3":{"loc":{"start":{"line":112,"column":22},"end":{"line":112,"column":98}},"type":"cond-expr","locations":[{"start":{"line":112,"column":42},"end":{"line":112,"column":93}},{"start":{"line":112,"column":96},"end":{"line":112,"column":98}}],"line":112},"4":{"loc":{"start":{"line":113,"column":22},"end":{"line":113,"column":91}},"type":"cond-expr","locations":[{"start":{"line":113,"column":38},"end":{"line":113,"column":86}},{"start":{"line":113,"column":89},"end":{"line":113,"column":91}}],"line":113},"5":{"loc":{"start":{"line":114,"column":22},"end":{"line":114,"column":115}},"type":"cond-expr","locations":[{"start":{"line":114,"column":61},"end":{"line":114,"column":110}},{"start":{"line":114,"column":113},"end":{"line":114,"column":115}}],"line":114},"6":{"loc":{"start":{"line":114,"column":22},"end":{"line":114,"column":58}},"type":"binary-expr","locations":[{"start":{"line":114,"column":22},"end":{"line":114,"column":36}},{"start":{"line":114,"column":40},"end":{"line":114,"column":58}}],"line":114},"7":{"loc":{"start":{"line":117,"column":41},"end":{"line":117,"column":90}},"type":"cond-expr","locations":[{"start":{"line":117,"column":58},"end":{"line":117,"column":73}},{"start":{"line":117,"column":76},"end":{"line":117,"column":90}}],"line":117},"8":{"loc":{"start":{"line":118,"column":26},"end":{"line":118,"column":64}},"type":"cond-expr","locations":[{"start":{"line":118,"column":43},"end":{"line":118,"column":51}},{"start":{"line":118,"column":54},"end":{"line":118,"column":64}}],"line":118},"9":{"loc":{"start":{"line":129,"column":22},"end":{"line":133,"column":21}},"type":"cond-expr","locations":[{"start":{"line":129,"column":42},"end":{"line":129,"column":44}},{"start":{"line":129,"column":47},"end":{"line":133,"column":21}}],"line":129},"10":{"loc":{"start":{"line":147,"column":12},"end":{"line":150,"column":13}},"type":"if","locations":[{"start":{"line":147,"column":12},"end":{"line":150,"column":13}},{"start":{},"end":{}}],"line":147},"11":{"loc":{"start":{"line":164,"column":41},"end":{"line":164,"column":92}},"type":"cond-expr","locations":[{"start":{"line":164,"column":60},"end":{"line":164,"column":75}},{"start":{"line":164,"column":78},"end":{"line":164,"column":92}}],"line":164},"12":{"loc":{"start":{"line":165,"column":26},"end":{"line":165,"column":66}},"type":"cond-expr","locations":[{"start":{"line":165,"column":45},"end":{"line":165,"column":53}},{"start":{"line":165,"column":56},"end":{"line":165,"column":66}}],"line":165},"13":{"loc":{"start":{"line":192,"column":12},"end":{"line":195,"column":13}},"type":"if","locations":[{"start":{"line":192,"column":12},"end":{"line":195,"column":13}},{"start":{},"end":{}}],"line":192},"14":{"loc":{"start":{"line":206,"column":36},"end":{"line":206,"column":96}},"type":"cond-expr","locations":[{"start":{"line":206,"column":67},"end":{"line":206,"column":83}},{"start":{"line":206,"column":86},"end":{"line":206,"column":96}}],"line":206},"15":{"loc":{"start":{"line":210,"column":26},"end":{"line":210,"column":86}},"type":"cond-expr","locations":[{"start":{"line":210,"column":57},"end":{"line":210,"column":71}},{"start":{"line":210,"column":74},"end":{"line":210,"column":86}}],"line":210},"16":{"loc":{"start":{"line":221,"column":8},"end":{"line":221,"column":85}},"type":"if","locations":[{"start":{"line":221,"column":8},"end":{"line":221,"column":85}},{"start":{},"end":{}}],"line":221},"17":{"loc":{"start":{"line":235,"column":12},"end":{"line":237,"column":13}},"type":"if","locations":[{"start":{"line":235,"column":12},"end":{"line":237,"column":13}},{"start":{},"end":{}}],"line":235},"18":{"loc":{"start":{"line":244,"column":8},"end":{"line":244,"column":105}},"type":"if","locations":[{"start":{"line":244,"column":8},"end":{"line":244,"column":105}},{"start":{},"end":{}}],"line":244},"19":{"loc":{"start":{"line":254,"column":12},"end":{"line":256,"column":13}},"type":"if","locations":[{"start":{"line":254,"column":12},"end":{"line":256,"column":13}},{"start":{},"end":{}}],"line":254},"20":{"loc":{"start":{"line":263,"column":8},"end":{"line":263,"column":87}},"type":"if","locations":[{"start":{"line":263,"column":8},"end":{"line":263,"column":87}},{"start":{},"end":{}}],"line":263},"21":{"loc":{"start":{"line":277,"column":12},"end":{"line":279,"column":13}},"type":"if","locations":[{"start":{"line":277,"column":12},"end":{"line":279,"column":13}},{"start":{},"end":{}}],"line":277},"22":{"loc":{"start":{"line":286,"column":8},"end":{"line":286,"column":107}},"type":"if","locations":[{"start":{"line":286,"column":8},"end":{"line":286,"column":107}},{"start":{},"end":{}}],"line":286},"23":{"loc":{"start":{"line":296,"column":12},"end":{"line":298,"column":13}},"type":"if","locations":[{"start":{"line":296,"column":12},"end":{"line":298,"column":13}},{"start":{},"end":{}}],"line":296}},"s":{"0":0,"1":0,"2":0,"3":0,"4":0,"5":0,"6":0,"7":0,"8":0,"9":0,"10":0,"11":0,"12":0,"13":0,"14":0,"15":0,"16":0,"17":0,"18":0,"19":0,"20":0,"21":0,"22":0,"23":0,"24":0,"25":0,"26":0,"27":0,"28":0,"29":0,"30":0,"31":0,"32":0,"33":0,"34":0,"35":0,"36":0,"37":0,"38":0,"39":0,"40":0,"41":0,"42":0,"43":0,"44":0,"45":0,"46":0,"47":0,"48":0,"49":0,"50":0,"51":0,"52":0,"53":0,"54":0,"55":0,"56":0,"57":0,"58":0,"59":0,"60":0,"61":0,"62":0,"63":0,"64":0,"65":0,"66":0,"67":0,"68":0,"69":0,"70":0,"71":0,"72":0,"73":0,"74":0,"75":0,"76":0,"77":0,"78":0,"79":0,"80":0,"81":0,"82":0,"83":0,"84":0,"85":0,"86":0},"f":{"0":0,"1":0,"2":0,"3":0,"4":0,"5":0,"6":0,"7":0,"8":0,"9":0,"10":0,"11":0,"12":0,"13":0,"14":0,"15":0,"16":0,"17":0,"18":0,"19":0,"20":0,"21":0,"22":0},"b":{"0":[0,0,0],"1":[0,0],"2":[0,0],"3":[0,0],"4":[0,0],"5":[0,0],"6":[0,0],"7":[0,0],"8":[0,0],"9":[0,0],"10":[0,0],"11":[0,0],"12":[0,0],"13":[0,0],"14":[0,0],"15":[0,0],"16":[0,0],"17":[0,0],"18":[0,0],"19":[0,0],"20":[0,0],"21":[0,0],"22":[0,0],"23":[0,0]}}
,"F:\\DevFolder\\PythonProjects\\webApplications\\StellarCollabApp\\frontend\\js\\api.js": {"path":"F:\\DevFolder\\PythonProjects\\webApplications\\StellarCollabApp\\frontend\\js\\api.js","statementMap":{"0":{"start":{"line":9,"column":22},"end":{"line":9,"column":41}},"1":{"start":{"line":12,"column":8},"end":{"line":16,"column":9}},"2":{"start":{"line":14,"column":12},"end":{"line":14,"column":81}},"3":{"start":{"line":15,"column":12},"end":{"line":15,"column":61}},"4":{"start":{"line":19,"column":8},"end":{"line":22,"column":9}},"5":{"start":{"line":20,"column":12},"end":{"line":20,"column":71}},"6":{"start":{"line":21,"column":12},"end":{"line":21,"column":61}},"7":{"start":{"line":24,"column":8},"end":{"line":24,"column":31}},"8":{"start":{"line":25,"column":8},"end":{"line":27,"column":10}},"9":{"start":{"line":28,"column":8},"end":{"line":28,"column":38}},"10":{"start":{"line":29,"column":8},"end":{"line":29,"column":39}},"11":{"start":{"line":30,"column":8},"end":{"line":30,"column":31}},"12":{"start":{"line":31,"column":8},"end":{"line":31,"column":41}},"13":{"start":{"line":32,"column":8},"end":{"line":32,"column":31}},"14":{"start":{"line":33,"column":8},"end":{"line":33,"column":31}},"15":{"start":{"line":36,"column":8},"end":{"line":42,"column":11}},"16":{"start":{"line":45,"column":8},"end":{"line":45,"column":37}},"17":{"start":{"line":48,"column":8},"end":{"line":48,"column":40}},"18":{"start":{"line":50,"column":8},"end":{"line":50,"column":48}},"19":{"start":{"line":57,"column":8},"end":{"line":63,"column":11}},"20":{"start":{"line":58,"column":12},"end":{"line":58,"column":33}},"21":{"start":{"line":59,"column":12},"end":{"line":59,"column":39}},"22":{"start":{"line":60,"column":12},"end":{"line":62,"column":13}},"23":{"start":{"line":61,"column":16},"end":{"line":61,"column":77}},"24":{"start":{"line":65,"column":8},"end":{"line":70,"column":11}},"25":{"start":{"line":66,"column":12},"end":{"line":66,"column":34}},"26":{"start":{"line":67,"column":12},"end":{"line":69,"column":13}},"27":{"start":{"line":68,"column":16},"end":{"line":68,"column":73}},"28":{"start":{"line":78,"column":8},"end":{"line":96,"column":11}},"29":{"start":{"line":80,"column":34},"end":{"line":84,"column":13}},"30":{"start":{"line":86,"column":35},"end":{"line":88,"column":13}},"31":{"start":{"line":87,"column":16},"end":{"line":87,"column":45}},"32":{"start":{"line":90,"column":12},"end":{"line":93,"column":13}},"33":{"start":{"line":91,"column":36},"end":{"line":91,"column":65}},"34":{"start":{"line":92,"column":16},"end":{"line":92,"column":71}},"35":{"start":{"line":95,"column":12},"end":{"line":95,"column":26}},"36":{"start":{"line":99,"column":8},"end":{"line":102,"column":10}},"37":{"start":{"line":100,"column":26},"end":{"line":100,"column":34}},"38":{"start":{"line":101,"column":23},"end":{"line":101,"column":49}},"39":{"start":{"line":110,"column":8},"end":{"line":110,"column":51}},"40":{"start":{"line":119,"column":8},"end":{"line":119,"column":63}},"41":{"start":{"line":129,"column":28},"end":{"line":129,"column":41}},"42":{"start":{"line":130,"column":8},"end":{"line":132,"column":9}},"43":{"start":{"line":131,"column":12},"end":{"line":131,"column":72}},"44":{"start":{"line":135,"column":8},"end":{"line":137,"column":9}},"45":{"start":{"line":136,"column":12},"end":{"line":136,"column":52}},"46":{"start":{"line":140,"column":29},"end":{"line":144,"column":9}},"47":{"start":{"line":147,"column":8},"end":{"line":154,"column":9}},"48":{"start":{"line":148,"column":12},"end":{"line":153,"column":13}},"49":{"start":{"line":149,"column":16},"end":{"line":149,"column":55}},"50":{"start":{"line":150,"column":16},"end":{"line":150,"column":60}},"51":{"start":{"line":152,"column":16},"end":{"line":152,"column":71}},"52":{"start":{"line":157,"column":20},"end":{"line":157,"column":74}},"53":{"start":{"line":159,"column":8},"end":{"line":193,"column":9}},"54":{"start":{"line":160,"column":12},"end":{"line":160,"column":83}},"55":{"start":{"line":161,"column":12},"end":{"line":161,"column":57}},"56":{"start":{"line":164,"column":12},"end":{"line":170,"column":13}},"57":{"start":{"line":165,"column":16},"end":{"line":169,"column":19}},"58":{"start":{"line":172,"column":29},"end":{"line":172,"column":59}},"59":{"start":{"line":175,"column":36},"end":{"line":175,"column":44}},"60":{"start":{"line":176,"column":12},"end":{"line":182,"column":13}},"61":{"start":{"line":177,"column":16},"end":{"line":181,"column":17}},"62":{"start":{"line":178,"column":20},"end":{"line":178,"column":102}},"63":{"start":{"line":179,"column":23},"end":{"line":181,"column":17}},"64":{"start":{"line":180,"column":20},"end":{"line":180,"column":62}},"65":{"start":{"line":185,"column":27},"end":{"line":185,"column":70}},"66":{"start":{"line":187,"column":12},"end":{"line":187,"column":71}},"67":{"start":{"line":188,"column":12},"end":{"line":188,"column":26}},"68":{"start":{"line":191,"column":12},"end":{"line":191,"column":59}},"69":{"start":{"line":192,"column":12},"end":{"line":192,"column":24}},"70":{"start":{"line":203,"column":24},"end":{"line":203,"column":78}},"71":{"start":{"line":206,"column":8},"end":{"line":211,"column":11}},"72":{"start":{"line":214,"column":24},"end":{"line":214,"column":31}},"73":{"start":{"line":215,"column":8},"end":{"line":225,"column":9}},"74":{"start":{"line":216,"column":12},"end":{"line":219,"column":13}},"75":{"start":{"line":217,"column":16},"end":{"line":217,"column":90}},"76":{"start":{"line":218,"column":16},"end":{"line":218,"column":67}},"77":{"start":{"line":221,"column":12},"end":{"line":224,"column":13}},"78":{"start":{"line":222,"column":16},"end":{"line":222,"column":81}},"79":{"start":{"line":223,"column":16},"end":{"line":223,"column":75}},"80":{"start":{"line":228,"column":8},"end":{"line":231,"column":9}},"81":{"start":{"line":229,"column":12},"end":{"line":229,"column":91}},"82":{"start":{"line":230,"column":12},"end":{"line":230,"column":65}},"83":{"start":{"line":233,"column":8},"end":{"line":236,"column":9}},"84":{"start":{"line":234,"column":12},"end":{"line":234,"column":64}},"85":{"start":{"line":235,"column":12},"end":{"line":235,"column":29}},"86":{"start":{"line":238,"column":29},"end":{"line":238,"column":50}},"87":{"start":{"line":239,"column":8},"end":{"line":243,"column":11}},"88":{"start":{"line":240,"column":12},"end":{"line":242,"column":13}},"89":{"start":{"line":241,"column":16},"end":{"line":241,"column":54}},"90":{"start":{"line":245,"column":28},"end":{"line":245,"column":51}},"91":{"start":{"line":246,"column":25},"end":{"line":246,"column":80}},"92":{"start":{"line":248,"column":8},"end":{"line":248,"column":61}},"93":{"start":{"line":249,"column":8},"end":{"line":249,"column":24}},"94":{"start":{"line":258,"column":8},"end":{"line":270,"column":9}},"95":{"start":{"line":259,"column":26},"end":{"line":259,"column":86}},"96":{"start":{"line":260,"column":12},"end":{"line":260,"column":43}},"97":{"start":{"line":261,"column":12},"end":{"line":261,"column":38}},"98":{"start":{"line":263,"column":12},"end":{"line":267,"column":13}},"99":{"start":{"line":264,"column":16},"end":{"line":264,"column":51}},"100":{"start":{"line":266,"column":16},"end":{"line":266,"column":51}},"101":{"start":{"line":269,"column":12},"end":{"line":269,"column":24}},"102":{"start":{"line":272,"column":28},"end":{"line":272,"column":64}},"103":{"start":{"line":274,"column":8},"end":{"line":282,"column":9}},"104":{"start":{"line":275,"column":12},"end":{"line":275,"column":41}},"105":{"start":{"line":276,"column":15},"end":{"line":282,"column":9}},"106":{"start":{"line":277,"column":12},"end":{"line":277,"column":41}},"107":{"start":{"line":278,"column":15},"end":{"line":282,"column":9}},"108":{"start":{"line":279,"column":12},"end":{"line":279,"column":41}},"109":{"start":{"line":281,"column":12},"end":{"line":281,"column":28}},"110":{"start":{"line":291,"column":8},"end":{"line":338,"column":9}},"111":{"start":{"line":293,"column":12},"end":{"line":293,"column":43}},"112":{"start":{"line":294,"column":12},"end":{"line":294,"column":42}},"113":{"start":{"line":297,"column":12},"end":{"line":309,"column":13}},"114":{"start":{"line":298,"column":16},"end":{"line":298,"column":72}},"115":{"start":{"line":301,"column":16},"end":{"line":304,"column":17}},"116":{"start":{"line":302,"column":20},"end":{"line":302,"column":65}},"117":{"start":{"line":303,"column":20},"end":{"line":303,"column":61}},"118":{"start":{"line":306,"column":16},"end":{"line":308,"column":17}},"119":{"start":{"line":307,"column":20},"end":{"line":307,"column":97}},"120":{"start":{"line":310,"column":15},"end":{"line":338,"column":9}},"121":{"start":{"line":312,"column":31},"end":{"line":312,"column":46}},"122":{"start":{"line":313,"column":12},"end":{"line":319,"column":13}},"123":{"start":{"line":314,"column":16},"end":{"line":318,"column":17}},"124":{"start":{"line":315,"column":20},"end":{"line":315,"column":109}},"125":{"start":{"line":317,"column":20},"end":{"line":317,"column":53}},"126":{"start":{"line":320,"column":12},"end":{"line":322,"column":13}},"127":{"start":{"line":321,"column":16},"end":{"line":321,"column":66}},"128":{"start":{"line":323,"column":15},"end":{"line":338,"column":9}},"129":{"start":{"line":325,"column":12},"end":{"line":327,"column":13}},"130":{"start":{"line":326,"column":16},"end":{"line":326,"column":74}},"131":{"start":{"line":328,"column":15},"end":{"line":338,"column":9}},"132":{"start":{"line":330,"column":12},"end":{"line":332,"column":13}},"133":{"start":{"line":331,"column":16},"end":{"line":331,"column":93}},"134":{"start":{"line":333,"column":15},"end":{"line":338,"column":9}},"135":{"start":{"line":335,"column":12},"end":{"line":337,"column":13}},"136":{"start":{"line":336,"column":16},"end":{"line":336,"column":80}},"137":{"start":{"line":340,"column":8},"end":{"line":340,"column":37}},"138":{"start":{"line":349,"column":8},"end":{"line":355,"column":11}},"139":{"start":{"line":350,"column":12},"end":{"line":350,"column":64}},"140":{"start":{"line":352,"column":12},"end":{"line":354,"column":13}},"141":{"start":{"line":353,"column":16},"end":{"line":353,"column":90}},"142":{"start":{"line":362,"column":22},"end":{"line":362,"column":44}},"143":{"start":{"line":363,"column":8},"end":{"line":363,"column":31}},"144":{"start":{"line":365,"column":8},"end":{"line":372,"column":9}},"145":{"start":{"line":366,"column":12},"end":{"line":371,"column":13}},"146":{"start":{"line":367,"column":31},"end":{"line":367,"column":57}},"147":{"start":{"line":368,"column":16},"end":{"line":368,"column":32}},"148":{"start":{"line":370,"column":16},"end":{"line":370,"column":30}},"149":{"start":{"line":382,"column":8},"end":{"line":382,"column":63}},"150":{"start":{"line":393,"column":8},"end":{"line":393,"column":70}},"151":{"start":{"line":404,"column":8},"end":{"line":404,"column":69}},"152":{"start":{"line":414,"column":8},"end":{"line":414,"column":66}},"153":{"start":{"line":426,"column":8},"end":{"line":448,"column":9}},"154":{"start":{"line":426,"column":27},"end":{"line":426,"column":28}},"155":{"start":{"line":427,"column":12},"end":{"line":447,"column":13}},"156":{"start":{"line":428,"column":16},"end":{"line":428,"column":50}},"157":{"start":{"line":430,"column":16},"end":{"line":430,"column":34}},"158":{"start":{"line":433,"column":16},"end":{"line":435,"column":17}},"159":{"start":{"line":434,"column":20},"end":{"line":434,"column":32}},"160":{"start":{"line":438,"column":16},"end":{"line":440,"column":17}},"161":{"start":{"line":439,"column":20},"end":{"line":439,"column":32}},"162":{"start":{"line":443,"column":30},"end":{"line":443,"column":68}},"163":{"start":{"line":444,"column":16},"end":{"line":444,"column":73}},"164":{"start":{"line":444,"column":45},"end":{"line":444,"column":71}},"165":{"start":{"line":446,"column":16},"end":{"line":446,"column":94}},"166":{"start":{"line":450,"column":8},"end":{"line":450,"column":24}},"167":{"start":{"line":457,"column":8},"end":{"line":457,"column":29}},"168":{"start":{"line":461,"column":25},"end":{"line":461,"column":88}},"169":{"start":{"line":463,"column":8},"end":{"line":466,"column":9}},"170":{"start":{"line":464,"column":12},"end":{"line":464,"column":61}},"171":{"start":{"line":465,"column":12},"end":{"line":465,"column":52}},"172":{"start":{"line":468,"column":8},"end":{"line":468,"column":24}},"173":{"start":{"line":472,"column":25},"end":{"line":472,"column":88}},"174":{"start":{"line":474,"column":8},"end":{"line":477,"column":9}},"175":{"start":{"line":475,"column":12},"end":{"line":475,"column":61}},"176":{"start":{"line":476,"column":12},"end":{"line":476,"column":52}},"177":{"start":{"line":479,"column":8},"end":{"line":479,"column":24}},"178":{"start":{"line":483,"column":8},"end":{"line":483,"column":68}},"179":{"start":{"line":487,"column":8},"end":{"line":492,"column":9}},"180":{"start":{"line":488,"column":12},"end":{"line":488,"column":64}},"181":{"start":{"line":490,"column":12},"end":{"line":490,"column":43}},"182":{"start":{"line":491,"column":12},"end":{"line":491,"column":42}},"183":{"start":{"line":496,"column":8},"end":{"line":496,"column":62}},"184":{"start":{"line":500,"column":8},"end":{"line":500,"column":85}},"185":{"start":{"line":504,"column":8},"end":{"line":504,"column":87}},"186":{"start":{"line":508,"column":8},"end":{"line":508,"column":75}},"187":{"start":{"line":512,"column":8},"end":{"line":512,"column":70}},"188":{"start":{"line":517,"column":8},"end":{"line":517,"column":78}},"189":{"start":{"line":521,"column":8},"end":{"line":521,"column":79}},"190":{"start":{"line":526,"column":8},"end":{"line":526,"column":80}},"191":{"start":{"line":530,"column":8},"end":{"line":530,"column":102}},"192":{"start":{"line":536,"column":8},"end":{"line":536,"column":29}},"193":{"start":{"line":540,"column":8},"end":{"line":540,"column":78}},"194":{"start":{"line":544,"column":8},"end":{"line":544,"column":76}},"195":{"start":{"line":548,"column":8},"end":{"line":548,"column":79}},"196":{"start":{"line":552,"column":8},"end":{"line":552,"column":88}},"197":{"start":{"line":556,"column":8},"end":{"line":556,"column":79}},"198":{"start":{"line":560,"column":20},"end":{"line":560,"column":74}},"199":{"start":{"line":561,"column":8},"end":{"line":561,"column":62}},"200":{"start":{"line":565,"column":20},"end":{"line":565,"column":73}},"201":{"start":{"line":566,"column":8},"end":{"line":566,"column":42}},"202":{"start":{"line":572,"column":8},"end":{"line":572,"column":29}},"203":{"start":{"line":576,"column":8},"end":{"line":576,"column":76}},"204":{"start":{"line":580,"column":8},"end":{"line":580,"column":76}},"205":{"start":{"line":584,"column":8},"end":{"line":584,"column":86}},"206":{"start":{"line":588,"column":8},"end":{"line":588,"column":79}},"207":{"start":{"line":592,"column":20},"end":{"line":592,"column":79}},"208":{"start":{"line":593,"column":8},"end":{"line":593,"column":54}},"209":{"start":{"line":597,"column":20},"end":{"line":597,"column":87}},"210":{"start":{"line":598,"column":8},"end":{"line":598,"column":64}},"211":{"start":{"line":602,"column":20},"end":{"line":602,"column":75}},"212":{"start":{"line":603,"column":8},"end":{"line":603,"column":54}},"213":{"start":{"line":607,"column":20},"end":{"line":607,"column":75}},"214":{"start":{"line":608,"column":8},"end":{"line":608,"column":42}},"215":{"start":{"line":612,"column":20},"end":{"line":612,"column":84}},"216":{"start":{"line":613,"column":8},"end":{"line":613,"column":42}},"217":{"start":{"line":617,"column":20},"end":{"line":617,"column":90}},"218":{"start":{"line":618,"column":8},"end":{"line":618,"column":64}},"219":{"start":{"line":622,"column":20},"end":{"line":622,"column":70}},"220":{"start":{"line":623,"column":8},"end":{"line":623,"column":43}},"221":{"start":{"line":627,"column":20},"end":{"line":627,"column":70}},"222":{"start":{"line":628,"column":8},"end":{"line":628,"column":45}},"223":{"start":{"line":632,"column":20},"end":{"line":632,"column":71}},"224":{"start":{"line":633,"column":8},"end":{"line":633,"column":42}},"225":{"start":{"line":637,"column":20},"end":{"line":637,"column":71}},"226":{"start":{"line":638,"column":8},"end":{"line":638,"column":42}},"227":{"start":{"line":642,"column":20},"end":{"line":642,"column":86}},"228":{"start":{"line":643,"column":23},"end":{"line":643,"column":62}},"229":{"start":{"line":644,"column":8},"end":{"line":644,"column":54}},"230":{"start":{"line":649,"column":8},"end":{"line":649,"column":86}},"231":{"start":{"line":653,"column":8},"end":{"line":653,"column":88}},"232":{"start":{"line":657,"column":8},"end":{"line":657,"column":85}},"233":{"start":{"line":661,"column":8},"end":{"line":661,"column":85}},"234":{"start":{"line":667,"column":8},"end":{"line":667,"column":29}},"235":{"start":{"line":671,"column":8},"end":{"line":671,"column":68}},"236":{"start":{"line":675,"column":20},"end":{"line":675,"column":79}},"237":{"start":{"line":676,"column":8},"end":{"line":676,"column":52}},"238":{"start":{"line":681,"column":18},"end":{"line":681,"column":33}},"239":{"start":{"line":682,"column":16},"end":{"line":682,"column":38}},"240":{"start":{"line":683,"column":18},"end":{"line":683,"column":42}},"241":{"start":{"line":684,"column":16},"end":{"line":684,"column":38}},"242":{"start":{"line":685,"column":21},"end":{"line":685,"column":48}},"243":{"start":{"line":688,"column":12},"end":{"line":743,"column":1}},"244":{"start":{"line":691,"column":32},"end":{"line":691,"column":58}},"245":{"start":{"line":692,"column":32},"end":{"line":692,"column":58}},"246":{"start":{"line":693,"column":22},"end":{"line":693,"column":38}},"247":{"start":{"line":694,"column":28},"end":{"line":694,"column":50}},"248":{"start":{"line":695,"column":30},"end":{"line":695,"column":54}},"249":{"start":{"line":696,"column":33},"end":{"line":696,"column":60}},"250":{"start":{"line":697,"column":34},"end":{"line":697,"column":62}},"251":{"start":{"line":698,"column":29},"end":{"line":698,"column":52}},"252":{"start":{"line":699,"column":28},"end":{"line":699,"column":50}},"253":{"start":{"line":701,"column":42},"end":{"line":701,"column":78}},"254":{"start":{"line":702,"column":45},"end":{"line":702,"column":84}},"255":{"start":{"line":704,"column":43},"end":{"line":704,"column":80}},"256":{"start":{"line":705,"column":55},"end":{"line":705,"column":104}},"257":{"start":{"line":710,"column":26},"end":{"line":710,"column":55}},"258":{"start":{"line":711,"column":21},"end":{"line":711,"column":44}},"259":{"start":{"line":712,"column":26},"end":{"line":712,"column":54}},"260":{"start":{"line":713,"column":30},"end":{"line":713,"column":62}},"261":{"start":{"line":714,"column":24},"end":{"line":714,"column":50}},"262":{"start":{"line":715,"column":35},"end":{"line":715,"column":72}},"263":{"start":{"line":716,"column":26},"end":{"line":716,"column":54}},"264":{"start":{"line":721,"column":26},"end":{"line":721,"column":50}},"265":{"start":{"line":722,"column":21},"end":{"line":722,"column":40}},"266":{"start":{"line":723,"column":30},"end":{"line":723,"column":58}},"267":{"start":{"line":724,"column":24},"end":{"line":724,"column":46}},"268":{"start":{"line":725,"column":44},"end":{"line":725,"column":84}},"269":{"start":{"line":726,"column":43},"end":{"line":726,"column":84}},"270":{"start":{"line":727,"column":40},"end":{"line":727,"column":76}},"271":{"start":{"line":728,"column":48},"end":{"line":728,"column":90}},"272":{"start":{"line":729,"column":30},"end":{"line":729,"column":58}},"273":{"start":{"line":730,"column":38},"end":{"line":730,"column":70}},"274":{"start":{"line":731,"column":60},"end":{"line":731,"column":114}},"275":{"start":{"line":732,"column":22},"end":{"line":732,"column":42}},"276":{"start":{"line":733,"column":24},"end":{"line":733,"column":46}},"277":{"start":{"line":734,"column":26},"end":{"line":734,"column":50}},"278":{"start":{"line":735,"column":26},"end":{"line":735,"column":50}},"279":{"start":{"line":740,"column":24},"end":{"line":740,"column":47}},"280":{"start":{"line":741,"column":42},"end":{"line":741,"column":91}},"281":{"start":{"line":746,"column":0},"end":{"line":746,"column":17}},"282":{"start":{"line":747,"column":0},"end":{"line":747,"column":29}},"283":{"start":{"line":750,"column":0},"end":{"line":765,"column":1}},"284":{"start":{"line":752,"column":4},"end":{"line":752,"column":36}},"285":{"start":{"line":755,"column":4},"end":{"line":764,"column":23}},"286":{"start":{"line":756,"column":8},"end":{"line":763,"column":9}},"287":{"start":{"line":757,"column":12},"end":{"line":762,"column":13}},"288":{"start":{"line":758,"column":16},"end":{"line":758,"column":46}},"289":{"start":{"line":760,"column":16},"end":{"line":760,"column":61}},"290":{"start":{"line":767,"column":0},"end":{"line":767,"column":40}}},"fnMap":{"0":{"name":"(anonymous_0)","decl":{"start":{"line":7,"column":4},"end":{"line":7,"column":5}},"loc":{"start":{"line":7,"column":18},"end":{"line":51,"column":5}},"line":7},"1":{"name":"(anonymous_1)","decl":{"start":{"line":56,"column":4},"end":{"line":56,"column":5}},"loc":{"start":{"line":56,"column":28},"end":{"line":71,"column":5}},"line":56},"2":{"name":"(anonymous_2)","decl":{"start":{"line":57,"column":42},"end":{"line":57,"column":43}},"loc":{"start":{"line":57,"column":48},"end":{"line":63,"column":9}},"line":57},"3":{"name":"(anonymous_3)","decl":{"start":{"line":65,"column":43},"end":{"line":65,"column":44}},"loc":{"start":{"line":65,"column":49},"end":{"line":70,"column":9}},"line":65},"4":{"name":"(anonymous_4)","decl":{"start":{"line":76,"column":4},"end":{"line":76,"column":5}},"loc":{"start":{"line":76,"column":31},"end":{"line":103,"column":5}},"line":76},"5":{"name":"(anonymous_5)","decl":{"start":{"line":78,"column":35},"end":{"line":78,"column":36}},"loc":{"start":{"line":78,"column":47},"end":{"line":96,"column":9}},"line":78},"6":{"name":"(anonymous_6)","decl":{"start":{"line":86,"column":54},"end":{"line":86,"column":55}},"loc":{"start":{"line":87,"column":16},"end":{"line":87,"column":45}},"line":87},"7":{"name":"(anonymous_7)","decl":{"start":{"line":100,"column":12},"end":{"line":100,"column":13}},"loc":{"start":{"line":100,"column":26},"end":{"line":100,"column":34}},"line":100},"8":{"name":"(anonymous_8)","decl":{"start":{"line":101,"column":12},"end":{"line":101,"column":13}},"loc":{"start":{"line":101,"column":23},"end":{"line":101,"column":49}},"line":101},"9":{"name":"(anonymous_9)","decl":{"start":{"line":109,"column":4},"end":{"line":109,"column":5}},"loc":{"start":{"line":109,"column":39},"end":{"line":111,"column":5}},"line":109},"10":{"name":"(anonymous_10)","decl":{"start":{"line":118,"column":4},"end":{"line":118,"column":5}},"loc":{"start":{"line":118,"column":47},"end":{"line":120,"column":5}},"line":118},"11":{"name":"(anonymous_11)","decl":{"start":{"line":127,"column":4},"end":{"line":127,"column":5}},"loc":{"start":{"line":127,"column":26},"end":{"line":194,"column":5}},"line":127},"12":{"name":"(anonymous_12)","decl":{"start":{"line":202,"column":4},"end":{"line":202,"column":5}},"loc":{"start":{"line":202,"column":26},"end":{"line":250,"column":5}},"line":202},"13":{"name":"(anonymous_13)","decl":{"start":{"line":239,"column":36},"end":{"line":239,"column":37}},"loc":{"start":{"line":239,"column":43},"end":{"line":243,"column":9}},"line":239},"14":{"name":"(anonymous_14)","decl":{"start":{"line":257,"column":4},"end":{"line":257,"column":5}},"loc":{"start":{"line":257,"column":34},"end":{"line":283,"column":5}},"line":257},"15":{"name":"(anonymous_15)","decl":{"start":{"line":290,"column":4},"end":{"line":290,"column":5}},"loc":{"start":{"line":290,"column":32},"end":{"line":341,"column":5}},"line":290},"16":{"name":"(anonymous_16)","decl":{"start":{"line":348,"column":4},"end":{"line":348,"column":5}},"loc":{"start":{"line":348,"column":25},"end":{"line":356,"column":5}},"line":348},"17":{"name":"(anonymous_17)","decl":{"start":{"line":349,"column":27},"end":{"line":349,"column":28}},"loc":{"start":{"line":349,"column":48},"end":{"line":355,"column":9}},"line":349},"18":{"name":"(anonymous_18)","decl":{"start":{"line":361,"column":4},"end":{"line":361,"column":5}},"loc":{"start":{"line":361,"column":32},"end":{"line":373,"column":5}},"line":361},"19":{"name":"(anonymous_19)","decl":{"start":{"line":381,"column":4},"end":{"line":381,"column":5}},"loc":{"start":{"line":381,"column":26},"end":{"line":383,"column":5}},"line":381},"20":{"name":"(anonymous_20)","decl":{"start":{"line":392,"column":4},"end":{"line":392,"column":5}},"loc":{"start":{"line":392,"column":33},"end":{"line":394,"column":5}},"line":392},"21":{"name":"(anonymous_21)","decl":{"start":{"line":403,"column":4},"end":{"line":403,"column":5}},"loc":{"start":{"line":403,"column":32},"end":{"line":405,"column":5}},"line":403},"22":{"name":"(anonymous_22)","decl":{"start":{"line":413,"column":4},"end":{"line":413,"column":5}},"loc":{"start":{"line":413,"column":29},"end":{"line":415,"column":5}},"line":413},"23":{"name":"(anonymous_23)","decl":{"start":{"line":423,"column":4},"end":{"line":423,"column":5}},"loc":{"start":{"line":423,"column":68},"end":{"line":451,"column":5}},"line":423},"24":{"name":"(anonymous_24)","decl":{"start":{"line":444,"column":34},"end":{"line":444,"column":35}},"loc":{"start":{"line":444,"column":45},"end":{"line":444,"column":71}},"line":444},"25":{"name":"(anonymous_25)","decl":{"start":{"line":456,"column":4},"end":{"line":456,"column":5}},"loc":{"start":{"line":456,"column":24},"end":{"line":458,"column":5}},"line":456},"26":{"name":"(anonymous_26)","decl":{"start":{"line":460,"column":4},"end":{"line":460,"column":5}},"loc":{"start":{"line":460,"column":29},"end":{"line":469,"column":5}},"line":460},"27":{"name":"(anonymous_27)","decl":{"start":{"line":471,"column":4},"end":{"line":471,"column":5}},"loc":{"start":{"line":471,"column":29},"end":{"line":480,"column":5}},"line":471},"28":{"name":"(anonymous_28)","decl":{"start":{"line":482,"column":4},"end":{"line":482,"column":5}},"loc":{"start":{"line":482,"column":25},"end":{"line":484,"column":5}},"line":482},"29":{"name":"(anonymous_29)","decl":{"start":{"line":486,"column":4},"end":{"line":486,"column":5}},"loc":{"start":{"line":486,"column":19},"end":{"line":493,"column":5}},"line":486},"30":{"name":"(anonymous_30)","decl":{"start":{"line":495,"column":4},"end":{"line":495,"column":5}},"loc":{"start":{"line":495,"column":27},"end":{"line":497,"column":5}},"line":495},"31":{"name":"(anonymous_31)","decl":{"start":{"line":499,"column":4},"end":{"line":499,"column":5}},"loc":{"start":{"line":499,"column":37},"end":{"line":501,"column":5}},"line":499},"32":{"name":"(anonymous_32)","decl":{"start":{"line":503,"column":4},"end":{"line":503,"column":5}},"loc":{"start":{"line":503,"column":39},"end":{"line":505,"column":5}},"line":503},"33":{"name":"(anonymous_33)","decl":{"start":{"line":507,"column":4},"end":{"line":507,"column":5}},"loc":{"start":{"line":507,"column":26},"end":{"line":509,"column":5}},"line":507},"34":{"name":"(anonymous_34)","decl":{"start":{"line":511,"column":4},"end":{"line":511,"column":5}},"loc":{"start":{"line":511,"column":25},"end":{"line":513,"column":5}},"line":511},"35":{"name":"(anonymous_35)","decl":{"start":{"line":516,"column":4},"end":{"line":516,"column":5}},"loc":{"start":{"line":516,"column":39},"end":{"line":518,"column":5}},"line":516},"36":{"name":"(anonymous_36)","decl":{"start":{"line":520,"column":4},"end":{"line":520,"column":5}},"loc":{"start":{"line":520,"column":42},"end":{"line":522,"column":5}},"line":520},"37":{"name":"(anonymous_37)","decl":{"start":{"line":525,"column":4},"end":{"line":525,"column":5}},"loc":{"start":{"line":525,"column":40},"end":{"line":527,"column":5}},"line":525},"38":{"name":"(anonymous_38)","decl":{"start":{"line":529,"column":4},"end":{"line":529,"column":5}},"loc":{"start":{"line":529,"column":52},"end":{"line":531,"column":5}},"line":529},"39":{"name":"(anonymous_39)","decl":{"start":{"line":535,"column":4},"end":{"line":535,"column":5}},"loc":{"start":{"line":535,"column":24},"end":{"line":537,"column":5}},"line":535},"40":{"name":"(anonymous_40)","decl":{"start":{"line":539,"column":4},"end":{"line":539,"column":5}},"loc":{"start":{"line":539,"column":35},"end":{"line":541,"column":5}},"line":539},"41":{"name":"(anonymous_41)","decl":{"start":{"line":543,"column":4},"end":{"line":543,"column":5}},"loc":{"start":{"line":543,"column":24},"end":{"line":545,"column":5}},"line":543},"42":{"name":"(anonymous_42)","decl":{"start":{"line":547,"column":4},"end":{"line":547,"column":5}},"loc":{"start":{"line":547,"column":35},"end":{"line":549,"column":5}},"line":547},"43":{"name":"(anonymous_43)","decl":{"start":{"line":551,"column":4},"end":{"line":551,"column":5}},"loc":{"start":{"line":551,"column":39},"end":{"line":553,"column":5}},"line":551},"44":{"name":"(anonymous_44)","decl":{"start":{"line":555,"column":4},"end":{"line":555,"column":5}},"loc":{"start":{"line":555,"column":27},"end":{"line":557,"column":5}},"line":555},"45":{"name":"(anonymous_45)","decl":{"start":{"line":559,"column":4},"end":{"line":559,"column":5}},"loc":{"start":{"line":559,"column":38},"end":{"line":562,"column":5}},"line":559},"46":{"name":"(anonymous_46)","decl":{"start":{"line":564,"column":4},"end":{"line":564,"column":5}},"loc":{"start":{"line":564,"column":29},"end":{"line":567,"column":5}},"line":564},"47":{"name":"(anonymous_47)","decl":{"start":{"line":571,"column":4},"end":{"line":571,"column":5}},"loc":{"start":{"line":571,"column":24},"end":{"line":573,"column":5}},"line":571},"48":{"name":"(anonymous_48)","decl":{"start":{"line":575,"column":4},"end":{"line":575,"column":5}},"loc":{"start":{"line":575,"column":31},"end":{"line":577,"column":5}},"line":575},"49":{"name":"(anonymous_49)","decl":{"start":{"line":579,"column":4},"end":{"line":579,"column":5}},"loc":{"start":{"line":579,"column":22},"end":{"line":581,"column":5}},"line":579},"50":{"name":"(anonymous_50)","decl":{"start":{"line":583,"column":4},"end":{"line":583,"column":5}},"loc":{"start":{"line":583,"column":35},"end":{"line":585,"column":5}},"line":583},"51":{"name":"(anonymous_51)","decl":{"start":{"line":587,"column":4},"end":{"line":587,"column":5}},"loc":{"start":{"line":587,"column":25},"end":{"line":589,"column":5}},"line":587},"52":{"name":"(anonymous_52)","decl":{"start":{"line":591,"column":4},"end":{"line":591,"column":5}},"loc":{"start":{"line":591,"column":48},"end":{"line":594,"column":5}},"line":591},"53":{"name":"(anonymous_53)","decl":{"start":{"line":596,"column":4},"end":{"line":596,"column":5}},"loc":{"start":{"line":596,"column":44},"end":{"line":599,"column":5}},"line":596},"54":{"name":"(anonymous_54)","decl":{"start":{"line":601,"column":4},"end":{"line":601,"column":5}},"loc":{"start":{"line":601,"column":44},"end":{"line":604,"column":5}},"line":601},"55":{"name":"(anonymous_55)","decl":{"start":{"line":606,"column":4},"end":{"line":606,"column":5}},"loc":{"start":{"line":606,"column":31},"end":{"line":609,"column":5}},"line":606},"56":{"name":"(anonymous_56)","decl":{"start":{"line":611,"column":4},"end":{"line":611,"column":5}},"loc":{"start":{"line":611,"column":35},"end":{"line":614,"column":5}},"line":611},"57":{"name":"(anonymous_57)","decl":{"start":{"line":616,"column":4},"end":{"line":616,"column":5}},"loc":{"start":{"line":616,"column":57},"end":{"line":619,"column":5}},"line":616},"58":{"name":"(anonymous_58)","decl":{"start":{"line":621,"column":4},"end":{"line":621,"column":5}},"loc":{"start":{"line":621,"column":23},"end":{"line":624,"column":5}},"line":621},"59":{"name":"(anonymous_59)","decl":{"start":{"line":626,"column":4},"end":{"line":626,"column":5}},"loc":{"start":{"line":626,"column":25},"end":{"line":629,"column":5}},"line":626},"60":{"name":"(anonymous_60)","decl":{"start":{"line":631,"column":4},"end":{"line":631,"column":5}},"loc":{"start":{"line":631,"column":27},"end":{"line":634,"column":5}},"line":631},"61":{"name":"(anonymous_61)","decl":{"start":{"line":636,"column":4},"end":{"line":636,"column":5}},"loc":{"start":{"line":636,"column":27},"end":{"line":639,"column":5}},"line":636},"62":{"name":"(anonymous_62)","decl":{"start":{"line":641,"column":4},"end":{"line":641,"column":5}},"loc":{"start":{"line":641,"column":52},"end":{"line":645,"column":5}},"line":641},"63":{"name":"(anonymous_63)","decl":{"start":{"line":648,"column":4},"end":{"line":648,"column":5}},"loc":{"start":{"line":648,"column":34},"end":{"line":650,"column":5}},"line":648},"64":{"name":"(anonymous_64)","decl":{"start":{"line":652,"column":4},"end":{"line":652,"column":5}},"loc":{"start":{"line":652,"column":34},"end":{"line":654,"column":5}},"line":652},"65":{"name":"(anonymous_65)","decl":{"start":{"line":656,"column":4},"end":{"line":656,"column":5}},"loc":{"start":{"line":656,"column":33},"end":{"line":658,"column":5}},"line":656},"66":{"name":"(anonymous_66)","decl":{"start":{"line":660,"column":4},"end":{"line":660,"column":5}},"loc":{"start":{"line":660,"column":36},"end":{"line":662,"column":5}},"line":660},"67":{"name":"(anonymous_67)","decl":{"start":{"line":666,"column":4},"end":{"line":666,"column":5}},"loc":{"start":{"line":666,"column":24},"end":{"line":668,"column":5}},"line":666},"68":{"name":"(anonymous_68)","decl":{"start":{"line":670,"column":4},"end":{"line":670,"column":5}},"loc":{"start":{"line":670,"column":21},"end":{"line":672,"column":5}},"line":670},"69":{"name":"(anonymous_69)","decl":{"start":{"line":674,"column":4},"end":{"line":674,"column":5}},"loc":{"start":{"line":674,"column":47},"end":{"line":677,"column":5}},"line":674},"70":{"name":"(anonymous_70)","decl":{"start":{"line":691,"column":15},"end":{"line":691,"column":16}},"loc":{"start":{"line":691,"column":32},"end":{"line":691,"column":58}},"line":691},"71":{"name":"(anonymous_71)","decl":{"start":{"line":692,"column":18},"end":{"line":692,"column":19}},"loc":{"start":{"line":692,"column":32},"end":{"line":692,"column":58}},"line":692},"72":{"name":"(anonymous_72)","decl":{"start":{"line":693,"column":16},"end":{"line":693,"column":17}},"loc":{"start":{"line":693,"column":22},"end":{"line":693,"column":38}},"line":693},"73":{"name":"(anonymous_73)","decl":{"start":{"line":694,"column":22},"end":{"line":694,"column":23}},"loc":{"start":{"line":694,"column":28},"end":{"line":694,"column":50}},"line":694},"74":{"name":"(anonymous_74)","decl":{"start":{"line":695,"column":24},"end":{"line":695,"column":25}},"loc":{"start":{"line":695,"column":30},"end":{"line":695,"column":54}},"line":695},"75":{"name":"(anonymous_75)","decl":{"start":{"line":696,"column":23},"end":{"line":696,"column":24}},"loc":{"start":{"line":696,"column":33},"end":{"line":696,"column":60}},"line":696},"76":{"name":"(anonymous_76)","decl":{"start":{"line":697,"column":24},"end":{"line":697,"column":25}},"loc":{"start":{"line":697,"column":34},"end":{"line":697,"column":62}},"line":697},"77":{"name":"(anonymous_77)","decl":{"start":{"line":698,"column":23},"end":{"line":698,"column":24}},"loc":{"start":{"line":698,"column":29},"end":{"line":698,"column":52}},"line":698},"78":{"name":"(anonymous_78)","decl":{"start":{"line":699,"column":22},"end":{"line":699,"column":23}},"loc":{"start":{"line":699,"column":28},"end":{"line":699,"column":50}},"line":699},"79":{"name":"(anonymous_79)","decl":{"start":{"line":701,"column":31},"end":{"line":701,"column":32}},"loc":{"start":{"line":701,"column":42},"end":{"line":701,"column":78}},"line":701},"80":{"name":"(anonymous_80)","decl":{"start":{"line":702,"column":34},"end":{"line":702,"column":35}},"loc":{"start":{"line":702,"column":45},"end":{"line":702,"column":84}},"line":702},"81":{"name":"(anonymous_81)","decl":{"start":{"line":704,"column":32},"end":{"line":704,"column":33}},"loc":{"start":{"line":704,"column":43},"end":{"line":704,"column":80}},"line":704},"82":{"name":"(anonymous_82)","decl":{"start":{"line":705,"column":30},"end":{"line":705,"column":31}},"loc":{"start":{"line":705,"column":55},"end":{"line":705,"column":104}},"line":705},"83":{"name":"(anonymous_83)","decl":{"start":{"line":710,"column":14},"end":{"line":710,"column":15}},"loc":{"start":{"line":710,"column":26},"end":{"line":710,"column":55}},"line":710},"84":{"name":"(anonymous_84)","decl":{"start":{"line":711,"column":13},"end":{"line":711,"column":14}},"loc":{"start":{"line":711,"column":21},"end":{"line":711,"column":44}},"line":711},"85":{"name":"(anonymous_85)","decl":{"start":{"line":712,"column":16},"end":{"line":712,"column":17}},"loc":{"start":{"line":712,"column":26},"end":{"line":712,"column":54}},"line":712},"86":{"name":"(anonymous_86)","decl":{"start":{"line":713,"column":16},"end":{"line":713,"column":17}},"loc":{"start":{"line":713,"column":30},"end":{"line":713,"column":62}},"line":713},"87":{"name":"(anonymous_87)","decl":{"start":{"line":714,"column":16},"end":{"line":714,"column":17}},"loc":{"start":{"line":714,"column":24},"end":{"line":714,"column":50}},"line":714},"88":{"name":"(anonymous_88)","decl":{"start":{"line":715,"column":19},"end":{"line":715,"column":20}},"loc":{"start":{"line":715,"column":35},"end":{"line":715,"column":72}},"line":715},"89":{"name":"(anonymous_89)","decl":{"start":{"line":716,"column":18},"end":{"line":716,"column":19}},"loc":{"start":{"line":716,"column":26},"end":{"line":716,"column":54}},"line":716},"90":{"name":"(anonymous_90)","decl":{"start":{"line":721,"column":16},"end":{"line":721,"column":17}},"loc":{"start":{"line":721,"column":26},"end":{"line":721,"column":50}},"line":721},"91":{"name":"(anonymous_91)","decl":{"start":{"line":722,"column":13},"end":{"line":722,"column":14}},"loc":{"start":{"line":722,"column":21},"end":{"line":722,"column":40}},"line":722},"92":{"name":"(anonymous_92)","decl":{"start":{"line":723,"column":16},"end":{"line":723,"column":17}},"loc":{"start":{"line":723,"column":30},"end":{"line":723,"column":58}},"line":723},"93":{"name":"(anonymous_93)","decl":{"start":{"line":724,"column":16},"end":{"line":724,"column":17}},"loc":{"start":{"line":724,"column":24},"end":{"line":724,"column":46}},"line":724},"94":{"name":"(anonymous_94)","decl":{"start":{"line":725,"column":22},"end":{"line":725,"column":23}},"loc":{"start":{"line":725,"column":44},"end":{"line":725,"column":84}},"line":725},"95":{"name":"(anonymous_95)","decl":{"start":{"line":726,"column":23},"end":{"line":726,"column":24}},"loc":{"start":{"line":726,"column":43},"end":{"line":726,"column":84}},"line":726},"96":{"name":"(anonymous_96)","decl":{"start":{"line":727,"column":20},"end":{"line":727,"column":21}},"loc":{"start":{"line":727,"column":40},"end":{"line":727,"column":76}},"line":727},"97":{"name":"(anonymous_97)","decl":{"start":{"line":728,"column":26},"end":{"line":728,"column":27}},"loc":{"start":{"line":728,"column":48},"end":{"line":728,"column":90}},"line":728},"98":{"name":"(anonymous_98)","decl":{"start":{"line":729,"column":22},"end":{"line":729,"column":23}},"loc":{"start":{"line":729,"column":30},"end":{"line":729,"column":58}},"line":729},"99":{"name":"(anonymous_99)","decl":{"start":{"line":730,"column":30},"end":{"line":730,"column":31}},"loc":{"start":{"line":730,"column":38},"end":{"line":730,"column":70}},"line":730},"100":{"name":"(anonymous_100)","decl":{"start":{"line":731,"column":40},"end":{"line":731,"column":41}},"loc":{"start":{"line":731,"column":60},"end":{"line":731,"column":114}},"line":731},"101":{"name":"(anonymous_101)","decl":{"start":{"line":732,"column":14},"end":{"line":732,"column":15}},"loc":{"start":{"line":732,"column":22},"end":{"line":732,"column":42}},"line":732},"102":{"name":"(anonymous_102)","decl":{"start":{"line":733,"column":16},"end":{"line":733,"column":17}},"loc":{"start":{"line":733,"column":24},"end":{"line":733,"column":46}},"line":733},"103":{"name":"(anonymous_103)","decl":{"start":{"line":734,"column":18},"end":{"line":734,"column":19}},"loc":{"start":{"line":734,"column":26},"end":{"line":734,"column":50}},"line":734},"104":{"name":"(anonymous_104)","decl":{"start":{"line":735,"column":18},"end":{"line":735,"column":19}},"loc":{"start":{"line":735,"column":26},"end":{"line":735,"column":50}},"line":735},"105":{"name":"(anonymous_105)","decl":{"start":{"line":740,"column":18},"end":{"line":740,"column":19}},"loc":{"start":{"line":740,"column":24},"end":{"line":740,"column":47}},"line":740},"106":{"name":"(anonymous_106)","decl":{"start":{"line":741,"column":19},"end":{"line":741,"column":20}},"loc":{"start":{"line":741,"column":42},"end":{"line":741,"column":91}},"line":741},"107":{"name":"(anonymous_107)","decl":{"start":{"line":755,"column":16},"end":{"line":755,"column":17}},"loc":{"start":{"line":755,"column":28},"end":{"line":764,"column":5}},"line":755}},"branchMap":{"0":{"loc":{"start":{"line":12,"column":8},"end":{"line":16,"column":9}},"type":"if","locations":[{"start":{"line":12,"column":8},"end":{"line":16,"column":9}},{"start":{},"end":{}}],"line":12},"1":{"loc":{"start":{"line":12,"column":12},"end":{"line":13,"column":75}},"type":"binary-expr","locations":[{"start":{"line":12,"column":13},"end":{"line":12,"column":53}},{"start":{"line":12,"column":57},"end":{"line":12,"column":97}},{"start":{"line":13,"column":12},"end":{"line":13,"column":41}},{"start":{"line":13,"column":45},"end":{"line":13,"column":75}}],"line":12},"2":{"loc":{"start":{"line":19,"column":8},"end":{"line":22,"column":9}},"type":"if","locations":[{"start":{"line":19,"column":8},"end":{"line":22,"column":9}},{"start":{},"end":{}}],"line":19},"3":{"loc":{"start":{"line":19,"column":12},"end":{"line":19,"column":91}},"type":"binary-expr","locations":[{"start":{"line":19,"column":12},"end":{"line":19,"column":58}},{"start":{"line":19,"column":62},"end":{"line":19,"column":91}}],"line":19},"4":{"loc":{"start":{"line":60,"column":12},"end":{"line":62,"column":13}},"type":"if","locations":[{"start":{"line":60,"column":12},"end":{"line":62,"column":13}},{"start":{},"end":{}}],"line":60},"5":{"loc":{"start":{"line":67,"column":12},"end":{"line":69,"column":13}},"type":"if","locations":[{"start":{"line":67,"column":12},"end":{"line":69,"column":13}},{"start":{},"end":{}}],"line":67},"6":{"loc":{"start":{"line":90,"column":12},"end":{"line":93,"column":13}},"type":"if","locations":[{"start":{"line":90,"column":12},"end":{"line":93,"column":13}},{"start":{},"end":{}}],"line":90},"7":{"loc":{"start":{"line":131,"column":28},"end":{"line":131,"column":71}},"type":"binary-expr","locations":[{"start":{"line":131,"column":28},"end":{"line":131,"column":54}},{"start":{"line":131,"column":58},"end":{"line":131,"column":71}}],"line":131},"8":{"loc":{"start":{"line":135,"column":8},"end":{"line":137,"column":9}},"type":"if","locations":[{"start":{"line":135,"column":8},"end":{"line":137,"column":9}},{"start":{},"end":{}}],"line":135},"9":{"loc":{"start":{"line":135,"column":12},"end":{"line":135,"column":60}},"type":"binary-expr","locations":[{"start":{"line":135,"column":12},"end":{"line":135,"column":26}},{"start":{"line":135,"column":30},"end":{"line":135,"column":60}}],"line":135},"10":{"loc":{"start":{"line":141,"column":20},"end":{"line":141,"column":49}},"type":"binary-expr","locations":[{"start":{"line":141,"column":20},"end":{"line":141,"column":40}},{"start":{"line":141,"column":44},"end":{"line":141,"column":49}}],"line":141},"11":{"loc":{"start":{"line":147,"column":8},"end":{"line":154,"column":9}},"type":"if","locations":[{"start":{"line":147,"column":8},"end":{"line":154,"column":9}},{"start":{},"end":{}}],"line":147},"12":{"loc":{"start":{"line":147,"column":12},"end":{"line":147,"column":64}},"type":"binary-expr","locations":[{"start":{"line":147,"column":12},"end":{"line":147,"column":30}},{"start":{"line":147,"column":34},"end":{"line":147,"column":64}}],"line":147},"13":{"loc":{"start":{"line":148,"column":12},"end":{"line":153,"column":13}},"type":"if","locations":[{"start":{"line":148,"column":12},"end":{"line":153,"column":13}},{"start":{"line":151,"column":19},"end":{"line":153,"column":13}}],"line":148},"14":{"loc":{"start":{"line":160,"column":43},"end":{"line":160,"column":72}},"type":"binary-expr","locations":[{"start":{"line":160,"column":43},"end":{"line":160,"column":63}},{"start":{"line":160,"column":67},"end":{"line":160,"column":72}}],"line":160},"15":{"loc":{"start":{"line":164,"column":12},"end":{"line":170,"column":13}},"type":"if","locations":[{"start":{"line":164,"column":12},"end":{"line":170,"column":13}},{"start":{},"end":{}}],"line":164},"16":{"loc":{"start":{"line":164,"column":16},"end":{"line":164,"column":91}},"type":"binary-expr","locations":[{"start":{"line":164,"column":16},"end":{"line":164,"column":62}},{"start":{"line":164,"column":66},"end":{"line":164,"column":91}}],"line":164},"17":{"loc":{"start":{"line":177,"column":16},"end":{"line":181,"column":17}},"type":"if","locations":[{"start":{"line":177,"column":16},"end":{"line":181,"column":17}},{"start":{"line":179,"column":23},"end":{"line":181,"column":17}}],"line":177},"18":{"loc":{"start":{"line":177,"column":20},"end":{"line":177,"column":56}},"type":"binary-expr","locations":[{"start":{"line":177,"column":20},"end":{"line":177,"column":31}},{"start":{"line":177,"column":35},"end":{"line":177,"column":56}}],"line":177},"19":{"loc":{"start":{"line":178,"column":40},"end":{"line":178,"column":101}},"type":"binary-expr","locations":[{"start":{"line":178,"column":40},"end":{"line":178,"column":80}},{"start":{"line":178,"column":84},"end":{"line":178,"column":101}}],"line":178},"20":{"loc":{"start":{"line":179,"column":23},"end":{"line":181,"column":17}},"type":"if","locations":[{"start":{"line":179,"column":23},"end":{"line":181,"column":17}},{"start":{},"end":{}}],"line":179},"21":{"loc":{"start":{"line":179,"column":27},"end":{"line":179,"column":62}},"type":"binary-expr","locations":[{"start":{"line":179,"column":27},"end":{"line":179,"column":39}},{"start":{"line":179,"column":43},"end":{"line":179,"column":62}}],"line":179},"22":{"loc":{"start":{"line":203,"column":24},"end":{"line":203,"column":78}},"type":"cond-expr","locations":[{"start":{"line":203,"column":49},"end":{"line":203,"column":52}},{"start":{"line":203,"column":55},"end":{"line":203,"column":78}}],"line":203},"23":{"loc":{"start":{"line":215,"column":8},"end":{"line":225,"column":9}},"type":"if","locations":[{"start":{"line":215,"column":8},"end":{"line":225,"column":9}},{"start":{},"end":{}}],"line":215},"24":{"loc":{"start":{"line":215,"column":12},"end":{"line":215,"column":96}},"type":"binary-expr","locations":[{"start":{"line":215,"column":12},"end":{"line":215,"column":52}},{"start":{"line":215,"column":56},"end":{"line":215,"column":96}}],"line":215},"25":{"loc":{"start":{"line":216,"column":12},"end":{"line":219,"column":13}},"type":"if","locations":[{"start":{"line":216,"column":12},"end":{"line":219,"column":13}},{"start":{},"end":{}}],"line":216},"26":{"loc":{"start":{"line":216,"column":16},"end":{"line":216,"column":79}},"type":"binary-expr","locations":[{"start":{"line":216,"column":16},"end":{"line":216,"column":45}},{"start":{"line":216,"column":49},"end":{"line":216,"column":79}}],"line":216},"27":{"loc":{"start":{"line":221,"column":12},"end":{"line":224,"column":13}},"type":"if","locations":[{"start":{"line":221,"column":12},"end":{"line":224,"column":13}},{"start":{},"end":{}}],"line":221},"28":{"loc":{"start":{"line":221,"column":16},"end":{"line":221,"column":75}},"type":"binary-expr","locations":[{"start":{"line":221,"column":16},"end":{"line":221,"column":45}},{"start":{"line":221,"column":49},"end":{"line":221,"column":75}}],"line":221},"29":{"loc":{"start":{"line":228,"column":8},"end":{"line":231,"column":9}},"type":"if","locations":[{"start":{"line":228,"column":8},"end":{"line":231,"column":9}},{"start":{},"end":{}}],"line":228},"30":{"loc":{"start":{"line":228,"column":12},"end":{"line":228,"column":93}},"type":"binary-expr","locations":[{"start":{"line":228,"column":12},"end":{"line":228,"column":58}},{"start":{"line":228,"column":62},"end":{"line":228,"column":93}}],"line":228},"31":{"loc":{"start":{"line":233,"column":8},"end":{"line":236,"column":9}},"type":"if","locations":[{"start":{"line":233,"column":8},"end":{"line":236,"column":9}},{"start":{},"end":{}}],"line":233},"32":{"loc":{"start":{"line":240,"column":12},"end":{"line":242,"column":13}},"type":"if","locations":[{"start":{"line":240,"column":12},"end":{"line":242,"column":13}},{"start":{},"end":{}}],"line":240},"33":{"loc":{"start":{"line":240,"column":16},"end":{"line":240,"column":65}},"type":"binary-expr","locations":[{"start":{"line":240,"column":16},"end":{"line":240,"column":36}},{"start":{"line":240,"column":40},"end":{"line":240,"column":65}}],"line":240},"34":{"loc":{"start":{"line":246,"column":25},"end":{"line":246,"column":80}},"type":"cond-expr","locations":[{"start":{"line":246,"column":39},"end":{"line":246,"column":68}},{"start":{"line":246,"column":71},"end":{"line":246,"column":80}}],"line":246},"35":{"loc":{"start":{"line":258,"column":8},"end":{"line":270,"column":9}},"type":"if","locations":[{"start":{"line":258,"column":8},"end":{"line":270,"column":9}},{"start":{},"end":{}}],"line":258},"36":{"loc":{"start":{"line":274,"column":8},"end":{"line":282,"column":9}},"type":"if","locations":[{"start":{"line":274,"column":8},"end":{"line":282,"column":9}},{"start":{"line":276,"column":15},"end":{"line":282,"column":9}}],"line":274},"37":{"loc":{"start":{"line":276,"column":15},"end":{"line":282,"column":9}},"type":"if","locations":[{"start":{"line":276,"column":15},"end":{"line":282,"column":9}},{"start":{"line":278,"column":15},"end":{"line":282,"column":9}}],"line":276},"38":{"loc":{"start":{"line":278,"column":15},"end":{"line":282,"column":9}},"type":"if","locations":[{"start":{"line":278,"column":15},"end":{"line":282,"column":9}},{"start":{"line":280,"column":15},"end":{"line":282,"column":9}}],"line":278},"39":{"loc":{"start":{"line":291,"column":8},"end":{"line":338,"column":9}},"type":"if","locations":[{"start":{"line":291,"column":8},"end":{"line":338,"column":9}},{"start":{"line":310,"column":15},"end":{"line":338,"column":9}}],"line":291},"40":{"loc":{"start":{"line":297,"column":12},"end":{"line":309,"column":13}},"type":"if","locations":[{"start":{"line":297,"column":12},"end":{"line":309,"column":13}},{"start":{"line":299,"column":19},"end":{"line":309,"column":13}}],"line":297},"41":{"loc":{"start":{"line":301,"column":16},"end":{"line":304,"column":17}},"type":"if","locations":[{"start":{"line":301,"column":16},"end":{"line":304,"column":17}},{"start":{},"end":{}}],"line":301},"42":{"loc":{"start":{"line":306,"column":16},"end":{"line":308,"column":17}},"type":"if","locations":[{"start":{"line":306,"column":16},"end":{"line":308,"column":17}},{"start":{},"end":{}}],"line":306},"43":{"loc":{"start":{"line":310,"column":15},"end":{"line":338,"column":9}},"type":"if","locations":[{"start":{"line":310,"column":15},"end":{"line":338,"column":9}},{"start":{"line":323,"column":15},"end":{"line":338,"column":9}}],"line":310},"44":{"loc":{"start":{"line":313,"column":12},"end":{"line":319,"column":13}},"type":"if","locations":[{"start":{"line":313,"column":12},"end":{"line":319,"column":13}},{"start":{},"end":{}}],"line":313},"45":{"loc":{"start":{"line":313,"column":16},"end":{"line":313,"column":47}},"type":"binary-expr","locations":[{"start":{"line":313,"column":16},"end":{"line":313,"column":26}},{"start":{"line":313,"column":30},"end":{"line":313,"column":47}}],"line":313},"46":{"loc":{"start":{"line":314,"column":16},"end":{"line":318,"column":17}},"type":"if","locations":[{"start":{"line":314,"column":16},"end":{"line":318,"column":17}},{"start":{"line":316,"column":23},"end":{"line":318,"column":17}}],"line":314},"47":{"loc":{"start":{"line":315,"column":35},"end":{"line":315,"column":108}},"type":"binary-expr","locations":[{"start":{"line":315,"column":35},"end":{"line":315,"column":60}},{"start":{"line":315,"column":64},"end":{"line":315,"column":92}},{"start":{"line":315,"column":96},"end":{"line":315,"column":108}}],"line":315},"48":{"loc":{"start":{"line":320,"column":12},"end":{"line":322,"column":13}},"type":"if","locations":[{"start":{"line":320,"column":12},"end":{"line":322,"column":13}},{"start":{},"end":{}}],"line":320},"49":{"loc":{"start":{"line":323,"column":15},"end":{"line":338,"column":9}},"type":"if","locations":[{"start":{"line":323,"column":15},"end":{"line":338,"column":9}},{"start":{"line":328,"column":15},"end":{"line":338,"column":9}}],"line":323},"50":{"loc":{"start":{"line":325,"column":12},"end":{"line":327,"column":13}},"type":"if","locations":[{"start":{"line":325,"column":12},"end":{"line":327,"column":13}},{"start":{},"end":{}}],"line":325},"51":{"loc":{"start":{"line":328,"column":15},"end":{"line":338,"column":9}},"type":"if","locations":[{"start":{"line":328,"column":15},"end":{"line":338,"column":9}},{"start":{"line":333,"column":15},"end":{"line":338,"column":9}}],"line":328},"52":{"loc":{"start":{"line":330,"column":12},"end":{"line":332,"column":13}},"type":"if","locations":[{"start":{"line":330,"column":12},"end":{"line":332,"column":13}},{"start":{},"end":{}}],"line":330},"53":{"loc":{"start":{"line":333,"column":15},"end":{"line":338,"column":9}},"type":"if","locations":[{"start":{"line":333,"column":15},"end":{"line":338,"column":9}},{"start":{},"end":{}}],"line":333},"54":{"loc":{"start":{"line":335,"column":12},"end":{"line":337,"column":13}},"type":"if","locations":[{"start":{"line":335,"column":12},"end":{"line":337,"column":13}},{"start":{},"end":{}}],"line":335},"55":{"loc":{"start":{"line":352,"column":12},"end":{"line":354,"column":13}},"type":"if","locations":[{"start":{"line":352,"column":12},"end":{"line":354,"column":13}},{"start":{},"end":{}}],"line":352},"56":{"loc":{"start":{"line":381,"column":13},"end":{"line":381,"column":24}},"type":"default-arg","locations":[{"start":{"line":381,"column":22},"end":{"line":381,"column":24}}],"line":381},"57":{"loc":{"start":{"line":392,"column":20},"end":{"line":392,"column":31}},"type":"default-arg","locations":[{"start":{"line":392,"column":29},"end":{"line":392,"column":31}}],"line":392},"58":{"loc":{"start":{"line":403,"column":19},"end":{"line":403,"column":30}},"type":"default-arg","locations":[{"start":{"line":403,"column":28},"end":{"line":403,"column":30}}],"line":403},"59":{"loc":{"start":{"line":413,"column":16},"end":{"line":413,"column":27}},"type":"default-arg","locations":[{"start":{"line":413,"column":25},"end":{"line":413,"column":27}}],"line":413},"60":{"loc":{"start":{"line":423,"column":35},"end":{"line":423,"column":66}},"type":"default-arg","locations":[{"start":{"line":423,"column":48},"end":{"line":423,"column":66}}],"line":423},"61":{"loc":{"start":{"line":433,"column":16},"end":{"line":435,"column":17}},"type":"if","locations":[{"start":{"line":433,"column":16},"end":{"line":435,"column":17}},{"start":{},"end":{}}],"line":433},"62":{"loc":{"start":{"line":433,"column":20},"end":{"line":433,"column":61}},"type":"binary-expr","locations":[{"start":{"line":433,"column":20},"end":{"line":433,"column":39}},{"start":{"line":433,"column":43},"end":{"line":433,"column":61}}],"line":433},"63":{"loc":{"start":{"line":438,"column":16},"end":{"line":440,"column":17}},"type":"if","locations":[{"start":{"line":438,"column":16},"end":{"line":440,"column":17}},{"start":{},"end":{}}],"line":438},"64":{"loc":{"start":{"line":463,"column":8},"end":{"line":466,"column":9}},"type":"if","locations":[{"start":{"line":463,"column":8},"end":{"line":466,"column":9}},{"start":{},"end":{}}],"line":463},"65":{"loc":{"start":{"line":474,"column":8},"end":{"line":477,"column":9}},"type":"if","locations":[{"start":{"line":474,"column":8},"end":{"line":477,"column":9}},{"start":{},"end":{}}],"line":474},"66":{"loc":{"start":{"line":539,"column":22},"end":{"line":539,"column":33}},"type":"default-arg","locations":[{"start":{"line":539,"column":31},"end":{"line":539,"column":33}}],"line":539},"67":{"loc":{"start":{"line":591,"column":35},"end":{"line":591,"column":46}},"type":"default-arg","locations":[{"start":{"line":591,"column":44},"end":{"line":591,"column":46}}],"line":591},"68":{"loc":{"start":{"line":601,"column":31},"end":{"line":601,"column":42}},"type":"default-arg","locations":[{"start":{"line":601,"column":40},"end":{"line":601,"column":42}}],"line":601},"69":{"loc":{"start":{"line":641,"column":35},"end":{"line":641,"column":50}},"type":"default-arg","locations":[{"start":{"line":641,"column":46},"end":{"line":641,"column":50}}],"line":641},"70":{"loc":{"start":{"line":643,"column":23},"end":{"line":643,"column":62}},"type":"cond-expr","locations":[{"start":{"line":643,"column":34},"end":{"line":643,"column":57}},{"start":{"line":643,"column":60},"end":{"line":643,"column":62}}],"line":643},"71":{"loc":{"start":{"line":750,"column":0},"end":{"line":765,"column":1}},"type":"if","locations":[{"start":{"line":750,"column":0},"end":{"line":765,"column":1}},{"start":{},"end":{}}],"line":750},"72":{"loc":{"start":{"line":756,"column":8},"end":{"line":763,"column":9}},"type":"if","locations":[{"start":{"line":756,"column":8},"end":{"line":763,"column":9}},{"start":{},"end":{}}],"line":756}},"s":{"0":0,"1":0,"2":0,"3":0,"4":0,"5":0,"6":0,"7":0,"8":0,"9":0,"10":0,"11":0,"12":0,"13":0,"14":0,"15":0,"16":0,"17":0,"18":0,"19":0,"20":0,"21":0,"22":0,"23":0,"24":0,"25":0,"26":0,"27":0,"28":0,"29":0,"30":0,"31":0,"32":0,"33":0,"34":0,"35":0,"36":0,"37":0,"38":0,"39":0,"40":0,"41":0,"42":0,"43":0,"44":0,"45":0,"46":0,"47":0,"48":0,"49":0,"50":0,"51":0,"52":0,"53":0,"54":0,"55":0,"56":0,"57":0,"58":0,"59":0,"60":0,"61":0,"62":0,"63":0,"64":0,"65":0,"66":0,"67":0,"68":0,"69":0,"70":0,"71":0,"72":0,"73":0,"74":0,"75":0,"76":0,"77":0,"78":0,"79":0,"80":0,"81":0,"82":0,"83":0,"84":0,"85":0,"86":0,"87":0,"88":0,"89":0,"90":0,"91":0,"92":0,"93":0,"94":0,"95":0,"96":0,"97":0,"98":0,"99":0,"100":0,"101":0,"102":0,"103":0,"104":0,"105":0,"106":0,"107":0,"108":0,"109":0,"110":0,"111":0,"112":0,"113":0,"114":0,"115":0,"116":0,"117":0,"118":0,"119":0,"120":0,"121":0,"122":0,"123":0,"124":0,"125":0,"126":0,"127":0,"128":0,"129":0,"130":0,"131":0,"132":0,"133":0,"134":0,"135":0,"136":0,"137":0,"138":0,"139":0,"140":0,"141":0,"142":0,"143":0,"144":0,"145":0,"146":0,"147":0,"148":0,"149":0,"150":0,"151":0,"152":0,"153":0,"154":0,"155":0,"156":0,"157":0,"158":0,"159":0,"160":0,"161":0,"162":0,"163":0,"164":0,"165":0,"166":0,"167":0,"168":0,"169":0,"170":0,"171":0,"172":0,"173":0,"174":0,"175":0,"176":0,"177":0,"178":0,"179":0,"180":0,"181":0,"182":0,"183":0,"184":0,"185":0,"186":0,"187":0,"188":0,"189":0,"190":0,"191":0,"192":0,"193":0,"194":0,"195":0,"196":0,"197":0,"198":0,"199":0,"200":0,"201":0,"202":0,"203":0,"204":0,"205":0,"206":0,"207":0,"208":0,"209":0,"210":0,"211":0,"212":0,"213":0,"214":0,"215":0,"216":0,"217":0,"218":0,"219":0,"220":0,"221":0,"222":0,"223":0,"224":0,"225":0,"226":0,"227":0,"228":0,"229":0,"230":0,"231":0,"232":0,"233":0,"234":0,"235":0,"236":0,"237":0,"238":0,"239":0,"240":0,"241":0,"242":0,"243":0,"244":0,"245":0,"246":0,"247":0,"248":0,"249":0,"250":0,"251":0,"252":0,"253":0,"254":0,"255":0,"256":0,"257":0,"258":0,"259":0,"260":0,"261":0,"262":0,"263":0,"264":0,"265":0,"266":0,"267":0,"268":0,"269":0,"270":0,"271":0,"272":0,"273":0,"274":0,"275":0,"276":0,"277":0,"278":0,"279":0,"280":0,"281":0,"282":0,"283":0,"284":0,"285":0,"286":0,"287":0,"288":0,"289":0,"290":0},"f":{"0":0,"1":0,"2":0,"3":0,"4":0,"5":0,"6":0,"7":0,"8":0,"9":0,"10":0,"11":0,"12":0,"13":0,"14":0,"15":0,"16":0,"17":0,"18":0,"19":0,"20":0,"21":0,"22":0,"23":0,"24":0,"25":0,"26":0,"27":0,"28":0,"29":0,"30":0,"31":0,"32":0,"33":0,"34":0,"35":0,"36":0,"37":0,"38":0,"39":0,"40":0,"41":0,"42":0,"43":0,"44":0,"45":0,"46":0,"47":0,"48":0,"49":0,"50":0,"51":0,"52":0,"53":0,"54":0,"55":0,"56":0,"57":0,"58":0,"59":0,"60":0,"61":0,"62":0,"63":0,"64":0,"65":0,"66":0,"67":0,"68":0,"69":0,"70":0,"71":0,"72":0,"73":0,"74":0,"75":0,"76":0,"77":0,"78":0,"79":0,"80":0,"81":0,"82":0,"83":0,"84":0,"85":0,"86":0,"87":0,"88":0,"89":0,"90":0,"91":0,"92":0,"93":0,"94":0,"95":0,"96":0,"97":0,"98":0,"99":0,"100":0,"101":0,"102":0,"103":0,"104":0,"105":0,"106":0,"107":0},"b":{"0":[0,0],"1":[0,0,0,0],"2":[0,0],"3":[0,0],"4":[0,0],"5":[0,0],"6":[0,0],"7":[0,0],"8":[0,0],"9":[0,0],"10":[0,0],"11":[0,0],"12":[0,0],"13":[0,0],"14":[0,0],"15":[0,0],"16":[0,0],"17":[0,0],"18":[0,0],"19":[0,0],"20":[0,0],"21":[0,0],"22":[0,0],"23":[0,0],"24":[0,0],"25":[0,0],"26":[0,0],"27":[0,0],"28":[0,0],"29":[0,0],"30":[0,0],"31":[0,0],"32":[0,0],"33":[0,0],"34":[0,0],"35":[0,0],"36":[0,0],"37":[0,0],"38":[0,0],"39":[0,0],"40":[0,0],"41":[0,0],"42":[0,0],"43":[0,0],"44":[0,0],"45":[0,0],"46":[0,0],"47":[0,0,0],"48":[0,0],"49":[0,0],"50":[0,0],"51":[0,0],"52":[0,0],"53":[0,0],"54":[0,0],"55":[0,0],"56":[0],"57":[0],"58":[0],"59":[0],"60":[0],"61":[0,0],"62":[0,0],"63":[0,0],"64":[0,0],"65":[0,0],"66":[0],"67":[0],"68":[0],"69":[0],"70":[0,0],"71":[0,0],"72":[0,0]}}
[...]
,"151":{"start":{"line":379,"column":12},"end":{"line":379,"column":44}},"152":{"start":{"line":382,"column":8},"end":{"line":382,"column":33}},"153":{"start":{"line":383,"column":8},"end":{"line":383,"column":48}},"154":{"start":{"line":388,"column":16},"end":{"line":388,"column":29}},"155":{"start":{"line":395,"column":0},"end":{"line":397,"column":1}},"156":{"start":{"line":396,"column":4},"end":{"line":396,"column":42}}},"fnMap":{"0":{"name":"(anonymous_0)","decl":{"start":{"line":7,"column":4},"end":{"line":7,"column":5}},"loc":{"start":{"line":7,"column":18},"end":{"line":10,"column":5}},"line":7},"1":{"name":"(anonymous_1)","decl":{"start":{"line":15,"column":4},"end":{"line":15,"column":5}},"loc":{"start":{"line":15,"column":11},"end":{"line":23,"column":5}},"line":15},"2":{"name":"(anonymous_2)","decl":{"start":{"line":28,"column":4},"end":{"line":28,"column":5}},"loc":{"start":{"line":28,"column":18},"end":{"line":33,"column":5}},"line":28},"3":{"name":"(anonymous_3)","decl":{"start":{"line":38,"column":4},"end":{"line":38,"column":5}},"loc":{"start":{"line":38,"column":18},"end":{"line":43,"column":5}},"line":38},"4":{"name":"(anonymous_4)","decl":{"start":{"line":48,"column":4},"end":{"line":48,"column":5}},"loc":{"start":{"line":48,"column":79},"end":{"line":74,"column":5}},"line":48},"5":{"name":"(anonymous_5)","decl":{"start":{"line":66,"column":30},"end":{"line":66,"column":31}},"loc":{"start":{"line":66,"column":36},"end":{"line":68,"column":9}},"line":66},"6":{"name":"(anonymous_6)","decl":{"start":{"line":71,"column":39},"end":{"line":71,"column":40}},"loc":{"start":{"line":71,"column":45},"end":{"line":73,"column":9}},"line":71},"7":{"name":"(anonymous_7)","decl":{"start":{"line":79,"column":4},"end":{"line":79,"column":5}},"loc":{"start":{"line":79,"column":16},"end":{"line":94,"column":5}},"line":79},"8":{"name":"(anonymous_8)","decl":{"start":{"line":85,"column":23},"end":{"line":85,"column":24}},"loc":{"start":{"line":85,"column":29},"end":{"line":87,"column":13}},"line":85},"9":{"name":"(anonymous_9)","decl":{"start":{"line":99,"column":4},"end":{"line":99,"column":5}},"loc":{"start":{"line":99,"column":25},"end":{"line":111,"column":5}},"line":99},"10":{"name":"(anonymous_10)","decl":{"start":{"line":108,"column":27},"end":{"line":108,"column":28}},"loc":{"start":{"line":108,"column":33},"end":{"line":108,"column":51}},"line":108},"11":{"name":"(anonymous_11)","decl":{"start":{"line":116,"column":4},"end":{"line":116,"column":5}},"loc":{"start":{"line":116,"column":25},"end":{"line":125,"column":5}},"line":116},"12":{"name":"(anonymous_12)","decl":{"start":{"line":121,"column":23},"end":{"line":121,"column":24}},"loc":{"start":{"line":121,"column":29},"end":{"line":123,"column":13}},"line":121},"13":{"name":"(anonymous_13)","decl":{"start":{"line":130,"column":4},"end":{"line":130,"column":5}},"loc":{"start":{"line":130,"column":20},"end":{"line":138,"column":5}},"line":130},"14":{"name":"(anonymous_14)","decl":{"start":{"line":132,"column":23},"end":{"line":132,"column":24}},"loc":{"start":{"line":132,"column":32},"end":{"line":137,"column":9}},"line":132},"15":{"name":"(anonymous_15)","decl":{"start":{"line":134,"column":23},"end":{"line":134,"column":24}},"loc":{"start":{"line":134,"column":29},"end":{"line":136,"column":13}},"line":134},"16":{"name":"(anonymous_16)","decl":{"start":{"line":143,"column":4},"end":{"line":143,"column":5}},"loc":{"start":{"line":143,"column":21},"end":{"line":147,"column":5}},"line":143},"17":{"name":"(anonymous_17)","decl":{"start":{"line":152,"column":4},"end":{"line":152,"column":5}},"loc":{"start":{"line":152,"column":27},"end":{"line":159,"column":5}},"line":152},"18":{"name":"(anonymous_18)","decl":{"start":{"line":164,"column":4},"end":{"line":164,"column":5}},"loc":{"start":{"line":164,"column":35},"end":{"line":187,"column":5}},"line":164},"19":{"name":"(anonymous_19)","decl":{"start":{"line":192,"column":4},"end":{"line":192,"column":5}},"loc":{"start":{"line":192,"column":55},"end":{"line":218,"column":5}},"line":192},"20":{"name":"(anonymous_20)","decl":{"start":{"line":196,"column":40},"end":{"line":196,"column":41}},"loc":{"start":{"line":196,"column":47},"end":{"line":206,"column":9}},"line":196},"21":{"name":"(anonymous_21)","decl":{"start":{"line":209,"column":25},"end":{"line":209,"column":26}},"loc":{"start":{"line":209,"column":34},"end":{"line":215,"column":9}},"line":209},"22":{"name":"(anonymous_22)","decl":{"start":{"line":223,"column":4},"end":{"line":223,"column":5}},"loc":{"start":{"line":223,"column":85},"end":{"line":242,"column":5}},"line":223},"23":{"name":"(anonymous_23)","decl":{"start":{"line":230,"column":27},"end":{"line":230,"column":28}},"loc":{"start":{"line":230,"column":36},"end":{"line":230,"column":57}},"line":230},"24":{"name":"(anonymous_24)","decl":{"start":{"line":236,"column":27},"end":{"line":236,"column":28}},"loc":{"start":{"line":236,"column":36},"end":{"line":236,"column":58}},"line":236},"25":{"name":"(anonymous_25)","decl":{"start":{"line":247,"column":4},"end":{"line":247,"column":5}},"loc":{"start":{"line":247,"column":33},"end":{"line":254,"column":5}},"line":247},"26":{"name":"(anonymous_26)","decl":{"start":{"line":251,"column":36},"end":{"line":251,"column":37}},"loc":{"start":{"line":251,"column":45},"end":{"line":253,"column":9}},"line":251},"27":{"name":"(anonymous_27)","decl":{"start":{"line":259,"column":4},"end":{"line":259,"column":5}},"loc":{"start":{"line":259,"column":39},"end":{"line":276,"column":5}},"line":259},"28":{"name":"(anonymous_28)","decl":{"start":{"line":281,"column":4},"end":{"line":281,"column":5}},"loc":{"start":{"line":281,"column":31},"end":{"line":291,"column":5}},"line":281},"29":{"name":"(anonymous_29)","decl":{"start":{"line":296,"column":4},"end":{"line":296,"column":5}},"loc":{"start":{"line":296,"column":26},"end":{"line":308,"column":5}},"line":296},"30":{"name":"(anonymous_30)","decl":{"start":{"line":300,"column":48},"end":{"line":300,"column":49}},"loc":{"start":{"line":300,"column":57},"end":{"line":302,"column":9}},"line":300},"31":{"name":"(anonymous_31)","decl":{"start":{"line":305,"column":56},"end":{"line":305,"column":57}},"loc":{"start":{"line":305,"column":65},"end":{"line":307,"column":9}},"line":305},"32":{"name":"(anonymous_32)","decl":{"start":{"line":313,"column":4},"end":{"line":313,"column":5}},"loc":{"start":{"line":313,"column":57},"end":{"line":319,"column":5}},"line":313},"33":{"name":"(anonymous_33)","decl":{"start":{"line":315,"column":15},"end":{"line":315,"column":16}},"loc":{"start":{"line":315,"column":33},"end":{"line":318,"column":9}},"line":315},"34":{"name":"(anonymous_34)","decl":{"start":{"line":317,"column":35},"end":{"line":317,"column":36}},"loc":{"start":{"line":317,"column":41},"end":{"line":317,"column":63}},"line":317},"35":{"name":"(anonymous_35)","decl":{"start":{"line":324,"column":4},"end":{"line":324,"column":5}},"loc":{"start":{"line":324,"column":32},"end":{"line":333,"column":5}},"line":324},"36":{"name":"(anonymous_36)","decl":{"start":{"line":326,"column":15},"end":{"line":326,"column":16}},"loc":{"start":{"line":326,"column":33},"end":{"line":332,"column":9}},"line":326},"37":{"name":"(anonymous_37)","decl":{"start":{"line":330,"column":27},"end":{"line":330,"column":28}},"loc":{"start":{"line":330,"column":33},"end":{"line":330,"column":51}},"line":330},"38":{"name":"(anonymous_38)","decl":{"start":{"line":338,"column":4},"end":{"line":338,"column":5}},"loc":{"start":{"line":338,"column":32},"end":{"line":348,"column":5}},"line":338},"39":{"name":"(anonymous_39)","decl":{"start":{"line":353,"column":4},"end":{"line":353,"column":5}},"loc":{"start":{"line":353,"column":37},"end":{"line":359,"column":5}},"line":353},"40":{"name":"(anonymous_40)","decl":{"start":{"line":364,"column":4},"end":{"line":364,"column":5}},"loc":{"start":{"line":364,"column":46},"end":{"line":372,"column":5}},"line":364},"41":{"name":"(anonymous_41)","decl":{"start":{"line":377,"column":4},"end":{"line":377,"column":5}},"loc":{"start":{"line":377,"column":14},"end":{"line":384,"column":5}},"line":377}},"branchMap":{"0":{"loc":{"start":{"line":16,"column":8},"end":{"line":19,"column":9}},"type":"if","locations":[{"start":{"line":16,"column":8},"end":{"line":19,"column":9}},{"start":{},"end":{}}],"line":16},"1":{"loc":{"start":{"line":30,"column":8},"end":{"line":32,"column":9}},"type":"if","locations":[{"start":{"line":30,"column":8},"end":{"line":32,"column":9}},{"start":{},"end":{}}],"line":30},"2":{"loc":{"start":{"line":40,"column":8},"end":{"line":42,"column":9}},"type":"if","locations":[{"start":{"line":40,"column":8},"end":{"line":42,"column":9}},{"start":{},"end":{}}],"line":40},"3":{"loc":{"start":{"line":48,"column":23},"end":{"line":48,"column":36}},"type":"default-arg","locations":[{"start":{"line":48,"column":30},"end":{"line":48,"column":36}}],"line":48},"4":{"loc":{"start":{"line":48,"column":38},"end":{"line":48,"column":77}},"type":"default-arg","locations":[{"start":{"line":48,"column":49},"end":{"line":48,"column":77}}],"line":48},"5":{"loc":{"start":{"line":50,"column":8},"end":{"line":53,"column":9}},"type":"if","locations":[{"start":{"line":50,"column":8},"end":{"line":53,"column":9}},{"start":{},"end":{}}],"line":50},"6":{"loc":{"start":{"line":56,"column":8},"end":{"line":58,"column":9}},"type":"if","locations":[{"start":{"line":56,"column":8},"end":{"line":58,"column":9}},{"start":{},"end":{}}],"line":56},"7":{"loc":{"start":{"line":81,"column":8},"end":{"line":88,"column":9}},"type":"if","locations":[{"start":{"line":81,"column":8},"end":{"line":88,"column":9}},{"start":{},"end":{}}],"line":81},"8":{"loc":{"start":{"line":90,"column":8},"end":{"line":93,"column":9}},"type":"if","locations":[{"start":{"line":90,"column":8},"end":{"line":93,"column":9}},{"start":{},"end":{}}],"line":90},"9":{"loc":{"start":{"line":101,"column":8},"end":{"line":110,"column":9}},"type":"if","locations":[{"start":{"line":101,"column":8},"end":{"line":110,"column":9}},{"start":{},"end":{}}],"line":101},"10":{"loc":{"start":{"line":107,"column":12},"end":{"line":109,"column":13}},"type":"if","locations":[{"start":{"line":107,"column":12},"end":{"line":109,"column":13}},{"start":{},"end":{}}],"line":107},"11":{"loc":{"start":{"line":118,"column":8},"end":{"line":124,"column":9}},"type":"if","locations":[{"start":{"line":118,"column":8},"end":{"line":124,"column":9}},{"start":{},"end":{}}],"line":118},"12":{"loc":{"start":{"line":175,"column":12},"end":{"line":183,"column":13}},"type":"if","locations":[{"start":{"line":175,"column":12},"end":{"line":183,"column":13}},{"start":{"line":177,"column":19},"end":{"line":183,"column":13}}],"line":175},"13":{"loc":{"start":{"line":176,"column":37},"end":{"line":176,"column":56}},"type":"cond-expr","locations":[{"start":{"line":176,"column":48},"end":{"line":176,"column":51}},{"start":{"line":176,"column":54},"end":{"line":176,"column":56}}],"line":176},"14":{"loc":{"start":{"line":177,"column":19},"end":{"line":183,"column":13}},"type":"if","locations":[{"start":{"line":177,"column":19},"end":{"line":183,"column":13}},{"start":{"line":179,"column":19},"end":{"line":183,"column":13}}],"line":177},"15":{"loc":{"start":{"line":178,"column":39},"end":{"line":178,"column":59}},"type":"cond-expr","locations":[{"start":{"line":178,"column":51},"end":{"line":178,"column":54}},{"start":{"line":178,"column":57},"end":{"line":178,"column":59}}],"line":178},"16":{"loc":{"start":{"line":179,"column":19},"end":{"line":183,"column":13}},"type":"if","locations":[{"start":{"line":179,"column":19},"end":{"line":183,"column":13}},{"start":{"line":181,"column":19},"end":{"line":183,"column":13}}],"line":179},"17":{"loc":{"start":{"line":180,"column":43},"end":{"line":180,"column":65}},"type":"cond-expr","locations":[{"start":{"line":180,"column":57},"end":{"line":180,"column":60}},{"start":{"line":180,"column":63},"end":{"line":180,"column":65}}],"line":180},"18":{"loc":{"start":{"line":192,"column":23},"end":{"line":192,"column":38}},"type":"default-arg","locations":[{"start":{"line":192,"column":36},"end":{"line":192,"column":38}}],"line":192},"19":{"loc":{"start":{"line":192,"column":40},"end":{"line":192,"column":53}},"type":"default-arg","locations":[{"start":{"line":192,"column":51},"end":{"line":192,"column":53}}],"line":192},"20":{"loc":{"start":{"line":197,"column":12},"end":{"line":205,"column":13}},"type":"if","locations":[{"start":{"line":197,"column":12},"end":{"line":205,"column":13}},{"start":{"line":199,"column":19},"end":{"line":205,"column":13}}],"line":197},"21":{"loc":{"start":{"line":199,"column":19},"end":{"line":205,"column":13}},"type":"if","locations":[{"start":{"line":199,"column":19},"end":{"line":205,"column":13}},{"start":{"line":201,"column":19},"end":{"line":205,"column":13}}],"line":199},"22":{"loc":{"start":{"line":201,"column":19},"end":{"line":205,"column":13}},"type":"if","locations":[{"start":{"line":201,"column":19},"end":{"line":205,"column":13}},{"start":{"line":203,"column":19},"end":{"line":205,"column":13}}],"line":201},"23":{"loc":{"start":{"line":210,"column":12},"end":{"line":214,"column":13}},"type":"if","locations":[{"start":{"line":210,"column":12},"end":{"line":214,"column":13}},{"start":{"line":212,"column":19},"end":{"line":214,"column":13}}],"line":210},"24":{"loc":{"start":{"line":223,"column":36},"end":{"line":223,"column":55}},"type":"default-arg","locations":[{"start":{"line":223,"column":51},"end":{"line":223,"column":55}}],"line":223},"25":{"loc":{"start":{"line":223,"column":57},"end":{"line":223,"column":83}},"type":"default-arg","locations":[{"start":{"line":223,"column":71},"end":{"line":223,"column":83}}],"line":223},"26":{"loc":{"start":{"line":224,"column":8},"end":{"line":224,"column":26}},"type":"if","locations":[{"start":{"line":224,"column":8},"end":{"line":224,"column":26}},{"start":{},"end":{}}],"line":224},"27":{"loc":{"start":{"line":227,"column":23},"end":{"line":227,"column":82}},"type":"binary-expr","locations":[{"start":{"line":227,"column":23},"end":{"line":227,"column":35}},{"start":{"line":227,"column":39},"end":{"line":227,"column":82}}],"line":227},"28":{"loc":{"start":{"line":229,"column":8},"end":{"line":241,"column":9}},"type":"if","locations":[{"start":{"line":229,"column":8},"end":{"line":241,"column":9}},{"start":{"line":235,"column":15},"end":{"line":241,"column":9}}],"line":229},"29":{"loc":{"start":{"line":231,"column":12},"end":{"line":234,"column":13}},"type":"if","locations":[{"start":{"line":231,"column":12},"end":{"line":234,"column":13}},{"start":{},"end":{}}],"line":231},"30":{"loc":{"start":{"line":237,"column":12},"end":{"line":240,"column":13}},"type":"if","locations":[{"start":{"line":237,"column":12},"end":{"line":240,"column":13}},{"start":{},"end":{}}],"line":237},"31":{"loc":{"start":{"line":238,"column":37},"end":{"line":238,"column":76}},"type":"binary-expr","locations":[{"start":{"line":238,"column":37},"end":{"line":238,"column":64}},{"start":{"line":238,"column":68},"end":{"line":238,"column":76}}],"line":238},"32":{"loc":{"start":{"line":260,"column":22},"end":{"line":260,"column":107}},"type":"binary-expr","locations":[{"start":{"line":260,"column":22},"end":{"line":260,"column":56}},{"start":{"line":260,"column":60},"end":{"line":260,"column":107}}],"line":260},"33":{"loc":{"start":{"line":261,"column":8},"end":{"line":261,"column":27}},"type":"if","locations":[{"start":{"line":261,"column":8},"end":{"line":261,"column":27}},{"start":{},"end":{}}],"line":261},"34":{"loc":{"start":{"line":268,"column":8},"end":{"line":273,"column":9}},"type":"if","locations":[{"start":{"line":268,"column":8},"end":{"line":273,"column":9}},{"start":{},"end":{}}],"line":268},"35":{"loc":{"start":{"line":282,"column":22},"end":{"line":282,"column":107}},"type":"binary-expr","locations":[{"start":{"line":282,"column":22},"end":{"line":282,"column":56}},{"start":{"line":282,"column":60},"end":{"line":282,"column":107}}],"line":282},"36":{"loc":{"start":{"line":283,"column":8},"end":{"line":283,"column":27}},"type":"if","locations":[{"start":{"line":283,"column":8},"end":{"line":283,"column":27}},{"start":{},"end":{}}],"line":283},"37":{"loc":{"start":{"line":288,"column":8},"end":{"line":290,"column":9}},"type":"if","locations":[{"start":{"line":288,"column":8},"end":{"line":290,"column":9}},{"start":{},"end":{}}],"line":288},"38":{"loc":{"start":{"line":297,"column":8},"end":{"line":297,"column":26}},"type":"if","locations":[{"start":{"line":297,"column":8},"end":{"line":297,"column":26}},{"start":{},"end":{}}],"line":297},"39":{"loc":{"start":{"line":313,"column":19},"end":{"line":313,"column":55}},"type":"default-arg","locations":[{"start":{"line":313,"column":27},"end":{"line":313,"column":55}}],"line":313},"40":{"loc":{"start":{"line":324,"column":19},"end":{"line":324,"column":30}},"type":"default-arg","locations":[{"start":{"line":324,"column":27},"end":{"line":324,"column":30}}],"line":324},"41":{"loc":{"start":{"line":327,"column":12},"end":{"line":331,"column":13}},"type":"if","locations":[{"start":{"line":327,"column":12},"end":{"line":331,"column":13}},{"start":{},"end":{}}],"line":327},"42":{"loc":{"start":{"line":364,"column":32},"end":{"line":364,"column":44}},"type":"default-arg","locations":[{"start":{"line":364,"column":42},"end":{"line":364,"column":44}}],"line":364},"43":{"loc":{"start":{"line":378,"column":8},"end":{"line":380,"column":9}},"type":"if","locations":[{"start":{"line":378,"column":8},"end":{"line":380,"column":9}},{"start":{},"end":{}}],"line":378},"44":{"loc":{"start":{"line":395,"column":0},"end":{"line":397,"column":1}},"type":"if","locations":[{"start":{"line":395,"column":0},"end":{"line":397,"column":1}},{"start":{},"end":{}}],"line":395},"45":{"loc":{"start":{"line":395,"column":4},"end":{"line":395,"column":51}},"type":"binary-expr","locations":[{"start":{"line":395,"column":4},"end":{"line":395,"column":33}},{"start":{"line":395,"column":37},"end":{"line":395,"column":51}}],"line":395}},"s":{"0":0,"1":0,"2":0,"3":0,"4":0,"5":0,"6":0,"7":0,"8":0,"9":0,"10":0,"11":0,"12":0,"13":0,"14":0,"15":0,"16":0,"17":0,"18":0,"19":0,"20":0,"21":0,"22":0,"23":0,"24":0,"25":0,"26":0,"27":0,"28":0,"29":0,"30":0,"31":0,"32":0,"33":0,"34":0,"35":0,"36":0,"37":0,"38":0,"39":0,"40":0,"41":0,"42":0,"43":0,"44":0,"45":0,"46":0,"47":0,"48":0,"49":0,"50":0,"51":0,"52":0,"53":0,"54":0,"55":0,"56":0,"57":0,"58":0,"59":0,"60":0,"61":0,"62":0,"63":0,"64":0,"65":0,"66":0,"67":0,"68":0,"69":0,"70":0,"71":0,"72":0,"73":0,"74":0,"75":0,"76":0,"77":0,"78":0,"79":0,"80":0,"81":0,"82":0,"83":0,"84":0,"85":0,"86":0,"87":0,"88":0,"89":0,"90":0,"91":0,"92":0,"93":0,"94":0,"95":0,"96":0,"97":0,"98":0,"99":0,"100":0,"101":0,"102":0,"103":0,"104":0,"105":0,"106":0,"107":0,"108":0,"109":0,"110":0,"111":0,"112":0,"113":0,"114":0,"115":0,"116":0,"117":0,"118":0,"119":0,"120":0,"121":0,"122":0,"123":0,"124":0,"125":0,"126":0,"127":0,"128":0,"129":0,"130":0,"131":0,"132":0,"133":0,"134":0,"135":0,"136":0,"137":0,"138":0,"139":0,"140":0,"141":0,"142":0,"143":0,"144":0,"145":0,"146":0,"147":0,"148":0,"149":0,"150":0,"151":0,"152":0,"153":0,"154":0,"155":0,"156":0},"f":{"0":0,"1":0,"2":0,"3":0,"4":0,"5":0,"6":0,"7":0,"8":0,"9":0,"10":0,"11":0,"12":0,"13":0,"14":0,"15":0,"16":0,"17":0,"18":0,"19":0,"20":0,"21":0,"22":0,"23":0,"24":0,"25":0,"26":0,"27":0,"28":0,"29":0,"30":0,"31":0,"32":0,"33":0,"34":0,"35":0,"36":0,"37":0,"38":0,"39":0,"40":0,"41":0},"b":{"0":[0,0],"1":[0,0],"2":[0,0],"3":[0],"4":[0],"5":[0,0],"6":[0,0],"7":[0,0],"8":[0,0],"9":[0,0],"10":[0,0],"11":[0,0],"12":[0,0],"13":[0,0],"14":[0,0],"15":[0,0],"16":[0,0],"17":[0,0],"18":[0],"19":[0],"20":[0,0],"21":[0,0],"22":[0,0],"23":[0,0],"24":[0],"25":[0],"26":[0,0],"27":[0,0],"28":[0,0],"29":[0,0],"30":[0,0],"31":[0,0],"32":[0,0],"33":[0,0],"34":[0,0],"35":[0,0],"36":[0,0],"37":[0,0],"38":[0,0],"39":[0],"40":[0],"41":[0,0],"42":[0],"43":[0,0],"44":[0,0],"45":[0,0]}}
}
