{"F:\\DevFolder\\PythonProjects\\webApplications\\StellarCollabApp\\frontend\\js\\admin.js": {"path":"F:\\DevFolder\\PythonProjects\\webApplications\\StellarCollabApp\\frontend\\js\\admin.js","statementMap":{"0":{"start":{"line":3,"column":8},"end":{"line":3,"column":34}},"1":{"start":{"line":4,"column":8},"end":{"line":4,"column":20}},"2":{"start":{"line":8,"column":8},"end":{"line":8,"column":25}},"3":{"start":{"line":9,"column":8},"end":{"line":9,"column":31}},"4":{"start":{"line":10,"column":8},"end":{"line":10,"column":31}},"5":{"start":{"line":14,"column":21},"end":{"line":14,"column":60}},"6":{"start":{"line":15,"column":8},"end":{"line":19,"column":11}},"7":{"start":{"line":16,"column":12},"end":{"line":18,"column":15}},"8":{"start":{"line":17,"column":16},"end":{"line":17,"column":48}},"9":{"start":{"line":23,"column":8},"end":{"line":25,"column":11}},"10":{"start":{"line":24,"column":12},"end":{"line":24,"column":43}},"11":{"start":{"line":26,"column":8},"end":{"line":26,"column":82}},"12":{"start":{"line":28,"column":8},"end":{"line":30,"column":11}},"13":{"start":{"line":29,"column":12},"end":{"line":29,"column":47}},"14":{"start":{"line":31,"column":8},"end":{"line":31,"column":74}},"15":{"start":{"line":33,"column":8},"end":{"line":33,"column":34}},"16":{"start":{"line":35,"column":8},"end":{"line":45,"column":9}},"17":{"start":{"line":37,"column":16},"end":{"line":37,"column":33}},"18":{"start":{"line":38,"column":16},"end":{"line":38,"column":22}},"19":{"start":{"line":40,"column":16},"end":{"line":40,"column":36}},"20":{"start":{"line":41,"column":16},"end":{"line":41,"column":22}},"21":{"start":{"line":43,"column":16},"end":{"line":43,"column":36}},"22":{"start":{"line":44,"column":16},"end":{"line":44,"column":22}},"23":{"start":{"line":49,"column":8},"end":{"line":62,"column":9}},"24":{"start":{"line":50,"column":29},"end":{"line":54,"column":14}},"25":{"start":{"line":56,"column":12},"end":{"line":59,"column":13}},"26":{"start":{"line":57,"column":30},"end":{"line":57,"column":51}},"27":{"start":{"line":58,"column":16},"end":{"line":58,"column":41}},"28":{"start":{"line":61,"column":12},"end":{"line":61,"column":64}},"29":{"start":{"line":66,"column":31},"end":{"line":66,"column":69}},"30":{"start":{"line":67,"column":8},"end":{"line":84,"column":10}},"31":{"start":{"line":88,"column":8},"end":{"line":101,"column":9}},"32":{"start":{"line":89,"column":29},"end":{"line":93,"column":14}},"33":{"start":{"line":95,"column":12},"end":{"line":98,"column":13}},"34":{"start":{"line":96,"column":30},"end":{"line":96,"column":51}},"35":{"start":{"line":97,"column":16},"end":{"line":97,"column":41}},"36":{"start":{"line":100,"column":12},"end":{"line":100,"column":58}},"37":{"start":{"line":105,"column":22},"end":{"line":105,"column":60}},"38":{"start":{"line":106,"column":8},"end":{"line":136,"column":20}},"39":{"start":{"line":106,"column":44},"end":{"line":136,"column":9}},"40":{"start":{"line":140,"column":8},"end":{"line":153,"column":9}},"41":{"start":{"line":141,"column":29},"end":{"line":145,"column":14}},"42":{"start":{"line":147,"column":12},"end":{"line":150,"column":13}},"43":{"start":{"line":148,"column":33},"end":{"line":148,"column":54}},"44":{"start":{"line":149,"column":16},"end":{"line":149,"column":47}},"45":{"start":{"line":152,"column":12},"end":{"line":152,"column":61}},"46":{"start":{"line":157,"column":22},"end":{"line":157,"column":63}},"47":{"start":{"line":158,"column":8},"end":{"line":181,"column":20}},"48":{"start":{"line":158,"column":49},"end":{"line":181,"column":9}},"49":{"start":{"line":185,"column":8},"end":{"line":198,"column":9}},"50":{"start":{"line":186,"column":29},"end":{"line":190,"column":14}},"51":{"start":{"line":192,"column":12},"end":{"line":195,"column":13}},"52":{"start":{"line":193,"column":29},"end":{"line":193,"column":50}},"53":{"start":{"line":194,"column":16},"end":{"line":194,"column":52}},"54":{"start":{"line":197,"column":12},"end":{"line":197,"column":61}},"55":{"start":{"line":202,"column":26},"end":{"line":202,"column":66}},"56":{"start":{"line":203,"column":8},"end":{"line":217,"column":20}},"57":{"start":{"line":203,"column":51},"end":{"line":217,"column":9}},"58":{"start":{"line":221,"column":8},"end":{"line":221,"column":85}},"59":{"start":{"line":221,"column":78},"end":{"line":221,"column":85}},"60":{"start":{"line":223,"column":8},"end":{"line":240,"column":9}},"61":{"start":{"line":224,"column":29},"end":{"line":233,"column":14}},"62":{"start":{"line":235,"column":12},"end":{"line":237,"column":13}},"63":{"start":{"line":236,"column":16},"end":{"line":236,"column":39}},"64":{"start":{"line":239,"column":12},"end":{"line":239,"column":66}},"65":{"start":{"line":244,"column":8},"end":{"line":244,"column":105}},"66":{"start":{"line":244,"column":98},"end":{"line":244,"column":105}},"67":{"start":{"line":246,"column":8},"end":{"line":259,"column":9}},"68":{"start":{"line":247,"column":29},"end":{"line":252,"column":14}},"69":{"start":{"line":254,"column":12},"end":{"line":256,"column":13}},"70":{"start":{"line":255,"column":16},"end":{"line":255,"column":39}},"71":{"start":{"line":258,"column":12},"end":{"line":258,"column":59}},"72":{"start":{"line":263,"column":8},"end":{"line":263,"column":87}},"73":{"start":{"line":263,"column":80},"end":{"line":263,"column":87}},"74":{"start":{"line":265,"column":8},"end":{"line":282,"column":9}},"75":{"start":{"line":266,"column":29},"end":{"line":275,"column":14}},"76":{"start":{"line":277,"column":12},"end":{"line":279,"column":13}},"77":{"start":{"line":278,"column":16},"end":{"line":278,"column":42}},"78":{"start":{"line":281,"column":12},"end":{"line":281,"column":68}},"79":{"start":{"line":286,"column":8},"end":{"line":286,"column":107}},"80":{"start":{"line":286,"column":100},"end":{"line":286,"column":107}},"81":{"start":{"line":288,"column":8},"end":{"line":301,"column":9}},"82":{"start":{"line":289,"column":29},"end":{"line":294,"column":14}},"83":{"start":{"line":296,"column":12},"end":{"line":298,"column":13}},"84":{"start":{"line":297,"column":16},"end":{"line":297,"column":42}},"85":{"start":{"line":300,"column":12},"end":{"line":300,"column":61}},"86":{"start":{"line":306,"column":19},"end":{"line":306,"column":35}}},"fnMap":{"0":{"name":"(anonymous_0)","decl":{"start":{"line":2,"column":4},"end":{"line":2,"column":5}},"loc":{"start":{"line":2,"column":18},"end":{"line":5,"column":5}},"line":2},"1":{"name":"(anonymous_1)","decl":{"start":{"line":7,"column":4},"end":{"line":7,"column":5}},"loc":{"start":{"line":7,"column":17},"end":{"line":11,"column":5}},"line":7},"2":{"name":"(anonymous_2)","decl":{"start":{"line":13,"column":4},"end":{"line":13,"column":5}},"loc":{"start":{"line":13,"column":16},"end":{"line":20,"column":5}},"line":13},"3":{"name":"(anonymous_3)","decl":{"start":{"line":15,"column":21},"end":{"line":15,"column":22}},"loc":{"start":{"line":15,"column":28},"end":{"line":19,"column":9}},"line":15},"4":{"name":"(anonymous_4)","decl":{"start":{"line":16,"column":42},"end":{"line":16,"column":43}},"loc":{"start":{"line":16,"column":48},"end":{"line":18,"column":13}},"line":16},"5":{"name":"(anonymous_5)","decl":{"start":{"line":22,"column":4},"end":{"line":22,"column":5}},"loc":{"start":{"line":22,"column":23},"end":{"line":46,"column":5}},"line":22},"6":{"name":"(anonymous_6)","decl":{"start":{"line":23,"column":56},"end":{"line":23,"column":57}},"loc":{"start":{"line":23,"column":63},"end":{"line":25,"column":9}},"line":23},"7":{"name":"(anonymous_7)","decl":{"start":{"line":28,"column":58},"end":{"line":28,"column":59}},"loc":{"start":{"line":28,"column":69},"end":{"line":30,"column":9}},"line":28},"8":{"name":"(anonymous_8)","decl":{"start":{"line":48,"column":4},"end":{"line":48,"column":5}},"loc":{"start":{"line":48,"column":22},"end":{"line":63,"column":5}},"line":48},"9":{"name":"(anonymous_9)","decl":{"start":{"line":65,"column":4},"end":{"line":65,"column":5}},"loc":{"start":{"line":65,"column":24},"end":{"line":85,"column":5}},"line":65},"10":{"name":"(anonymous_10)","decl":{"start":{"line":87,"column":4},"end":{"line":87,"column":5}},"loc":{"start":{"line":87,"column":22},"end":{"line":102,"column":5}},"line":87},"11":{"name":"(anonymous_11)","decl":{"start":{"line":104,"column":4},"end":{"line":104,"column":5}},"loc":{"start":{"line":104,"column":24},"end":{"line":137,"column":5}},"line":104},"12":{"name":"(anonymous_12)","decl":{"start":{"line":106,"column":36},"end":{"line":106,"column":37}},"loc":{"start":{"line":106,"column":44},"end":{"line":136,"column":9}},"line":106},"13":{"name":"(anonymous_13)","decl":{"start":{"line":139,"column":4},"end":{"line":139,"column":5}},"loc":{"start":{"line":139,"column":25},"end":{"line":154,"column":5}},"line":139},"14":{"name":"(anonymous_14)","decl":{"start":{"line":156,"column":4},"end":{"line":156,"column":5}},"loc":{"start":{"line":156,"column":30},"end":{"line":182,"column":5}},"line":156},"15":{"name":"(anonymous_15)","decl":{"start":{"line":158,"column":39},"end":{"line":158,"column":40}},"loc":{"start":{"line":158,"column":49},"end":{"line":181,"column":9}},"line":158},"16":{"name":"(anonymous_16)","decl":{"start":{"line":184,"column":4},"end":{"line":184,"column":5}},"loc":{"start":{"line":184,"column":25},"end":{"line":199,"column":5}},"line":184},"17":{"name":"(anonymous_17)","decl":{"start":{"line":201,"column":4},"end":{"line":201,"column":5}},"loc":{"start":{"line":201,"column":30},"end":{"line":218,"column":5}},"line":201},"18":{"name":"(anonymous_18)","decl":{"start":{"line":203,"column":43},"end":{"line":203,"column":44}},"loc":{"start":{"line":203,"column":51},"end":{"line":217,"column":9}},"line":203},"19":{"name":"(anonymous_19)","decl":{"start":{"line":220,"column":4},"end":{"line":220,"column":5}},"loc":{"start":{"line":220,"column":35},"end":{"line":241,"column":5}},"line":220},"20":{"name":"(anonymous_20)","decl":{"start":{"line":243,"column":4},"end":{"line":243,"column":5}},"loc":{"start":{"line":243,"column":29},"end":{"line":260,"column":5}},"line":243},"21":{"name":"(anonymous_21)","decl":{"start":{"line":262,"column":4},"end":{"line":262,"column":5}},"loc":{"start":{"line":262,"column":39},"end":{"line":283,"column":5}},"line":262},"22":{"name":"(anonymous_22)","decl":{"start":{"line":285,"column":4},"end":{"line":285,"column":5}},"loc":{"start":{"line":285,"column":33},"end":{"line":302,"column":5}},"line":285}},"branchMap":{"0":{"loc":{"start":{"line":35,"column":8},"end":{"line":45,"column":9}},"type":"switch","locations":[{"start":{"line":36,"column":12},"end":{"line":38,"column":22}},{"start":{"line":39,"column":12},"end":{"line":41,"column":22}},{"start":{"line":42,"column":12},"end":{"line":44,"column":22}}],"line":35},"1":{"loc":{"start":{"line":56,"column":12},"end":{"line":59,"column":13}},"type":"if","locations":[{"start":{"line":56,"column":12},"end":{"line":59,"column":13}},{"start":{},"end":{}}],"line":56},"2":{"loc":{"start":{"line":95,"column":12},"end":{"line":98,"column":13}},"type":"if","locations":[{"start":{"line":95,"column":12},"end":{"line":98,"column":13}},{"start":{},"end":{}}],"line":95},"3":{"loc":{"start":{"line":112,"column":22},"end":{"line":112,"column":98}},"type":"cond-expr","locations":[{"start":{"line":112,"column":42},"end":{"line":112,"column":93}},{"start":{"line":112,"column":96},"end":{"line":112,"column":98}}],"line":112},"4":{"loc":{"start":{"line":113,"column":22},"end":{"line":113,"column":91}},"type":"cond-expr","locations":[{"start":{"line":113,"column":38},"end":{"line":113,"column":86}},{"start":{"line":113,"column":89},"end":{"line":113,"column":91}}],"line":113},"5":{"loc":{"start":{"line":114,"column":22},"end":{"line":114,"column":115}},"type":"cond-expr","locations":[{"start":{"line":114,"column":61},"end":{"line":114,"column":110}},{"start":{"line":114,"column":113},"end":{"line":114,"column":115}}],"line":114},"6":{"loc":{"start":{"line":114,"column":22},"end":{"line":114,"column":58}},"type":"binary-expr","locations":[{"start":{"line":114,"column":22},"end":{"line":114,"column":36}},{"start":{"line":114,"column":40},"end":{"line":114,"column":58}}],"line":114},"7":{"loc":{"start":{"line":117,"column":41},"end":{"line":117,"column":90}},"type":"cond-expr","locations":[{"start":{"line":117,"column":58},"end":{"line":117,"column":73}},{"start":{"line":117,"column":76},"end":{"line":117,"column":90}}],"line":117},"8":{"loc":{"start":{"line":118,"column":26},"end":{"line":118,"column":64}},"type":"cond-expr","locations":[{"start":{"line":118,"column":43},"end":{"line":118,"column":51}},{"start":{"line":118,"column":54},"end":{"line":118,"column":64}}],"line":118},"9":{"loc":{"start":{"line":129,"column":22},"end":{"line":133,"column":21}},"type":"cond-expr","locations":[{"start":{"line":129,"column":42},"end":{"line":129,"column":44}},{"start":{"line":129,"column":47},"end":{"line":133,"column":21}}],"line":129},"10":{"loc":{"start":{"line":147,"column":12},"end":{"line":150,"column":13}},"type":"if","locations":[{"start":{"line":147,"column":12},"end":{"line":150,"column":13}},{"start":{},"end":{}}],"line":147},"11":{"loc":{"start":{"line":164,"column":41},"end":{"line":164,"column":92}},"type":"cond-expr","locations":[{"start":{"line":164,"column":60},"end":{"line":164,"column":75}},{"start":{"line":164,"column":78},"end":{"line":164,"column":92}}],"line":164},"12":{"loc":{"start":{"line":165,"column":26},"end":{"line":165,"column":66}},"type":"cond-expr","locations":[{"start":{"line":165,"column":45},"end":{"line":165,"column":53}},{"start":{"line":165,"column":56},"end":{"line":165,"column":66}}],"line":165},"13":{"loc":{"start":{"line":192,"column":12},"end":{"line":195,"column":13}},"type":"if","locations":[{"start":{"line":192,"column":12},"end":{"line":195,"column":13}},{"start":{},"end":{}}],"line":192},"14":{"loc":{"start":{"line":206,"column":36},"end":{"line":206,"column":96}},"type":"cond-expr","locations":[{"start":{"line":206,"column":67},"end":{"line":206,"column":83}},{"start":{"line":206,"column":86},"end":{"line":206,"column":96}}],"line":206},"15":{"loc":{"start":{"line":210,"column":26},"end":{"line":210,"column":86}},"type":"cond-expr","locations":[{"start":{"line":210,"column":57},"end":{"line":210,"column":71}},{"start":{"line":210,"column":74},"end":{"line":210,"column":86}}],"line":210},"16":{"loc":{"start":{"line":221,"column":8},"end":{"line":221,"column":85}},"type":"if","locations":[{"start":{"line":221,"column":8},"end":{"line":221,"column":85}},{"start":{},"end":{}}],"line":221},"17":{"loc":{"start":{"line":235,"column":12},"end":{"line":237,"column":13}},"type":"if","locations":[{"start":{"line":235,"column":12},"end":{"line":237,"column":13}},{"start":{},"end":{}}],"line":235},"18":{"loc":{"start":{"line":244,"column":8},"end":{"line":244,"column":105}},"type":"if","locations":[{"start":{"line":244,"column":8},"end":{"line":244,"column":105}},{"start":{},"end":{}}],"line":244},"19":{"loc":{"start":{"line":254,"column":12},"end":{"line":256,"column":13}},"type":"if","locations":[{"start":{"line":254,"column":12},"end":{"line":256,"column":13}},{"start":{},"end":{}}],"line":254},"20":{"loc":{"start":{"line":263,"column":8},"end":{"line":263,"column":87}},"type":"if","locations":[{"start":{"line":263,"column":8},"end":{"line":263,"column":87}},{"start":{},"end":{}}],"line":263},"21":{"loc":{"start":{"line":277,"column":12},"end":{"line":279,"column":13}},"type":"if","locations":[{"start":{"line":277,"column":12},"end":{"line":279,"column":13}},{"start":{},"end":{}}],"line":277},"22":{"loc":{"start":{"line":286,"column":8},"end":{"line":286,"column":107}},"type":"if","locations":[{"start":{"line":286,"column":8},"end":{"line":286,"column":107}},{"start":{},"end":{}}],"line":286},"23":{"loc":{"start":{"line":296,"column":12},"end":{"line":298,"column":13}},"type":"if","locations":[{"start":{"line":296,"column":12},"end":{"line":298,"column":13}},{"start":{},"end":{}}],"line":296}},"s":{"0":0,"1":0,"2":0,"3":0,"4":0,"5":0,"6":0,"7":0,"8":0,"9":0,"10":0,"11":0,"12":0,"13":0,"14":0,"15":0,"16":0,"17":0,"18":0,"19":0,"20":0,"21":0,"22":0,"23":0,"24":0,"25":0,"26":0,"27":0,"28":0,"29":0,"30":0,"31":0,"32":0,"33":0,"34":0,"35":0,"36":0,"37":0,"38":0,"39":0,"40":0,"41":0,"42":0,"43":0,"44":0,"45":0,"46":0,"47":0,"48":0,"49":0,"50":0,"51":0,"52":0,"53":0,"54":0,"55":0,"56":0,"57":0,"58":0,"59":0,"60":0,"61":0,"62":0,"63":0,"64":0,"65":0,"66":0,"67":0,"68":0,"69":0,"70":0,"71":0,"72":0,"73":0,"74":0,"75":0,"76":0,"77":0,"78":0,"79":0,"80":0,"81":0,"82":0,"83":0,"84":0,"85":0,"86":0},"f":{"0":0,"1":0,"2":0,"3":0,"4":0,"5":0,"6":0,"7":0,"8":0,"9":0,"10":0,"11":0,"12":0,"13":0,"14":0,"15":0,"16":0,"17":0,"18":0,"19":0,"20":0,"21":0,"22":0},"b":{"0":[0,0,0],"1":[0,0],"2":[0,0],"3":[0,0],"4":[0,0],"5":[0,0],"6":[0,0],"7":[0,0],"8":[0,0],"9":[0,0],"10":[0,0],"11":[0,0],"12":[0,0],"13":[0,0],"14":[0,0],"15":[0,0],"16":[0,0],"17":[0,0],"18":[0,0],"19":[0,0],"20":[0,0],"21":[0,0],"22":[0,0],"23":[0,0]}}
,"F:\\DevFolder\\PythonProjects\\webApplications\\StellarCollabApp\\frontend\\js\\api.js": {"path":"F:\\DevFolder\\PythonProjects\\webApplications\\StellarCollabApp\\frontend\\js\\api.js","statementMap":{"0":{"start":{"line":9,"column":22},"end":{"line":9,"column":41}},"1":{"start":{"line":12,"column":8},"end":{"line":16,"column":9}},"2":{"start":{"line":14,"column":12},"end":{"line":14,"column":81}},"3":{"start":{"line":15,"column":12},"end":{"line":15,"column":61}},"4":{"start":{"line":19,"column":8},"end":{"line":22,"column":9}},"5":{"start":{"line":20,"column":12},"end":{"line":20,"column":71}},"6":{"start":{"line":21,"column":12},"end":{"line":21,"column":61}},"7":{"start":{"line":24,"column":8},"end":{"line":24,"column":31}},"8":{"start":{"line":25,"column":8},"end":{"line":27,"column":10}},"9":{"start":{"line":28,"column":8},"end":{"line":28,"column":38}},"10":{"start":{"line":29,"column":8},"end":{"line":29,"column":39}},"11":{"start":{"line":30,"column":8},"end":{"line":30,"column":31}},"12":{"start":{"line":31,"column":8},"end":{"line":31,"column":41}},"13":{"start":{"line":32,"column":8},"end":{"line":32,"column":31}},"14":{"start":{"line":33,"column":8},"end":{"line":33,"column":31}},"15":{"start":{"line":36,"column":8},"end":{"line":42,"column":11}},"16":{"start":{"line":45,"column":8},"end":{"line":45,"column":37}},"17":{"start":{"line":48,"column":8},"end":{"line":48,"column":40}},"18":{"start":{"line":50,"column":8},"end":{"line":50,"column":48}},"19":{"start":{"line":57,"column":8},"end":{"line":63,"column":11}},"20":{"start":{"line":58,"column":12},"end":{"line":58,"column":33}},"21":{"start":{"line":59,"column":12},"end":{"line":59,"column":39}},"22":{"start":{"line":60,"column":12},"end":{"line":62,"column":13}},"23":{"start":{"line":61,"column":16},"end":{"line":61,"column":77}},"24":{"start":{"line":65,"column":8},"end":{"line":70,"column":11}},"25":{"start":{"line":66,"column":12},"end":{"line":66,"column":34}},"26":{"start":{"line":67,"column":12},"end":{"line":69,"column":13}},"27":{"start":{"line":68,"column":16},"end":{"line":68,"column":73}},"28":{"start":{"line":78,"column":8},"end":{"line":82,"column":11}},"29":{"start":{"line":79,"column":32},"end":{"line":79,"column":61}},"30":{"start":{"line":80,"column":12},"end":{"line":80,"column":67}},"31":{"start":{"line":81,"column":12},"end":{"line":81,"column":26}},"32":{"start":{"line":85,"column":8},"end":{"line":88,"column":10}},"33":{"start":{"line":86,"column":26},"end":{"line":86,"column":34}},"34":{"start":{"line":87,"column":23},"end":{"line":87,"column":49}},"35":{"start":{"line":96,"column":8},"end":{"line":96,"column":51}},"36":{"start":{"line":105,"column":8},"end":{"line":105,"column":63}},"37":{"start":{"line":115,"column":28},"end":{"line":115,"column":41}},"38":{"start":{"line":116,"column":8},"end":{"line":118,"column":9}},"39":{"start":{"line":117,"column":12},"end":{"line":117,"column":72}},"40":{"start":{"line":121,"column":8},"end":{"line":123,"column":9}},"41":{"start":{"line":122,"column":12},"end":{"line":122,"column":52}},"42":{"start":{"line":126,"column":29},"end":{"line":130,"column":9}},"43":{"start":{"line":133,"column":8},"end":{"line":140,"column":9}},"44":{"start":{"line":134,"column":12},"end":{"line":139,"column":13}},"45":{"start":{"line":135,"column":16},"end":{"line":135,"column":55}},"46":{"start":{"line":136,"column":16},"end":{"line":136,"column":60}},"47":{"start":{"line":138,"column":16},"end":{"line":138,"column":71}},"48":{"start":{"line":143,"column":20},"end":{"line":143,"column":74}},"49":{"start":{"line":145,"column":8},"end":{"line":179,"column":9}},"50":{"start":{"line":146,"column":12},"end":{"line":146,"column":83}},"51":{"start":{"line":147,"column":12},"end":{"line":147,"column":57}},"52":{"start":{"line":150,"column":12},"end":{"line":156,"column":13}},"53":{"start":{"line":151,"column":16},"end":{"line":155,"column":19}},"54":{"start":{"line":158,"column":29},"end":{"line":158,"column":59}},"55":{"start":{"line":161,"column":36},"end":{"line":161,"column":44}},"56":{"start":{"line":162,"column":12},"end":{"line":168,"column":13}},"57":{"start":{"line":163,"column":16},"end":{"line":167,"column":17}},"58":{"start":{"line":164,"column":20},"end":{"line":164,"column":102}},"59":{"start":{"line":165,"column":23},"end":{"line":167,"column":17}},"60":{"start":{"line":166,"column":20},"end":{"line":166,"column":62}},"61":{"start":{"line":171,"column":27},"end":{"line":171,"column":70}},"62":{"start":{"line":173,"column":12},"end":{"line":173,"column":71}},"63":{"start":{"line":174,"column":12},"end":{"line":174,"column":26}},"64":{"start":{"line":177,"column":12},"end":{"line":177,"column":59}},"65":{"start":{"line":178,"column":12},"end":{"line":178,"column":24}},"66":{"start":{"line":189,"column":24},"end":{"line":189,"column":78}},"67":{"start":{"line":192,"column":8},"end":{"line":197,"column":11}},"68":{"start":{"line":200,"column":24},"end":{"line":200,"column":31}},"69":{"start":{"line":201,"column":8},"end":{"line":211,"column":9}},"70":{"start":{"line":202,"column":12},"end":{"line":205,"column":13}},"71":{"start":{"line":203,"column":16},"end":{"line":203,"column":90}},"72":{"start":{"line":204,"column":16},"end":{"line":204,"column":67}},"73":{"start":{"line":207,"column":12},"end":{"line":210,"column":13}},"74":{"start":{"line":208,"column":16},"end":{"line":208,"column":81}},"75":{"start":{"line":209,"column":16},"end":{"line":209,"column":75}},"76":{"start":{"line":214,"column":8},"end":{"line":217,"column":9}},"77":{"start":{"line":215,"column":12},"end":{"line":215,"column":91}},"78":{"start":{"line":216,"column":12},"end":{"line":216,"column":65}},"79":{"start":{"line":219,"column":8},"end":{"line":222,"column":9}},"80":{"start":{"line":220,"column":12},"end":{"line":220,"column":64}},"81":{"start":{"line":221,"column":12},"end":{"line":221,"column":29}},"82":{"start":{"line":224,"column":29},"end":{"line":224,"column":50}},"83":{"start":{"line":225,"column":8},"end":{"line":229,"column":11}},"84":{"start":{"line":226,"column":12},"end":{"line":228,"column":13}},"85":{"start":{"line":227,"column":16},"end":{"line":227,"column":54}},"86":{"start":{"line":231,"column":28},"end":{"line":231,"column":51}},"87":{"start":{"line":232,"column":25},"end":{"line":232,"column":80}},"88":{"start":{"line":234,"column":8},"end":{"line":234,"column":61}},"89":{"start":{"line":235,"column":8},"end":{"line":235,"column":24}},"90":{"start":{"line":244,"column":8},"end":{"line":256,"column":9}},"91":{"start":{"line":245,"column":26},"end":{"line":245,"column":86}},"92":{"start":{"line":246,"column":12},"end":{"line":246,"column":43}},"93":{"start":{"line":247,"column":12},"end":{"line":247,"column":38}},"94":{"start":{"line":249,"column":12},"end":{"line":253,"column":13}},"95":{"start":{"line":250,"column":16},"end":{"line":250,"column":51}},"96":{"start":{"line":252,"column":16},"end":{"line":252,"column":51}},"97":{"start":{"line":255,"column":12},"end":{"line":255,"column":24}},"98":{"start":{"line":258,"column":28},"end":{"line":258,"column":64}},"99":{"start":{"line":260,"column":8},"end":{"line":268,"column":9}},"100":{"start":{"line":261,"column":12},"end":{"line":261,"column":41}},"101":{"start":{"line":262,"column":15},"end":{"line":268,"column":9}},"102":{"start":{"line":263,"column":12},"end":{"line":263,"column":41}},"103":{"start":{"line":264,"column":15},"end":{"line":268,"column":9}},"104":{"start":{"line":265,"column":12},"end":{"line":265,"column":41}},"105":{"start":{"line":267,"column":12},"end":{"line":267,"column":28}},"106":{"start":{"line":277,"column":8},"end":{"line":319,"column":9}},"107":{"start":{"line":279,"column":12},"end":{"line":279,"column":43}},"108":{"start":{"line":280,"column":12},"end":{"line":280,"column":42}},"109":{"start":{"line":283,"column":12},"end":{"line":286,"column":13}},"110":{"start":{"line":284,"column":16},"end":{"line":284,"column":61}},"111":{"start":{"line":285,"column":16},"end":{"line":285,"column":57}},"112":{"start":{"line":288,"column":12},"end":{"line":290,"column":13}},"113":{"start":{"line":289,"column":16},"end":{"line":289,"column":93}},"114":{"start":{"line":291,"column":15},"end":{"line":319,"column":9}},"115":{"start":{"line":293,"column":31},"end":{"line":293,"column":46}},"116":{"start":{"line":294,"column":12},"end":{"line":300,"column":13}},"117":{"start":{"line":295,"column":16},"end":{"line":299,"column":17}},"118":{"start":{"line":296,"column":20},"end":{"line":296,"column":109}},"119":{"start":{"line":298,"column":20},"end":{"line":298,"column":53}},"120":{"start":{"line":301,"column":12},"end":{"line":303,"column":13}},"121":{"start":{"line":302,"column":16},"end":{"line":302,"column":66}},"122":{"start":{"line":304,"column":15},"end":{"line":319,"column":9}},"123":{"start":{"line":306,"column":12},"end":{"line":308,"column":13}},"124":{"start":{"line":307,"column":16},"end":{"line":307,"column":74}},"125":{"start":{"line":309,"column":15},"end":{"line":319,"column":9}},"126":{"start":{"line":311,"column":12},"end":{"line":313,"column":13}},"127":{"start":{"line":312,"column":16},"end":{"line":312,"column":93}},"128":{"start":{"line":314,"column":15},"end":{"line":319,"column":9}},"129":{"start":{"line":316,"column":12},"end":{"line":318,"column":13}},"130":{"start":{"line":317,"column":16},"end":{"line":317,"column":80}},"131":{"start":{"line":321,"column":8},"end":{"line":321,"column":37}},"132":{"start":{"line":330,"column":8},"end":{"line":336,"column":11}},"133":{"start":{"line":331,"column":12},"end":{"line":331,"column":64}},"134":{"start":{"line":333,"column":12},"end":{"line":335,"column":13}},"135":{"start":{"line":334,"column":16},"end":{"line":334,"column":90}},"136":{"start":{"line":343,"column":22},"end":{"line":343,"column":44}},"137":{"start":{"line":344,"column":8},"end":{"line":344,"column":31}},"138":{"start":{"line":346,"column":8},"end":{"line":353,"column":9}},"139":{"start":{"line":347,"column":12},"end":{"line":352,"column":13}},"140":{"start":{"line":348,"column":31},"end":{"line":348,"column":57}},"141":{"start":{"line":349,"column":16},"end":{"line":349,"column":32}},"142":{"start":{"line":351,"column":16},"end":{"line":351,"column":30}},"143":{"start":{"line":363,"column":8},"end":{"line":363,"column":63}},"144":{"start":{"line":374,"column":8},"end":{"line":374,"column":70}},"145":{"start":{"line":385,"column":8},"end":{"line":385,"column":69}},"146":{"start":{"line":395,"column":8},"end":{"line":395,"column":66}},"147":{"start":{"line":407,"column":8},"end":{"line":429,"column":9}},"148":{"start":{"line":407,"column":27},"end":{"line":407,"column":28}},"149":{"start":{"line":408,"column":12},"end":{"line":428,"column":13}},"150":{"start":{"line":409,"column":16},"end":{"line":409,"column":50}},"151":{"start":{"line":411,"column":16},"end":{"line":411,"column":34}},"152":{"start":{"line":414,"column":16},"end":{"line":416,"column":17}},"153":{"start":{"line":415,"column":20},"end":{"line":415,"column":32}},"154":{"start":{"line":419,"column":16},"end":{"line":421,"column":17}},"155":{"start":{"line":420,"column":20},"end":{"line":420,"column":32}},"156":{"start":{"line":424,"column":30},"end":{"line":424,"column":68}},"157":{"start":{"line":425,"column":16},"end":{"line":425,"column":73}},"158":{"start":{"line":425,"column":45},"end":{"line":425,"column":71}},"159":{"start":{"line":427,"column":16},"end":{"line":427,"column":94}},"160":{"start":{"line":431,"column":8},"end":{"line":431,"column":24}},"161":{"start":{"line":438,"column":8},"end":{"line":438,"column":29}},"162":{"start":{"line":442,"column":25},"end":{"line":442,"column":88}},"163":{"start":{"line":444,"column":8},"end":{"line":447,"column":9}},"164":{"start":{"line":445,"column":12},"end":{"line":445,"column":61}},"165":{"start":{"line":446,"column":12},"end":{"line":446,"column":52}},"166":{"start":{"line":449,"column":8},"end":{"line":449,"column":24}},"167":{"start":{"line":453,"column":25},"end":{"line":453,"column":88}},"168":{"start":{"line":455,"column":8},"end":{"line":458,"column":9}},"169":{"start":{"line":456,"column":12},"end":{"line":456,"column":61}},"170":{"start":{"line":457,"column":12},"end":{"line":457,"column":52}},"171":{"start":{"line":460,"column":8},"end":{"line":460,"column":24}},"172":{"start":{"line":464,"column":8},"end":{"line":464,"column":68}},"173":{"start":{"line":468,"column":8},"end":{"line":473,"column":9}},"174":{"start":{"line":469,"column":12},"end":{"line":469,"column":64}},"175":{"start":{"line":471,"column":12},"end":{"line":471,"column":43}},"176":{"start":{"line":472,"column":12},"end":{"line":472,"column":42}},"177":{"start":{"line":477,"column":8},"end":{"line":477,"column":62}},"178":{"start":{"line":481,"column":8},"end":{"line":481,"column":85}},"179":{"start":{"line":485,"column":8},"end":{"line":485,"column":87}},"180":{"start":{"line":489,"column":8},"end":{"line":489,"column":75}},"181":{"start":{"line":493,"column":8},"end":{"line":493,"column":70}},"182":{"start":{"line":499,"column":8},"end":{"line":499,"column":29}},"183":{"start":{"line":503,"column":8},"end":{"line":503,"column":78}},"184":{"start":{"line":507,"column":8},"end":{"line":507,"column":77}},"185":{"start":{"line":511,"column":8},"end":{"line":511,"column":79}},"186":{"start":{"line":515,"column":8},"end":{"line":515,"column":89}},"187":{"start":{"line":519,"column":8},"end":{"line":519,"column":80}},"188":{"start":{"line":523,"column":20},"end":{"line":523,"column":74}},"189":{"start":{"line":524,"column":8},"end":{"line":524,"column":62}},"190":{"start":{"line":528,"column":20},"end":{"line":528,"column":73}},"191":{"start":{"line":529,"column":8},"end":{"line":529,"column":42}},"192":{"start":{"line":535,"column":8},"end":{"line":535,"column":29}},"193":{"start":{"line":539,"column":8},"end":{"line":539,"column":76}},"194":{"start":{"line":543,"column":8},"end":{"line":543,"column":76}},"195":{"start":{"line":547,"column":8},"end":{"line":547,"column":86}},"196":{"start":{"line":551,"column":8},"end":{"line":551,"column":79}},"197":{"start":{"line":555,"column":20},"end":{"line":555,"column":79}},"198":{"start":{"line":556,"column":8},"end":{"line":556,"column":54}},"199":{"start":{"line":560,"column":20},"end":{"line":560,"column":87}},"200":{"start":{"line":561,"column":8},"end":{"line":561,"column":64}},"201":{"start":{"line":565,"column":20},"end":{"line":565,"column":75}},"202":{"start":{"line":566,"column":8},"end":{"line":566,"column":54}},"203":{"start":{"line":570,"column":20},"end":{"line":570,"column":75}},"204":{"start":{"line":571,"column":8},"end":{"line":571,"column":42}},"205":{"start":{"line":575,"column":20},"end":{"line":575,"column":84}},"206":{"start":{"line":576,"column":8},"end":{"line":576,"column":42}},"207":{"start":{"line":580,"column":20},"end":{"line":580,"column":90}},"208":{"start":{"line":581,"column":8},"end":{"line":581,"column":64}},"209":{"start":{"line":585,"column":20},"end":{"line":585,"column":70}},"210":{"start":{"line":586,"column":8},"end":{"line":586,"column":43}},"211":{"start":{"line":590,"column":20},"end":{"line":590,"column":70}},"212":{"start":{"line":591,"column":8},"end":{"line":591,"column":45}},"213":{"start":{"line":595,"column":20},"end":{"line":595,"column":71}},"214":{"start":{"line":596,"column":8},"end":{"line":596,"column":42}},"215":{"start":{"line":600,"column":20},"end":{"line":600,"column":71}},"216":{"start":{"line":601,"column":8},"end":{"line":601,"column":42}},"217":{"start":{"line":607,"column":8},"end":{"line":607,"column":29}},"218":{"start":{"line":611,"column":8},"end":{"line":611,"column":68}},"219":{"start":{"line":615,"column":20},"end":{"line":615,"column":79}},"220":{"start":{"line":616,"column":8},"end":{"line":616,"column":52}},"221":{"start":{"line":621,"column":18},"end":{"line":621,"column":33}},"222":{"start":{"line":622,"column":16},"end":{"line":622,"column":38}},"223":{"start":{"line":623,"column":18},"end":{"line":623,"column":42}},"224":{"start":{"line":624,"column":16},"end":{"line":624,"column":38}},"225":{"start":{"line":625,"column":21},"end":{"line":625,"column":48}},"226":{"start":{"line":628,"column":12},"end":{"line":676,"column":1}},"227":{"start":{"line":631,"column":32},"end":{"line":631,"column":58}},"228":{"start":{"line":632,"column":32},"end":{"line":632,"column":58}},"229":{"start":{"line":633,"column":22},"end":{"line":633,"column":38}},"230":{"start":{"line":634,"column":28},"end":{"line":634,"column":50}},"231":{"start":{"line":635,"column":30},"end":{"line":635,"column":54}},"232":{"start":{"line":636,"column":33},"end":{"line":636,"column":60}},"233":{"start":{"line":637,"column":34},"end":{"line":637,"column":62}},"234":{"start":{"line":638,"column":29},"end":{"line":638,"column":52}},"235":{"start":{"line":639,"column":28},"end":{"line":639,"column":50}},"236":{"start":{"line":644,"column":26},"end":{"line":644,"column":55}},"237":{"start":{"line":645,"column":21},"end":{"line":645,"column":44}},"238":{"start":{"line":646,"column":26},"end":{"line":646,"column":54}},"239":{"start":{"line":647,"column":30},"end":{"line":647,"column":62}},"240":{"start":{"line":648,"column":24},"end":{"line":648,"column":50}},"241":{"start":{"line":649,"column":35},"end":{"line":649,"column":72}},"242":{"start":{"line":650,"column":26},"end":{"line":650,"column":54}},"243":{"start":{"line":655,"column":26},"end":{"line":655,"column":50}},"244":{"start":{"line":656,"column":21},"end":{"line":656,"column":40}},"245":{"start":{"line":657,"column":30},"end":{"line":657,"column":58}},"246":{"start":{"line":658,"column":24},"end":{"line":658,"column":46}},"247":{"start":{"line":659,"column":44},"end":{"line":659,"column":84}},"248":{"start":{"line":660,"column":43},"end":{"line":660,"column":84}},"249":{"start":{"line":661,"column":40},"end":{"line":661,"column":76}},"250":{"start":{"line":662,"column":30},"end":{"line":662,"column":58}},"251":{"start":{"line":663,"column":38},"end":{"line":663,"column":70}},"252":{"start":{"line":664,"column":60},"end":{"line":664,"column":114}},"253":{"start":{"line":665,"column":22},"end":{"line":665,"column":42}},"254":{"start":{"line":666,"column":24},"end":{"line":666,"column":46}},"255":{"start":{"line":667,"column":26},"end":{"line":667,"column":50}},"256":{"start":{"line":668,"column":26},"end":{"line":668,"column":50}},"257":{"start":{"line":673,"column":24},"end":{"line":673,"column":47}},"258":{"start":{"line":674,"column":42},"end":{"line":674,"column":91}},"259":{"start":{"line":679,"column":0},"end":{"line":679,"column":17}},"260":{"start":{"line":680,"column":0},"end":{"line":680,"column":29}},"261":{"start":{"line":683,"column":0},"end":{"line":698,"column":1}},"262":{"start":{"line":685,"column":4},"end":{"line":685,"column":36}},"263":{"start":{"line":688,"column":4},"end":{"line":697,"column":23}},"264":{"start":{"line":689,"column":8},"end":{"line":696,"column":9}},"265":{"start":{"line":690,"column":12},"end":{"line":695,"column":13}},"266":{"start":{"line":691,"column":16},"end":{"line":691,"column":46}},"267":{"start":{"line":693,"column":16},"end":{"line":693,"column":61}},"268":{"start":{"line":700,"column":0},"end":{"line":700,"column":40}}},"fnMap":{"0":{"name":"(anonymous_0)","decl":{"start":{"line":7,"column":4},"end":{"line":7,"column":5}},"loc":{"start":{"line":7,"column":18},"end":{"line":51,"column":5}},"line":7},"1":{"name":"(anonymous_1)","decl":{"start":{"line":56,"column":4},"end":{"line":56,"column":5}},"loc":{"start":{"line":56,"column":28},"end":{"line":71,"column":5}},"line":56},"2":{"name":"(anonymous_2)","decl":{"start":{"line":57,"column":42},"end":{"line":57,"column":43}},"loc":{"start":{"line":57,"column":48},"end":{"line":63,"column":9}},"line":57},"3":{"name":"(anonymous_3)","decl":{"start":{"line":65,"column":43},"end":{"line":65,"column":44}},"loc":{"start":{"line":65,"column":49},"end":{"line":70,"column":9}},"line":65},"4":{"name":"(anonymous_4)","decl":{"start":{"line":76,"column":4},"end":{"line":76,"column":5}},"loc":{"start":{"line":76,"column":31},"end":{"line":89,"column":5}},"line":76},"5":{"name":"(anonymous_5)","decl":{"start":{"line":78,"column":35},"end":{"line":78,"column":36}},"loc":{"start":{"line":78,"column":47},"end":{"line":82,"column":9}},"line":78},"6":{"name":"(anonymous_6)","decl":{"start":{"line":86,"column":12},"end":{"line":86,"column":13}},"loc":{"start":{"line":86,"column":26},"end":{"line":86,"column":34}},"line":86},"7":{"name":"(anonymous_7)","decl":{"start":{"line":87,"column":12},"end":{"line":87,"column":13}},"loc":{"start":{"line":87,"column":23},"end":{"line":87,"column":49}},"line":87},"8":{"name":"(anonymous_8)","decl":{"start":{"line":95,"column":4},"end":{"line":95,"column":5}},"loc":{"start":{"line":95,"column":39},"end":{"line":97,"column":5}},"line":95},"9":{"name":"(anonymous_9)","decl":{"start":{"line":104,"column":4},"end":{"line":104,"column":5}},"loc":{"start":{"line":104,"column":47},"end":{"line":106,"column":5}},"line":104},"10":{"name":"(anonymous_10)","decl":{"start":{"line":113,"column":4},"end":{"line":113,"column":5}},"loc":{"start":{"line":113,"column":26},"end":{"line":180,"column":5}},"line":113},"11":{"name":"(anonymous_11)","decl":{"start":{"line":188,"column":4},"end":{"line":188,"column":5}},"loc":{"start":{"line":188,"column":26},"end":{"line":236,"column":5}},"line":188},"12":{"name":"(anonymous_12)","decl":{"start":{"line":225,"column":36},"end":{"line":225,"column":37}},"loc":{"start":{"line":225,"column":43},"end":{"line":229,"column":9}},"line":225},"13":{"name":"(anonymous_13)","decl":{"start":{"line":243,"column":4},"end":{"line":243,"column":5}},"loc":{"start":{"line":243,"column":34},"end":{"line":269,"column":5}},"line":243},"14":{"name":"(anonymous_14)","decl":{"start":{"line":276,"column":4},"end":{"line":276,"column":5}},"loc":{"start":{"line":276,"column":32},"end":{"line":322,"column":5}},"line":276},"15":{"name":"(anonymous_15)","decl":{"start":{"line":329,"column":4},"end":{"line":329,"column":5}},"loc":{"start":{"line":329,"column":25},"end":{"line":337,"column":5}},"line":329},"16":{"name":"(anonymous_16)","decl":{"start":{"line":330,"column":27},"end":{"line":330,"column":28}},"loc":{"start":{"line":330,"column":48},"end":{"line":336,"column":9}},"line":330},"17":{"name":"(anonymous_17)","decl":{"start":{"line":342,"column":4},"end":{"line":342,"column":5}},"loc":{"start":{"line":342,"column":32},"end":{"line":354,"column":5}},"line":342},"18":{"name":"(anonymous_18)","decl":{"start":{"line":362,"column":4},"end":{"line":362,"column":5}},"loc":{"start":{"line":362,"column":26},"end":{"line":364,"column":5}},"line":362},"19":{"name":"(anonymous_19)","decl":{"start":{"line":373,"column":4},"end":{"line":373,"column":5}},"loc":{"start":{"line":373,"column":33},"end":{"line":375,"column":5}},"line":373},"20":{"name":"(anonymous_20)","decl":{"start":{"line":384,"column":4},"end":{"line":384,"column":5}},"loc":{"start":{"line":384,"column":32},"end":{"line":386,"column":5}},"line":384},"21":{"name":"(anonymous_21)","decl":{"start":{"line":394,"column":4},"end":{"line":394,"column":5}},"loc":{"start":{"line":394,"column":29},"end":{"line":396,"column":5}},"line":394},"22":{"name":"(anonymous_22)","decl":{"start":{"line":404,"column":4},"end":{"line":404,"column":5}},"loc":{"start":{"line":404,"column":68},"end":{"line":432,"column":5}},"line":404},"23":{"name":"(anonymous_23)","decl":{"start":{"line":425,"column":34},"end":{"line":425,"column":35}},"loc":{"start":{"line":425,"column":45},"end":{"line":425,"column":71}},"line":425},"24":{"name":"(anonymous_24)","decl":{"start":{"line":437,"column":4},"end":{"line":437,"column":5}},"loc":{"start":{"line":437,"column":24},"end":{"line":439,"column":5}},"line":437},"25":{"name":"(anonymous_25)","decl":{"start":{"line":441,"column":4},"end":{"line":441,"column":5}},"loc":{"start":{"line":441,"column":29},"end":{"line":450,"column":5}},"line":441},"26":{"name":"(anonymous_26)","decl":{"start":{"line":452,"column":4},"end":{"line":452,"column":5}},"loc":{"start":{"line":452,"column":29},"end":{"line":461,"column":5}},"line":452},"27":{"name":"(anonymous_27)","decl":{"start":{"line":463,"column":4},"end":{"line":463,"column":5}},"loc":{"start":{"line":463,"column":25},"end":{"line":465,"column":5}},"line":463},"28":{"name":"(anonymous_28)","decl":{"start":{"line":467,"column":4},"end":{"line":467,"column":5}},"loc":{"start":{"line":467,"column":19},"end":{"line":474,"column":5}},"line":467},"29":{"name":"(anonymous_29)","decl":{"start":{"line":476,"column":4},"end":{"line":476,"column":5}},"loc":{"start":{"line":476,"column":27},"end":{"line":478,"column":5}},"line":476},"30":{"name":"(anonymous_30)","decl":{"start":{"line":480,"column":4},"end":{"line":480,"column":5}},"loc":{"start":{"line":480,"column":37},"end":{"line":482,"column":5}},"line":480},"31":{"name":"(anonymous_31)","decl":{"start":{"line":484,"column":4},"end":{"line":484,"column":5}},"loc":{"start":{"line":484,"column":39},"end":{"line":486,"column":5}},"line":484},"32":{"name":"(anonymous_32)","decl":{"start":{"line":488,"column":4},"end":{"line":488,"column":5}},"loc":{"start":{"line":488,"column":26},"end":{"line":490,"column":5}},"line":488},"33":{"name":"(anonymous_33)","decl":{"start":{"line":492,"column":4},"end":{"line":492,"column":5}},"loc":{"start":{"line":492,"column":25},"end":{"line":494,"column":5}},"line":492},"34":{"name":"(anonymous_34)","decl":{"start":{"line":498,"column":4},"end":{"line":498,"column":5}},"loc":{"start":{"line":498,"column":24},"end":{"line":500,"column":5}},"line":498},"35":{"name":"(anonymous_35)","decl":{"start":{"line":502,"column":4},"end":{"line":502,"column":5}},"loc":{"start":{"line":502,"column":35},"end":{"line":504,"column":5}},"line":502},"36":{"name":"(anonymous_36)","decl":{"start":{"line":506,"column":4},"end":{"line":506,"column":5}},"loc":{"start":{"line":506,"column":24},"end":{"line":508,"column":5}},"line":506},"37":{"name":"(anonymous_37)","decl":{"start":{"line":510,"column":4},"end":{"line":510,"column":5}},"loc":{"start":{"line":510,"column":35},"end":{"line":512,"column":5}},"line":510},"38":{"name":"(anonymous_38)","decl":{"start":{"line":514,"column":4},"end":{"line":514,"column":5}},"loc":{"start":{"line":514,"column":39},"end":{"line":516,"column":5}},"line":514},"39":{"name":"(anonymous_39)","decl":{"start":{"line":518,"column":4},"end":{"line":518,"column":5}},"loc":{"start":{"line":518,"column":27},"end":{"line":520,"column":5}},"line":518},"40":{"name":"(anonymous_40)","decl":{"start":{"line":522,"column":4},"end":{"line":522,"column":5}},"loc":{"start":{"line":522,"column":38},"end":{"line":525,"column":5}},"line":522},"41":{"name":"(anonymous_41)","decl":{"start":{"line":527,"column":4},"end":{"line":527,"column":5}},"loc":{"start":{"line":527,"column":29},"end":{"line":530,"column":5}},"line":527},"42":{"name":"(anonymous_42)","decl":{"start":{"line":534,"column":4},"end":{"line":534,"column":5}},"loc":{"start":{"line":534,"column":24},"end":{"line":536,"column":5}},"line":534},"43":{"name":"(anonymous_43)","decl":{"start":{"line":538,"column":4},"end":{"line":538,"column":5}},"loc":{"start":{"line":538,"column":31},"end":{"line":540,"column":5}},"line":538},"44":{"name":"(anonymous_44)","decl":{"start":{"line":542,"column":4},"end":{"line":542,"column":5}},"loc":{"start":{"line":542,"column":22},"end":{"line":544,"column":5}},"line":542},"45":{"name":"(anonymous_45)","decl":{"start":{"line":546,"column":4},"end":{"line":546,"column":5}},"loc":{"start":{"line":546,"column":35},"end":{"line":548,"column":5}},"line":546},"46":{"name":"(anonymous_46)","decl":{"start":{"line":550,"column":4},"end":{"line":550,"column":5}},"loc":{"start":{"line":550,"column":25},"end":{"line":552,"column":5}},"line":550},"47":{"name":"(anonymous_47)","decl":{"start":{"line":554,"column":4},"end":{"line":554,"column":5}},"loc":{"start":{"line":554,"column":48},"end":{"line":557,"column":5}},"line":554},"48":{"name":"(anonymous_48)","decl":{"start":{"line":559,"column":4},"end":{"line":559,"column":5}},"loc":{"start":{"line":559,"column":44},"end":{"line":562,"column":5}},"line":559},"49":{"name":"(anonymous_49)","decl":{"start":{"line":564,"column":4},"end":{"line":564,"column":5}},"loc":{"start":{"line":564,"column":44},"end":{"line":567,"column":5}},"line":564},"50":{"name":"(anonymous_50)","decl":{"start":{"line":569,"column":4},"end":{"line":569,"column":5}},"loc":{"start":{"line":569,"column":31},"end":{"line":572,"column":5}},"line":569},"51":{"name":"(anonymous_51)","decl":{"start":{"line":574,"column":4},"end":{"line":574,"column":5}},"loc":{"start":{"line":574,"column":35},"end":{"line":577,"column":5}},"line":574},"52":{"name":"(anonymous_52)","decl":{"start":{"line":579,"column":4},"end":{"line":579,"column":5}},"loc":{"start":{"line":579,"column":57},"end":{"line":582,"column":5}},"line":579},"53":{"name":"(anonymous_53)","decl":{"start":{"line":584,"column":4},"end":{"line":584,"column":5}},"loc":{"start":{"line":584,"column":23},"end":{"line":587,"column":5}},"line":584},"54":{"name":"(anonymous_54)","decl":{"start":{"line":589,"column":4},"end":{"line":589,"column":5}},"loc":{"start":{"line":589,"column":25},"end":{"line":592,"column":5}},"line":589},"55":{"name":"(anonymous_55)","decl":{"start":{"line":594,"column":4},"end":{"line":594,"column":5}},"loc":{"start":{"line":594,"column":27},"end":{"line":597,"column":5}},"line":594},"56":{"name":"(anonymous_56)","decl":{"start":{"line":599,"column":4},"end":{"line":599,"column":5}},"loc":{"start":{"line":599,"column":27},"end":{"line":602,"column":5}},"line":599},"57":{"name":"(anonymous_57)","decl":{"start":{"line":606,"column":4},"end":{"line":606,"column":5}},"loc":{"start":{"line":606,"column":24},"end":{"line":608,"column":5}},"line":606},"58":{"name":"(anonymous_58)","decl":{"start":{"line":610,"column":4},"end":{"line":610,"column":5}},"loc":{"start":{"line":610,"column":21},"end":{"line":612,"column":5}},"line":610},"59":{"name":"(anonymous_59)","decl":{"start":{"line":614,"column":4},"end":{"line":614,"column":5}},"loc":{"start":{"line":614,"column":47},"end":{"line":617,"column":5}},"line":614},"60":{"name":"(anonymous_60)","decl":{"start":{"line":631,"column":15},"end":{"line":631,"column":16}},"loc":{"start":{"line":631,"column":32},"end":{"line":631,"column":58}},"line":631},"61":{"name":"(anonymous_61)","decl":{"start":{"line":632,"column":18},"end":{"line":632,"column":19}},"loc":{"start":{"line":632,"column":32},"end":{"line":632,"column":58}},"line":632},"62":{"name":"(anonymous_62)","decl":{"start":{"line":633,"column":16},"end":{"line":633,"column":17}},"loc":{"start":{"line":633,"column":22},"end":{"line":633,"column":38}},"line":633},"63":{"name":"(anonymous_63)","decl":{"start":{"line":634,"column":22},"end":{"line":634,"column":23}},"loc":{"start":{"line":634,"column":28},"end":{"line":634,"column":50}},"line":634},"64":{"name":"(anonymous_64)","decl":{"start":{"line":635,"column":24},"end":{"line":635,"column":25}},"loc":{"start":{"line":635,"column":30},"end":{"line":635,"column":54}},"line":635},"65":{"name":"(anonymous_65)","decl":{"start":{"line":636,"column":23},"end":{"line":636,"column":24}},"loc":{"start":{"line":636,"column":33},"end":{"line":636,"column":60}},"line":636},"66":{"name":"(anonymous_66)","decl":{"start":{"line":637,"column":24},"end":{"line":637,"column":25}},"loc":{"start":{"line":637,"column":34},"end":{"line":637,"column":62}},"line":637},"67":{"name":"(anonymous_67)","decl":{"start":{"line":638,"column":23},"end":{"line":638,"column":24}},"loc":{"start":{"line":638,"column":29},"end":{"line":638,"column":52}},"line":638},"68":{"name":"(anonymous_68)","decl":{"start":{"line":639,"column":22},"end":{"line":639,"column":23}},"loc":{"start":{"line":639,"column":28},"end":{"line":639,"column":50}},"line":639},"69":{"name":"(anonymous_69)","decl":{"start":{"line":644,"column":14},"end":{"line":644,"column":15}},"loc":{"start":{"line":644,"column":26},"end":{"line":644,"column":55}},"line":644},"70":{"name":"(anonymous_70)","decl":{"start":{"line":645,"column":13},"end":{"line":645,"column":14}},"loc":{"start":{"line":645,"column":21},"end":{"line":645,"column":44}},"line":645},"71":{"name":"(anonymous_71)","decl":{"start":{"line":646,"column":16},"end":{"line":646,"column":17}},"loc":{"start":{"line":646,"column":26},"end":{"line":646,"column":54}},"line":646},"72":{"name":"(anonymous_72)","decl":{"start":{"line":647,"column":16},"end":{"line":647,"column":17}},"loc":{"start":{"line":647,"column":30},"end":{"line":647,"column":62}},"line":647},"73":{"name":"(anonymous_73)","decl":{"start":{"line":648,"column":16},"end":{"line":648,"column":17}},"loc":{"start":{"line":648,"column":24},"end":{"line":648,"column":50}},"line":648},"74":{"name":"(anonymous_74)","decl":{"start":{"line":649,"column":19},"end":{"line":649,"column":20}},"loc":{"start":{"line":649,"column":35},"end":{"line":649,"column":72}},"line":649},"75":{"name":"(anonymous_75)","decl":{"start":{"line":650,"column":18},"end":{"line":650,"column":19}},"loc":{"start":{"line":650,"column":26},"end":{"line":650,"column":54}},"line":650},"76":{"name":"(anonymous_76)","decl":{"start":{"line":655,"column":16},"end":{"line":655,"column":17}},"loc":{"start":{"line":655,"column":26},"end":{"line":655,"column":50}},"line":655},"77":{"name":"(anonymous_77)","decl":{"start":{"line":656,"column":13},"end":{"line":656,"column":14}},"loc":{"start":{"line":656,"column":21},"end":{"line":656,"column":40}},"line":656},"78":{"name":"(anonymous_78)","decl":{"start":{"line":657,"column":16},"end":{"line":657,"column":17}},"loc":{"start":{"line":657,"column":30},"end":{"line":657,"column":58}},"line":657},"79":{"name":"(anonymous_79)","decl":{"start":{"line":658,"column":16},"end":{"line":658,"column":17}},"loc":{"start":{"line":658,"column":24},"end":{"line":658,"column":46}},"line":658},"80":{"name":"(anonymous_80)","decl":{"start":{"line":659,"column":22},"end":{"line":659,"column":23}},"loc":{"start":{"line":659,"column":44},"end":{"line":659,"column":84}},"line":659},"81":{"name":"(anonymous_81)","decl":{"start":{"line":660,"column":23},"end":{"line":660,"column":24}},"loc":{"start":{"line":660,"column":43},"end":{"line":660,"column":84}},"line":660},"82":{"name":"(anonymous_82)","decl":{"start":{"line":661,"column":20},"end":{"line":661,"column":21}},"loc":{"start":{"line":661,"column":40},"end":{"line":661,"column":76}},"line":661},"83":{"name":"(anonymous_83)","decl":{"start":{"line":662,"column":22},"end":{"line":662,"column":23}},"loc":{"start":{"line":662,"column":30},"end":{"line":662,"column":58}},"line":662},"84":{"name":"(anonymous_84)","decl":{"start":{"line":663,"column":30},"end":{"line":663,"column":31}},"loc":{"start":{"line":663,"column":38},"end":{"line":663,"column":70}},"line":663},"85":{"name":"(anonymous_85)","decl":{"start":{"line":664,"column":40},"end":{"line":664,"column":41}},"loc":{"start":{"line":664,"column":60},"end":{"line":664,"column":114}},"line":664},"86":{"name":"(anonymous_86)","decl":{"start":{"line":665,"column":14},"end":{"line":665,"column":15}},"loc":{"start":{"line":665,"column":22},"end":{"line":665,"column":42}},"line":665},"87":{"name":"(anonymous_87)","decl":{"start":{"line":666,"column":16},"end":{"line":666,"column":17}},"loc":{"start":{"line":666,"column":24},"end":{"line":666,"column":46}},"line":666},"88":{"name":"(anonymous_88)","decl":{"start":{"line":667,"column":18},"end":{"line":667,"column":19}},"loc":{"start":{"line":667,"column":26},"end":{"line":667,"column":50}},"line":667},"89":{"name":"(anonymous_89)","decl":{"start":{"line":668,"column":18},"end":{"line":668,"column":19}},"loc":{"start":{"line":668,"column":26},"end":{"line":668,"column":50}},"line":668},"90":{"name":"(anonymous_90)","decl":{"start":{"line":673,"column":18},"end":{"line":673,"column":19}},"loc":{"start":{"line":673,"column":24},"end":{"line":673,"column":47}},"line":673},"91":{"name":"(anonymous_91)","decl":{"start":{"line":674,"column":19},"end":{"line":674,"column":20}},"loc":{"start":{"line":674,"column":42},"end":{"line":674,"column":91}},"line":674},"92":{"name":"(anonymous_92)","decl":{"start":{"line":688,"column":16},"end":{"line":688,"column":17}},"loc":{"start":{"line":688,"column":28},"end":{"line":697,"column":5}},"line":688}},"branchMap":{"0":{"loc":{"start":{"line":12,"column":8},"end":{"line":16,"column":9}},"type":"if","locations":[{"start":{"line":12,"column":8},"end":{"line":16,"column":9}},{"start":{},"end":{}}],"line":12},"1":{"loc":{"start":{"line":12,"column":12},"end":{"line":13,"column":75}},"type":"binary-expr","locations":[{"start":{"line":12,"column":13},"end":{"line":12,"column":53}},{"start":{"line":12,"column":57},"end":{"line":12,"column":97}},{"start":{"line":13,"column":12},"end":{"line":13,"column":41}},{"start":{"line":13,"column":45},"end":{"line":13,"column":75}}],"line":12},"2":{"loc":{"start":{"line":19,"column":8},"end":{"line":22,"column":9}},"type":"if","locations":[{"start":{"line":19,"column":8},"end":{"line":22,"column":9}},{"start":{},"end":{}}],"line":19},"3":{"loc":{"start":{"line":19,"column":12},"end":{"line":19,"column":91}},"type":"binary-expr","locations":[{"start":{"line":19,"column":12},"end":{"line":19,"column":58}},{"start":{"line":19,"column":62},"end":{"line":19,"column":91}}],"line":19},"4":{"loc":{"start":{"line":60,"column":12},"end":{"line":62,"column":13}},"type":"if","locations":[{"start":{"line":60,"column":12},"end":{"line":62,"column":13}},{"start":{},"end":{}}],"line":60},"5":{"loc":{"start":{"line":67,"column":12},"end":{"line":69,"column":13}},"type":"if","locations":[{"start":{"line":67,"column":12},"end":{"line":69,"column":13}},{"start":{},"end":{}}],"line":67},"6":{"loc":{"start":{"line":117,"column":28},"end":{"line":117,"column":71}},"type":"binary-expr","locations":[{"start":{"line":117,"column":28},"end":{"line":117,"column":54}},{"start":{"line":117,"column":58},"end":{"line":117,"column":71}}],"line":117},"7":{"loc":{"start":{"line":121,"column":8},"end":{"line":123,"column":9}},"type":"if","locations":[{"start":{"line":121,"column":8},"end":{"line":123,"column":9}},{"start":{},"end":{}}],"line":121},"8":{"loc":{"start":{"line":121,"column":12},"end":{"line":121,"column":60}},"type":"binary-expr","locations":[{"start":{"line":121,"column":12},"end":{"line":121,"column":26}},{"start":{"line":121,"column":30},"end":{"line":121,"column":60}}],"line":121},"9":{"loc":{"start":{"line":127,"column":20},"end":{"line":127,"column":49}},"type":"binary-expr","locations":[{"start":{"line":127,"column":20},"end":{"line":127,"column":40}},{"start":{"line":127,"column":44},"end":{"line":127,"column":49}}],"line":127},"10":{"loc":{"start":{"line":133,"column":8},"end":{"line":140,"column":9}},"type":"if","locations":[{"start":{"line":133,"column":8},"end":{"line":140,"column":9}},{"start":{},"end":{}}],"line":133},"11":{"loc":{"start":{"line":133,"column":12},"end":{"line":133,"column":64}},"type":"binary-expr","locations":[{"start":{"line":133,"column":12},"end":{"line":133,"column":30}},{"start":{"line":133,"column":34},"end":{"line":133,"column":64}}],"line":133},"12":{"loc":{"start":{"line":134,"column":12},"end":{"line":139,"column":13}},"type":"if","locations":[{"start":{"line":134,"column":12},"end":{"line":139,"column":13}},{"start":{"line":137,"column":19},"end":{"line":139,"column":13}}],"line":134},"13":{"loc":{"start":{"line":146,"column":43},"end":{"line":146,"column":72}},"type":"binary-expr","locations":[{"start":{"line":146,"column":43},"end":{"line":146,"column":63}},{"start":{"line":146,"column":67},"end":{"line":146,"column":72}}],"line":146},"14":{"loc":{"start":{"line":150,"column":12},"end":{"line":156,"column":13}},"type":"if","locations":[{"start":{"line":150,"column":12},"end":{"line":156,"column":13}},{"start":{},"end":{}}],"line":150},"15":{"loc":{"start":{"line":150,"column":16},"end":{"line":150,"column":91}},"type":"binary-expr","locations":[{"start":{"line":150,"column":16},"end":{"line":150,"column":62}},{"start":{"line":150,"column":66},"end":{"line":150,"column":91}}],"line":150},"16":{"loc":{"start":{"line":163,"column":16},"end":{"line":167,"column":17}},"type":"if","locations":[{"start":{"line":163,"column":16},"end":{"line":167,"column":17}},{"start":{"line":165,"column":23},"end":{"line":167,"column":17}}],"line":163},"17":{"loc":{"start":{"line":163,"column":20},"end":{"line":163,"column":56}},"type":"binary-expr","locations":[{"start":{"line":163,"column":20},"end":{"line":163,"column":31}},{"start":{"line":163,"column":35},"end":{"line":163,"column":56}}],"line":163},"18":{"loc":{"start":{"line":164,"column":40},"end":{"line":164,"column":101}},"type":"binary-expr","locations":[{"start":{"line":164,"column":40},"end":{"line":164,"column":80}},{"start":{"line":164,"column":84},"end":{"line":164,"column":101}}],"line":164},"19":{"loc":{"start":{"line":165,"column":23},"end":{"line":167,"column":17}},"type":"if","locations":[{"start":{"line":165,"column":23},"end":{"line":167,"column":17}},{"start":{},"end":{}}],"line":165},"20":{"loc":{"start":{"line":165,"column":27},"end":{"line":165,"column":62}},"type":"binary-expr","locations":[{"start":{"line":165,"column":27},"end":{"line":165,"column":39}},{"start":{"line":165,"column":43},"end":{"line":165,"column":62}}],"line":165},"21":{"loc":{"start":{"line":189,"column":24},"end":{"line":189,"column":78}},"type":"cond-expr","locations":[{"start":{"line":189,"column":49},"end":{"line":189,"column":52}},{"start":{"line":189,"column":55},"end":{"line":189,"column":78}}],"line":189},"22":{"loc":{"start":{"line":201,"column":8},"end":{"line":211,"column":9}},"type":"if","locations":[{"start":{"line":201,"column":8},"end":{"line":211,"column":9}},{"start":{},"end":{}}],"line":201},"23":{"loc":{"start":{"line":201,"column":12},"end":{"line":201,"column":96}},"type":"binary-expr","locations":[{"start":{"line":201,"column":12},"end":{"line":201,"column":52}},{"start":{"line":201,"column":56},"end":{"line":201,"column":96}}],"line":201},"24":{"loc":{"start":{"line":202,"column":12},"end":{"line":205,"column":13}},"type":"if","locations":[{"start":{"line":202,"column":12},"end":{"line":205,"column":13}},{"start":{},"end":{}}],"line":202},"25":{"loc":{"start":{"line":202,"column":16},"end":{"line":202,"column":79}},"type":"binary-expr","locations":[{"start":{"line":202,"column":16},"end":{"line":202,"column":45}},{"start":{"line":202,"column":49},"end":{"line":202,"column":79}}],"line":202},"26":{"loc":{"start":{"line":207,"column":12},"end":{"line":210,"column":13}},"type":"if","locations":[{"start":{"line":207,"column":12},"end":{"line":210,"column":13}},{"start":{},"end":{}}],"line":207},"27":{"loc":{"start":{"line":207,"column":16},"end":{"line":207,"column":75}},"type":"binary-expr","locations":[{"start":{"line":207,"column":16},"end":{"line":207,"column":45}},{"start":{"line":207,"column":49},"end":{"line":207,"column":75}}],"line":207},"28":{"loc":{"start":{"line":214,"column":8},"end":{"line":217,"column":9}},"type":"if","locations":[{"start":{"line":214,"column":8},"end":{"line":217,"column":9}},{"start":{},"end":{}}],"line":214},"29":{"loc":{"start":{"line":214,"column":12},"end":{"line":214,"column":93}},"type":"binary-expr","locations":[{"start":{"line":214,"column":12},"end":{"line":214,"column":58}},{"start":{"line":214,"column":62},"end":{"line":214,"column":93}}],"line":214},"30":{"loc":{"start":{"line":219,"column":8},"end":{"line":222,"column":9}},"type":"if","locations":[{"start":{"line":219,"column":8},"end":{"line":222,"column":9}},{"start":{},"end":{}}],"line":219},"31":{"loc":{"start":{"line":226,"column":12},"end":{"line":228,"column":13}},"type":"if","locations":[{"start":{"line":226,"column":12},"end":{"line":228,"column":13}},{"start":{},"end":{}}],"line":226},"32":{"loc":{"start":{"line":226,"column":16},"end":{"line":226,"column":65}},"type":"binary-expr","locations":[{"start":{"line":226,"column":16},"end":{"line":226,"column":36}},{"start":{"line":226,"column":40},"end":{"line":226,"column":65}}],"line":226},"33":{"loc":{"start":{"line":232,"column":25},"end":{"line":232,"column":80}},"type":"cond-expr","locations":[{"start":{"line":232,"column":39},"end":{"line":232,"column":68}},{"start":{"line":232,"column":71},"end":{"line":232,"column":80}}],"line":232},"34":{"loc":{"start":{"line":244,"column":8},"end":{"line":256,"column":9}},"type":"if","locations":[{"start":{"line":244,"column":8},"end":{"line":256,"column":9}},{"start":{},"end":{}}],"line":244},"35":{"loc":{"start":{"line":260,"column":8},"end":{"line":268,"column":9}},"type":"if","locations":[{"start":{"line":260,"column":8},"end":{"line":268,"column":9}},{"start":{"line":262,"column":15},"end":{"line":268,"column":9}}],"line":260},"36":{"loc":{"start":{"line":262,"column":15},"end":{"line":268,"column":9}},"type":"if","locations":[{"start":{"line":262,"column":15},"end":{"line":268,"column":9}},{"start":{"line":264,"column":15},"end":{"line":268,"column":9}}],"line":262},"37":{"loc":{"start":{"line":264,"column":15},"end":{"line":268,"column":9}},"type":"if","locations":[{"start":{"line":264,"column":15},"end":{"line":268,"column":9}},{"start":{"line":266,"column":15},"end":{"line":268,"column":9}}],"line":264},"38":{"loc":{"start":{"line":277,"column":8},"end":{"line":319,"column":9}},"type":"if","locations":[{"start":{"line":277,"column":8},"end":{"line":319,"column":9}},{"start":{"line":291,"column":15},"end":{"line":319,"column":9}}],"line":277},"39":{"loc":{"start":{"line":283,"column":12},"end":{"line":286,"column":13}},"type":"if","locations":[{"start":{"line":283,"column":12},"end":{"line":286,"column":13}},{"start":{},"end":{}}],"line":283},"40":{"loc":{"start":{"line":288,"column":12},"end":{"line":290,"column":13}},"type":"if","locations":[{"start":{"line":288,"column":12},"end":{"line":290,"column":13}},{"start":{},"end":{}}],"line":288},"41":{"loc":{"start":{"line":291,"column":15},"end":{"line":319,"column":9}},"type":"if","locations":[{"start":{"line":291,"column":15},"end":{"line":319,"column":9}},{"start":{"line":304,"column":15},"end":{"line":319,"column":9}}],"line":291},"42":{"loc":{"start":{"line":294,"column":12},"end":{"line":300,"column":13}},"type":"if","locations":[{"start":{"line":294,"column":12},"end":{"line":300,"column":13}},{"start":{},"end":{}}],"line":294},"43":{"loc":{"start":{"line":294,"column":16},"end":{"line":294,"column":47}},"type":"binary-expr","locations":[{"start":{"line":294,"column":16},"end":{"line":294,"column":26}},{"start":{"line":294,"column":30},"end":{"line":294,"column":47}}],"line":294},"44":{"loc":{"start":{"line":295,"column":16},"end":{"line":299,"column":17}},"type":"if","locations":[{"start":{"line":295,"column":16},"end":{"line":299,"column":17}},{"start":{"line":297,"column":23},"end":{"line":299,"column":17}}],"line":295},"45":{"loc":{"start":{"line":296,"column":35},"end":{"line":296,"column":108}},"type":"binary-expr","locations":[{"start":{"line":296,"column":35},"end":{"line":296,"column":60}},{"start":{"line":296,"column":64},"end":{"line":296,"column":92}},{"start":{"line":296,"column":96},"end":{"line":296,"column":108}}],"line":296},"46":{"loc":{"start":{"line":301,"column":12},"end":{"line":303,"column":13}},"type":"if","locations":[{"start":{"line":301,"column":12},"end":{"line":303,"column":13}},{"start":{},"end":{}}],"line":301},"47":{"loc":{"start":{"line":304,"column":15},"end":{"line":319,"column":9}},"type":"if","locations":[{"start":{"line":304,"column":15},"end":{"line":319,"column":9}},{"start":{"line":309,"column":15},"end":{"line":319,"column":9}}],"line":304},"48":{"loc":{"start":{"line":306,"column":12},"end":{"line":308,"column":13}},"type":"if","locations":[{"start":{"line":306,"column":12},"end":{"line":308,"column":13}},{"start":{},"end":{}}],"line":306},"49":{"loc":{"start":{"line":309,"column":15},"end":{"line":319,"column":9}},"type":"if","locations":[{"start":{"line":309,"column":15},"end":{"line":319,"column":9}},{"start":{"line":314,"column":15},"end":{"line":319,"column":9}}],"line":309},"50":{"loc":{"start":{"line":311,"column":12},"end":{"line":313,"column":13}},"type":"if","locations":[{"start":{"line":311,"column":12},"end":{"line":313,"column":13}},{"start":{},"end":{}}],"line":311},"51":{"loc":{"start":{"line":314,"column":15},"end":{"line":319,"column":9}},"type":"if","locations":[{"start":{"line":314,"column":15},"end":{"line":319,"column":9}},{"start":{},"end":{}}],"line":314},"52":{"loc":{"start":{"line":316,"column":12},"end":{"line":318,"column":13}},"type":"if","locations":[{"start":{"line":316,"column":12},"end":{"line":318,"column":13}},{"start":{},"end":{}}],"line":316},"53":{"loc":{"start":{"line":333,"column":12},"end":{"line":335,"column":13}},"type":"if","locations":[{"start":{"line":333,"column":12},"end":{"line":335,"column":13}},{"start":{},"end":{}}],"line":333},"54":{"loc":{"start":{"line":362,"column":13},"end":{"line":362,"column":24}},"type":"default-arg","locations":[{"start":{"line":362,"column":22},"end":{"line":362,"column":24}}],"line":362},"55":{"loc":{"start":{"line":373,"column":20},"end":{"line":373,"column":31}},"type":"default-arg","locations":[{"start":{"line":373,"column":29},"end":{"line":373,"column":31}}],"line":373},"56":{"loc":{"start":{"line":384,"column":19},"end":{"line":384,"column":30}},"type":"default-arg","locations":[{"start":{"line":384,"column":28},"end":{"line":384,"column":30}}],"line":384},"57":{"loc":{"start":{"line":394,"column":16},"end":{"line":394,"column":27}},"type":"default-arg","locations":[{"start":{"line":394,"column":25},"end":{"line":394,"column":27}}],"line":394},"58":{"loc":{"start":{"line":404,"column":35},"end":{"line":404,"column":66}},"type":"default-arg","locations":[{"start":{"line":404,"column":48},"end":{"line":404,"column":66}}],"line":404},"59":{"loc":{"start":{"line":414,"column":16},"end":{"line":416,"column":17}},"type":"if","locations":[{"start":{"line":414,"column":16},"end":{"line":416,"column":17}},{"start":{},"end":{}}],"line":414},"60":{"loc":{"start":{"line":414,"column":20},"end":{"line":414,"column":61}},"type":"binary-expr","locations":[{"start":{"line":414,"column":20},"end":{"line":414,"column":39}},{"start":{"line":414,"column":43},"end":{"line":414,"column":61}}],"line":414},"61":{"loc":{"start":{"line":419,"column":16},"end":{"line":421,"column":17}},"type":"if","locations":[{"start":{"line":419,"column":16},"end":{"line":421,"column":17}},{"start":{},"end":{}}],"line":419},"62":{"loc":{"start":{"line":444,"column":8},"end":{"line":447,"column":9}},"type":"if","locations":[{"start":{"line":444,"column":8},"end":{"line":447,"column":9}},{"start":{},"end":{}}],"line":444},"63":{"loc":{"start":{"line":455,"column":8},"end":{"line":458,"column":9}},"type":"if","locations":[{"start":{"line":455,"column":8},"end":{"line":458,"column":9}},{"start":{},"end":{}}],"line":455},"64":{"loc":{"start":{"line":502,"column":22},"end":{"line":502,"column":33}},"type":"default-arg","locations":[{"start":{"line":502,"column":31},"end":{"line":502,"column":33}}],"line":502},"65":{"loc":{"start":{"line":554,"column":35},"end":{"line":554,"column":46}},"type":"default-arg","locations":[{"start":{"line":554,"column":44},"end":{"line":554,"column":46}}],"line":554},"66":{"loc":{"start":{"line":564,"column":31},"end":{"line":564,"column":42}},"type":"default-arg","locations":[{"start":{"line":564,"column":40},"end":{"line":564,"column":42}}],"line":564},"67":{"loc":{"start":{"line":683,"column":0},"end":{"line":698,"column":1}},"type":"if","locations":[{"start":{"line":683,"column":0},"end":{"line":698,"column":1}},{"start":{},"end":{}}],"line":683},"68":{"loc":{"start":{"line":689,"column":8},"end":{"line":696,"column":9}},"type":"if","locations":[{"start":{"line":689,"column":8},"end":{"line":696,"column":9}},{"start":{},"end":{}}],"line":689}},"s":{"0":0,"1":0,"2":0,"3":0,"4":0,"5":0,"6":0,"7":0,"8":0,"9":0,"10":0,"11":0,"12":0,"13":0,"14":0,"15":0,"16":0,"17":0,"18":0,"19":0,"20":0,"21":0,"22":0,"23":0,"24":0,"25":0,"26":0,"27":0,"28":0,"29":0,"30":0,"31":0,"32":0,"33":0,"34":0,"35":0,"36":0,"37":0,"38":0,"39":0,"40":0,"41":0,"42":0,"43":0,"44":0,"45":0,"46":0,"47":0,"48":0,"49":0,"50":0,"51":0,"52":0,"53":0,"54":0,"55":0,"56":0,"57":0,"58":0,"59":0,"60":0,"61":0,"62":0,"63":0,"64":0,"65":0,"66":0,"67":0,"68":0,"69":0,"70":0,"71":0,"72":0,"73":0,"74":0,"75":0,"76":0,"77":0,"78":0,"79":0,"80":0,"81":0,"82":0,"83":0,"84":0,"85":0,"86":0,"87":0,"88":0,"89":0,"90":0,"91":0,"92":0,"93":0,"94":0,"95":0,"96":0,"97":0,"98":0,"99":0,"100":0,"101":0,"102":0,"103":0,"104":0,"105":0,"106":0,"107":0,"108":0,"109":0,"110":0,"111":0,"112":0,"113":0,"114":0,"115":0,"116":0,"117":0,"118":0,"119":0,"120":0,"121":0,"122":0,"123":0,"124":0,"125":0,"126":0,"127":0,"128":0,"129":0,"130":0,"131":0,"132":0,"133":0,"134":0,"135":0,"136":0,"137":0,"138":0,"139":0,"140":0,"141":0,"142":0,"143":0,"144":0,"145":0,"146":0,"147":0,"148":0,"149":0,"150":0,"151":0,"152":0,"153":0,"154":0,"155":0,"156":0,"157":0,"158":0,"159":0,"160":0,"161":0,"162":0,"163":0,"164":0,"165":0,"166":0,"167":0,"168":0,"169":0,"170":0,"171":0,"172":0,"173":0,"174":0,"175":0,"176":0,"177":0,"178":0,"179":0,"180":0,"181":0,"182":0,"183":0,"184":0,"185":0,"186":0,"187":0,"188":0,"189":0,"190":0,"191":0,"192":0,"193":0,"194":0,"195":0,"196":0,"197":0,"198":0,"199":0,"200":0,"201":0,"202":0,"203":0,"204":0,"205":0,"206":0,"207":0,"208":0,"209":0,"210":0,"211":0,"212":0,"213":0,"214":0,"215":0,"216":0,"217":0,"218":0,"219":0,"220":0,"221":0,"222":0,"223":0,"224":0,"225":0,"226":0,"227":0,"228":0,"229":0,"230":0,"231":0,"232":0,"233":0,"234":0,"235":0,"236":0,"237":0,"238":0,"239":0,"240":0,"241":0,"242":0,"243":0,"244":0,"245":0,"246":0,"247":0,"248":0,"249":0,"250":0,"251":0,"252":0,"253":0,"254":0,"255":0,"256":0,"257":0,"258":0,"259":0,"260":0,"261":0,"262":0,"263":0,"264":0,"265":0,"266":0,"267":0,"268":0},"f":{"0":0,"1":0,"2":0,"3":0,"4":0,"5":0,"6":0,"7":0,"8":0,"9":0,"10":0,"11":0,"12":0,"13":0,"14":0,"15":0,"16":0,"17":0,"18":0,"19":0,"20":0,"21":0,"22":0,"23":0,"24":0,"25":0,"26":0,"27":0,"28":0,"29":0,"30":0,"31":0,"32":0,"33":0,"34":0,"35":0,"36":0,"37":0,"38":0,"39":0,"40":0,"41":0,"42":0,"43":0,"44":0,"45":0,"46":0,"47":0,"48":0,"49":0,"50":0,"51":0,"52":0,"53":0,"54":0,"55":0,"56":0,"57":0,"58":0,"59":0,"60":0,"61":0,"62":0,"63":0,"64":0,"65":0,"66":0,"67":0,"68":0,"69":0,"70":0,"71":0,"72":0,"73":0,"74":0,"75":0,"76":0,"77":0,"78":0,"79":0,"80":0,"81":0,"82":0,"83":0,"84":0,"85":0,"86":0,"87":0,"88":0,"89":0,"90":0,"91":0,"92":0},"b":{"0":[0,0],"1":[0,0,0,0],"2":[0,0],"3":[0,0],"4":[0,0],"5":[0,0],"6":[0,0],"7":[0,0],"8":[0,0],"9":[0,0],"10":[0,0],"11":[0,0],"12":[0,0],"13":[0,0],"14":[0,0],"15":[0,0],"16":[0,0],"17":[0,0],"18":[0,0],"19":[0,0],"20":[0,0],"21":[0,0],"22":[0,0],"23":[0,0],"24":[0,0],"25":[0,0],"26":[0,0],"27":[0,0],"28":[0,0],"29":[0,0],"30":[0,0],"31":[0,0],"32":[0,0],"33":[0,0],"34":[0,0],"35":[0,0],"36":[0,0],"37":[0,0],"38":[0,0],"39":[0,0],"40":[0,0],"41":[0,0],"42":[0,0],"43":[0,0],"44":[0,0],"45":[0,0,0],"46":[0,0],"47":[0,0],"48":[0,0],"49":[0,0],"50":[0,0],"51":[0,0],"52":[0,0],"53":[0,0],"54":[0],"55":[0],"56":[0],"57":[0],"58":[0],"59":[0,0],"60":[0,0],"61":[0,0],"62":[0,0],"63":[0,0],"64":[0],"65":[0],"66":[0],"67":[0,0],"68":[0,0]}}
,"F:\\DevFolder\\PythonProjects\\webApplications\\StellarCollabApp\\frontend\\js\\app.js": {"path":"F:\\DevFolder\\PythonProjects\\webApplications\\StellarCollabApp\\frontend\\js\\app.js","statementMap":{"0":{"start":{"line":11,"column":8},"end":{"line":11,"column":33}},"1":{"start":{"line":12,"column":8},"end":{"line":16,"column":10}},"2":{"start":{"line":18,"column":8},"end":{"line":18,"column":20}},"3":{"start":{"line":22,"column":8},"end":{"line":47,"column":9}},"4":{"start":{"line":23,"column":12},"end":{"line":23,"column":57}},"5":{"start":{"line":26,"column":12},"end":{"line":26,"column":43}},"6":{"start":{"line":29,"column":12},"end":{"line":29,"column":47}},"7":{"start":{"line":32,"column":12},"end":{"line":32,"column":39}},"8":{"start":{"line":34,"column":12},"end":{"line":34,"column":36}},"9":{"start":{"line":35,"column":12},"end":{"line":35,"column":51}},"10":{"start":{"line":38,"column":12},"end":{"line":38,"column":75}},"11":{"start":{"line":41,"column":12},"end":{"line":41,"column":37}},"12":{"start":{"line":44,"column":12},"end":{"line":44,"column":94}},"13":{"start":{"line":46,"column":12},"end":{"line":46,"column":24}},"14":{"start":{"line":52,"column":8},"end":{"line":52,"column":41}},"15":{"start":{"line":53,"column":8},"end":{"line":53,"column":33}},"16":{"start":{"line":54,"column":8},"end":{"line":54,"column":45}},"17":{"start":{"line":57,"column":8},"end":{"line":57,"column":49}},"18":{"start":{"line":61,"column":8},"end":{"line":61,"column":67}},"19":{"start":{"line":64,"column":32},"end":{"line":64,"column":62}},"20":{"start":{"line":65,"column":25},"end":{"line":65,"column":51}},"21":{"start":{"line":67,"column":8},"end":{"line":77,"column":9}},"22":{"start":{"line":69,"column":12},"end":{"line":69,"column":75}},"23":{"start":{"line":70,"column":12},"end":{"line":70,"column":61}},"24":{"start":{"line":71,"column":12},"end":{"line":71,"column":58}},"25":{"start":{"line":74,"column":12},"end":{"line":74,"column":78}},"26":{"start":{"line":75,"column":12},"end":{"line":75,"column":55}},"27":{"start":{"line":76,"column":12},"end":{"line":76,"column":59}},"28":{"start":{"line":80,"column":8},"end":{"line":80,"column":51}},"29":{"start":{"line":83,"column":8},"end":{"line":83,"column":33}},"30":{"start":{"line":85,"column":8},"end":{"line":85,"column":62}},"31":{"start":{"line":92,"column":30},"end":{"line":92,"column":71}},"32":{"start":{"line":93,"column":8},"end":{"line":98,"column":9}},"33":{"start":{"line":94,"column":12},"end":{"line":94,"column":49}},"34":{"start":{"line":95,"column":12},"end":{"line":95,"column":51}},"35":{"start":{"line":97,"column":12},"end":{"line":97,"column":64}},"36":{"start":{"line":105,"column":25},"end":{"line":105,"column":54}},"37":{"start":{"line":106,"column":8},"end":{"line":118,"column":10}},"38":{"start":{"line":119,"column":8},"end":{"line":125,"column":10}},"39":{"start":{"line":126,"column":8},"end":{"line":126,"column":44}},"40":{"start":{"line":131,"column":8},"end":{"line":133,"column":11}},"41":{"start":{"line":132,"column":12},"end":{"line":132,"column":27}},"42":{"start":{"line":136,"column":8},"end":{"line":138,"column":11}},"43":{"start":{"line":137,"column":12},"end":{"line":137,"column":53}},"44":{"start":{"line":141,"column":8},"end":{"line":143,"column":11}},"45":{"start":{"line":142,"column":12},"end":{"line":142,"column":54}},"46":{"start":{"line":147,"column":8},"end":{"line":157,"column":9}},"47":{"start":{"line":149,"column":12},"end":{"line":149,"column":67}},"48":{"start":{"line":150,"column":12},"end":{"line":150,"column":55}},"49":{"start":{"line":151,"column":12},"end":{"line":151,"column":58}},"50":{"start":{"line":154,"column":12},"end":{"line":154,"column":55}},"51":{"start":{"line":155,"column":12},"end":{"line":155,"column":55}},"52":{"start":{"line":156,"column":12},"end":{"line":156,"column":59}},"53":{"start":{"line":162,"column":8},"end":{"line":162,"column":65}},"54":{"start":{"line":167,"column":8},"end":{"line":169,"column":9}},"55":{"start":{"line":168,"column":12},"end":{"line":168,"column":59}},"56":{"start":{"line":173,"column":8},"end":{"line":175,"column":9}},"57":{"start":{"line":174,"column":12},"end":{"line":174,"column":55}},"58":{"start":{"line":179,"column":8},"end":{"line":179,"column":57}},"59":{"start":{"line":183,"column":8},"end":{"line":183,"column":70}},"60":{"start":{"line":187,"column":8},"end":{"line":191,"column":9}},"61":{"start":{"line":190,"column":12},"end":{"line":190,"column":57}},"62":{"start":{"line":192,"column":8},"end":{"line":192,"column":21}},"63":{"start":{"line":196,"column":8},"end":{"line":198,"column":9}},"64":{"start":{"line":197,"column":12},"end":{"line":197,"column":52}},"65":{"start":{"line":199,"column":8},"end":{"line":199,"column":21}},"66":{"start":{"line":203,"column":8},"end":{"line":207,"column":9}},"67":{"start":{"line":206,"column":12},"end":{"line":206,"column":25}},"68":{"start":{"line":208,"column":8},"end":{"line":208,"column":21}},"69":{"start":{"line":214,"column":8},"end":{"line":218,"column":11}},"70":{"start":{"line":215,"column":12},"end":{"line":217,"column":13}},"71":{"start":{"line":216,"column":16},"end":{"line":216,"column":33}},"72":{"start":{"line":221,"column":8},"end":{"line":221,"column":65}},"73":{"start":{"line":222,"column":8},"end":{"line":222,"column":86}},"74":{"start":{"line":223,"column":8},"end":{"line":223,"column":81}},"75":{"start":{"line":225,"column":8},"end":{"line":225,"column":33}},"76":{"start":{"line":226,"column":8},"end":{"line":226,"column":50}},"77":{"start":{"line":231,"column":0},"end":{"line":233,"column":3}},"78":{"start":{"line":232,"column":4},"end":{"line":232,"column":46}}},"fnMap":{"0":{"name":"(anonymous_0)","decl":{"start":{"line":10,"column":4},"end":{"line":10,"column":5}},"loc":{"start":{"line":10,"column":18},"end":{"line":19,"column":5}},"line":10},"1":{"name":"(anonymous_1)","decl":{"start":{"line":21,"column":4},"end":{"line":21,"column":5}},"loc":{"start":{"line":21,"column":17},"end":{"line":48,"column":5}},"line":21},"2":{"name":"(anonymous_2)","decl":{"start":{"line":50,"column":4},"end":{"line":50,"column":5}},"loc":{"start":{"line":50,"column":30},"end":{"line":58,"column":5}},"line":50},"3":{"name":"(anonymous_3)","decl":{"start":{"line":60,"column":4},"end":{"line":60,"column":5}},"loc":{"start":{"line":60,"column":34},"end":{"line":86,"column":5}},"line":60},"4":{"name":"(anonymous_4)","decl":{"start":{"line":91,"column":4},"end":{"line":91,"column":5}},"loc":{"start":{"line":91,"column":24},"end":{"line":99,"column":5}},"line":91},"5":{"name":"(anonymous_5)","decl":{"start":{"line":104,"column":4},"end":{"line":104,"column":5}},"loc":{"start":{"line":104,"column":28},"end":{"line":127,"column":5}},"line":104},"6":{"name":"(anonymous_6)","decl":{"start":{"line":129,"column":4},"end":{"line":129,"column":5}},"loc":{"start":{"line":129,"column":26},"end":{"line":144,"column":5}},"line":129},"7":{"name":"(anonymous_7)","decl":{"start":{"line":131,"column":48},"end":{"line":131,"column":49}},"loc":{"start":{"line":131,"column":54},"end":{"line":133,"column":9}},"line":131},"8":{"name":"(anonymous_8)","decl":{"start":{"line":136,"column":55},"end":{"line":136,"column":56}},"loc":{"start":{"line":136,"column":66},"end":{"line":138,"column":9}},"line":136},"9":{"name":"(anonymous_9)","decl":{"start":{"line":141,"column":49},"end":{"line":141,"column":50}},"loc":{"start":{"line":141,"column":60},"end":{"line":143,"column":9}},"
[...]
,"151":{"start":{"line":379,"column":12},"end":{"line":379,"column":44}},"152":{"start":{"line":382,"column":8},"end":{"line":382,"column":33}},"153":{"start":{"line":383,"column":8},"end":{"line":383,"column":48}},"154":{"start":{"line":388,"column":16},"end":{"line":388,"column":29}},"155":{"start":{"line":395,"column":0},"end":{"line":397,"column":1}},"156":{"start":{"line":396,"column":4},"end":{"line":396,"column":42}}},"fnMap":{"0":{"name":"(anonymous_0)","decl":{"start":{"line":7,"column":4},"end":{"line":7,"column":5}},"loc":{"start":{"line":7,"column":18},"end":{"line":10,"column":5}},"line":7},"1":{"name":"(anonymous_1)","decl":{"start":{"line":15,"column":4},"end":{"line":15,"column":5}},"loc":{"start":{"line":15,"column":11},"end":{"line":23,"column":5}},"line":15},"2":{"name":"(anonymous_2)","decl":{"start":{"line":28,"column":4},"end":{"line":28,"column":5}},"loc":{"start":{"line":28,"column":18},"end":{"line":33,"column":5}},"line":28},"3":{"name":"(anonymous_3)","decl":{"start":{"line":38,"column":4},"end":{"line":38,"column":5}},"loc":{"start":{"line":38,"column":18},"end":{"line":43,"column":5}},"line":38},"4":{"name":"(anonymous_4)","decl":{"start":{"line":48,"column":4},"end":{"line":48,"column":5}},"loc":{"start":{"line":48,"column":79},"end":{"line":74,"column":5}},"line":48},"5":{"name":"(anonymous_5)","decl":{"start":{"line":66,"column":30},"end":{"line":66,"column":31}},"loc":{"start":{"line":66,"column":36},"end":{"line":68,"column":9}},"line":66},"6":{"name":"(anonymous_6)","decl":{"start":{"line":71,"column":39},"end":{"line":71,"column":40}},"loc":{"start":{"line":71,"column":45},"end":{"line":73,"column":9}},"line":71},"7":{"name":"(anonymous_7)","decl":{"start":{"line":79,"column":4},"end":{"line":79,"column":5}},"loc":{"start":{"line":79,"column":16},"end":{"line":94,"column":5}},"line":79},"8":{"name":"(anonymous_8)","decl":{"start":{"line":85,"column":23},"end":{"line":85,"column":24}},"loc":{"start":{"line":85,"column":29},"end":{"line":87,"column":13}},"line":85},"9":{"name":"(anonymous_9)","decl":{"start":{"line":99,"column":4},"end":{"line":99,"column":5}},"loc":{"start":{"line":99,"column":25},"end":{"line":111,"column":5}},"line":99},"10":{"name":"(anonymous_10)","decl":{"start":{"line":108,"column":27},"end":{"line":108,"column":28}},"loc":{"start":{"line":108,"column":33},"end":{"line":108,"column":51}},"line":108},"11":{"name":"(anonymous_11)","decl":{"start":{"line":116,"column":4},"end":{"line":116,"column":5}},"loc":{"start":{"line":116,"column":25},"end":{"line":125,"column":5}},"line":116},"12":{"name":"(anonymous_12)","decl":{"start":{"line":121,"column":23},"end":{"line":121,"column":24}},"loc":{"start":{"line":121,"column":29},"end":{"line":123,"column":13}},"line":121},"13":{"name":"(anonymous_13)","decl":{"start":{"line":130,"column":4},"end":{"line":130,"column":5}},"loc":{"start":{"line":130,"column":20},"end":{"line":138,"column":5}},"line":130},"14":{"name":"(anonymous_14)","decl":{"start":{"line":132,"column":23},"end":{"line":132,"column":24}},"loc":{"start":{"line":132,"column":32},"end":{"line":137,"column":9}},"line":132},"15":{"name":"(anonymous_15)","decl":{"start":{"line":134,"column":23},"end":{"line":134,"column":24}},"loc":{"start":{"line":134,"column":29},"end":{"line":136,"column":13}},"line":134},"16":{"name":"(anonymous_16)","decl":{"start":{"line":143,"column":4},"end":{"line":143,"column":5}},"loc":{"start":{"line":143,"column":21},"end":{"line":147,"column":5}},"line":143},"17":{"name":"(anonymous_17)","decl":{"start":{"line":152,"column":4},"end":{"line":152,"column":5}},"loc":{"start":{"line":152,"column":27},"end":{"line":159,"column":5}},"line":152},"18":{"name":"(anonymous_18)","decl":{"start":{"line":164,"column":4},"end":{"line":164,"column":5}},"loc":{"start":{"line":164,"column":35},"end":{"line":187,"column":5}},"line":164},"19":{"name":"(anonymous_19)","decl":{"start":{"line":192,"column":4},"end":{"line":192,"column":5}},"loc":{"start":{"line":192,"column":55},"end":{"line":218,"column":5}},"line":192},"20":{"name":"(anonymous_20)","decl":{"start":{"line":196,"column":40},"end":{"line":196,"column":41}},"loc":{"start":{"line":196,"column":47},"end":{"line":206,"column":9}},"line":196},"21":{"name":"(anonymous_21)","decl":{"start":{"line":209,"column":25},"end":{"line":209,"column":26}},"loc":{"start":{"line":209,"column":34},"end":{"line":215,"column":9}},"line":209},"22":{"name":"(anonymous_22)","decl":{"start":{"line":223,"column":4},"end":{"line":223,"column":5}},"loc":{"start":{"line":223,"column":85},"end":{"line":242,"column":5}},"line":223},"23":{"name":"(anonymous_23)","decl":{"start":{"line":230,"column":27},"end":{"line":230,"column":28}},"loc":{"start":{"line":230,"column":36},"end":{"line":230,"column":57}},"line":230},"24":{"name":"(anonymous_24)","decl":{"start":{"line":236,"column":27},"end":{"line":236,"column":28}},"loc":{"start":{"line":236,"column":36},"end":{"line":236,"column":58}},"line":236},"25":{"name":"(anonymous_25)","decl":{"start":{"line":247,"column":4},"end":{"line":247,"column":5}},"loc":{"start":{"line":247,"column":33},"end":{"line":254,"column":5}},"line":247},"26":{"name":"(anonymous_26)","decl":{"start":{"line":251,"column":36},"end":{"line":251,"column":37}},"loc":{"start":{"line":251,"column":45},"end":{"line":253,"column":9}},"line":251},"27":{"name":"(anonymous_27)","decl":{"start":{"line":259,"column":4},"end":{"line":259,"column":5}},"loc":{"start":{"line":259,"column":39},"end":{"line":276,"column":5}},"line":259},"28":{"name":"(anonymous_28)","decl":{"start":{"line":281,"column":4},"end":{"line":281,"column":5}},"loc":{"start":{"line":281,"column":31},"end":{"line":291,"column":5}},"line":281},"29":{"name":"(anonymous_29)","decl":{"start":{"line":296,"column":4},"end":{"line":296,"column":5}},"loc":{"start":{"line":296,"column":26},"end":{"line":308,"column":5}},"line":296},"30":{"name":"(anonymous_30)","decl":{"start":{"line":300,"column":48},"end":{"line":300,"column":49}},"loc":{"start":{"line":300,"column":57},"end":{"line":302,"column":9}},"line":300},"31":{"name":"(anonymous_31)","decl":{"start":{"line":305,"column":56},"end":{"line":305,"column":57}},"loc":{"start":{"line":305,"column":65},"end":{"line":307,"column":9}},"line":305},"32":{"name":"(anonymous_32)","decl":{"start":{"line":313,"column":4},"end":{"line":313,"column":5}},"loc":{"start":{"line":313,"column":57},"end":{"line":319,"column":5}},"line":313},"33":{"name":"(anonymous_33)","decl":{"start":{"line":315,"column":15},"end":{"line":315,"column":16}},"loc":{"start":{"line":315,"column":33},"end":{"line":318,"column":9}},"line":315},"34":{"name":"(anonymous_34)","decl":{"start":{"line":317,"column":35},"end":{"line":317,"column":36}},"loc":{"start":{"line":317,"column":41},"end":{"line":317,"column":63}},"line":317},"35":{"name":"(anonymous_35)","decl":{"start":{"line":324,"column":4},"end":{"line":324,"column":5}},"loc":{"start":{"line":324,"column":32},"end":{"line":333,"column":5}},"line":324},"36":{"name":"(anonymous_36)","decl":{"start":{"line":326,"column":15},"end":{"line":326,"column":16}},"loc":{"start":{"line":326,"column":33},"end":{"line":332,"column":9}},"line":326},"37":{"name":"(anonymous_37)","decl":{"start":{"line":330,"column":27},"end":{"line":330,"column":28}},"loc":{"start":{"line":330,"column":33},"end":{"line":330,"column":51}},"line":330},"38":{"name":"(anonymous_38)","decl":{"start":{"line":338,"column":4},"end":{"line":338,"column":5}},"loc":{"start":{"line":338,"column":32},"end":{"line":348,"column":5}},"line":338},"39":{"name":"(anonymous_39)","decl":{"start":{"line":353,"column":4},"end":{"line":353,"column":5}},"loc":{"start":{"line":353,"column":37},"end":{"line":359,"column":5}},"line":353},"40":{"name":"(anonymous_40)","decl":{"start":{"line":364,"column":4},"end":{"line":364,"column":5}},"loc":{"start":{"line":364,"column":46},"end":{"line":372,"column":5}},"line":364},"41":{"name":"(anonymous_41)","decl":{"start":{"line":377,"column":4},"end":{"line":377,"column":5}},"loc":{"start":{"line":377,"column":14},"end":{"line":384,"column":5}},"line":377}},"branchMap":{"0":{"loc":{"start":{"line":16,"column":8},"end":{"line":19,"column":9}},"type":"if","locations":[{"start":{"line":16,"column":8},"end":{"line":19,"column":9}},{"start":{},"end":{}}],"line":16},"1":{"loc":{"start":{"line":30,"column":8},"end":{"line":32,"column":9}},"type":"if","locations":[{"start":{"line":30,"column":8},"end":{"line":32,"column":9}},{"start":{},"end":{}}],"line":30},"2":{"loc":{"start":{"line":40,"column":8},"end":{"line":42,"column":9}},"type":"if","locations":[{"start":{"line":40,"column":8},"end":{"line":42,"column":9}},{"start":{},"end":{}}],"line":40},"3":{"loc":{"start":{"line":48,"column":23},"end":{"line":48,"column":36}},"type":"default-arg","locations":[{"start":{"line":48,"column":30},"end":{"line":48,"column":36}}],"line":48},"4":{"loc":{"start":{"line":48,"column":38},"end":{"line":48,"column":77}},"type":"default-arg","locations":[{"start":{"line":48,"column":49},"end":{"line":48,"column":77}}],"line":48},"5":{"loc":{"start":{"line":50,"column":8},"end":{"line":53,"column":9}},"type":"if","locations":[{"start":{"line":50,"column":8},"end":{"line":53,"column":9}},{"start":{},"end":{}}],"line":50},"6":{"loc":{"start":{"line":56,"column":8},"end":{"line":58,"column":9}},"type":"if","locations":[{"start":{"line":56,"column":8},"end":{"line":58,"column":9}},{"start":{},"end":{}}],"line":56},"7":{"loc":{"start":{"line":81,"column":8},"end":{"line":88,"column":9}},"type":"if","locations":[{"start":{"line":81,"column":8},"end":{"line":88,"column":9}},{"start":{},"end":{}}],"line":81},"8":{"loc":{"start":{"line":90,"column":8},"end":{"line":93,"column":9}},"type":"if","locations":[{"start":{"line":90,"column":8},"end":{"line":93,"column":9}},{"start":{},"end":{}}],"line":90},"9":{"loc":{"start":{"line":101,"column":8},"end":{"line":110,"column":9}},"type":"if","locations":[{"start":{"line":101,"column":8},"end":{"line":110,"column":9}},{"start":{},"end":{}}],"line":101},"10":{"loc":{"start":{"line":107,"column":12},"end":{"line":109,"column":13}},"type":"if","locations":[{"start":{"line":107,"column":12},"end":{"line":109,"column":13}},{"start":{},"end":{}}],"line":107},"11":{"loc":{"start":{"line":118,"column":8},"end":{"line":124,"column":9}},"type":"if","locations":[{"start":{"line":118,"column":8},"end":{"line":124,"column":9}},{"start":{},"end":{}}],"line":118},"12":{"loc":{"start":{"line":175,"column":12},"end":{"line":183,"column":13}},"type":"if","locations":[{"start":{"line":175,"column":12},"end":{"line":183,"column":13}},{"start":{"line":177,"column":19},"end":{"line":183,"column":13}}],"line":175},"13":{"loc":{"start":{"line":176,"column":37},"end":{"line":176,"column":56}},"type":"cond-expr","locations":[{"start":{"line":176,"column":48},"end":{"line":176,"column":51}},{"start":{"line":176,"column":54},"end":{"line":176,"column":56}}],"line":176},"14":{"loc":{"start":{"line":177,"column":19},"end":{"line":183,"column":13}},"type":"if","locations":[{"start":{"line":177,"column":19},"end":{"line":183,"column":13}},{"start":{"line":179,"column":19},"end":{"line":183,"column":13}}],"line":177},"15":{"loc":{"start":{"line":178,"column":39},"end":{"line":178,"column":59}},"type":"cond-expr","locations":[{"start":{"line":178,"column":51},"end":{"line":178,"column":54}},{"start":{"line":178,"column":57},"end":{"line":178,"column":59}}],"line":178},"16":{"loc":{"start":{"line":179,"column":19},"end":{"line":183,"column":13}},"type":"if","locations":[{"start":{"line":179,"column":19},"end":{"line":183,"column":13}},{"start":{"line":181,"column":19},"end":{"line":183,"column":13}}],"line":179},"17":{"loc":{"start":{"line":180,"column":43},"end":{"line":180,"column":65}},"type":"cond-expr","locations":[{"start":{"line":180,"column":57},"end":{"line":180,"column":60}},{"start":{"line":180,"column":63},"end":{"line":180,"column":65}}],"line":180},"18":{"loc":{"start":{"line":192,"column":23},"end":{"line":192,"column":38}},"type":"default-arg","locations":[{"start":{"line":192,"column":36},"end":{"line":192,"column":38}}],"line":192},"19":{"loc":{"start":{"line":192,"column":40},"end":{"line":192,"column":53}},"type":"default-arg","locations":[{"start":{"line":192,"column":51},"end":{"line":192,"column":53}}],"line":192},"20":{"loc":{"start":{"line":197,"column":12},"end":{"line":205,"column":13}},"type":"if","locations":[{"start":{"line":197,"column":12},"end":{"line":205,"column":13}},{"start":{"line":199,"column":19},"end":{"line":205,"column":13}}],"line":197},"21":{"loc":{"start":{"line":199,"column":19},"end":{"line":205,"column":13}},"type":"if","locations":[{"start":{"line":199,"column":19},"end":{"line":205,"column":13}},{"start":{"line":201,"column":19},"end":{"line":205,"column":13}}],"line":199},"22":{"loc":{"start":{"line":201,"column":19},"end":{"line":205,"column":13}},"type":"if","locations":[{"start":{"line":201,"column":19},"end":{"line":205,"column":13}},{"start":{"line":203,"column":19},"end":{"line":205,"column":13}}],"line":201},"23":{"loc":{"start":{"line":210,"column":12},"end":{"line":214,"column":13}},"type":"if","locations":[{"start":{"line":210,"column":12},"end":{"line":214,"column":13}},{"start":{"line":212,"column":19},"end":{"line":214,"column":13}}],"line":210},"24":{"loc":{"start":{"line":223,"column":36},"end":{"line":223,"column":55}},"type":"default-arg","locations":[{"start":{"line":223,"column":51},"end":{"line":223,"column":55}}],"line":223},"25":{"loc":{"start":{"line":223,"column":57},"end":{"line":223,"column":83}},"type":"default-arg","locations":[{"start":{"line":223,"column":71},"end":{"line":223,"column":83}}],"line":223},"26":{"loc":{"start":{"line":224,"column":8},"end":{"line":224,"column":26}},"type":"if","locations":[{"start":{"line":224,"column":8},"end":{"line":224,"column":26}},{"start":{},"end":{}}],"line":224},"27":{"loc":{"start":{"line":227,"column":23},"end":{"line":227,"column":82}},"type":"binary-expr","locations":[{"start":{"line":227,"column":23},"end":{"line":227,"column":35}},{"start":{"line":227,"column":39},"end":{"line":227,"column":82}}],"line":227},"28":{"loc":{"start":{"line":229,"column":8},"end":{"line":241,"column":9}},"type":"if","locations":[{"start":{"line":229,"column":8},"end":{"line":241,"column":9}},{"start":{"line":235,"column":15},"end":{"line":241,"column":9}}],"line":229},"29":{"loc":{"start":{"line":231,"column":12},"end":{"line":234,"column":13}},"type":"if","locations":[{"start":{"line":231,"column":12},"end":{"line":234,"column":13}},{"start":{},"end":{}}],"line":231},"30":{"loc":{"start":{"line":237,"column":12},"end":{"line":240,"column":13}},"type":"if","locations":[{"start":{"line":237,"column":12},"end":{"line":240,"column":13}},{"start":{},"end":{}}],"line":237},"31":{"loc":{"start":{"line":238,"column":37},"end":{"line":238,"column":76}},"type":"binary-expr","locations":[{"start":{"line":238,"column":37},"end":{"line":238,"column":64}},{"start":{"line":238,"column":68},"end":{"line":238,"column":76}}],"line":238},"32":{"loc":{"start":{"line":260,"column":22},"end":{"line":260,"column":107}},"type":"binary-expr","locations":[{"start":{"line":260,"column":22},"end":{"line":260,"column":56}},{"start":{"line":260,"column":60},"end":{"line":260,"column":107}}],"line":260},"33":{"loc":{"start":{"line":261,"column":8},"end":{"line":261,"column":27}},"type":"if","locations":[{"start":{"line":261,"column":8},"end":{"line":261,"column":27}},{"start":{},"end":{}}],"line":261},"34":{"loc":{"start":{"line":268,"column":8},"end":{"line":273,"column":9}},"type":"if","locations":[{"start":{"line":268,"column":8},"end":{"line":273,"column":9}},{"start":{},"end":{}}],"line":268},"35":{"loc":{"start":{"line":282,"column":22},"end":{"line":282,"column":107}},"type":"binary-expr","locations":[{"start":{"line":282,"column":22},"end":{"line":282,"column":56}},{"start":{"line":282,"column":60},"end":{"line":282,"column":107}}],"line":282},"36":{"loc":{"start":{"line":283,"column":8},"end":{"line":283,"column":27}},"type":"if","locations":[{"start":{"line":283,"column":8},"end":{"line":283,"column":27}},{"start":{},"end":{}}],"line":283},"37":{"loc":{"start":{"line":288,"column":8},"end":{"line":290,"column":9}},"type":"if","locations":[{"start":{"line":288,"column":8},"end":{"line":290,"column":9}},{"start":{},"end":{}}],"line":288},"38":{"loc":{"start":{"line":297,"column":8},"end":{"line":297,"column":26}},"type":"if","locations":[{"start":{"line":297,"column":8},"end":{"line":297,"column":26}},{"start":{},"end":{}}],"line":297},"39":{"loc":{"start":{"line":313,"column":19},"end":{"line":313,"column":55}},"type":"default-arg","locations":[{"start":{"line":313,"column":27},"end":{"line":313,"column":55}}],"line":313},"40":{"loc":{"start":{"line":324,"column":19},"end":{"line":324,"column":30}},"type":"default-arg","locations":[{"start":{"line":324,"column":27},"end":{"line":324,"column":30}}],"line":324},"41":{"loc":{"start":{"line":327,"column":12},"end":{"line":331,"column":13}},"type":"if","locations":[{"start":{"line":327,"column":12},"end":{"line":331,"column":13}},{"start":{},"end":{}}],"line":327},"42":{"loc":{"start":{"line":364,"column":32},"end":{"line":364,"column":44}},"type":"default-arg","locations":[{"start":{"line":364,"column":42},"end":{"line":364,"column":44}}],"line":364},"43":{"loc":{"start":{"line":378,"column":8},"end":{"line":380,"column":9}},"type":"if","locations":[{"start":{"line":378,"column":8},"end":{"line":380,"column":9}},{"start":{},"end":{}}],"line":378},"44":{"loc":{"start":{"line":395,"column":0},"end":{"line":397,"column":1}},"type":"if","locations":[{"start":{"line":395,"column":0},"end":{"line":397,"column":1}},{"start":{},"end":{}}],"line":395},"45":{"loc":{"start":{"line":395,"column":4},"end":{"line":395,"column":51}},"type":"binary-expr","locations":[{"start":{"line":395,"column":4},"end":{"line":395,"column":33}},{"start":{"line":395,"column":37},"end":{"line":395,"column":51}}],"line":395}},"s":{"0":0,"1":0,"2":0,"3":0,"4":0,"5":0,"6":0,"7":0,"8":0,"9":0,"10":0,"11":0,"12":0,"13":0,"14":0,"15":0,"16":0,"17":0,"18":0,"19":0,"20":0,"21":0,"22":0,"23":0,"24":0,"25":0,"26":0,"27":0,"28":0,"29":0,"30":0,"31":0,"32":0,"33":0,"34":0,"35":0,"36":0,"37":0,"38":0,"39":0,"40":0,"41":0,"42":0,"43":0,"44":0,"45":0,"46":0,"47":0,"48":0,"49":0,"50":0,"51":0,"52":0,"53":0,"54":0,"55":0,"56":0,"57":0,"58":0,"59":0,"60":0,"61":0,"62":0,"63":0,"64":0,"65":0,"66":0,"67":0,"68":0,"69":0,"70":0,"71":0,"72":0,"73":0,"74":0,"75":0,"76":0,"77":0,"78":0,"79":0,"80":0,"81":0,"82":0,"83":0,"84":0,"85":0,"86":0,"87":0,"88":0,"89":0,"90":0,"91":0,"92":0,"93":0,"94":0,"95":0,"96":0,"97":0,"98":0,"99":0,"100":0,"101":0,"102":0,"103":0,"104":0,"105":0,"106":0,"107":0,"108":0,"109":0,"110":0,"111":0,"112":0,"113":0,"114":0,"115":0,"116":0,"117":0,"118":0,"119":0,"120":0,"121":0,"122":0,"123":0,"124":0,"125":0,"126":0,"127":0,"128":0,"129":0,"130":0,"131":0,"132":0,"133":0,"134":0,"135":0,"136":0,"137":0,"138":0,"139":0,"140":0,"141":0,"142":0,"143":0,"144":0,"145":0,"146":0,"147":0,"148":0,"149":0,"150":0,"151":0,"152":0,"153":0,"154":0,"155":0,"156":0},"f":{"0":0,"1":0,"2":0,"3":0,"4":0,"5":0,"6":0,"7":0,"8":0,"9":0,"10":0,"11":0,"12":0,"13":0,"14":0,"15":0,"16":0,"17":0,"18":0,"19":0,"20":0,"21":0,"22":0,"23":0,"24":0,"25":0,"26":0,"27":0,"28":0,"29":0,"30":0,"31":0,"32":0,"33":0,"34":0,"35":0,"36":0,"37":0,"38":0,"39":0,"40":0,"41":0},"b":{"0":[0,0],"1":[0,0],"2":[0,0],"3":[0],"4":[0],"5":[0,0],"6":[0,0],"7":[0,0],"8":[0,0],"9":[0,0],"10":[0,0],"11":[0,0],"12":[0,0],"13":[0,0],"14":[0,0],"15":[0,0],"16":[0,0],"17":[0,0],"18":[0],"19":[0],"20":[0,0],"21":[0,0],"22":[0,0],"23":[0,0],"24":[0],"25":[0],"26":[0,0],"27":[0,0],"28":[0,0],"29":[0,0],"30":[0,0],"31":[0,0],"32":[0,0],"33":[0,0],"34":[0,0],"35":[0,0],"36":[0,0],"37":[0,0],"38":[0,0],"39":[0],"40":[0],"41":[0,0],"42":[0],"43":[0,0],"44":[0,0],"45":[0,0]}}
}
