TN:
SF:js\admin.js
FN:2,(anonymous_0)
FN:7,(anonymous_1)
FN:13,(anonymous_2)
FN:15,(anonymous_3)
FN:16,(anonymous_4)
FN:22,(anonymous_5)
FN:23,(anonymous_6)
FN:28,(anonymous_7)
FN:48,(anonymous_8)
FN:65,(anonymous_9)
FN:87,(anonymous_10)
FN:104,(anonymous_11)
FN:106,(anonymous_12)
FN:139,(anonymous_13)
FN:156,(anonymous_14)
FN:158,(anonymous_15)
FN:184,(anonymous_16)
FN:201,(anonymous_17)
FN:203,(anonymous_18)
FN:220,(anonymous_19)
FN:243,(anonymous_20)
FN:262,(anonymous_21)
FN:285,(anonymous_22)
FNF:23
FNH:0
FNDA:0,(anonymous_0)
FNDA:0,(anonymous_1)
FNDA:0,(anonymous_2)
FNDA:0,(anonymous_3)
FNDA:0,(anonymous_4)
FNDA:0,(anonymous_5)
FNDA:0,(anonymous_6)
FNDA:0,(anonymous_7)
FNDA:0,(anonymous_8)
FNDA:0,(anonymous_9)
FNDA:0,(anonymous_10)
FNDA:0,(anonymous_11)
FNDA:0,(anonymous_12)
FNDA:0,(anonymous_13)
FNDA:0,(anonymous_14)
FNDA:0,(anonymous_15)
FNDA:0,(anonymous_16)
FNDA:0,(anonymous_17)
FNDA:0,(anonymous_18)
FNDA:0,(anonymous_19)
FNDA:0,(anonymous_20)
FNDA:0,(anonymous_21)
FNDA:0,(anonymous_22)
DA:3,0
DA:4,0
DA:8,0
DA:9,0
DA:10,0
DA:14,0
DA:15,0
DA:16,0
DA:17,0
DA:23,0
DA:24,0
DA:26,0
DA:28,0
DA:29,0
DA:31,0
DA:33,0
DA:35,0
DA:37,0
DA:38,0
DA:40,0
DA:41,0
DA:43,0
DA:44,0
DA:49,0
DA:50,0
DA:56,0
DA:57,0
DA:58,0
DA:61,0
DA:66,0
DA:67,0
DA:88,0
DA:89,0
DA:95,0
DA:96,0
DA:97,0
DA:100,0
DA:105,0
DA:106,0
DA:140,0
DA:141,0
DA:147,0
DA:148,0
DA:149,0
DA:152,0
DA:157,0
DA:158,0
DA:185,0
DA:186,0
DA:192,0
DA:193,0
DA:194,0
DA:197,0
DA:202,0
DA:203,0
DA:221,0
DA:223,0
DA:224,0
DA:235,0
DA:236,0
DA:239,0
DA:244,0
DA:246,0
DA:247,0
DA:254,0
DA:255,0
DA:258,0
DA:263,0
DA:265,0
DA:266,0
DA:277,0
DA:278,0
DA:281,0
DA:286,0
DA:288,0
DA:289,0
DA:296,0
DA:297,0
DA:300,0
DA:306,0
LF:80
LH:0
BRDA:35,0,0,0
BRDA:35,0,1,0
BRDA:35,0,2,0
BRDA:56,1,0,0
BRDA:56,1,1,0
BRDA:95,2,0,0
BRDA:95,2,1,0
BRDA:112,3,0,0
BRDA:112,3,1,0
BRDA:113,4,0,0
BRDA:113,4,1,0
BRDA:114,5,0,0
BRDA:114,5,1,0
BRDA:114,6,0,0
BRDA:114,6,1,0
BRDA:117,7,0,0
BRDA:117,7,1,0
BRDA:118,8,0,0
BRDA:118,8,1,0
BRDA:129,9,0,0
BRDA:129,9,1,0
BRDA:147,10,0,0
BRDA:147,10,1,0
BRDA:164,11,0,0
BRDA:164,11,1,0
BRDA:165,12,0,0
BRDA:165,12,1,0
BRDA:192,13,0,0
BRDA:192,13,1,0
BRDA:206,14,0,0
BRDA:206,14,1,0
BRDA:210,15,0,0
BRDA:210,15,1,0
BRDA:221,16,0,0
BRDA:221,16,1,0
BRDA:235,17,0,0
BRDA:235,17,1,0
BRDA:244,18,0,0
BRDA:244,18,1,0
BRDA:254,19,0,0
BRDA:254,19,1,0
BRDA:263,20,0,0
BRDA:263,20,1,0
BRDA:277,21,0,0
BRDA:277,21,1,0
BRDA:286,22,0,0
BRDA:286,22,1,0
BRDA:296,23,0,0
BRDA:296,23,1,0
BRF:49
BRH:0
end_of_record
TN:
SF:js\api.js
FN:7,(anonymous_0)
FN:56,(anonymous_1)
FN:57,(anonymous_2)
FN:65,(anonymous_3)
FN:76,(anonymous_4)
FN:78,(anonymous_5)
FN:86,(anonymous_6)
FN:87,(anonymous_7)
FN:95,(anonymous_8)
FN:104,(anonymous_9)
FN:113,(anonymous_10)
FN:188,(anonymous_11)
FN:225,(anonymous_12)
FN:243,(anonymous_13)
FN:276,(anonymous_14)
FN:329,(anonymous_15)
FN:330,(anonymous_16)
FN:342,(anonymous_17)
FN:362,(anonymous_18)
FN:373,(anonymous_19)
FN:384,(anonymous_20)
FN:394,(anonymous_21)
FN:404,(anonymous_22)
FN:425,(anonymous_23)
FN:437,(anonymous_24)
FN:441,(anonymous_25)
FN:452,(anonymous_26)
FN:463,(anonymous_27)
FN:467,(anonymous_28)
FN:476,(anonymous_29)
FN:480,(anonymous_30)
FN:484,(anonymous_31)
FN:488,(anonymous_32)
FN:492,(anonymous_33)
FN:498,(anonymous_34)
FN:502,(anonymous_35)
FN:506,(anonymous_36)
FN:510,(anonymous_37)
FN:514,(anonymous_38)
FN:518,(anonymous_39)
FN:522,(anonymous_40)
FN:527,(anonymous_41)
FN:534,(anonymous_42)
FN:538,(anonymous_43)
FN:542,(anonymous_44)
FN:546,(anonymous_45)
FN:550,(anonymous_46)
FN:554,(anonymous_47)
FN:559,(anonymous_48)
FN:564,(anonymous_49)
FN:569,(anonymous_50)
FN:574,(anonymous_51)
FN:579,(anonymous_52)
FN:584,(anonymous_53)
FN:589,(anonymous_54)
FN:594,(anonymous_55)
FN:599,(anonymous_56)
FN:606,(anonymous_57)
FN:610,(anonymous_58)
FN:614,(anonymous_59)
FN:631,(anonymous_60)
FN:632,(anonymous_61)
FN:633,(anonymous_62)
FN:634,(anonymous_63)
FN:635,(anonymous_64)
FN:636,(anonymous_65)
FN:637,(anonymous_66)
FN:638,(anonymous_67)
FN:639,(anonymous_68)
FN:644,(anonymous_69)
FN:645,(anonymous_70)
FN:646,(anonymous_71)
FN:647,(anonymous_72)
FN:648,(anonymous_73)
FN:649,(anonymous_74)
FN:650,(anonymous_75)
FN:655,(anonymous_76)
FN:656,(anonymous_77)
FN:657,(anonymous_78)
FN:658,(anonymous_79)
FN:659,(anonymous_80)
FN:660,(anonymous_81)
FN:661,(anonymous_82)
FN:662,(anonymous_83)
FN:663,(anonymous_84)
FN:664,(anonymous_85)
FN:665,(anonymous_86)
FN:666,(anonymous_87)
FN:667,(anonymous_88)
FN:668,(anonymous_89)
FN:673,(anonymous_90)
FN:674,(anonymous_91)
FN:688,(anonymous_92)
FNF:93
FNH:0
FNDA:0,(anonymous_0)
FNDA:0,(anonymous_1)
FNDA:0,(anonymous_2)
FNDA:0,(anonymous_3)
FNDA:0,(anonymous_4)
FNDA:0,(anonymous_5)
FNDA:0,(anonymous_6)
FNDA:0,(anonymous_7)
FNDA:0,(anonymous_8)
FNDA:0,(anonymous_9)
FNDA:0,(anonymous_10)
FNDA:0,(anonymous_11)
FNDA:0,(anonymous_12)
FNDA:0,(anonymous_13)
FNDA:0,(anonymous_14)
FNDA:0,(anonymous_15)
FNDA:0,(anonymous_16)
FNDA:0,(anonymous_17)
FNDA:0,(anonymous_18)
FNDA:0,(anonymous_19)
FNDA:0,(anonymous_20)
FNDA:0,(anonymous_21)
FNDA:0,(anonymous_22)
FNDA:0,(anonymous_23)
FNDA:0,(anonymous_24)
FNDA:0,(anonymous_25)
FNDA:0,(anonymous_26)
FNDA:0,(anonymous_27)
FNDA:0,(anonymous_28)
FNDA:0,(anonymous_29)
FNDA:0,(anonymous_30)
FNDA:0,(anonymous_31)
FNDA:0,(anonymous_32)
FNDA:0,(anonymous_33)
FNDA:0,(anonymous_34)
FNDA:0,(anonymous_35)
FNDA:0,(anonymous_36)
FNDA:0,(anonymous_37)
FNDA:0,(anonymous_38)
FNDA:0,(anonymous_39)
FNDA:0,(anonymous_40)
FNDA:0,(anonymous_41)
FNDA:0,(anonymous_42)
FNDA:0,(anonymous_43)
FNDA:0,(anonymous_44)
FNDA:0,(anonymous_45)
FNDA:0,(anonymous_46)
FNDA:0,(anonymous_47)
FNDA:0,(anonymous_48)
FNDA:0,(anonymous_49)
FNDA:0,(anonymous_50)
FNDA:0,(anonymous_51)
FNDA:0,(anonymous_52)
FNDA:0,(anonymous_53)
FNDA:0,(anonymous_54)
FNDA:0,(anonymous_55)
FNDA:0,(anonymous_56)
FNDA:0,(anonymous_57)
FNDA:0,(anonymous_58)
FNDA:0,(anonymous_59)
FNDA:0,(anonymous_60)
FNDA:0,(anonymous_61)
FNDA:0,(anonymous_62)
FNDA:0,(anonymous_63)
FNDA:0,(anonymous_64)
FNDA:0,(anonymous_65)
FNDA:0,(anonymous_66)
FNDA:0,(anonymous_67)
FNDA:0,(anonymous_68)
FNDA:0,(anonymous_69)
FNDA:0,(anonymous_70)
FNDA:0,(anonymous_71)
FNDA:0,(anonymous_72)
FNDA:0,(anonymous_73)
FNDA:0,(anonymous_74)
FNDA:0,(anonymous_75)
FNDA:0,(anonymous_76)
FNDA:0,(anonymous_77)
FNDA:0,(anonymous_78)
FNDA:0,(anonymous_79)
FNDA:0,(anonymous_80)
FNDA:0,(anonymous_81)
FNDA:0,(anonymous_82)
FNDA:0,(anonymous_83)
FNDA:0,(anonymous_84)
FNDA:0,(anonymous_85)
FNDA:0,(anonymous_86)
FNDA:0,(anonymous_87)
FNDA:0,(anonymous_88)
FNDA:0,(anonymous_89)
FNDA:0,(anonymous_90)
FNDA:0,(anonymous_91)
FNDA:0,(anonymous_92)
DA:9,0
DA:12,0
DA:14,0
DA:15,0
DA:19,0
DA:20,0
DA:21,0
DA:24,0
DA:25,0
DA:28,0
DA:29,0
DA:30,0
DA:31,0
DA:32,0
DA:33,0
DA:36,0
DA:45,0
DA:48,0
DA:50,0
DA:57,0
DA:58,0
DA:59,0
DA:60,0
DA:61,0
DA:65,0
DA:66,0
DA:67,0
DA:68,0
DA:78,0
DA:79,0
DA:80,0
DA:81,0
DA:85,0
DA:86,0
DA:87,0
DA:96,0
DA:105,0
DA:115,0
DA:116,0
DA:117,0
DA:121,0
DA:122,0
DA:126,0
DA:133,0
DA:134,0
DA:135,0
DA:136,0
DA:138,0
DA:143,0
DA:145,0
DA:146,0
DA:147,0
DA:150,0
DA:151,0
DA:158,0
DA:161,0
DA:162,0
DA:163,0
DA:164,0
DA:165,0
DA:166,0
DA:171,0
DA:173,0
DA:174,0
DA:177,0
DA:178,0
DA:189,0
DA:192,0
DA:200,0
DA:201,0
DA:202,0
DA:203,0
DA:204,0
DA:207,0
DA:208,0
DA:209,0
DA:214,0
DA:215,0
DA:216,0
DA:219,0
DA:220,0
DA:221,0
DA:224,0
DA:225,0
DA:226,0
DA:227,0
DA:231,0
DA:232,0
DA:234,0
DA:235,0
DA:244,0
DA:245,0
DA:246,0
DA:247,0
DA:249,0
DA:250,0
DA:252,0
DA:255,0
DA:258,0
DA:260,0
DA:261,0
DA:262,0
DA:263,0
DA:264,0
DA:265,0
DA:267,0
DA:277,0
DA:279,0
DA:280,0
DA:283,0
DA:284,0
DA:285,0
DA:288,0
DA:289,0
DA:291,0
DA:293,0
DA:294,0
DA:295,0
DA:296,0
DA:298,0
DA:301,0
DA:302,0
DA:304,0
DA:306,0
DA:307,0
DA:309,0
DA:311,0
DA:312,0
DA:314,0
DA:316,0
DA:317,0
DA:321,0
DA:330,0
DA:331,0
DA:333,0
DA:334,0
DA:343,0
DA:344,0
DA:346,0
DA:347,0
DA:348,0
DA:349,0
DA:351,0
DA:363,0
DA:374,0
DA:385,0
DA:395,0
DA:407,0
DA:408,0
DA:409,0
DA:411,0
DA:414,0
DA:415,0
DA:419,0
DA:420,0
DA:424,0
DA:425,0
DA:427,0
DA:431,0
DA:438,0
DA:442,0
DA:444,0
DA:445,0
DA:446,0
DA:449,0
DA:453,0
DA:455,0
DA:456,0
DA:457,0
DA:460,0
DA:464,0
DA:468,0
DA:469,0
DA:471,0
DA:472,0
DA:477,0
DA:481,0
DA:485,0
DA:489,0
DA:493,0
DA:499,0
DA:503,0
DA:507,0
DA:511,0
DA:515,0
DA:519,0
DA:523,0
DA:524,0
DA:528,0
DA:529,0
DA:535,0
DA:539,0
DA:543,0
DA:547,0
DA:551,0
DA:555,0
DA:556,0
DA:560,0
DA:561,0
DA:565,0
DA:566,0
DA:570,0
DA:571,0
DA:575,0
DA:576,0
DA:580,0
DA:581,0
DA:585,0
DA:586,0
DA:590,0
DA:591,0
DA:595,0
DA:596,0
DA:600,0
DA:601,0
DA:607,0
DA:611,0
DA:615,0
DA:616,0
DA:621,0
DA:622,0
DA:623,0
DA:624,0
DA:625,0
DA:628,0
DA:631,0
DA:632,0
DA:633,0
DA:634,0
DA:635,0
DA:636,0
DA:637,0
DA:638,0
DA:639,0
DA:644,0
DA:645,0
DA:646,0
DA:647,0
DA:648,0
DA:649,0
DA:650,0
DA:655,0
DA:656,0
DA:657,0
DA:658,0
DA:659,0
DA:660,0
DA:661,0
DA:662,0
DA:663,0
DA:664,0
DA:665,0
DA:666,0
DA:667,0
DA:668,0
DA:673,0
DA:674,0
DA:679,0
DA:680,0
DA:683,0
DA:685,0
DA:688,0
DA:689,0
DA:690,0
DA:691,0
DA:693,0
DA:700,0
LF:267
LH:0
BRDA:12,0,0,0
BRDA:12,0,1,0
BRDA:12,1,0,0
BRDA:12,1,1,0
BRDA:12,1,2,0
BRDA:12,1,3,0
BRDA:19,2,0,0
BRDA:19,2,1,0
BRDA:19,3,0,0
BRDA:19,3,1,0
BRDA:60,4,0,0
BRDA:60,4,1,0
BRDA:67,5,0,0
BRDA:67,5,1,0
BRDA:117,6,0,0
BRDA:117,6,1,0
BRDA:121,7,0,0
BRDA:121,7,1,0
BRDA:121,8,0,0
BRDA:121,8,1,0
BRDA:127,9,0,0
BRDA:127,9,1,0
BRDA:133,10,0,0
BRDA:133,10,1,0
BRDA:133,11,0,0
BRDA:133,11,1,0
BRDA:134,12,0,0
BRDA:134,12,1,0
BRDA:146,13,0,0
BRDA:146,13,1,0
BRDA:150,14,0,0
BRDA:150,14,1,0
BRDA:150,15,0,0
BRDA:150,15,1,0
BRDA:163,16,0,0
BRDA:163,16,1,0
BRDA:163,17,0,0
BRDA:163,17,1,0
BRDA:164,18,0,0
BRDA:164,18,1,0
BRDA:165,19,0,0
BRDA:165,19,1,0
BRDA:165,20,0,0
BRDA:165,20,1,0
BRDA:189,21,0,0
BRDA:189,21,1,0
BRDA:201,22,0,0
BRDA:201,22,1,0
BRDA:201,23,0,0
BRDA:201,23,1,0
BRDA:202,24,0,0
BRDA:202,24,1,0
BRDA:202,25,0,0
BRDA:202,25,1,0
BRDA:207,26,0,0
BRDA:207,26,1,0
BRDA:207,27,0,0
BRDA:207,27,1,0
BRDA:214,28,0,0
BRDA:214,28,1,0
BRDA:214,29,0,0
BRDA:214,29,1,0
BRDA:219,30,0,0
BRDA:219,30,1,0
BRDA:226,31,0,0
BRDA:226,31,1,0
BRDA:226,32,0,0
BRDA:226,32,1,0
BRDA:232,33,0,0
BRDA:232,33,1,0
BRDA:244,34,0,0
BRDA:244,34,1,0
BRDA:260,35,0,0
BRDA:260,35,1,0
BRDA:262,36,0,0
BRDA:262,36,1,0
BRDA:264,37,0,0
BRDA:264,37,1,0
BRDA:277,38,0,0
BRDA:277,38,1,0
BRDA:283,39,0,0
BRDA:283,39,1,0
BRDA:288,40,0,0
BRDA:288,40,1,0
BRDA:291,41,0,0
BRDA:291,41,1,0
BRDA:294,42,0,0
BRDA:294,42,1,0
BRDA:294,43,0,0
BRDA:294,43,1,0
BRDA:295,44,0,0
BRDA:295,44,1,0
BRDA:296,45,0,0
BRDA:296,45,1,0
BRDA:296,45,2,0
BRDA:301,46,0,0
BRDA:301,46,1,0
BRDA:304,47,0,0
BRDA:304,47,1,0
BRDA:306,48,0,0
BRDA:306,48,1,0
BRDA:309,49,0,0
BRDA:309,49,1,0
BRDA:311,50,0,0
BRDA:311,50,1,0
BRDA:314,51,0,0
BRDA:314,51,1,0
BRDA:316,52,0,0
BRDA:316,52,1,0
BRDA:333,53,0,0
BRDA:333,53,1,0
BRDA:362,54,0,0
BRDA:373,55,0,0
BRDA:384,56,0,0
BRDA:394,57,0,0
BRDA:404,58,0,0
BRDA:414,59,0,0
BRDA:414,59,1,0
BRDA:414,60,0,0
BRDA:414,60,1,0
BRDA:419,61,0,0
BRDA:419,61,1,0
BRDA:444,62,0,0
BRDA:444,62,1,0
BRDA:455,63,0,0
BRDA:455,63,1,0
BRDA:502,64,0,0
BRDA:554,65,0,0
BRDA:564,66,0,0
BRDA:683,67,0,0
BRDA:683,67,1,0
BRDA:689,68,0,0
BRDA:689,68,1,0
BRF:133
BRH:0
end_of_record
TN:
SF:js\app.js
FN:10,(anonymous_0)
FN:21,(anonymous_1)
FN:50,(anonymous_2)
FN:60,(anonymous_3)
FN:91,(anonymous_4)
FN:104,(anonymous_5)
FN:129,(anonymous_6)
FN:131,(anonymous_7)
FN:136,(anonymous_8)
FN:141,(anonymous_9)
FN:146,(anonymous_10)
FN:160,(anonymous_11)
FN:166,(anonymous_12)
FN:172,(anonymous_13)
FN:178,(anonymous_14)
FN:182,(anonymous_15)
FN:186,(anonymous_16)
FN:195,(anonymous_17)
FN:202,(anonymous_18)
FN:212,(anonymous_19)
FN:214,(anonymous_20)
FN:231,(anonymous_21)
FNF:22
FNH:0
FNDA:0,(anonymous_0)
FNDA:0,(anonymous_1)
FNDA:0,(anonymous_2)
FNDA:0,(anonymous_3)
FNDA:0,(anonymous_4)
FNDA:0,(anonymous_5)
FNDA:0,(anonymous_6)
FNDA:0,(anonymous_7)
FNDA:0,(anonymous_8)
FNDA:0,(anonymous_9)
FNDA:0,(anonymous_10)
FNDA:0,(anonymous_11)
FNDA:0,(anonymous_12)
FNDA:0,(anonymous_13)
FNDA:0,(anonymous_14)
FNDA:0,(anonymous_15)
FNDA:0,(anonymous_16)
FNDA:0,(anonymous_17)
FNDA:0,(anonymous_18)
FNDA:0,(anonymous_19)
FNDA:0,(anonymous_20)
FNDA:0,(anonymous_21)
DA:11,0
DA:12,0
DA:18,0
DA:22,0
DA:23,0
DA:26,0
DA:29,0
DA:32,0
DA:34,0
DA:35,0
DA:38,0
DA:41,0
DA:44,0
DA:46,0
DA:52,0
DA:53,0
DA:54,0
DA:57,0
DA:61,0
DA:64,0
DA:65,0
DA:67,0
DA:69,0
DA:70,0
DA:71,0
DA:74,0
DA:75,0
DA:76,0
DA:80,0
DA:83,0
DA:85,0
DA:92,0
DA:93,0
DA:94,0
DA:95,0
DA:97,0
DA:105,0
DA:106,0
DA:119,0
DA:126,0
DA:131,0
DA:132,0
DA:136,0
DA:137,0
DA:141,0
DA:142,0
DA:147,0
DA:149,0
DA:150,0
DA:151,0
DA:154,0
DA:155,0
DA:156,0
DA:162,0
DA:167,0
DA:168,0
DA:173,0
DA:174,0
DA:179,0
DA:183,0
DA:187,0
DA:190,0
DA:192,0
DA:196,0
DA:197,0
DA:199,0
DA:203,0
DA:206,0
DA:208,0
DA:214,0
DA:215,0
DA:216,0
DA:221,0
DA:222,0
DA:223,0
DA:225,0
DA:226,0
DA:231,0
DA:232,0
LF:79
LH:0
BRDA:67,0,0,0
BRDA:67,0,1,0
BRDA:67,1,0,0
BRDA:67,1,1,0
BRDA:93,2,0,0
BRDA:93,2,1,0
BRDA:147,3,0,0
BRDA:147,3,1,0
BRDA:167,4,0,0
BRDA:167,4,1,0
BRDA:173,5,0,0
BRDA:173,5,1,0
BRDA:183,6,0,0
BRDA:183,6,1,0
BRDA:187,7,0,0
BRDA:187,7,1,0
BRDA:196,8,0,0
BRDA:196,8,1,0
BRDA:203,9,0,0
BRDA:203,9,1,0
BRDA:215,10,0,0
BRDA:215,10,1,0
BRDA:215,11,0,0
BRDA:215,11,1,0
BRF:24
BRH:0
end_of_record
TN:
SF:js\canvas-viewer.js
FN:7,(anonymous_0)
FN:89,(anonymous_1)
FN:103,(anonymous_2)
FN:116,(anonymous_3)
FN:141,(anonymous_4)
FN:202,(anonymous_5)
FN:244,(anonymous_6)
FN:283,(anonymous_7)
FN:301,(anonymous_8)
FN:306,(anonymous_9)
FN:314,(anonymous_10)
FN:335,(anonymous_11)
FN:408,(anonymous_12)
FN:425,(anonymous_13)
FN:436,(anonymous_14)
FN:455,(anonymous_15)
FN:483,(anonymous_16)
FN:498,(anonymous_17)
FN:509,(anonymous_18)
FN:548,(anonymous_19)
FN:558,(anonymous_20)
FN:615,(anonymous_21)
FN:678,(anonymous_22)
FN:766,(anonymous_23)
FN:814,(anonymous_24)
FN:825,(anonymous_25)
FN:850,(anonymous_26)
FN:875,(anonymous_27)
FN:884,(anonymous_28)
FN:892,(anonymous_29)
FN:902,(anonymous_30)
FN:973,(anonymous_31)
FN:978,(anonymous_32)
FN:1000,(anonymous_33)
FN:1009,(anonymous_34)
FN:1019,(anonymous_35)
FN:1036,(anonymous_36)
FN:1047,(anonymous_37)
FN:1121,(anonymous_38)
FN:1165,(anonymous_39)
FN:1174,(anonymous_40)
FN:1195,(anonymous_41)
FN:1216,(anonymous_42)
FN:1236,(anonymous_43)
FN:1279,(anonymous_44)
FN:1314,(anonymous_45)
FN:1326,(anonymous_46)
FN:1335,(anonymous_47)
FN:1381,(anonymous_48)
FN:1388,(anonymous_49)
FN:1403,(anonymous_50)
FN:1406,(anonymous_51)
FN:1426,(anonymous_52)
FN:1478,(anonymous_53)
FN:1487,(anonymous_54)
FN:1496,(anonymous_55)
FN:1506,(anonymous_56)
FN:1518,(anonymous_57)
FN:1527,(anonymous_58)
FN:1536,(anonymous_59)
FN:1545,(anonymous_60)
FN:1557,(anonymous_61)
FN:1572,(anonymous_62)
FN:1587,(anonymous_63)
FN:1601,(anonymous_64)
FN:1612,(anonymous_65)
FN:1631,(anonymous_66)
FN:1656,(anonymous_67)
FN:1669,(anonymous_68)
FN:1680,(anonymous_69)
FN:1692,(anonymous_70)
FN:1700,(anonymous_71)
FN:1732,(anonymous_72)
FN:1776,(anonymous_73)
FN:1782,(anonymous_74)
FN:1802,(anonymous_75)
FN:1829,(anonymous_76)
FN:1869,(anonymous_77)
FN:1878,(anonymous_78)
FN:1897,(anonymous_79)
FN:1920,(anonymous_80)
FN:1931,(anonymous_81)
FN:1970,(anonymous_82)
FN:2014,(anonymous_83)
FN:2048,(anonymous_84)
FN:2053,(anonymous_85)
FN:2074,(anonymous_86)
FN:2085,(anonymous_87)
FN:2102,(anonymous_88)
FN:2116,(anonymous_89)
FNF:90
FNH:0
FNDA:0,(anonymous_0)
FNDA:0,(anonymous_1)
FNDA:0,(anonymous_2)
FNDA:0,(anonymous_3)
FNDA:0,(anonymous_4)
FNDA:0,(anonymous_5)
FNDA:0,(anonymous_6)
FNDA:0,(anonymous_7)
FNDA:0,(anonymous_8)
FNDA:0,(anonymous_9)
FNDA:0,(anonymous_10)
FNDA:0,(anonymous_11)
FNDA:0,(anonymous_12)
FNDA:0,(anonymous_13)
FNDA:0,(anonymous_14)
FNDA:0,(anonymous_15)
FNDA:0,(anonymous_16)
FNDA:0,(anonymous_17)
FNDA:0,(anonymous_18)
FNDA:0,(anonymous_19)
FNDA:0,(anonymous_20)
FNDA:0,(anonymous_21)
FNDA:0,(anonymous_22)
FNDA:0,(anonymous_23)
FNDA:0,(anonymous_24)
FNDA:0,(anonymous_25)
FNDA:0,(anonymous_26)
FNDA:0,(anonymous_27)
FNDA:0,(anonymous_28)
FNDA:0,(anonymous_29)
FNDA:0,(anonymous_30)
FNDA:0,(anonymous_31)
FNDA:0,(anonymous_32)
FNDA:0,(anonymous_33)
FNDA:0,(anonymous_34)
FNDA:0,(anonymous_35)
FNDA:0,(anonymous_36)
FNDA:0,(anonymous_37)
FNDA:0,(anonymous_38)
FNDA:0,(anonymous_39)
FNDA:0,(anonymous_40)
FNDA:0,(anonymous_41)
FNDA:0,(anonymous_42)
FNDA:0,(anonymous_43)
FNDA:0,(anonymous_44)
FNDA:0,(anonymous_45)
FNDA:0,(anonymous_46)
FNDA:0,(anonymous_47)
FNDA:0,(anonymous_48)
FNDA:0,(anonymous_49)
FNDA:0,(anonymous_50)
FNDA:0,(anonymous_51)
FNDA:0,(anonymous_52)
FNDA:0,(anonymous_53)
FNDA:0,(anonymous_54)
FNDA:0,(anonymous_55)
FNDA:0,(anonymous_56)
FNDA:0,(anonymous_57)
FNDA:0,(anonymous_58)
FNDA:0,(anonymous_59)
FNDA:0,(anonymous_60)
FNDA:0,(anonymous_61)
FNDA:0,(anonymous_62)
FNDA:0,(anonymous_63)
FNDA:0,(anonymous_64)
FNDA:0,(anonymous_65)
FNDA:0,(anonymous_66)
FNDA:0,(anonymous_67)
FNDA:0,(anonymous_68)
FNDA:0,(anonymous_69)
FNDA:0,(anonymous_70)
FNDA:0,(anonymous_71)
FNDA:0,(anonymous_72)
FNDA:0,(anonymous_73)
FNDA:0,(anonymous_74)
FNDA:0,(anonymous_75)
FNDA:0,(anonymous_76)
FNDA:0,(anonymous_77)
FNDA:0,(anonymous_78)
FNDA:0,(anonymous_79)
FNDA:0,(anonymous_80)
FNDA:0,(anonymous_81)
FNDA:0,(anonymous_82)
FNDA:0,(anonymous_83)
FNDA:0,(anonymous_84)
FNDA:0,(anonymous_85)
FNDA:0,(anonymous_86)
FNDA:0,(anonymous_87)
FNDA:0,(anonymous_88)
FNDA:0,(anonymous_89)
DA:9,0
DA:10,0
DA:13,0
DA:14,0
DA:15,0
DA:18,0
DA:19,0
DA:20,0
DA:21,0
DA:22,0
DA:25,0
DA:26,0
DA:29,0
DA:32,0
DA:45,0
DA:46,0
DA:47,0
DA:48,0
DA:51,0
DA:52,0
DA:53,0
DA:54,0
DA:55,0
DA:58,0
DA:61,0
DA:62,0
DA:63,0
DA:66,0
DA:67,0
DA:70,0
DA:71,0
DA:74,0
DA:89,0
DA:91,0
DA:94,0
DA:95,0
DA:96,0
DA:97,0
DA:100,0
DA:103,0
DA:104,0
DA:107,0
DA:108,0
DA:117,0
DA:118,0
DA:119,0
DA:122,0
DA:123,0
DA:126,0
DA:127,0
DA:130,0
DA:133,0
DA:135,0
DA:143,0
DA:146,0
DA:147,0
DA:148,0
DA:149,0
DA:150,0
DA:153,0
DA:156,0
DA:157,0
DA:160,0
DA:161,0
DA:162,0
DA:165,0
DA:191,0
DA:194,0
DA:195,0
DA:203,0
DA:206,0
DA:207,0
DA:208,0
DA:211,0
DA:212,0
DA:215,0
DA:216,0
DA:220,0
DA:223,0
DA:224,0
DA:225,0
DA:226,0
DA:227,0
DA:230,0
DA:231,0
DA:232,0
DA:234,0
DA:235,0
DA:246,0
DA:247,0
DA:251,0
DA:252,0
DA:253,0
DA:256,0
DA:257,0
DA:260,0
DA:262,0
DA:263,0
DA:265,0
DA:267,0
DA:268,0
DA:270,0
DA:272,0
DA:275,0
DA:284,0
DA:286,0
DA:289,0
DA:290,0
DA:291,0
DA:293,0
DA:301,0
DA:302,0
DA:303,0
DA:304,0
DA:306,0
DA:307,0
DA:308,0
DA:310,0
DA:311,0
DA:314,0
DA:315,0
DA:316,0
DA:319,0
DA:320,0
DA:323,0
DA:325,0
DA:326,0
DA:336,0
DA:337,0
DA:340,0
DA:341,0
DA:344,0
DA:346,0
DA:347,0
DA:348,0
DA:349,0
DA:351,0
DA:352,0
DA:355,0
DA:356,0
DA:368,0
DA:369,0
DA:370,0
DA:371,0
DA:373,0
DA:375,0
DA:376,0
DA:379,0
DA:380,0
DA:381,0
DA:384,0
DA:385,0
DA:387,0
DA:388,0
DA:389,0
DA:392,0
DA:393,0
DA:396,0
DA:410,0
DA:412,0
DA:416,0
DA:417,0
DA:418,0
DA:427,0
DA:428,0
DA:438,0
DA:440,0
DA:441,0
DA:442,0
DA:445,0
DA:446,0
DA:457,0
DA:458,0
DA:459,0
DA:462,0
DA:463,0
DA:466,0
DA:468,0
DA:469,0
DA:471,0
DA:473,0
DA:474,0
DA:485,0
DA:486,0
DA:487,0
DA:489,0
DA:490,0
DA:500,0
DA:501,0
DA:510,0
DA:512,0
DA:513,0
DA:514,0
DA:515,0
DA:517,0
DA:518,0
DA:520,0
DA:522,0
DA:523,0
DA:525,0
DA:527,0
DA:528,0
DA:531,0
DA:533,0
DA:534,0
DA:536,0
DA:537,0
DA:541,0
DA:549,0
DA:550,0
DA:551,0
DA:559,0
DA:561,0
DA:562,0
DA:563,0
DA:564,0
DA:566,0
DA:568,0
DA:569,0
DA:570,0
DA:571,0
DA:572,0
DA:575,0
DA:576,0
DA:577,0
DA:578,0
DA:580,0
DA:582,0
DA:583,0
DA:584,0
DA:585,0
DA:586,0
DA:589,0
DA:590,0
DA:591,0
DA:597,0
DA:598,0
DA:601,0
DA:602,0
DA:603,0
DA:606,0
DA:607,0
DA:616,0
DA:618,0
DA:620,0
DA:621,0
DA:622,0
DA:625,0
DA:626,0
DA:630,0
DA:631,0
DA:632,0
DA:634,0
DA:635,0
DA:637,0
DA:639,0
DA:641,0
DA:642,0
DA:645,0
DA:651,0
DA:652,0
DA:655,0
DA:658,0
DA:659,0
DA:660,0
DA:663,0
DA:666,0
DA:667,0
DA:669,0
DA:670,0
DA:679,0
DA:682,0
DA:684,0
DA:686,0
DA:687,0
DA:688,0
DA:689,0
DA:692,0
DA:693,0
DA:695,0
DA:696,0
DA:697,0
DA:704,0
DA:705,0
DA:706,0
DA:712,0
DA:715,0
DA:716,0
DA:717,0
DA:718,0
DA:722,0
DA:723,0
DA:724,0
DA:727,0
DA:728,0
DA:729,0
DA:730,0
DA:731,0
DA:732,0
DA:733,0
DA:737,0
DA:738,0
DA:739,0
DA:743,0
DA:749,0
DA:751,0
DA:752,0
DA:754,0
DA:755,0
DA:756,0
DA:768,0
DA:769,0
DA:770,0
DA:771,0
DA:775,0
DA:777,0
DA:780,0
DA:781,0
DA:782,0
DA:784,0
DA:785,0
DA:786,0
DA:788,0
DA:789,0
DA:790,0
DA:792,0
DA:793,0
DA:794,0
DA:796,0
DA:797,0
DA:798,0
DA:800,0
DA:801,0
DA:802,0
DA:804,0
DA:805,0
DA:806,0
DA:815,0
DA:816,0
DA:817,0
DA:826,0
DA:827,0
DA:828,0
DA:831,0
DA:832,0
DA:834,0
DA:835,0
DA:837,0
DA:840,0
DA:841,0
DA:851,0
DA:852,0
DA:853,0
DA:854,0
DA:857,0
DA:859,0
DA:860,0
DA:862,0
DA:863,0
DA:866,0
DA:867,0
DA:876,0
DA:877,0
DA:878,0
DA:881,0
DA:882,0
DA:884,0
DA:885,0
DA:888,0
DA:889,0
DA:891,0
DA:892,0
DA:903,0
DA:905,0
DA:906,0
DA:907,0
DA:908,0
DA:911,0
DA:912,0
DA:915,0
DA:916,0
DA:919,0
DA:921,0
DA:922,0
DA:924,0
DA:928,0
DA:929,0
DA:941,0
DA:942,0
DA:943,0
DA:944,0
DA:946,0
DA:951,0
DA:958,0
DA:959,0
DA:962,0
DA:965,0
DA:966,0
DA:974,0
DA:975,0
DA:978,0
DA:979,0
DA:980,0
DA:982,0
DA:984,0
DA:985,0
DA:987,0
DA:990,0
DA:994,0
DA:995,0
DA:999,0
DA:1000,0
DA:1002,0
DA:1010,0
DA:1011,0
DA:1012,0
DA:1020,0
DA:1021,0
DA:1022,0
DA:1023,0
DA:1024,0
DA:1027,0
DA:1029,0
DA:1037,0
DA:1038,0
DA:1040,0
DA:1048,0
DA:1050,0
DA:1052,0
DA:1055,0
DA:1056,0
DA:1059,0
DA:1061,0
DA:1062,0
DA:1063,0
DA:1064,0
DA:1065,0
DA:1069,0
DA:1070,0
DA:1071,0
DA:1074,0
DA:1077,0
DA:1080,0
DA:1081,0
DA:1085,0
DA:1088,0
DA:1091,0
DA:1092,0
DA:1096,0
DA:1097,0
DA:1101,0
DA:1104,0
DA:1107,0
DA:1109,0
DA:1110,0
DA:1111,0
DA:1112,0
DA:1113,0
DA:1123,0
DA:1126,0
DA:1127,0
DA:1130,0
DA:1131,0
DA:1133,0
DA:1134,0
DA:1135,0
DA:1136,0
DA:1139,0
DA:1140,0
DA:1141,0
DA:1144,0
DA:1145,0
DA:1146,0
DA:1148,0
DA:1150,0
DA:1151,0
DA:1156,0
DA:1157,0
DA:1159,0
DA:1166,0
DA:1167,0
DA:1168,0
DA:1175,0
DA:1178,0
DA:1179,0
DA:1182,0
DA:1183,0
DA:1184,0
DA:1185,0
DA:1186,0
DA:1187,0
DA:1196,0
DA:1199,0
DA:1200,0
DA:1201,0
DA:1202,0
DA:1203,0
DA:1206,0
DA:1207,0
DA:1208,0
DA:1209,0
DA:1210,0
DA:1217,0
DA:1219,0
DA:1220,0
DA:1223,0
DA:1224,0
DA:1225,0
DA:1226,0
DA:1229,0
DA:1230,0
DA:1231,0
DA:1233,0
DA:1234,0
DA:1236,0
DA:1237,0
DA:1240,0
DA:1241,0
DA:1242,0
DA:1245,0
DA:1246,0
DA:1247,0
DA:1248,0
DA:1251,0
DA:1252,0
DA:1253,0
DA:1254,0
DA:1255,0
DA:1257,0
DA:1258,0
DA:1259,0
DA:1261,0
DA:1262,0
DA:1263,0
DA:1264,0
DA:1265,0
DA:1266,0
DA:1272,0
DA:1273,0
DA:1280,0
DA:1283,0
DA:1284,0
DA:1286,0
DA:1287,0
DA:1288,0
DA:1291,0
DA:1292,0
DA:1293,0
DA:1294,0
DA:1295,0
DA:1296,0
DA:1300,0
DA:1301,0
DA:1302,0
DA:1303,0
DA:1304,0
DA:1305,0
DA:1308,0
DA:1316,0
DA:1319,0
DA:1320,0
DA:1322,0
DA:1323,0
DA:1326,0
DA:1327,0
DA:1336,0
DA:1338,0
DA:1339,0
DA:1341,0
DA:1343,0
DA:1348,0
DA:1350,0
DA:1351,0
DA:1352,0
DA:1353,0
DA:1354,0
DA:1355,0
DA:1365,0
DA:1368,0
DA:1369,0
DA:1371,0
DA:1372,0
DA:1373,0
DA:1374,0
DA:1382,0
DA:1384,0
DA:1385,0
DA:1386,0
DA:1388,0
DA:1389,0
DA:1390,0
DA:1392,0
DA:1393,0
DA:1394,0
DA:1397,0
DA:1404,0
DA:1406,0
DA:1407,0
DA:1408,0
DA:1409,0
DA:1412,0
DA:1413,0
DA:1415,0
DA:1416,0
DA:1417,0
DA:1418,0
DA:1427,0
DA:1428,0
DA:1431,0
DA:1432,0
DA:1435,0
DA:1436,0
DA:1437,0
DA:1439,0
DA:1440,0
DA:1441,0
DA:1443,0
DA:1446,0
DA:1447,0
DA:1450,0
DA:1451,0
DA:1453,0
DA:1455,0
DA:1456,0
DA:1459,0
DA:1460,0
DA:1461,0
DA:1462,0
DA:1465,0
DA:1466,0
DA:1469,0
DA:1479,0
DA:1480,0
DA:1481,0
DA:1488,0
DA:1489,0
DA:1490,0
DA:1497,0
DA:1498,0
DA:1499,0
DA:1500,0
DA:1507,0
DA:1509,0
DA:1510,0
DA:1512,0
DA:1519,0
DA:1520,0
DA:1521,0
DA:1528,0
DA:1529,0
DA:1530,0
DA:1537,0
DA:1538,0
DA:1539,0
DA:1546,0
DA:1547,0
DA:1548,0
DA:1558,0
DA:1565,0
DA:1573,0
DA:1580,0
DA:1588,0
DA:1595,0
DA:1602,0
DA:1604,0
DA:1605,0
DA:1613,0
DA:1632,0
DA:1634,0
DA:1635,0
DA:1636,0
DA:1639,0
DA:1640,0
DA:1643,0
DA:1644,0
DA:1645,0
DA:1646,0
DA:1647,0
DA:1650,0
DA:1657,0
DA:1658,0
DA:1659,0
DA:1661,0
DA:1670,0
DA:1672,0
DA:1673,0
DA:1681,0
DA:1682,0
DA:1683,0
DA:1693,0
DA:1694,0
DA:1701,0
DA:1703,0
DA:1704,0
DA:1707,0
DA:1710,0
DA:1711,0
DA:1715,0
DA:1716,0
DA:1720,0
DA:1721,0
DA:1725,0
DA:1733,0
DA:1734,0
DA:1735,0
DA:1736,0
DA:1739,0
DA:1740,0
DA:1741,0
DA:1742,0
DA:1743,0
DA:1746,0
DA:1747,0
DA:1748,0
DA:1749,0
DA:1750,0
DA:1751,0
DA:1754,0
DA:1755,0
DA:1759,0
DA:1760,0
DA:1761,0
DA:1762,0
DA:1763,0
DA:1764,0
DA:1767,0
DA:1768,0
DA:1777,0
DA:1778,0
DA:1781,0
DA:1782,0
DA:1783,0
DA:1784,0
DA:1785,0
DA:1787,0
DA:1788,0
DA:1789,0
DA:1792,0
DA:1793,0
DA:1794,0
DA:1803,0
DA:1805,0
DA:1806,0
DA:1807,0
DA:1808,0
DA:1811,0
DA:1812,0
DA:1815,0
DA:1816,0
DA:1817,0
DA:1818,0
DA:1819,0
DA:1820,0
DA:1821,0
DA:1822,0
DA:1830,0
DA:1831,0
DA:1832,0
DA:1835,0
DA:1836,0
DA:1839,0
DA:1840,0
DA:1841,0
DA:1844,0
DA:1845,0
DA:1847,0
DA:1848,0
DA:1849,0
DA:1852,0
DA:1869,0
DA:1870,0
DA:1879,0
DA:1885,0
DA:1886,0
DA:1889,0
DA:1890,0
DA:1899,0
DA:1900,0
DA:1901,0
DA:1902,0
DA:1905,0
DA:1908,0
DA:1909,0
DA:1912,0
DA:1913,0
DA:1921,0
DA:1922,0
DA:1923,0
DA:1924,0
DA:1925,0
DA:1932,0
DA:1933,0
DA:1934,0
DA:1935,0
DA:1936,0
DA:1937,0
DA:1938,0
DA:1941,0
DA:1963,0
DA:1964,0
DA:1971,0
DA:1973,0
DA:1974,0
DA:1977,0
DA:1980,0
DA:1981,0
DA:1982,0
DA:1983,0
DA:1984,0
DA:1987,0
DA:1988,0
DA:1989,0
DA:1990,0
DA:1993,0
DA:1994,0
DA:1995,0
DA:1998,0
DA:1999,0
DA:2000,0
DA:2003,0
DA:2004,0
DA:2005,0
DA:2006,0
DA:2008,0
DA:2015,0
DA:2018,0
DA:2019,0
DA:2020,0
DA:2021,0
DA:2022,0
DA:2023,0
DA:2024,0
DA:2025,0
DA:2026,0
DA:2027,0
DA:2030,0
DA:2031,0
DA:2032,0
DA:2035,0
DA:2036,0
DA:2040,0
DA:2041,0
DA:2049,0
DA:2050,0
DA:2053,0
DA:2054,0
DA:2058,0
DA:2059,0
DA:2061,0
DA:2062,0
DA:2068,0
DA:2071,0
DA:2074,0
DA:2075,0
DA:2076,0
DA:2084,0
DA:2085,0
DA:2087,0
DA:2088,0
DA:2092,0
DA:2093,0
DA:2094,0
DA:2096,0
DA:2101,0
DA:2102,0
DA:2104,0
DA:2105,0
DA:2109,0
DA:2110,0
DA:2115,0
DA:2116,0
DA:2118,0
DA:2119,0
DA:2123,0
DA:2124,0
DA:2129,0
LF:876
LH:0
BRDA:107,0,0,0
BRDA:107,0,1,0
BRDA:117,1,0,0
BRDA:117,1,1,0
BRDA:206,2,0,0
BRDA:206,2,1,0
BRDA:208,3,0,0
BRDA:208,3,1,0
BRDA:211,4,0,0
BRDA:211,4,1,0
BRDA:215,5,0,0
BRDA:215,5,1,0
BRDA:232,6,0,0
BRDA:232,6,1,0
BRDA:246,7,0,0
BRDA:246,7,1,0
BRDA:251,8,0,0
BRDA:251,8,1,0
BRDA:251,9,0,0
BRDA:251,9,1,0
BRDA:267,10,0,0
BRDA:267,10,1,0
BRDA:270,11,0,0
BRDA:270,11,1,0
BRDA:284,12,0,0
BRDA:284,12,1,0
BRDA:291,13,0,0
BRDA:291,13,1,0
BRDA:308,14,0,0
BRDA:308,14,1,0
BRDA:310,15,0,0
BRDA:310,15,1,0
BRDA:319,16,0,0
BRDA:319,16,1,0
BRDA:319,17,0,0
BRDA:319,17,1,0
BRDA:340,18,0,0
BRDA:340,18,1,0
BRDA:340,19,0,0
BRDA:340,19,1,0
BRDA:344,20,0,0
BRDA:344,20,1,0
BRDA:344,21,0,0
BRDA:344,21,1,0
BRDA:349,22,0,0
BRDA:349,22,1,0
BRDA:355,23,0,0
BRDA:355,23,1,0
BRDA:355,24,0,0
BRDA:355,24,1,0
BRDA:368,25,0,0
BRDA:368,25,1,0
BRDA:368,26,0,0
BRDA:368,26,1,0
BRDA:373,27,0,0
BRDA:373,27,1,0
BRDA:373,28,0,0
BRDA:373,28,1,0
BRDA:379,29,0,0
BRDA:379,29,1,0
BRDA:388,30,0,0
BRDA:388,30,1,0
BRDA:410,31,0,0
BRDA:410,31,1,0
BRDA:410,32,0,0
BRDA:410,32,1,0
BRDA:427,33,0,0
BRDA:427,33,1,0
BRDA:438,34,0,0
BRDA:438,34,1,0
BRDA:445,35,0,0
BRDA:445,35,1,0
BRDA:457,36,0,0
BRDA:457,36,1,0
BRDA:457,37,0,0
BRDA:457,37,1,0
BRDA:473,38,0,0
BRDA:473,38,1,0
BRDA:489,39,0,0
BRDA:489,39,1,0
BRDA:500,40,0,0
BRDA:500,40,1,0
BRDA:517,41,0,0
BRDA:517,41,1,0
BRDA:520,42,0,0
BRDA:520,42,1,0
BRDA:536,43,0,0
BRDA:536,43,1,0
BRDA:566,44,0,0
BRDA:566,44,1,0
BRDA:580,45,0,0
BRDA:580,45,1,0
BRDA:618,46,0,0
BRDA:618,46,1,0
BRDA:618,47,0,0
BRDA:618,47,1,0
BRDA:625,48,0,0
BRDA:625,48,1,0
BRDA:625,49,0,0
BRDA:625,49,1,0
BRDA:639,50,0,0
BRDA:639,50,1,0
BRDA:639,51,0,0
BRDA:639,51,1,0
BRDA:684,52,0,0
BRDA:684,52,1,0
BRDA:692,53,0,0
BRDA:692,53,1,0
BRDA:693,54,0,0
BRDA:693,54,1,0
BRDA:693,55,0,0
BRDA:693,55,1,0
BRDA:696,56,0,0
BRDA:696,56,1,0
BRDA:712,57,0,0
BRDA:712,57,1,0
BRDA:712,58,0,0
BRDA:712,58,1,0
BRDA:717,59,0,0
BRDA:717,59,1,0
BRDA:717,60,0,0
BRDA:717,60,1,0
BRDA:729,61,0,0
BRDA:729,61,1,0
BRDA:729,62,0,0
BRDA:729,62,1,0
BRDA:732,63,0,0
BRDA:732,63,1,0
BRDA:749,64,0,0
BRDA:749,64,1,0
BRDA:768,65,0,0
BRDA:768,65,1,0
BRDA:775,66,0,0
BRDA:775,66,1,0
BRDA:777,67,0,0
BRDA:777,67,1,0
BRDA:777,67,2,0
BRDA:777,67,3,0
BRDA:777,67,4,0
BRDA:777,67,5,0
BRDA:777,67,6,0
BRDA:777,67,7,0
BRDA:825,68,0,0
BRDA:826,69,0,0
BRDA:826,69,1,0
BRDA:826,70,0,0
BRDA:826,70,1,0
BRDA:834,71,0,0
BRDA:834,71,1,0
BRDA:840,72,0,0
BRDA:840,72,1,0
BRDA:850,73,0,0
BRDA:852,74,0,0
BRDA:852,74,1,0
BRDA:859,75,0,0
BRDA:859,75,1,0
BRDA:866,76,0,0
BRDA:866,76,1,0
BRDA:876,77,0,0
BRDA:876,77,1,0
BRDA:902,78,0,0
BRDA:903,79,0,0
BRDA:903,79,1,0
BRDA:919,80,0,0
BRDA:919,80,1,0
BRDA:919,81,0,0
BRDA:919,81,1,0
BRDA:919,81,2,0
BRDA:919,81,3,0
BRDA:919,81,4,0
BRDA:921,82,0,0
BRDA:921,82,1,0
BRDA:928,83,0,0
BRDA:928,83,1,0
BRDA:928,84,0,0
BRDA:928,84,1,0
BRDA:928,84,2,0
BRDA:942,85,0,0
BRDA:942,85,1,0
BRDA:942,86,0,0
BRDA:942,86,1,0
BRDA:943,87,0,0
BRDA:943,87,1,0
BRDA:958,88,0,0
BRDA:958,88,1,0
BRDA:982,89,0,0
BRDA:982,89,1,0
BRDA:984,90,0,0
BRDA:984,90,1,0
BRDA:994,91,0,0
BRDA:994,91,1,0
BRDA:999,92,0,0
BRDA:999,92,1,0
BRDA:1010,93,0,0
BRDA:1010,93,1,0
BRDA:1022,94,0,0
BRDA:1022,94,1,0
BRDA:1048,95,0,0
BRDA:1048,95,1,0
BRDA:1048,96,0,0
BRDA:1048,96,1,0
BRDA:1059,97,0,0
BRDA:1059,97,1,0
BRDA:1080,98,0,0
BRDA:1080,98,1,0
BRDA:1091,99,0,0
BRDA:1091,99,1,0
BRDA:1096,100,0,0
BRDA:1096,100,1,0
BRDA:1126,101,0,0
BRDA:1126,101,1,0
BRDA:1126,102,0,0
BRDA:1126,102,1,0
BRDA:1140,103,0,0
BRDA:1140,103,1,0
BRDA:1146,104,0,0
BRDA:1146,104,1,0
BRDA:1148,105,0,0
BRDA:1148,105,1,0
BRDA:1148,106,0,0
BRDA:1148,106,1,0
BRDA:1148,106,2,0
BRDA:1148,106,3,0
BRDA:1175,107,0,0
BRDA:1175,107,1,0
BRDA:1196,108,0,0
BRDA:1196,108,1,0
BRDA:1217,109,0,0
BRDA:1217,109,1,0
BRDA:1217,110,0,0
BRDA:1217,110,1,0
BRDA:1237,111,0,0
BRDA:1237,111,1,0
BRDA:1240,112,0,0
BRDA:1240,112,1,0
BRDA:1251,113,0,0
BRDA:1251,113,1,0
BRDA:1280,114,0,0
BRDA:1280,114,1,0
BRDA:1322,115,0,0
BRDA:1322,115,1,0
BRDA:1336,116,0,0
BRDA:1336,116,1,0
BRDA:1343,117,0,0
BRDA:1343,117,1,0
BRDA:1352,118,0,0
BRDA:1352,118,1,0
BRDA:1353,119,0,0
BRDA:1353,119,1,0
BRDA:1353,120,0,0
BRDA:1353,120,1,0
BRDA:1407,121,0,0
BRDA:1407,121,1,0
BRDA:1427,122,0,0
BRDA:1427,122,1,0
BRDA:1453,123,0,0
BRDA:1453,123,1,0
BRDA:1469,124,0,0
BRDA:1469,124,1,0
BRDA:1507,125,0,0
BRDA:1507,125,1,0
BRDA:1521,126,0,0
BRDA:1521,126,1,0
BRDA:1530,127,0,0
BRDA:1530,127,1,0
BRDA:1539,128,0,0
BRDA:1539,128,1,0
BRDA:1547,129,0,0
BRDA:1547,129,1,0
BRDA:1602,130,0,0
BRDA:1602,130,1,0
BRDA:1618,131,0,0
BRDA:1618,131,1,0
BRDA:1623,132,0,0
BRDA:1623,132,1,0
BRDA:1631,133,0,0
BRDA:1634,134,0,0
BRDA:1634,134,1,0
BRDA:1658,135,0,0
BRDA:1658,135,1,0
BRDA:1670,136,0,0
BRDA:1670,136,1,0
BRDA:1670,137,0,0
BRDA:1670,137,1,0
BRDA:1681,138,0,0
BRDA:1681,138,1,0
BRDA:1693,139,0,0
BRDA:1693,139,1,0
BRDA:1701,140,0,0
BRDA:1701,140,1,0
BRDA:1701,141,0,0
BRDA:1701,141,1,0
BRDA:1710,142,0,0
BRDA:1710,142,1,0
BRDA:1715,143,0,0
BRDA:1715,143,1,0
BRDA:1720,144,0,0
BRDA:1720,144,1,0
BRDA:1803,145,0,0
BRDA:1803,145,1,0
BRDA:1858,146,0,0
BRDA:1858,146,1,0
BRDA:1861,147,0,0
BRDA:1861,147,1,0
BRDA:1864,148,0,0
BRDA:1864,148,1,0
BRDA:1885,149,0,0
BRDA:1885,149,1,0
BRDA:1889,150,0,0
BRDA:1889,150,1,0
BRDA:1908,151,0,0
BRDA:1908,151,1,0
BRDA:1912,152,0,0
BRDA:1912,152,1,0
BRDA:2015,153,0,0
BRDA:2015,153,1,0
BRDA:2040,154,0,0
BRDA:2040,154,1,0
BRDA:2061,155,0,0
BRDA:2061,155,1,0
BRDA:2075,156,0,0
BRDA:2075,156,1,0
BRDA:2084,157,0,0
BRDA:2084,157,1,0
BRDA:2087,158,0,0
BRDA:2087,158,1,0
BRDA:2093,159,0,0
BRDA:2093,159,1,0
BRDA:2101,160,0,0
BRDA:2101,160,1,0
BRDA:2104,161,0,0
BRDA:2104,161,1,0
BRDA:2104,162,0,0
BRDA:2104,162,1,0
BRDA:2104,162,2,0
BRDA:2109,163,0,0
BRDA:2109,163,1,0
BRDA:2109,164,0,0
BRDA:2109,164,1,0
BRDA:2115,165,0,0
BRDA:2115,165,1,0
BRDA:2118,166,0,0
BRDA:2118,166,1,0
BRDA:2118,167,0,0
BRDA:2118,167,1,0
BRDA:2118,167,2,0
BRDA:2123,168,0,0
BRDA:2123,168,1,0
BRDA:2123,169,0,0
BRDA:2123,169,1,0
BRF:350
BRH:0
end_of_record
TN:
SF:js\debug-http-requests.js
FN:6,(anonymous_0)
FN:13,(anonymous_1)
FN:37,(anonymous_2)
FN:58,(anonymous_3)
FNF:4
FNH:0
FNDA:0,(anonymous_0)
FNDA:0,(anonymous_1)
FNDA:0,(anonymous_2)
FNDA:0,(anonymous_3)
DA:6,0
DA:9,0
DA:12,0
DA:13,0
DA:14,0
DA:15,0
DA:17,0
DA:24,0
DA:25,0
DA:32,0
DA:36,0
DA:37,0
DA:38,0
DA:45,0
DA:46,0
DA:53,0
DA:57,0
DA:58,0
DA:59,0
DA:60,0
DA:61,0
DA:70,0
DA:71,0
DA:72,0
DA:74,0
DA:78,0
LF:26
LH:0
BRDA:15,0,0,0
BRDA:15,0,1,0
BRDA:19,1,0,0
BRDA:19,1,1,0
BRDA:24,2,0,0
BRDA:24,2,1,0
BRDA:24,3,0,0
BRDA:24,3,1,0
BRDA:27,4,0,0
BRDA:27,4,1,0
BRDA:45,5,0,0
BRDA:45,5,1,0
BRDA:45,6,0,0
BRDA:45,6,1,0
BRDA:57,7,0,0
BRDA:57,7,1,0
BRDA:60,8,0,0
BRDA:60,8,1,0
BRDA:60,9,0,0
BRDA:60,9,1,0
BRF:20
BRH:0
end_of_record
TN:
SF:js\form-validation.js
FN:7,(anonymous_0)
FN:23,(anonymous_1)
FN:25,(anonymous_2)
FN:30,(anonymous_3)
FN:35,(anonymous_4)
FN:43,(anonymous_5)
FN:45,(anonymous_6)
FN:50,(anonymous_7)
FN:55,(anonymous_8)
FN:65,(anonymous_9)
FN:72,(anonymous_10)
FN:77,(anonymous_11)
FN:87,(anonymous_12)
FN:101,(anonymous_13)
FN:127,(anonymous_14)
FN:145,(anonymous_15)
FN:163,(anonymous_16)
FN:181,(anonymous_17)
FN:212,(anonymous_18)
FN:224,(anonymous_19)
FN:249,(anonymous_20)
FN:253,(anonymous_21)
FN:257,(anonymous_22)
FN:265,(anonymous_23)
FN:281,(anonymous_24)
FN:308,(anonymous_25)
FN:320,(anonymous_26)
FN:329,(anonymous_27)
FN:336,(anonymous_28)
FN:358,(anonymous_29)
FN:362,(anonymous_30)
FN:371,(anonymous_31)
FN:375,(anonymous_32)
FN:380,(anonymous_33)
FN:384,(anonymous_34)
FN:391,(anonymous_35)
FNF:36
FNH:0
FNDA:0,(anonymous_0)
FNDA:0,(anonymous_1)
FNDA:0,(anonymous_2)
FNDA:0,(anonymous_3)
FNDA:0,(anonymous_4)
FNDA:0,(anonymous_5)
FNDA:0,(anonymous_6)
FNDA:0,(anonymous_7)
FNDA:0,(anonymous_8)
FNDA:0,(anonymous_9)
FNDA:0,(anonymous_10)
FNDA:0,(anonymous_11)
FNDA:0,(anonymous_12)
FNDA:0,(anonymous_13)
FNDA:0,(anonymous_14)
FNDA:0,(anonymous_15)
FNDA:0,(anonymous_16)
FNDA:0,(anonymous_17)
FNDA:0,(anonymous_18)
FNDA:0,(anonymous_19)
FNDA:0,(anonymous_20)
FNDA:0,(anonymous_21)
FNDA:0,(anonymous_22)
FNDA:0,(anonymous_23)
FNDA:0,(anonymous_24)
FNDA:0,(anonymous_25)
FNDA:0,(anonymous_26)
FNDA:0,(anonymous_27)
FNDA:0,(anonymous_28)
FNDA:0,(anonymous_29)
FNDA:0,(anonymous_30)
FNDA:0,(anonymous_31)
FNDA:0,(anonymous_32)
FNDA:0,(anonymous_33)
FNDA:0,(anonymous_34)
FNDA:0,(anonymous_35)
DA:8,0
DA:17,0
DA:18,0
DA:20,0
DA:25,0
DA:26,0
DA:31,0
DA:32,0
DA:35,0
DA:36,0
DA:37,0
DA:38,0
DA:45,0
DA:46,0
DA:50,0
DA:51,0
DA:55,0
DA:56,0
DA:60,0
DA:61,0
DA:67,0
DA:68,0
DA:72,0
DA:73,0
DA:78,0
DA:79,0
DA:81,0
DA:82,0
DA:84,0
DA:88,0
DA:90,0
DA:92,0
DA:93,0
DA:94,0
DA:95,0
DA:96,0
DA:102,0
DA:103,0
DA:106,0
DA:108,0
DA:109,0
DA:112,0
DA:113,0
DA:116,0
DA:117,0
DA:120,0
DA:121,0
DA:124,0
DA:128,0
DA:129,0
DA:132,0
DA:134,0
DA:135,0
DA:138,0
DA:139,0
DA:142,0
DA:146,0
DA:147,0
DA:150,0
DA:152,0
DA:153,0
DA:156,0
DA:157,0
DA:160,0
DA:164,0
DA:165,0
DA:168,0
DA:170,0
DA:171,0
DA:174,0
DA:175,0
DA:178,0
DA:182,0
DA:184,0
DA:185,0
DA:188,0
DA:189,0
DA:192,0
DA:193,0
DA:196,0
DA:197,0
DA:200,0
DA:201,0
DA:204,0
DA:205,0
DA:206,0
DA:209,0
DA:213,0
DA:214,0
DA:217,0
DA:218,0
DA:221,0
DA:226,0
DA:227,0
DA:228,0
DA:231,0
DA:232,0
DA:233,0
DA:242,0
DA:245,0
DA:246,0
DA:249,0
DA:250,0
DA:253,0
DA:254,0
DA:257,0
DA:258,0
DA:259,0
DA:260,0
DA:266,0
DA:267,0
DA:268,0
DA:271,0
DA:273,0
DA:281,0
DA:282,0
DA:283,0
DA:284,0
DA:289,0
DA:292,0
DA:293,0
DA:294,0
DA:295,0
DA:296,0
DA:297,0
DA:299,0
DA:300,0
DA:303,0
DA:304,0
DA:309,0
DA:311,0
DA:313,0
DA:314,0
DA:315,0
DA:317,0
DA:321,0
DA:322,0
DA:323,0
DA:324,0
DA:330,0
DA:331,0
DA:333,0
DA:334,0
DA:336,0
DA:337,0
DA:338,0
DA:339,0
DA:340,0
DA:341,0
DA:342,0
DA:347,0
DA:352,0
DA:355,0
DA:358,0
DA:359,0
DA:362,0
DA:363,0
DA:364,0
DA:365,0
DA:366,0
DA:370,0
DA:371,0
DA:374,0
DA:375,0
DA:376,0
DA:380,0
DA:381,0
DA:384,0
DA:385,0
DA:386,0
DA:387,0
DA:391,0
DA:392,0
DA:393,0
DA:394,0
LF:175
LH:0
BRDA:32,0,0,0
BRDA:32,0,1,0
BRDA:37,1,0,0
BRDA:37,1,1,0
BRDA:60,2,0,0
BRDA:60,2,1,0
BRDA:67,3,0,0
BRDA:67,3,1,0
BRDA:79,4,0,0
BRDA:79,4,1,0
BRDA:92,5,0,0
BRDA:92,5,1,0
BRDA:94,6,0,0
BRDA:94,6,1,0
BRDA:102,7,0,0
BRDA:102,7,1,0
BRDA:102,8,0,0
BRDA:102,8,1,0
BRDA:108,9,0,0
BRDA:108,9,1,0
BRDA:112,10,0,0
BRDA:112,10,1,0
BRDA:116,11,0,0
BRDA:116,11,1,0
BRDA:120,12,0,0
BRDA:120,12,1,0
BRDA:120,13,0,0
BRDA:120,13,1,0
BRDA:128,14,0,0
BRDA:128,14,1,0
BRDA:128,15,0,0
BRDA:128,15,1,0
BRDA:134,16,0,0
BRDA:134,16,1,0
BRDA:138,17,0,0
BRDA:138,17,1,0
BRDA:146,18,0,0
BRDA:146,18,1,0
BRDA:146,19,0,0
BRDA:146,19,1,0
BRDA:152,20,0,0
BRDA:152,20,1,0
BRDA:156,21,0,0
BRDA:156,21,1,0
BRDA:164,22,0,0
BRDA:164,22,1,0
BRDA:164,23,0,0
BRDA:164,23,1,0
BRDA:170,24,0,0
BRDA:170,24,1,0
BRDA:174,25,0,0
BRDA:174,25,1,0
BRDA:184,26,0,0
BRDA:184,26,1,0
BRDA:188,27,0,0
BRDA:188,27,1,0
BRDA:192,28,0,0
BRDA:192,28,1,0
BRDA:196,29,0,0
BRDA:196,29,1,0
BRDA:200,30,0,0
BRDA:200,30,1,0
BRDA:205,31,0,0
BRDA:205,31,1,0
BRDA:213,32,0,0
BRDA:213,32,1,0
BRDA:217,33,0,0
BRDA:217,33,1,0
BRDA:258,34,0,0
BRDA:258,34,1,0
BRDA:266,35,0,0
BRDA:266,35,1,0
BRDA:283,36,0,0
BRDA:283,36,1,0
BRDA:292,37,0,0
BRDA:292,37,1,0
BRDA:295,38,0,0
BRDA:295,38,1,0
BRDA:323,39,0,0
BRDA:323,39,1,0
BRDA:331,40,0,0
BRDA:331,40,1,0
BRDA:338,41,0,0
BRDA:338,41,1,0
BRDA:340,42,0,0
BRDA:340,42,1,0
BRDA:364,43,0,0
BRDA:364,43,1,0
BRDA:386,44,0,0
BRDA:386,44,1,0
BRDA:393,45,0,0
BRDA:393,45,1,0
BRF:92
BRH:0
end_of_record
TN:
SF:js\https-enforcer.js
FN:6,(anonymous_0)
FN:19,(anonymous_1)
FN:37,(anonymous_2)
FN:51,(anonymous_3)
FNF:4
FNH:0
FNDA:0,(anonymous_0)
FNDA:0,(anonymous_1)
FNDA:0,(anonymous_2)
FNDA:0,(anonymous_3)
DA:6,0
DA:10,0
DA:11,0
DA:14,0
DA:17,0
DA:18,0
DA:19,0
DA:20,0
DA:23,0
DA:24,0
DA:25,0
DA:26,0
DA:29,0
DA:31,0
DA:35,0
DA:36,0
DA:37,0
DA:39,0
DA:40,0
DA:41,0
DA:42,0
DA:45,0
DA:47,0
DA:51,0
DA:52,0
DA:53,0
DA:54,0
DA:59,0
DA:60,0
DA:61,0
DA:63,0
DA:66,0
LF:32
LH:0
BRDA:10,0,0,0
BRDA:10,0,1,0
BRDA:17,1,0,0
BRDA:17,1,1,0
BRDA:23,2,0,0
BRDA:23,2,1,0
BRDA:23,3,0,0
BRDA:23,3,1,0
BRDA:35,4,0,0
BRDA:35,4,1,0
BRDA:39,5,0,0
BRDA:39,5,1,0
BRDA:39,6,0,0
BRDA:39,6,1,0
BRDA:53,7,0,0
BRDA:53,7,1,0
BRDA:53,8,0,0
BRDA:53,8,1,0
BRF:18
BRH:0
end_of_record
TN:
SF:js\neighbor-display.js
FN:6,(anonymous_0)
FN:10,(anonymous_1)
FN:29,(anonymous_2)
FN:53,(anonymous_3)
FN:63,(anonymous_4)
FN:87,(anonymous_5)
FN:148,(anonymous_6)
FN:170,(anonymous_7)
FN:207,(anonymous_8)
FN:284,(anonymous_9)
FN:295,(anonymous_10)
FN:318,(anonymous_11)
FN:319,(anonymous_12)
FN:331,(anonymous_13)
FN:339,(anonymous_14)
FN:359,(anonymous_15)
FN:368,(anonymous_16)
FN:376,(anonymous_17)
FN:383,(anonymous_18)
FN:393,(anonymous_19)
FN:399,(anonymous_20)
FN:405,(anonymous_21)
FNF:22
FNH:0
FNDA:0,(anonymous_0)
FNDA:0,(anonymous_1)
FNDA:0,(anonymous_2)
FNDA:0,(anonymous_3)
FNDA:0,(anonymous_4)
FNDA:0,(anonymous_5)
FNDA:0,(anonymous_6)
FNDA:0,(anonymous_7)
FNDA:0,(anonymous_8)
FNDA:0,(anonymous_9)
FNDA:0,(anonymous_10)
FNDA:0,(anonymous_11)
FNDA:0,(anonymous_12)
FNDA:0,(anonymous_13)
FNDA:0,(anonymous_14)
FNDA:0,(anonymous_15)
FNDA:0,(anonymous_16)
FNDA:0,(anonymous_17)
FNDA:0,(anonymous_18)
FNDA:0,(anonymous_19)
FNDA:0,(anonymous_20)
FNDA:0,(anonymous_21)
DA:6,0
DA:11,0
DA:17,0
DA:18,0
DA:19,0
DA:20,0
DA:21,0
DA:23,0
DA:30,0
DA:31,0
DA:32,0
DA:35,0
DA:36,0
DA:39,0
DA:40,0
DA:41,0
DA:42,0
DA:45,0
DA:53,0
DA:54,0
DA:55,0
DA:56,0
DA:58,0
DA:59,0
DA:63,0
DA:64,0
DA:65,0
DA:66,0
DA:68,0
DA:69,0
DA:70,0
DA:71,0
DA:73,0
DA:78,0
DA:79,0
DA:89,0
DA:90,0
DA:93,0
DA:94,0
DA:95,0
DA:98,0
DA:100,0
DA:101,0
DA:102,0
DA:106,0
DA:107,0
DA:108,0
DA:111,0
DA:112,0
DA:114,0
DA:122,0
DA:126,0
DA:127,0
DA:128,0
DA:129,0
DA:132,0
DA:134,0
DA:136,0
DA:138,0
DA:139,0
DA:149,0
DA:156,0
DA:159,0
DA:160,0
DA:161,0
DA:164,0
DA:170,0
DA:171,0
DA:172,0
DA:173,0
DA:176,0
DA:177,0
DA:179,0
DA:181,0
DA:182,0
DA:183,0
DA:184,0
DA:185,0
DA:186,0
DA:187,0
DA:188,0
DA:189,0
DA:190,0
DA:191,0
DA:192,0
DA:194,0
DA:198,0
DA:199,0
DA:208,0
DA:210,0
DA:211,0
DA:213,0
DA:214,0
DA:215,0
DA:219,0
DA:221,0
DA:222,0
DA:223,0
DA:224,0
DA:227,0
DA:235,0
DA:236,0
DA:239,0
DA:245,0
DA:246,0
DA:247,0
DA:250,0
DA:251,0
DA:252,0
DA:253,0
DA:257,0
DA:258,0
DA:260,0
DA:261,0
DA:262,0
DA:263,0
DA:264,0
DA:265,0
DA:271,0
DA:276,0
DA:285,0
DA:286,0
DA:297,0
DA:298,0
DA:299,0
DA:301,0
DA:302,0
DA:303,0
DA:304,0
DA:305,0
DA:319,0
DA:320,0
DA:321,0
DA:322,0
DA:323,0
DA:332,0
DA:339,0
DA:340,0
DA:341,0
DA:344,0
DA:346,0
DA:347,0
DA:349,0
DA:360,0
DA:369,0
DA:377,0
DA:384,0
DA:385,0
DA:386,0
DA:387,0
DA:394,0
DA:395,0
DA:396,0
DA:399,0
DA:400,0
DA:403,0
DA:404,0
DA:405,0
DA:412,0
DA:413,0
LF:160
LH:0
BRDA:30,0,0,0
BRDA:30,0,1,0
BRDA:54,1,0,0
BRDA:54,1,1,0
BRDA:64,2,0,0
BRDA:64,2,1,0
BRDA:87,3,0,0
BRDA:89,4,0,0
BRDA:89,4,1,0
BRDA:93,5,0,0
BRDA:93,5,1,0
BRDA:100,6,0,0
BRDA:100,6,1,0
BRDA:106,7,0,0
BRDA:106,7,1,0
BRDA:156,8,0,0
BRDA:156,8,1,0
BRDA:159,9,0,0
BRDA:159,9,1,0
BRDA:171,10,0,0
BRDA:171,10,1,0
BRDA:171,11,0,0
BRDA:171,11,1,0
BRDA:171,11,2,0
BRDA:181,12,0,0
BRDA:181,12,1,0
BRDA:181,13,0,0
BRDA:181,13,1,0
BRDA:184,14,0,0
BRDA:184,14,1,0
BRDA:184,15,0,0
BRDA:184,15,1,0
BRDA:187,16,0,0
BRDA:187,16,1,0
BRDA:187,17,0,0
BRDA:187,17,1,0
BRDA:190,18,0,0
BRDA:190,18,1,0
BRDA:190,19,0,0
BRDA:190,19,1,0
BRDA:213,20,0,0
BRDA:213,20,1,0
BRDA:213,21,0,0
BRDA:213,21,1,0
BRDA:221,22,0,0
BRDA:221,22,1,0
BRDA:221,23,0,0
BRDA:221,23,1,0
BRDA:230,24,0,0
BRDA:230,24,1,0
BRDA:236,25,0,0
BRDA:236,25,1,0
BRDA:241,26,0,0
BRDA:241,26,1,0
BRDA:242,27,0,0
BRDA:242,27,1,0
BRDA:242,28,0,0
BRDA:242,28,1,0
BRDA:250,29,0,0
BRDA:250,29,1,0
BRDA:262,30,0,0
BRDA:262,30,1,0
BRDA:263,31,0,0
BRDA:263,31,1,0
BRDA:263,32,0,0
BRDA:263,32,1,0
BRDA:304,33,0,0
BRDA:304,33,1,0
BRDA:322,34,0,0
BRDA:322,34,1,0
BRDA:322,35,0,0
BRDA:322,35,1,0
BRDA:341,36,0,0
BRDA:341,36,1,0
BRDA:346,37,0,0
BRDA:346,37,1,0
BRDA:360,38,0,0
BRDA:360,38,1,0
BRDA:403,39,0,0
BRDA:403,39,1,0
BRDA:403,40,0,0
BRDA:403,40,1,0
BRF:82
BRH:0
end_of_record
TN:
SF:js\pixel-editor.js
FN:7,(anonymous_0)
FN:55,(anonymous_1)
FN:106,(anonymous_2)
FN:122,(anonymous_3)
FN:136,(anonymous_4)
FN:152,(anonymous_5)
FN:162,(anonymous_6)
FN:194,(anonymous_7)
FN:218,(anonymous_8)
FN:246,(anonymous_9)
FN:258,(anonymous_10)
FN:302,(anonymous_11)
FN:344,(anonymous_12)
FN:410,(anonymous_13)
FN:428,(anonymous_14)
FN:452,(anonymous_15)
FN:466,(anonymous_16)
FN:482,(anonymous_17)
FN:534,(anonymous_18)
FN:559,(anonymous_19)
FN:587,(anonymous_20)
FN:602,(anonymous_21)
FN:637,(anonymous_22)
FN:657,(anonymous_23)
FN:671,(anonymous_24)
FN:691,(anonymous_25)
FN:704,(anonymous_26)
FN:727,(anonymous_27)
FN:736,(anonymous_28)
FN:752,(anonymous_29)
FN:779,(anonymous_30)
FN:794,(anonymous_31)
FN:802,(anonymous_32)
FN:811,(anonymous_33)
FN:822,(anonymous_34)
FN:836,(anonymous_35)
FN:856,(anonymous_36)
FN:888,(anonymous_37)
FN:912,(anonymous_38)
FN:940,(anonymous_39)
FN:948,(anonymous_40)
FN:956,(anonymous_41)
FN:968,(anonymous_42)
FN:1020,(anonymous_43)
FN:1045,(anonymous_44)
FN:1069,(anonymous_45)
FN:1087,(anonymous_46)
FN:1101,(anonymous_47)
FN:1112,(anonymous_48)
FN:1142,(anonymous_49)
FN:1151,(anonymous_50)
FN:1162,(anonymous_51)
FN:1177,(anonymous_52)
FN:1211,(anonymous_53)
FN:1215,(anonymous_54)
FN:1219,(anonymous_55)
FNF:56
FNH:0
FNDA:0,(anonymous_0)
FNDA:0,(anonymous_1)
FNDA:0,(anonymous_2)
FNDA:0,(anonymous_3)
FNDA:0,(anonymous_4)
FNDA:0,(anonymous_5)
FNDA:0,(anonymous_6)
FNDA:0,(anonymous_7)
FNDA:0,(anonymous_8)
FNDA:0,(anonymous_9)
FNDA:0,(anonymous_10)
FNDA:0,(anonymous_11)
FNDA:0,(anonymous_12)
FNDA:0,(anonymous_13)
FNDA:0,(anonymous_14)
FNDA:0,(anonymous_15)
FNDA:0,(anonymous_16)
FNDA:0,(anonymous_17)
FNDA:0,(anonymous_18)
FNDA:0,(anonymous_19)
FNDA:0,(anonymous_20)
FNDA:0,(anonymous_21)
FNDA:0,(anonymous_22)
FNDA:0,(anonymous_23)
FNDA:0,(anonymous_24)
FNDA:0,(anonymous_25)
FNDA:0,(anonymous_26)
FNDA:0,(anonymous_27)
FNDA:0,(anonymous_28)
FNDA:0,(anonymous_29)
FNDA:0,(anonymous_30)
FNDA:0,(anonymous_31)
FNDA:0,(anonymous_32)
FNDA:0,(anonymous_33)
FNDA:0,(anonymous_34)
FNDA:0,(anonymous_35)
FNDA:0,(anonymous_36)
FNDA:0,(anonymous_37)
FNDA:0,(anonymous_38)
FNDA:0,(anonymous_39)
FNDA:0,(anonymous_40)
FNDA:0,(anonymous_41)
FNDA:0,(anonymous_42)
FNDA:0,(anonymous_43)
FNDA:0,(anonymous_44)
FNDA:0,(anonymous_45)
FNDA:0,(anonymous_46)
FNDA:0,(anonymous_47)
FNDA:0,(anonymous_48)
FNDA:0,(anonymous_49)
FNDA:0,(anonymous_50)
FNDA:0,(anonymous_51)
FNDA:0,(anonymous_52)
FNDA:0,(anonymous_53)
FNDA:0,(anonymous_54)
FNDA:0,(anonymous_55)
DA:8,0
DA:9,0
DA:10,0
DA:11,0
DA:12,0
DA:13,0
DA:14,0
DA:15,0
DA:16,0
DA:17,0
DA:18,0
DA:19,0
DA:22,0
DA:23,0
DA:24,0
DA:27,0
DA:35,0
DA:56,0
DA:57,0
DA:58,0
DA:62,0
DA:63,0
DA:64,0
DA:72,0
DA:73,0
DA:80,0
DA:81,0
DA:87,0
DA:88,0
DA:89,0
DA:90,0
DA:93,0
DA:96,0
DA:97,0
DA:98,0
DA:107,0
DA:108,0
DA:109,0
DA:123,0
DA:124,0
DA:125,0
DA:126,0
DA:127,0
DA:130,0
DA:138,0
DA:141,0
DA:142,0
DA:143,0
DA:144,0
DA:147,0
DA:148,0
DA:149,0
DA:152,0
DA:155,0
DA:164,0
DA:166,0
DA:167,0
DA:168,0
DA:170,0
DA:172,0
DA:174,0
DA:175,0
DA:176,0
DA:177,0
DA:179,0
DA:180,0
DA:182,0
DA:183,0
DA:196,0
DA:198,0
DA:199,0
DA:200,0
DA:202,0
DA:203,0
DA:206,0
DA:207,0
DA:208,0
DA:209,0
DA:220,0
DA:223,0
DA:225,0
DA:226,0
DA:227,0
DA:230,0
DA:231,0
DA:248,0
DA:250,0
DA:251,0
DA:260,0
DA:262,0
DA:263,0
DA:266,0
DA:267,0
DA:268,0
DA:271,0
DA:272,0
DA:275,0
DA:276,0
DA:277,0
DA:278,0
DA:279,0
DA:280,0
DA:283,0
DA:284,0
DA:285,0
DA:286,0
DA:288,0
DA:289,0
DA:292,0
DA:293,0
DA:304,0
DA:306,0
DA:307,0
DA:310,0
DA:311,0
DA:312,0
DA:315,0
DA:316,0
DA:319,0
DA:320,0
DA:321,0
DA:324,0
DA:325,0
DA:326,0
DA:327,0
DA:330,0
DA:333,0
DA:334,0
DA:335,0
DA:346,0
DA:348,0
DA:350,0
DA:351,0
DA:354,0
DA:356,0
DA:357,0
DA:358,0
DA:359,0
DA:362,0
DA:363,0
DA:368,0
DA:369,0
DA:371,0
DA:372,0
DA:373,0
DA:374,0
DA:375,0
DA:381,0
DA:384,0
DA:387,0
DA:388,0
DA:389,0
DA:392,0
DA:395,0
DA:396,0
DA:397,0
DA:412,0
DA:414,0
DA:415,0
DA:418,0
DA:429,0
DA:432,0
DA:434,0
DA:435,0
DA:436,0
DA:438,0
DA:439,0
DA:440,0
DA:441,0
DA:443,0
DA:446,0
DA:454,0
DA:455,0
DA:475,0
DA:484,0
DA:486,0
DA:488,0
DA:489,0
DA:490,0
DA:491,0
DA:493,0
DA:496,0
DA:498,0
DA:499,0
DA:500,0
DA:502,0
DA:503,0
DA:504,0
DA:506,0
DA:507,0
DA:508,0
DA:510,0
DA:511,0
DA:512,0
DA:514,0
DA:515,0
DA:516,0
DA:518,0
DA:520,0
DA:521,0
DA:522,0
DA:524,0
DA:535,0
DA:537,0
DA:539,0
DA:540,0
DA:542,0
DA:543,0
DA:545,0
DA:546,0
DA:548,0
DA:549,0
DA:561,0
DA:562,0
DA:563,0
DA:566,0
DA:568,0
DA:571,0
DA:572,0
DA:574,0
DA:575,0
DA:579,0
DA:588,0
DA:590,0
DA:591,0
DA:592,0
DA:603,0
DA:605,0
DA:606,0
DA:608,0
DA:609,0
DA:611,0
DA:612,0
DA:613,0
DA:615,0
DA:616,0
DA:618,0
DA:619,0
DA:621,0
DA:623,0
DA:626,0
DA:627,0
DA:628,0
DA:629,0
DA:638,0
DA:641,0
DA:642,0
DA:646,0
DA:647,0
DA:658,0
DA:661,0
DA:662,0
DA:673,0
DA:675,0
DA:678,0
DA:685,0
DA:693,0
DA:695,0
DA:698,0
DA:706,0
DA:708,0
DA:712,0
DA:715,0
DA:719,0
DA:728,0
DA:729,0
DA:737,0
DA:738,0
DA:739,0
DA:742,0
DA:743,0
DA:753,0
DA:754,0
DA:755,0
DA:756,0
DA:759,0
DA:780,0
DA:783,0
DA:784,0
DA:785,0
DA:786,0
DA:789,0
DA:790,0
DA:791,0
DA:794,0
DA:803,0
DA:804,0
DA:812,0
DA:813,0
DA:815,0
DA:823,0
DA:824,0
DA:825,0
DA:828,0
DA:839,0
DA:840,0
DA:841,0
DA:842,0
DA:845,0
DA:848,0
DA:849,0
DA:850,0
DA:858,0
DA:860,0
DA:863,0
DA:864,0
DA:867,0
DA:868,0
DA:869,0
DA:870,0
DA:871,0
DA:875,0
DA:876,0
DA:877,0
DA:878,0
DA:879,0
DA:890,0
DA:892,0
DA:895,0
DA:896,0
DA:899,0
DA:900,0
DA:901,0
DA:902,0
DA:903,0
DA:904,0
DA:905,0
DA:917,0
DA:918,0
DA:919,0
DA:922,0
DA:927,0
DA:930,0
DA:941,0
DA:949,0
DA:957,0
DA:958,0
DA:959,0
DA:961,0
DA:970,0
DA:972,0
DA:976,0
DA:984,0
DA:985,0
DA:986,0
DA:987,0
DA:988,0
DA:989,0
DA:990,0
DA:992,0
DA:993,0
DA:994,0
DA:995,0
DA:997,0
DA:998,0
DA:1013,0
DA:1022,0
DA:1023,0
DA:1027,0
DA:1028,0
DA:1031,0
DA:1032,0
DA:1033,0
DA:1037,0
DA:1038,0
DA:1047,0
DA:1048,0
DA:1049,0
DA:1050,0
DA:1055,0
DA:1057,0
DA:1070,0
DA:1071,0
DA:1072,0
DA:1073,0
DA:1078,0
DA:1079,0
DA:1088,0
DA:1089,0
DA:1094,0
DA:1114,0
DA:1115,0
DA:1117,0
DA:1118,0
DA:1121,0
DA:1124,0
DA:1125,0
DA:1126,0
DA:1127,0
DA:1128,0
DA:1129,0
DA:1134,0
DA:1143,0
DA:1152,0
DA:1153,0
DA:1154,0
DA:1163,0
DA:1164,0
DA:1165,0
DA:1166,0
DA:1170,0
DA:1178,0
DA:1179,0
DA:1180,0
DA:1182,0
DA:1183,0
DA:1184,0
DA:1185,0
DA:1186,0
DA:1187,0
DA:1192,0
DA:1203,0
DA:1206,0
DA:1209,0
DA:1211,0
DA:1212,0
DA:1215,0
DA:1216,0
DA:1219,0
DA:1221,0
DA:1222,0
DA:1223,0
LF:422
LH:0
BRDA:56,0,0,0
BRDA:56,0,1,0
BRDA:62,1,0,0
BRDA:62,1,1,0
BRDA:107,2,0,0
BRDA:107,2,1,0
BRDA:170,3,0,0
BRDA:170,3,1,0
BRDA:170,4,0,0
BRDA:170,4,1,0
BRDA:170,4,2,0
BRDA:170,4,3,0
BRDA:172,5,0,0
BRDA:172,5,1,0
BRDA:202,6,0,0
BRDA:202,6,1,0
BRDA:202,7,0,0
BRDA:202,7,1,0
BRDA:202,7,2,0
BRDA:202,7,3,0
BRDA:206,8,0,0
BRDA:206,8,1,0
BRDA:206,9,0,0
BRDA:206,9,1,0
BRDA:223,10,0,0
BRDA:223,10,1,0
BRDA:223,11,0,0
BRDA:223,11,1,0
BRDA:230,12,0,0
BRDA:230,12,1,0
BRDA:262,13,0,0
BRDA:262,13,1,0
BRDA:271,14,0,0
BRDA:271,14,1,0
BRDA:271,15,0,0
BRDA:271,15,1,0
BRDA:271,15,2,0
BRDA:271,15,3,0
BRDA:280,16,0,0
BRDA:280,16,1,0
BRDA:306,17,0,0
BRDA:306,17,1,0
BRDA:306,18,0,0
BRDA:306,18,1,0
BRDA:315,19,0,0
BRDA:315,19,1,0
BRDA:315,20,0,0
BRDA:315,20,1,0
BRDA:315,20,2,0
BRDA:315,20,3,0
BRDA:315,20,4,0
BRDA:321,21,0,0
BRDA:321,21,1,0
BRDA:326,22,0,0
BRDA:326,22,1,0
BRDA:326,23,0,0
BRDA:326,23,1,0
BRDA:348,24,0,0
BRDA:348,24,1,0
BRDA:350,25,0,0
BRDA:350,25,1,0
BRDA:356,26,0,0
BRDA:356,26,1,0
BRDA:362,27,0,0
BRDA:362,27,1,0
BRDA:369,28,0,0
BRDA:369,28,1,0
BRDA:369,29,0,0
BRDA:369,29,1,0
BRDA:372,30,0,0
BRDA:372,30,1,0
BRDA:381,31,0,0
BRDA:381,31,1,0
BRDA:381,32,0,0
BRDA:381,32,1,0
BRDA:412,33,0,0
BRDA:412,33,1,0
BRDA:412,34,0,0
BRDA:412,34,1,0
BRDA:429,35,0,0
BRDA:429,35,1,0
BRDA:432,36,0,0
BRDA:432,36,1,0
BRDA:454,37,0,0
BRDA:454,37,1,0
BRDA:484,38,0,0
BRDA:484,38,1,0
BRDA:486,39,0,0
BRDA:486,39,1,0
BRDA:486,39,2,0
BRDA:486,39,3,0
BRDA:486,39,4,0
BRDA:486,39,5,0
BRDA:486,39,6,0
BRDA:488,40,0,0
BRDA:488,40,1,0
BRDA:488,41,0,0
BRDA:488,41,1,0
BRDA:490,42,0,0
BRDA:490,42,1,0
BRDA:514,43,0,0
BRDA:514,43,1,0
BRDA:514,44,0,0
BRDA:514,44,1,0
BRDA:520,45,0,0
BRDA:520,45,1,0
BRDA:520,46,0,0
BRDA:520,46,1,0
BRDA:534,47,0,0
BRDA:535,48,0,0
BRDA:535,48,1,0
BRDA:537,49,0,0
BRDA:537,49,1,0
BRDA:537,49,2,0
BRDA:537,49,3,0
BRDA:561,50,0,0
BRDA:561,50,1,0
BRDA:561,51,0,0
BRDA:561,51,1,0
BRDA:566,52,0,0
BRDA:566,52,1,0
BRDA:566,53,0,0
BRDA:566,53,1,0
BRDA:566,53,2,0
BRDA:566,53,3,0
BRDA:571,54,0,0
BRDA:571,54,1,0
BRDA:588,55,0,0
BRDA:588,55,1,0
BRDA:588,56,0,0
BRDA:588,56,1,0
BRDA:588,56,2,0
BRDA:588,56,3,0
BRDA:591,57,0,0
BRDA:591,57,1,0
BRDA:591,58,0,0
BRDA:591,58,1,0
BRDA:603,59,0,0
BRDA:603,59,1,0
BRDA:603,60,0,0
BRDA:603,60,1,0
BRDA:603,60,2,0
BRDA:603,60,3,0
BRDA:606,61,0,0
BRDA:606,61,1,0
BRDA:615,62,0,0
BRDA:615,62,1,0
BRDA:618,63,0,0
BRDA:618,63,1,0
BRDA:618,64,0,0
BRDA:618,64,1,0
BRDA:618,64,2,0
BRDA:618,64,3,0
BRDA:621,65,0,0
BRDA:621,65,1,0
BRDA:641,66,0,0
BRDA:641,66,1,0
BRDA:646,67,0,0
BRDA:646,67,1,0
BRDA:661,68,0,0
BRDA:661,68,1,0
BRDA:673,69,0,0
BRDA:673,69,1,0
BRDA:685,70,0,0
BRDA:685,70,1,0
BRDA:693,71,0,0
BRDA:693,71,1,0
BRDA:693,72,0,0
BRDA:693,72,1,0
BRDA:706,73,0,0
BRDA:706,73,1,0
BRDA:706,74,0,0
BRDA:706,74,1,0
BRDA:742,75,0,0
BRDA:742,75,1,0
BRDA:780,76,0,0
BRDA:780,76,1,0
BRDA:812,77,0,0
BRDA:812,77,1,0
BRDA:812,78,0,0
BRDA:812,78,1,0
BRDA:823,79,0,0
BRDA:823,79,1,0
BRDA:858,80,0,0
BRDA:858,80,1,0
BRDA:858,81,0,0
BRDA:858,81,1,0
BRDA:890,82,0,0
BRDA:890,82,1,0
BRDA:890,83,0,0
BRDA:890,83,1,0
BRDA:917,84,0,0
BRDA:917,84,1,0
BRDA:917,85,0,0
BRDA:917,85,1,0
BRDA:918,86,0,0
BRDA:918,86,1,0
BRDA:970,87,0,0
BRDA:970,87,1,0
BRDA:970,88,0,0
BRDA:970,88,1,0
BRDA:988,89,0,0
BRDA:988,89,1,0
BRDA:990,90,0,0
BRDA:990,90,1,0
BRDA:990,91,0,0
BRDA:990,91,1,0
BRDA:995,92,0,0
BRDA:995,92,1,0
BRDA:1022,93,0,0
BRDA:1022,93,1,0
BRDA:1031,94,0,0
BRDA:1031,94,1,0
BRDA:1037,95,0,0
BRDA:1037,95,1,0
BRDA:1037,96,0,0
BRDA:1037,96,1,0
BRDA:1047,97,0,0
BRDA:1047,97,1,0
BRDA:1055,98,0,0
BRDA:1055,98,1,0
BRDA:1055,99,0,0
BRDA:1055,99,1,0
BRDA:1070,100,0,0
BRDA:1070,100,1,0
BRDA:1078,101,0,0
BRDA:1078,101,1,0
BRDA:1078,102,0,0
BRDA:1078,102,1,0
BRDA:1112,103,0,0
BRDA:1112,104,0,0
BRDA:1127,105,0,0
BRDA:1127,105,1,0
BRDA:1142,106,0,0
BRDA:1153,107,0,0
BRDA:1153,107,1,0
BRDA:1165,108,0,0
BRDA:1165,108,1,0
BRDA:1185,109,0,0
BRDA:1185,109,1,0
BRDA:1185,110,0,0
BRDA:1185,110,1,0
BRDA:1209,111,0,0
BRDA:1209,111,1,0
BRDA:1222,112,0,0
BRDA:1222,112,1,0
BRF:246
BRH:0
end_of_record
TN:
SF:js\ui.js
FN:7,(anonymous_0)
FN:22,(anonymous_1)
FN:31,(anonymous_2)
FN:48,(anonymous_3)
FN:50,executedFunction
FN:51,(anonymous_5)
FN:63,(anonymous_6)
FN:144,(anonymous_7)
FN:147,(anonymous_8)
FN:153,(anonymous_9)
FN:159,(anonymous_10)
FN:161,(anonymous_11)
FN:168,(anonymous_12)
FN:183,(anonymous_13)
FN:236,(anonymous_14)
FN:239,(anonymous_15)
FN:259,(anonymous_16)
FN:285,(anonymous_17)
FN:288,(anonymous_18)
FN:297,(anonymous_19)
FN:306,(anonymous_20)
FN:318,(anonymous_21)
FN:323,(anonymous_22)
FN:326,(anonymous_23)
FN:338,(anonymous_24)
FN:339,(anonymous_25)
FN:369,(anonymous_26)
FN:376,(anonymous_27)
FN:388,(anonymous_28)
FN:398,(anonymous_29)
FN:404,(anonymous_30)
FN:413,(anonymous_31)
FN:419,(anonymous_32)
FN:438,(anonymous_33)
FN:456,(anonymous_34)
FN:479,(anonymous_35)
FN:522,(anonymous_36)
FN:541,(anonymous_37)
FN:557,(anonymous_38)
FN:589,(anonymous_39)
FN:592,(anonymous_40)
FN:605,(anonymous_41)
FN:618,(anonymous_42)
FN:622,(anonymous_43)
FN:642,(anonymous_44)
FN:643,(anonymous_45)
FN:673,(anonymous_46)
FN:675,(anonymous_47)
FN:680,(anonymous_48)
FN:685,(anonymous_49)
FN:691,(anonymous_50)
FN:699,(anonymous_51)
FN:707,(anonymous_52)
FN:712,(anonymous_53)
FN:717,(anonymous_54)
FN:723,(anonymous_55)
FN:732,(anonymous_56)
FN:746,(anonymous_57)
FN:756,(anonymous_58)
FN:767,(anonymous_59)
FN:797,(anonymous_60)
FN:816,(anonymous_61)
FN:824,(anonymous_62)
FN:832,(anonymous_63)
FN:840,(anonymous_64)
FN:850,(anonymous_65)
FN:857,(anonymous_66)
FN:868,(anonymous_67)
FN:879,(anonymous_68)
FN:890,(anonymous_69)
FN:967,(anonymous_70)
FN:985,(anonymous_71)
FN:993,(anonymous_72)
FN:1000,(anonymous_73)
FN:1018,(anonymous_74)
FN:1021,(anonymous_75)
FN:1039,(anonymous_76)
FN:1045,(anonymous_77)
FN:1046,(anonymous_78)
FN:1069,(anonymous_79)
FN:1085,(anonymous_80)
FN:1087,(anonymous_81)
FN:1095,(anonymous_82)
FN:1102,(anonymous_83)
FN:1125,(anonymous_84)
FN:1126,(anonymous_85)
FN:1127,(anonymous_86)
FNF:87
FNH:0
FNDA:0,(anonymous_0)
FNDA:0,(anonymous_1)
FNDA:0,(anonymous_2)
FNDA:0,(anonymous_3)
FNDA:0,executedFunction
FNDA:0,(anonymous_5)
FNDA:0,(anonymous_6)
FNDA:0,(anonymous_7)
FNDA:0,(anonymous_8)
FNDA:0,(anonymous_9)
FNDA:0,(anonymous_10)
FNDA:0,(anonymous_11)
FNDA:0,(anonymous_12)
FNDA:0,(anonymous_13)
FNDA:0,(anonymous_14)
FNDA:0,(anonymous_15)
FNDA:0,(anonymous_16)
FNDA:0,(anonymous_17)
FNDA:0,(anonymous_18)
FNDA:0,(anonymous_19)
FNDA:0,(anonymous_20)
FNDA:0,(anonymous_21)
FNDA:0,(anonymous_22)
FNDA:0,(anonymous_23)
FNDA:0,(anonymous_24)
FNDA:0,(anonymous_25)
FNDA:0,(anonymous_26)
FNDA:0,(anonymous_27)
FNDA:0,(anonymous_28)
FNDA:0,(anonymous_29)
FNDA:0,(anonymous_30)
FNDA:0,(anonymous_31)
FNDA:0,(anonymous_32)
FNDA:0,(anonymous_33)
FNDA:0,(anonymous_34)
FNDA:0,(anonymous_35)
FNDA:0,(anonymous_36)
FNDA:0,(anonymous_37)
FNDA:0,(anonymous_38)
FNDA:0,(anonymous_39)
FNDA:0,(anonymous_40)
FNDA:0,(anonymous_41)
FNDA:0,(anonymous_42)
FNDA:0,(anonymous_43)
FNDA:0,(anonymous_44)
FNDA:0,(anonymous_45)
FNDA:0,(anonymous_46)
FNDA:0,(anonymous_47)
FNDA:0,(anonymous_48)
FNDA:0,(anonymous_49)
FNDA:0,(anonymous_50)
FNDA:0,(anonymous_51)
FNDA:0,(anonymous_52)
FNDA:0,(anonymous_53)
FNDA:0,(anonymous_54)
FNDA:0,(anonymous_55)
FNDA:0,(anonymous_56)
FNDA:0,(anonymous_57)
FNDA:0,(anonymous_58)
FNDA:0,(anonymous_59)
FNDA:0,(anonymous_60)
FNDA:0,(anonymous_61)
FNDA:0,(anonymous_62)
FNDA:0,(anonymous_63)
FNDA:0,(anonymous_64)
FNDA:0,(anonymous_65)
FNDA:0,(anonymous_66)
FNDA:0,(anonymous_67)
FNDA:0,(anonymous_68)
FNDA:0,(anonymous_69)
FNDA:0,(anonymous_70)
FNDA:0,(anonymous_71)
FNDA:0,(anonymous_72)
FNDA:0,(anonymous_73)
FNDA:0,(anonymous_74)
FNDA:0,(anonymous_75)
FNDA:0,(anonymous_76)
FNDA:0,(anonymous_77)
FNDA:0,(anonymous_78)
FNDA:0,(anonymous_79)
FNDA:0,(anonymous_80)
FNDA:0,(anonymous_81)
FNDA:0,(anonymous_82)
FNDA:0,(anonymous_83)
FNDA:0,(anonymous_84)
FNDA:0,(anonymous_85)
FNDA:0,(anonymous_86)
DA:8,0
DA:9,0
DA:10,0
DA:11,0
DA:12,0
DA:13,0
DA:16,0
DA:17,0
DA:18,0
DA:21,0
DA:22,0
DA:24,0
DA:32,0
DA:33,0
DA:34,0
DA:35,0
DA:36,0
DA:37,0
DA:39,0
DA:50,0
DA:51,0
DA:52,0
DA:53,0
DA:55,0
DA:56,0
DA:65,0
DA:80,0
DA:106,0
DA:138,0
DA:145,0
DA:147,0
DA:148,0
DA:149,0
DA:151,0
DA:153,0
DA:154,0
DA:157,0
DA:159,0
DA:160,0
DA:161,0
DA:168,0
DA:169,0
DA:170,0
DA:171,0
DA:184,0
DA:185,0
DA:188,0
DA:189,0
DA:193,0
DA:195,0
DA:196,0
DA:199,0
DA:200,0
DA:204,0
DA:205,0
DA:209,0
DA:210,0
DA:211,0
DA:212,0
DA:216,0
DA:217,0
DA:218,0
DA:219,0
DA:225,0
DA:227,0
DA:237,0
DA:239,0
DA:240,0
DA:243,0
DA:244,0
DA:245,0
DA:246,0
DA:251,0
DA:261,0
DA:262,0
DA:263,0
DA:264,0
DA:267,0
DA:269,0
DA:272,0
DA:273,0
DA:274,0
DA:275,0
DA:276,0
DA:278,0
DA:286,0
DA:288,0
DA:289,0
DA:298,0
DA:299,0
DA:302,0
DA:304,0
DA:306,0
DA:307,0
DA:308,0
DA:309,0
DA:310,0
DA:313,0
DA:314,0
DA:315,0
DA:318,0
DA:319,0
DA:323,0
DA:324,0
DA:325,0
DA:326,0
DA:327,0
DA:328,0
DA:339,0
DA:341,0
DA:342,0
DA:344,0
DA:345,0
DA:346,0
DA:348,0
DA:349,0
DA:350,0
DA:355,0
DA:356,0
DA:360,0
DA:361,0
DA:371,0
DA:374,0
DA:375,0
DA:376,0
DA:380,0
DA:381,0
DA:382,0
DA:383,0
DA:388,0
DA:389,0
DA:390,0
DA:400,0
DA:401,0
DA:403,0
DA:404,0
DA:405,0
DA:406,0
DA:411,0
DA:412,0
DA:413,0
DA:421,0
DA:424,0
DA:427,0
DA:430,0
DA:439,0
DA:440,0
DA:441,0
DA:442,0
DA:446,0
DA:449,0
DA:452,0
DA:453,0
DA:456,0
DA:457,0
DA:458,0
DA:459,0
DA:464,0
DA:467,0
DA:468,0
DA:471,0
DA:480,0
DA:481,0
DA:484,0
DA:487,0
DA:488,0
DA:491,0
DA:492,0
DA:493,0
DA:494,0
DA:495,0
DA:500,0
DA:501,0
DA:502,0
DA:506,0
DA:509,0
DA:510,0
DA:513,0
DA:523,0
DA:531,0
DA:533,0
DA:534,0
DA:542,0
DA:543,0
DA:544,0
DA:547,0
DA:548,0
DA:550,0
DA:558,0
DA:559,0
DA:560,0
DA:561,0
DA:565,0
DA:566,0
DA:568,0
DA:569,0
DA:572,0
DA:573,0
DA:579,0
DA:583,0
DA:586,0
DA:589,0
DA:590,0
DA:592,0
DA:593,0
DA:597,0
DA:607,0
DA:608,0
DA:609,0
DA:612,0
DA:615,0
DA:616,0
DA:618,0
DA:619,0
DA:620,0
DA:621,0
DA:622,0
DA:623,0
DA:624,0
DA:626,0
DA:629,0
DA:632,0
DA:643,0
DA:645,0
DA:646,0
DA:647,0
DA:667,0
DA:670,0
DA:671,0
DA:673,0
DA:674,0
DA:675,0
DA:676,0
DA:680,0
DA:681,0
DA:682,0
DA:685,0
DA:686,0
DA:687,0
DA:691,0
DA:692,0
DA:693,0
DA:694,0
DA:699,0
DA:708,0
DA:711,0
DA:712,0
DA:713,0
DA:716,0
DA:717,0
DA:724,0
DA:725,0
DA:733,0
DA:734,0
DA:736,0
DA:737,0
DA:739,0
DA:747,0
DA:748,0
DA:749,0
DA:757,0
DA:758,0
DA:759,0
DA:768,0
DA:769,0
DA:771,0
DA:773,0
DA:777,0
DA:778,0
DA:780,0
DA:781,0
DA:782,0
DA:783,0
DA:786,0
DA:787,0
DA:788,0
DA:798,0
DA:800,0
DA:803,0
DA:806,0
DA:807,0
DA:808,0
DA:818,0
DA:826,0
DA:834,0
DA:842,0
DA:843,0
DA:851,0
DA:858,0
DA:869,0
DA:870,0
DA:872,0
DA:873,0
DA:874,0
DA:875,0
DA:876,0
DA:879,0
DA:880,0
DA:891,0
DA:902,0
DA:968,0
DA:969,0
DA:970,0
DA:971,0
DA:975,0
DA:976,0
DA:978,0
DA:979,0
DA:986,0
DA:987,0
DA:989,0
DA:991,0
DA:993,0
DA:994,0
DA:995,0
DA:996,0
DA:997,0
DA:998,0
DA:1000,0
DA:1001,0
DA:1004,0
DA:1008,0
DA:1009,0
DA:1020,0
DA:1021,0
DA:1022,0
DA:1023,0
DA:1024,0
DA:1029,0
DA:1030,0
DA:1033,0
DA:1040,0
DA:1041,0
DA:1042,0
DA:1043,0
DA:1045,0
DA:1046,0
DA:1047,0
DA:1048,0
DA:1049,0
DA:1051,0
DA:1052,0
DA:1054,0
DA:1057,0
DA:1058,0
DA:1061,0
DA:1062,0
DA:1070,0
DA:1071,0
DA:1074,0
DA:1075,0
DA:1076,0
DA:1077,0
DA:1078,0
DA:1080,0
DA:1084,0
DA:1085,0
DA:1087,0
DA:1089,0
DA:1096,0
DA:1103,0
DA:1106,0
DA:1107,0
DA:1108,0
DA:1109,0
DA:1110,0
DA:1111,0
DA:1117,0
DA:1120,0
DA:1123,0
DA:1125,0
DA:1126,0
DA:1127,0
DA:1130,0
LF:374
LH:0
BRDA:16,0,0,0
BRDA:16,0,1,0
BRDA:21,1,0,0
BRDA:21,1,1,0
BRDA:151,2,0,0
BRDA:151,2,1,0
BRDA:154,3,0,0
BRDA:154,3,1,0
BRDA:157,4,0,0
BRDA:157,4,1,0
BRDA:169,5,0,0
BRDA:169,5,1,0
BRDA:188,6,0,0
BRDA:188,6,1,0
BRDA:188,7,0,0
BRDA:188,7,1,0
BRDA:193,8,0,0
BRDA:193,8,1,0
BRDA:195,9,0,0
BRDA:195,9,1,0
BRDA:195,10,0,0
BRDA:195,10,1,0
BRDA:199,11,0,0
BRDA:199,11,1,0
BRDA:199,12,0,0
BRDA:199,12,1,0
BRDA:204,13,0,0
BRDA:204,13,1,0
BRDA:204,14,0,0
BRDA:204,14,1,0
BRDA:205,15,0,0
BRDA:205,15,1,0
BRDA:209,16,0,0
BRDA:209,16,1,0
BRDA:211,17,0,0
BRDA:211,17,1,0
BRDA:211,18,0,0
BRDA:211,18,1,0
BRDA:216,19,0,0
BRDA:216,19,1,0
BRDA:218,20,0,0
BRDA:218,20,1,0
BRDA:218,21,0,0
BRDA:218,21,1,0
BRDA:240,22,0,0
BRDA:240,22,1,0
BRDA:243,23,0,0
BRDA:243,23,1,0
BRDA:245,24,0,0
BRDA:245,24,1,0
BRDA:263,25,0,0
BRDA:263,25,1,0
BRDA:267,26,0,0
BRDA:267,26,1,0
BRDA:276,27,0,0
BRDA:276,27,1,0
BRDA:299,28,0,0
BRDA:299,28,1,0
BRDA:324,29,0,0
BRDA:324,29,1,0
BRDA:327,30,0,0
BRDA:327,30,1,0
BRDA:327,31,0,0
BRDA:327,31,1,0
BRDA:341,32,0,0
BRDA:341,32,1,0
BRDA:341,33,0,0
BRDA:341,33,1,0
BRDA:342,34,0,0
BRDA:342,34,1,0
BRDA:355,35,0,0
BRDA:355,35,1,0
BRDA:360,36,0,0
BRDA:360,36,1,0
BRDA:360,37,0,0
BRDA:360,37,1,0
BRDA:375,38,0,0
BRDA:375,38,1,0
BRDA:380,39,0,0
BRDA:380,39,1,0
BRDA:382,40,0,0
BRDA:382,40,1,0
BRDA:389,41,0,0
BRDA:389,41,1,0
BRDA:390,42,0,0
BRDA:390,42,1,0
BRDA:403,43,0,0
BRDA:403,43,1,0
BRDA:403,44,0,0
BRDA:403,44,1,0
BRDA:438,45,0,0
BRDA:440,46,0,0
BRDA:440,46,1,0
BRDA:446,47,0,0
BRDA:446,47,1,0
BRDA:458,48,0,0
BRDA:458,48,1,0
BRDA:467,49,0,0
BRDA:467,49,1,0
BRDA:479,50,0,0
BRDA:481,51,0,0
BRDA:481,51,1,0
BRDA:492,52,0,0
BRDA:492,52,1,0
BRDA:494,53,0,0
BRDA:494,53,1,0
BRDA:501,54,0,0
BRDA:501,54,1,0
BRDA:509,55,0,0
BRDA:509,55,1,0
BRDA:522,56,0,0
BRDA:522,57,0,0
BRDA:527,58,0,0
BRDA:527,58,1,0
BRDA:528,59,0,0
BRDA:528,59,1,0
BRDA:533,60,0,0
BRDA:533,60,1,0
BRDA:542,61,0,0
BRDA:542,61,1,0
BRDA:559,62,0,0
BRDA:559,62,1,0
BRDA:568,63,0,0
BRDA:568,63,1,0
BRDA:572,64,0,0
BRDA:572,64,1,0
BRDA:579,65,0,0
BRDA:579,65,1,0
BRDA:608,66,0,0
BRDA:608,66,1,0
BRDA:612,67,0,0
BRDA:612,67,1,0
BRDA:620,68,0,0
BRDA:620,68,1,0
BRDA:623,69,0,0
BRDA:623,69,1,0
BRDA:642,70,0,0
BRDA:657,71,0,0
BRDA:657,71,1,0
BRDA:660,72,0,0
BRDA:660,72,1,0
BRDA:692,73,0,0
BRDA:692,73,1,0
BRDA:724,74,0,0
BRDA:724,74,1,0
BRDA:747,75,0,0
BRDA:747,75,1,0
BRDA:757,76,0,0
BRDA:757,76,1,0
BRDA:771,77,0,0
BRDA:771,77,1,0
BRDA:780,78,0,0
BRDA:780,78,1,0
BRDA:781,79,0,0
BRDA:781,79,1,0
BRDA:786,80,0,0
BRDA:786,80,1,0
BRDA:798,81,0,0
BRDA:798,81,1,0
BRDA:807,82,0,0
BRDA:807,82,1,0
BRDA:842,83,0,0
BRDA:842,83,1,0
BRDA:868,84,0,0
BRDA:872,85,0,0
BRDA:872,85,1,0
BRDA:873,86,0,0
BRDA:873,86,1,0
BRDA:875,87,0,0
BRDA:875,87,1,0
BRDA:969,88,0,0
BRDA:969,88,1,0
BRDA:976,89,0,0
BRDA:976,89,1,0
BRDA:985,90,0,0
BRDA:987,91,0,0
BRDA:987,91,1,0
BRDA:989,92,0,0
BRDA:989,92,1,0
BRDA:1008,93,0,0
BRDA:1008,93,1,0
BRDA:1023,94,0,0
BRDA:1023,94,1,0
BRDA:1029,95,0,0
BRDA:1029,95,1,0
BRDA:1039,96,0,0
BRDA:1080,97,0,0
BRDA:1080,97,1,0
BRDA:1096,98,0,0
BRDA:1096,98,1,0
BRDA:1107,99,0,0
BRDA:1107,99,1,0
BRDA:1123,100,0,0
BRDA:1123,100,1,0
BRF:194
BRH:0
end_of_record
TN:
SF:js\websocket.js
FN:7,(anonymous_0)
FN:43,(anonymous_1)
FN:65,(anonymous_2)
FN:73,(anonymous_3)
FN:79,(anonymous_4)
FN:84,(anonymous_5)
FN:89,(anonymous_6)
FN:95,(anonymous_7)
FN:115,(anonymous_8)
FN:146,(anonymous_9)
FN:169,(anonymous_10)
FN:181,(anonymous_11)
FN:195,(anonymous_12)
FN:199,(anonymous_13)
FN:211,(anonymous_14)
FN:241,(anonymous_15)
FN:263,(anonymous_16)
FN:323,(anonymous_17)
FN:331,(anonymous_18)
FN:348,(anonymous_19)
FN:366,(anonymous_20)
FN:384,(anonymous_21)
FN:408,(anonymous_22)
FN:429,(anonymous_23)
FN:450,(anonymous_24)
FN:465,(anonymous_25)
FN:479,(anonymous_26)
FN:495,(anonymous_27)
FN:512,(anonymous_28)
FN:540,(anonymous_29)
FN:555,(anonymous_30)
FN:582,(anonymous_31)
FN:595,(anonymous_32)
FN:596,(anonymous_33)
FN:612,(anonymous_34)
FN:622,(anonymous_35)
FN:631,(anonymous_36)
FN:642,(anonymous_37)
FN:657,(anonymous_38)
FN:667,(anonymous_39)
FN:684,(anonymous_40)
FN:696,(anonymous_41)
FN:712,(anonymous_42)
FN:721,(anonymous_43)
FN:734,(anonymous_44)
FN:758,(anonymous_45)
FN:779,(anonymous_46)
FN:780,(anonymous_47)
FN:781,(anonymous_48)
FN:784,(anonymous_49)
FN:788,(anonymous_50)
FNF:51
FNH:0
FNDA:0,(anonymous_0)
FNDA:0,(anonymous_1)
FNDA:0,(anonymous_2)
FNDA:0,(anonymous_3)
FNDA:0,(anonymous_4)
FNDA:0,(anonymous_5)
FNDA:0,(anonymous_6)
FNDA:0,(anonymous_7)
FNDA:0,(anonymous_8)
FNDA:0,(anonymous_9)
FNDA:0,(anonymous_10)
FNDA:0,(anonymous_11)
FNDA:0,(anonymous_12)
FNDA:0,(anonymous_13)
FNDA:0,(anonymous_14)
FNDA:0,(anonymous_15)
FNDA:0,(anonymous_16)
FNDA:0,(anonymous_17)
FNDA:0,(anonymous_18)
FNDA:0,(anonymous_19)
FNDA:0,(anonymous_20)
FNDA:0,(anonymous_21)
FNDA:0,(anonymous_22)
FNDA:0,(anonymous_23)
FNDA:0,(anonymous_24)
FNDA:0,(anonymous_25)
FNDA:0,(anonymous_26)
FNDA:0,(anonymous_27)
FNDA:0,(anonymous_28)
FNDA:0,(anonymous_29)
FNDA:0,(anonymous_30)
FNDA:0,(anonymous_31)
FNDA:0,(anonymous_32)
FNDA:0,(anonymous_33)
FNDA:0,(anonymous_34)
FNDA:0,(anonymous_35)
FNDA:0,(anonymous_36)
FNDA:0,(anonymous_37)
FNDA:0,(anonymous_38)
FNDA:0,(anonymous_39)
FNDA:0,(anonymous_40)
FNDA:0,(anonymous_41)
FNDA:0,(anonymous_42)
FNDA:0,(anonymous_43)
FNDA:0,(anonymous_44)
FNDA:0,(anonymous_45)
FNDA:0,(anonymous_46)
FNDA:0,(anonymous_47)
FNDA:0,(anonymous_48)
FNDA:0,(anonymous_49)
FNDA:0,(anonymous_50)
DA:8,0
DA:9,0
DA:10,0
DA:11,0
DA:12,0
DA:13,0
DA:14,0
DA:15,0
DA:16,0
DA:17,0
DA:20,0
DA:21,0
DA:22,0
DA:25,0
DA:33,0
DA:35,0
DA:44,0
DA:45,0
DA:46,0
DA:50,0
DA:51,0
DA:54,0
DA:55,0
DA:56,0
DA:59,0
DA:60,0
DA:61,0
DA:65,0
DA:66,0
DA:67,0
DA:68,0
DA:70,0
DA:73,0
DA:74,0
DA:75,0
DA:79,0
DA:80,0
DA:84,0
DA:85,0
DA:89,0
DA:90,0
DA:91,0
DA:95,0
DA:96,0
DA:97,0
DA:98,0
DA:103,0
DA:104,0
DA:108,0
DA:116,0
DA:117,0
DA:120,0
DA:121,0
DA:122,0
DA:126,0
DA:127,0
DA:128,0
DA:132,0
DA:133,0
DA:134,0
DA:137,0
DA:139,0
DA:147,0
DA:148,0
DA:149,0
DA:150,0
DA:153,0
DA:154,0
DA:155,0
DA:156,0
DA:158,0
DA:160,0
DA:170,0
DA:171,0
DA:173,0
DA:182,0
DA:184,0
DA:185,0
DA:186,0
DA:196,0
DA:197,0
DA:199,0
DA:200,0
DA:201,0
DA:203,0
DA:212,0
DA:214,0
DA:215,0
DA:216,0
DA:219,0
DA:222,0
DA:225,0
DA:228,0
DA:234,0
DA:242,0
DA:243,0
DA:244,0
DA:246,0
DA:249,0
DA:252,0
DA:255,0
DA:264,0
DA:266,0
DA:268,0
DA:269,0
DA:272,0
DA:273,0
DA:276,0
DA:277,0
DA:280,0
DA:281,0
DA:284,0
DA:285,0
DA:288,0
DA:289,0
DA:292,0
DA:293,0
DA:296,0
DA:297,0
DA:300,0
DA:301,0
DA:304,0
DA:305,0
DA:308,0
DA:309,0
DA:312,0
DA:316,0
DA:324,0
DA:333,0
DA:338,0
DA:339,0
DA:341,0
DA:349,0
DA:352,0
DA:353,0
DA:357,0
DA:359,0
DA:367,0
DA:370,0
DA:371,0
DA:375,0
DA:377,0
DA:385,0
DA:386,0
DA:389,0
DA:390,0
DA:394,0
DA:395,0
DA:399,0
DA:401,0
DA:409,0
DA:410,0
DA:413,0
DA:414,0
DA:418,0
DA:419,0
DA:422,0
DA:430,0
DA:431,0
DA:434,0
DA:435,0
DA:439,0
DA:440,0
DA:443,0
DA:451,0
DA:452,0
DA:455,0
DA:458,0
DA:466,0
DA:467,0
DA:470,0
DA:472,0
DA:480,0
DA:481,0
DA:484,0
DA:485,0
DA:488,0
DA:497,0
DA:498,0
DA:505,0
DA:513,0
DA:515,0
DA:516,0
DA:519,0
DA:520,0
DA:521,0
DA:525,0
DA:528,0
DA:531,0
DA:532,0
DA:541,0
DA:543,0
DA:546,0
DA:549,0
DA:556,0
DA:557,0
DA:560,0
DA:561,0
DA:568,0
DA:571,0
DA:572,0
DA:573,0
DA:575,0
DA:578,0
DA:581,0
DA:582,0
DA:584,0
DA:585,0
DA:587,0
DA:596,0
DA:597,0
DA:598,0
DA:601,0
DA:602,0
DA:603,0
DA:613,0
DA:614,0
DA:615,0
DA:623,0
DA:632,0
DA:643,0
DA:644,0
DA:645,0
DA:646,0
DA:650,0
DA:658,0
DA:659,0
DA:661,0
DA:662,0
DA:665,0
DA:667,0
DA:668,0
DA:669,0
DA:670,0
DA:676,0
DA:685,0
DA:686,0
DA:687,0
DA:698,0
DA:699,0
DA:700,0
DA:701,0
DA:702,0
DA:714,0
DA:723,0
DA:724,0
DA:727,0
DA:736,0
DA:737,0
DA:739,0
DA:741,0
DA:742,0
DA:745,0
DA:746,0
DA:749,0
DA:750,0
DA:759,0
DA:771,0
DA:774,0
DA:777,0
DA:779,0
DA:780,0
DA:781,0
DA:784,0
DA:785,0
DA:788,0
DA:789,0
DA:793,0
LF:268
LH:0
BRDA:44,0,0,0
BRDA:44,0,1,0
BRDA:44,1,0,0
BRDA:44,1,1,0
BRDA:50,2,0,0
BRDA:50,2,1,0
BRDA:50,3,0,0
BRDA:50,3,1,0
BRDA:60,4,0,0
BRDA:60,4,1,0
BRDA:96,5,0,0
BRDA:96,5,1,0
BRDA:120,6,0,0
BRDA:120,6,1,0
BRDA:126,7,0,0
BRDA:126,7,1,0
BRDA:147,8,0,0
BRDA:147,8,1,0
BRDA:170,9,0,0
BRDA:170,9,1,0
BRDA:182,10,0,0
BRDA:182,10,1,0
BRDA:185,11,0,0
BRDA:185,11,1,0
BRDA:197,12,0,0
BRDA:197,12,1,0
BRDA:266,13,0,0
BRDA:266,13,1,0
BRDA:266,13,2,0
BRDA:266,13,3,0
BRDA:266,13,4,0
BRDA:266,13,5,0
BRDA:266,13,6,0
BRDA:266,13,7,0
BRDA:266,13,8,0
BRDA:266,13,9,0
BRDA:266,13,10,0
BRDA:266,13,11,0
BRDA:333,14,0,0
BRDA:333,14,1,0
BRDA:349,15,0,0
BRDA:349,15,1,0
BRDA:352,16,0,0
BRDA:352,16,1,0
BRDA:367,17,0,0
BRDA:367,17,1,0
BRDA:370,18,0,0
BRDA:370,18,1,0
BRDA:386,19,0,0
BRDA:386,19,1,0
BRDA:389,20,0,0
BRDA:389,20,1,0
BRDA:394,21,0,0
BRDA:394,21,1,0
BRDA:410,22,0,0
BRDA:410,22,1,0
BRDA:413,23,0,0
BRDA:413,23,1,0
BRDA:418,24,0,0
BRDA:418,24,1,0
BRDA:431,25,0,0
BRDA:431,25,1,0
BRDA:434,26,0,0
BRDA:434,26,1,0
BRDA:439,27,0,0
BRDA:439,27,1,0
BRDA:452,28,0,0
BRDA:452,28,1,0
BRDA:467,29,0,0
BRDA:467,29,1,0
BRDA:480,30,0,0
BRDA:480,30,1,0
BRDA:484,31,0,0
BRDA:484,31,1,0
BRDA:484,32,0,0
BRDA:484,32,1,0
BRDA:497,33,0,0
BRDA:497,33,1,0
BRDA:519,34,0,0
BRDA:519,34,1,0
BRDA:531,35,0,0
BRDA:531,35,1,0
BRDA:531,36,0,0
BRDA:531,36,1,0
BRDA:556,37,0,0
BRDA:556,37,1,0
BRDA:560,38,0,0
BRDA:560,38,1,0
BRDA:597,39,0,0
BRDA:597,39,1,0
BRDA:601,40,0,0
BRDA:601,40,1,0
BRDA:601,41,0,0
BRDA:601,41,1,0
BRDA:644,42,0,0
BRDA:644,42,1,0
BRDA:659,43,0,0
BRDA:659,43,1,0
BRDA:686,44,0,0
BRDA:686,44,1,0
BRDA:699,45,0,0
BRDA:699,45,1,0
BRDA:701,46,0,0
BRDA:701,46,1,0
BRDA:702,47,0,0
BRDA:702,47,1,0
BRDA:723,48,0,0
BRDA:723,48,1,0
BRDA:724,49,0,0
BRDA:724,49,1,0
BRDA:739,50,0,0
BRDA:739,50,1,0
BRDA:739,50,2,0
BRDA:739,50,3,0
BRDA:739,50,4,0
BRDA:765,51,0,0
BRDA:765,51,1,0
BRDA:777,52,0,0
BRDA:777,52,1,0
BRF:119
BRH:0
end_of_record
TN:
SF:js\core\app.js
FN:14,(anonymous_0)
FN:32,(anonymous_1)
FN:69,(anonymous_2)
FN:72,(anonymous_3)
FN:82,(anonymous_4)
FN:100,(anonymous_5)
FN:132,(anonymous_6)
FN:151,(anonymous_7)
FN:153,(anonymous_8)
FN:155,(anonymous_9)
FN:161,(anonymous_10)
FN:171,(anonymous_11)
FN:178,(anonymous_12)
FN:180,(anonymous_13)
FN:186,(anonymous_14)
FN:198,(anonymous_15)
FN:207,(anonymous_16)
FN:214,(anonymous_17)
FN:228,(anonymous_18)
FN:234,(anonymous_19)
FN:239,(anonymous_20)
FN:254,(anonymous_21)
FN:255,(anonymous_22)
FN:281,(anonymous_23)
FN:283,(anonymous_24)
FN:290,(anonymous_25)
FN:297,(anonymous_26)
FN:301,(anonymous_27)
FN:306,(anonymous_28)
FN:310,(anonymous_29)
FN:318,(anonymous_30)
FN:332,(anonymous_31)
FN:350,(anonymous_32)
FN:354,(anonymous_33)
FN:369,(anonymous_34)
FN:373,(anonymous_35)
FN:388,(anonymous_36)
FN:395,(anonymous_37)
FN:402,(anonymous_38)
FN:406,(anonymous_39)
FNF:40
FNH:0
FNDA:0,(anonymous_0)
FNDA:0,(anonymous_1)
FNDA:0,(anonymous_2)
FNDA:0,(anonymous_3)
FNDA:0,(anonymous_4)
FNDA:0,(anonymous_5)
FNDA:0,(anonymous_6)
FNDA:0,(anonymous_7)
FNDA:0,(anonymous_8)
FNDA:0,(anonymous_9)
FNDA:0,(anonymous_10)
FNDA:0,(anonymous_11)
FNDA:0,(anonymous_12)
FNDA:0,(anonymous_13)
FNDA:0,(anonymous_14)
FNDA:0,(anonymous_15)
FNDA:0,(anonymous_16)
FNDA:0,(anonymous_17)
FNDA:0,(anonymous_18)
FNDA:0,(anonymous_19)
FNDA:0,(anonymous_20)
FNDA:0,(anonymous_21)
FNDA:0,(anonymous_22)
FNDA:0,(anonymous_23)
FNDA:0,(anonymous_24)
FNDA:0,(anonymous_25)
FNDA:0,(anonymous_26)
FNDA:0,(anonymous_27)
FNDA:0,(anonymous_28)
FNDA:0,(anonymous_29)
FNDA:0,(anonymous_30)
FNDA:0,(anonymous_31)
FNDA:0,(anonymous_32)
FNDA:0,(anonymous_33)
FNDA:0,(anonymous_34)
FNDA:0,(anonymous_35)
FNDA:0,(anonymous_36)
FNDA:0,(anonymous_37)
FNDA:0,(anonymous_38)
FNDA:0,(anonymous_39)
DA:15,0
DA:16,0
DA:19,0
DA:20,0
DA:21,0
DA:22,0
DA:23,0
DA:24,0
DA:26,0
DA:33,0
DA:34,0
DA:35,0
DA:38,0
DA:39,0
DA:42,0
DA:45,0
DA:48,0
DA:51,0
DA:54,0
DA:56,0
DA:57,0
DA:60,0
DA:61,0
DA:62,0
DA:70,0
DA:71,0
DA:72,0
DA:73,0
DA:76,0
DA:83,0
DA:86,0
DA:89,0
DA:92,0
DA:94,0
DA:101,0
DA:104,0
DA:105,0
DA:106,0
DA:108,0
DA:109,0
DA:110,0
DA:111,0
DA:114,0
DA:115,0
DA:116,0
DA:117,0
DA:119,0
DA:123,0
DA:126,0
DA:134,0
DA:137,0
DA:140,0
DA:143,0
DA:145,0
DA:153,0
DA:155,0
DA:156,0
DA:157,0
DA:161,0
DA:162,0
DA:163,0
DA:166,0
DA:167,0
DA:171,0
DA:172,0
DA:173,0
DA:178,0
DA:180,0
DA:181,0
DA:182,0
DA:186,0
DA:187,0
DA:188,0
DA:191,0
DA:192,0
DA:193,0
DA:198,0
DA:199,0
DA:200,0
DA:205,0
DA:206,0
DA:207,0
DA:209,0
DA:210,0
DA:214,0
DA:216,0
DA:217,0
DA:222,0
DA:229,0
DA:230,0
DA:232,0
DA:234,0
DA:235,0
DA:236,0
DA:237,0
DA:238,0
DA:239,0
DA:240,0
DA:244,0
DA:245,0
DA:246,0
DA:247,0
DA:255,0
DA:257,0
DA:258,0
DA:261,0
DA:263,0
DA:264,0
DA:266,0
DA:267,0
DA:269,0
DA:270,0
DA:272,0
DA:273,0
DA:283,0
DA:284,0
DA:285,0
DA:286,0
DA:287,0
DA:290,0
DA:291,0
DA:292,0
DA:293,0
DA:297,0
DA:298,0
DA:301,0
DA:302,0
DA:306,0
DA:307,0
DA:310,0
DA:311,0
DA:319,0
DA:320,0
DA:321,0
DA:322,0
DA:324,0
DA:325,0
DA:333,0
DA:334,0
DA:335,0
DA:338,0
DA:339,0
DA:342,0
DA:343,0
DA:351,0
DA:354,0
DA:355,0
DA:358,0
DA:359,0
DA:360,0
DA:363,0
DA:370,0
DA:373,0
DA:374,0
DA:377,0
DA:378,0
DA:379,0
DA:382,0
DA:389,0
DA:396,0
DA:403,0
DA:406,0
DA:407,0
DA:408,0
DA:413,0
DA:415,0
DA:416,0
DA:421,0
LF:168
LH:0
BRDA:33,0,0,0
BRDA:33,0,1,0
BRDA:70,1,0,0
BRDA:70,1,1,0
BRDA:104,2,0,0
BRDA:104,2,1,0
BRDA:106,3,0,0
BRDA:106,3,1,0
BRDA:115,4,0,0
BRDA:115,4,1,0
BRDA:191,5,0,0
BRDA:191,5,1,0
BRDA:192,6,0,0
BRDA:192,6,1,0
BRDA:206,7,0,0
BRDA:206,7,1,0
BRDA:209,8,0,0
BRDA:209,8,1,0
BRDA:209,9,0,0
BRDA:209,9,1,0
BRDA:216,10,0,0
BRDA:216,10,1,0
BRDA:216,11,0,0
BRDA:216,11,1,0
BRDA:230,12,0,0
BRDA:230,12,1,0
BRDA:245,13,0,0
BRDA:245,13,1,0
BRDA:257,14,0,0
BRDA:257,14,1,0
BRDA:257,15,0,0
BRDA:257,15,1,0
BRDA:261,16,0,0
BRDA:261,16,1,0
BRDA:261,16,2,0
BRDA:261,16,3,0
BRDA:359,17,0,0
BRDA:359,17,1,0
BRDA:378,18,0,0
BRDA:378,18,1,0
BRDA:407,19,0,0
BRDA:407,19,1,0
BRF:42
BRH:0
end_of_record
TN:
SF:js\core\state.js
FN:9,(anonymous_0)
FN:42,(anonymous_1)
FN:58,(anonymous_2)
FN:85,(anonymous_3)
FN:102,(anonymous_4)
FN:109,(anonymous_5)
FN:116,(anonymous_6)
FN:134,(anonymous_7)
FN:137,(anonymous_8)
FN:149,(anonymous_9)
FN:159,(anonymous_10)
FN:163,(anonymous_11)
FN:177,(anonymous_12)
FN:181,(anonymous_13)
FN:188,(anonymous_14)
FN:192,(anonymous_15)
FN:199,(anonymous_16)
FN:203,(anonymous_17)
FN:210,(anonymous_18)
FN:214,(anonymous_19)
FN:218,(anonymous_20)
FN:220,(anonymous_21)
FN:226,(anonymous_22)
FN:227,(anonymous_23)
FN:234,(anonymous_24)
FN:242,(anonymous_25)
FN:253,(anonymous_26)
FN:256,(anonymous_27)
FN:274,(anonymous_28)
FN:295,(anonymous_29)
FN:306,(anonymous_30)
FNF:31
FNH:0
FNDA:0,(anonymous_0)
FNDA:0,(anonymous_1)
FNDA:0,(anonymous_2)
FNDA:0,(anonymous_3)
FNDA:0,(anonymous_4)
FNDA:0,(anonymous_5)
FNDA:0,(anonymous_6)
FNDA:0,(anonymous_7)
FNDA:0,(anonymous_8)
FNDA:0,(anonymous_9)
FNDA:0,(anonymous_10)
FNDA:0,(anonymous_11)
FNDA:0,(anonymous_12)
FNDA:0,(anonymous_13)
FNDA:0,(anonymous_14)
FNDA:0,(anonymous_15)
FNDA:0,(anonymous_16)
FNDA:0,(anonymous_17)
FNDA:0,(anonymous_18)
FNDA:0,(anonymous_19)
FNDA:0,(anonymous_20)
FNDA:0,(anonymous_21)
FNDA:0,(anonymous_22)
FNDA:0,(anonymous_23)
FNDA:0,(anonymous_24)
FNDA:0,(anonymous_25)
FNDA:0,(anonymous_26)
FNDA:0,(anonymous_27)
FNDA:0,(anonymous_28)
FNDA:0,(anonymous_29)
FNDA:0,(anonymous_30)
DA:10,0
DA:35,0
DA:36,0
DA:43,0
DA:44,0
DA:45,0
DA:49,0
DA:51,0
DA:52,0
DA:59,0
DA:61,0
DA:62,0
DA:63,0
DA:64,0
DA:65,0
DA:70,0
DA:71,0
DA:72,0
DA:73,0
DA:74,0
DA:78,0
DA:86,0
DA:87,0
DA:92,0
DA:95,0
DA:103,0
DA:110,0
DA:117,0
DA:118,0
DA:119,0
DA:122,0
DA:123,0
DA:126,0
DA:127,0
DA:135,0
DA:137,0
DA:138,0
DA:139,0
DA:140,0
DA:143,0
DA:146,0
DA:149,0
DA:150,0
DA:153,0
DA:160,0
DA:164,0
DA:167,0
DA:168,0
DA:170,0
DA:178,0
DA:182,0
DA:189,0
DA:193,0
DA:200,0
DA:204,0
DA:211,0
DA:215,0
DA:219,0
DA:220,0
DA:221,0
DA:222,0
DA:227,0
DA:228,0
DA:235,0
DA:236,0
DA:239,0
DA:242,0
DA:243,0
DA:244,0
DA:245,0
DA:254,0
DA:255,0
DA:256,0
DA:257,0
DA:258,0
DA:260,0
DA:266,0
DA:267,0
DA:275,0
DA:289,0
DA:296,0
DA:307,0
DA:308,0
DA:309,0
DA:314,0
LF:85
LH:0
BRDA:43,0,0,0
BRDA:43,0,1,0
BRDA:61,1,0,0
BRDA:61,1,1,0
BRDA:63,2,0,0
BRDA:63,2,1,0
BRDA:71,3,0,0
BRDA:71,3,1,0
BRDA:73,4,0,0
BRDA:73,4,1,0
BRDA:74,5,0,0
BRDA:74,5,1,0
BRDA:126,6,0,0
BRDA:126,6,1,0
BRDA:167,7,0,0
BRDA:167,7,1,0
BRDA:220,8,0,0
BRDA:220,8,1,0
BRDA:235,9,0,0
BRDA:235,9,1,0
BRDA:244,10,0,0
BRDA:244,10,1,0
BRDA:255,11,0,0
BRDA:255,11,1,0
BRDA:266,12,0,0
BRDA:266,12,1,0
BRF:26
BRH:0
end_of_record
TN:
SF:js\modules\app-state.js
FN:7,(anonymous_0)
FN:28,(anonymous_1)
FN:35,(anonymous_2)
FN:42,(anonymous_3)
FN:48,(anonymous_4)
FN:55,(anonymous_5)
FN:64,(anonymous_6)
FN:65,(anonymous_7)
FN:73,(anonymous_8)
FN:80,(anonymous_9)
FN:92,(anonymous_10)
FN:99,(anonymous_11)
FN:112,(anonymous_12)
FN:116,(anonymous_13)
FN:120,(anonymous_14)
FN:124,(anonymous_15)
FN:128,(anonymous_16)
FN:135,(anonymous_17)
FN:139,(anonymous_18)
FN:146,(anonymous_19)
FN:150,(anonymous_20)
FN:152,(anonymous_21)
FN:158,(anonymous_22)
FN:159,(anonymous_23)
FN:166,(anonymous_24)
FN:173,(anonymous_25)
FN:180,(anonymous_26)
FNF:27
FNH:0
FNDA:0,(anonymous_0)
FNDA:0,(anonymous_1)
FNDA:0,(anonymous_2)
FNDA:0,(anonymous_3)
FNDA:0,(anonymous_4)
FNDA:0,(anonymous_5)
FNDA:0,(anonymous_6)
FNDA:0,(anonymous_7)
FNDA:0,(anonymous_8)
FNDA:0,(anonymous_9)
FNDA:0,(anonymous_10)
FNDA:0,(anonymous_11)
FNDA:0,(anonymous_12)
FNDA:0,(anonymous_13)
FNDA:0,(anonymous_14)
FNDA:0,(anonymous_15)
FNDA:0,(anonymous_16)
FNDA:0,(anonymous_17)
FNDA:0,(anonymous_18)
FNDA:0,(anonymous_19)
FNDA:0,(anonymous_20)
FNDA:0,(anonymous_21)
FNDA:0,(anonymous_22)
FNDA:0,(anonymous_23)
FNDA:0,(anonymous_24)
FNDA:0,(anonymous_25)
FNDA:0,(anonymous_26)
DA:8,0
DA:22,0
DA:29,0
DA:36,0
DA:43,0
DA:44,0
DA:47,0
DA:48,0
DA:49,0
DA:54,0
DA:55,0
DA:56,0
DA:65,0
DA:66,0
DA:74,0
DA:75,0
DA:77,0
DA:80,0
DA:81,0
DA:82,0
DA:83,0
DA:84,0
DA:93,0
DA:100,0
DA:113,0
DA:117,0
DA:121,0
DA:125,0
DA:129,0
DA:136,0
DA:140,0
DA:147,0
DA:151,0
DA:152,0
DA:153,0
DA:154,0
DA:159,0
DA:160,0
DA:167,0
DA:174,0
DA:181,0
DA:186,0
DA:189,0
LF:43
LH:0
BRDA:47,0,0,0
BRDA:47,0,1,0
BRDA:54,1,0,0
BRDA:54,1,1,0
BRDA:74,2,0,0
BRDA:74,2,1,0
BRDA:83,3,0,0
BRDA:83,3,1,0
BRDA:152,4,0,0
BRDA:152,4,1,0
BRF:10
BRH:0
end_of_record
TN:
SF:js\modules\auth.js
FN:12,(anonymous_0)
FN:28,(anonymous_1)
FN:49,(anonymous_2)
FN:114,(anonymous_3)
FN:189,(anonymous_4)
FN:221,(anonymous_5)
FN:261,(anonymous_6)
FN:299,(anonymous_7)
FN:304,(anonymous_8)
FN:322,(anonymous_9)
FN:325,(anonymous_10)
FN:333,(anonymous_11)
FN:353,(anonymous_12)
FNF:13
FNH:0
FNDA:0,(anonymous_0)
FNDA:0,(anonymous_1)
FNDA:0,(anonymous_2)
FNDA:0,(anonymous_3)
FNDA:0,(anonymous_4)
FNDA:0,(anonymous_5)
FNDA:0,(anonymous_6)
FNDA:0,(anonymous_7)
FNDA:0,(anonymous_8)
FNDA:0,(anonymous_9)
FNDA:0,(anonymous_10)
FNDA:0,(anonymous_11)
FNDA:0,(anonymous_12)
DA:14,0
DA:17,0
DA:29,0
DA:30,0
DA:33,0
DA:34,0
DA:38,0
DA:39,0
DA:43,0
DA:50,0
DA:52,0
DA:53,0
DA:54,0
DA:56,0
DA:61,0
DA:62,0
DA:63,0
DA:65,0
DA:66,0
DA:68,0
DA:76,0
DA:78,0
DA:80,0
DA:81,0
DA:84,0
DA:87,0
DA:88,0
DA:89,0
DA:92,0
DA:93,0
DA:94,0
DA:97,0
DA:100,0
DA:104,0
DA:105,0
DA:107,0
DA:115,0
DA:117,0
DA:118,0
DA:119,0
DA:121,0
DA:130,0
DA:131,0
DA:132,0
DA:133,0
DA:136,0
DA:137,0
DA:138,0
DA:140,0
DA:141,0
DA:143,0
DA:151,0
DA:153,0
DA:155,0
DA:156,0
DA:159,0
DA:162,0
DA:163,0
DA:164,0
DA:167,0
DA:168,0
DA:169,0
DA:172,0
DA:175,0
DA:179,0
DA:180,0
DA:182,0
DA:190,0
DA:191,0
DA:194,0
DA:195,0
DA:196,0
DA:200,0
DA:201,0
DA:204,0
DA:207,0
DA:208,0
DA:211,0
DA:212,0
DA:214,0
DA:222,0
DA:223,0
DA:224,0
DA:227,0
DA:228,0
DA:229,0
DA:231,0
DA:238,0
DA:239,0
DA:240,0
DA:241,0
DA:242,0
DA:245,0
DA:246,0
DA:247,0
DA:251,0
DA:252,0
DA:253,0
DA:254,0
DA:262,0
DA:265,0
DA:266,0
DA:267,0
DA:268,0
DA:269,0
DA:270,0
DA:274,0
DA:275,0
DA:276,0
DA:280,0
DA:281,0
DA:285,0
DA:286,0
DA:289,0
DA:290,0
DA:293,0
DA:300,0
DA:301,0
DA:302,0
DA:303,0
DA:304,0
DA:308,0
DA:310,0
DA:312,0
DA:313,0
DA:315,0
DA:323,0
DA:325,0
DA:326,0
DA:334,0
DA:335,0
DA:337,0
DA:339,0
DA:340,0
DA:341,0
DA:342,0
DA:343,0
DA:346,0
DA:347,0
DA:354,0
DA:355,0
DA:356,0
DA:361,0
DA:362,0
DA:368,0
LF:145
LH:0
BRDA:14,0,0,0
BRDA:14,0,1,0
BRDA:33,1,0,0
BRDA:33,1,1,0
BRDA:33,2,0,0
BRDA:33,2,1,0
BRDA:38,3,0,0
BRDA:38,3,1,0
BRDA:38,4,0,0
BRDA:38,4,1,0
BRDA:78,5,0,0
BRDA:78,5,1,0
BRDA:100,6,0,0
BRDA:100,6,1,0
BRDA:131,7,0,0
BRDA:131,7,1,0
BRDA:153,8,0,0
BRDA:153,8,1,0
BRDA:195,9,0,0
BRDA:195,9,1,0
BRDA:223,10,0,0
BRDA:223,10,1,0
BRDA:238,11,0,0
BRDA:238,11,1,0
BRDA:265,12,0,0
BRDA:265,12,1,0
BRDA:265,13,0,0
BRDA:265,13,1,0
BRDA:267,14,0,0
BRDA:267,14,1,0
BRDA:269,15,0,0
BRDA:269,15,1,0
BRDA:275,16,0,0
BRDA:275,16,1,0
BRDA:275,17,0,0
BRDA:275,17,1,0
BRDA:280,18,0,0
BRDA:280,18,1,0
BRDA:280,19,0,0
BRDA:280,19,1,0
BRDA:285,20,0,0
BRDA:285,20,1,0
BRDA:285,21,0,0
BRDA:285,21,1,0
BRDA:289,22,0,0
BRDA:289,22,1,0
BRDA:289,23,0,0
BRDA:289,23,1,0
BRDA:300,24,0,0
BRDA:300,24,1,0
BRDA:301,25,0,0
BRDA:301,25,1,0
BRDA:302,26,0,0
BRDA:302,26,1,0
BRDA:303,27,0,0
BRDA:303,27,1,0
BRDA:303,28,0,0
BRDA:303,28,1,0
BRDA:312,29,0,0
BRDA:312,29,1,0
BRDA:315,30,0,0
BRDA:315,30,1,0
BRDA:335,31,0,0
BRDA:335,31,1,0
BRDA:340,32,0,0
BRDA:340,32,1,0
BRDA:353,33,0,0
BRDA:354,34,0,0
BRDA:354,34,1,0
BRDA:362,35,0,0
BRDA:362,35,1,0
BRF:71
BRH:0
end_of_record
TN:
SF:js\modules\ui-utils.js
FN:7,(anonymous_0)
FN:15,(anonymous_1)
FN:36,(anonymous_2)
FN:44,(anonymous_3)
FN:48,(anonymous_4)
FN:56,(anonymous_5)
FN:63,(anonymous_6)
FN:70,(anonymous_7)
FN:77,(anonymous_8)
FN:84,(anonymous_9)
FN:93,(anonymous_10)
FN:118,(anonymous_11)
FN:131,(anonymous_12)
FN:138,(anonymous_13)
FN:146,(anonymous_14)
FN:152,(anonymous_15)
FN:161,(anonymous_16)
FN:163,executedFunction
FN:164,(anonymous_18)
FN:176,(anonymous_19)
FN:178,executedFunction
FN:182,(anonymous_21)
FN:190,(anonymous_22)
FN:206,(anonymous_23)
FN:213,(anonymous_24)
FN:228,(anonymous_25)
FN:242,(anonymous_26)
FN:259,(anonymous_27)
FN:276,(anonymous_28)
FN:277,(anonymous_29)
FN:278,(anonymous_30)
FN:279,(anonymous_31)
FN:280,(anonymous_32)
FN:281,(anonymous_33)
FN:282,(anonymous_34)
FN:283,(anonymous_35)
FN:284,(anonymous_36)
FNF:37
FNH:0
FNDA:0,(anonymous_0)
FNDA:0,(anonymous_1)
FNDA:0,(anonymous_2)
FNDA:0,(anonymous_3)
FNDA:0,(anonymous_4)
FNDA:0,(anonymous_5)
FNDA:0,(anonymous_6)
FNDA:0,(anonymous_7)
FNDA:0,(anonymous_8)
FNDA:0,(anonymous_9)
FNDA:0,(anonymous_10)
FNDA:0,(anonymous_11)
FNDA:0,(anonymous_12)
FNDA:0,(anonymous_13)
FNDA:0,(anonymous_14)
FNDA:0,(anonymous_15)
FNDA:0,(anonymous_16)
FNDA:0,executedFunction
FNDA:0,(anonymous_18)
FNDA:0,(anonymous_19)
FNDA:0,executedFunction
FNDA:0,(anonymous_21)
FNDA:0,(anonymous_22)
FNDA:0,(anonymous_23)
FNDA:0,(anonymous_24)
FNDA:0,(anonymous_25)
FNDA:0,(anonymous_26)
FNDA:0,(anonymous_27)
FNDA:0,(anonymous_28)
FNDA:0,(anonymous_29)
FNDA:0,(anonymous_30)
FNDA:0,(anonymous_31)
FNDA:0,(anonymous_32)
FNDA:0,(anonymous_33)
FNDA:0,(anonymous_34)
FNDA:0,(anonymous_35)
FNDA:0,(anonymous_36)
DA:8,0
DA:9,0
DA:16,0
DA:17,0
DA:18,0
DA:22,0
DA:23,0
DA:27,0
DA:28,0
DA:31,0
DA:32,0
DA:35,0
DA:36,0
DA:37,0
DA:45,0
DA:47,0
DA:48,0
DA:49,0
DA:57,0
DA:64,0
DA:71,0
DA:78,0
DA:85,0
DA:86,0
DA:87,0
DA:94,0
DA:96,0
DA:98,0
DA:99,0
DA:102,0
DA:103,0
DA:107,0
DA:109,0
DA:110,0
DA:111,0
DA:119,0
DA:120,0
DA:121,0
DA:122,0
DA:123,0
DA:125,0
DA:132,0
DA:134,0
DA:135,0
DA:138,0
DA:139,0
DA:147,0
DA:149,0
DA:152,0
DA:153,0
DA:154,0
DA:163,0
DA:164,0
DA:165,0
DA:166,0
DA:168,0
DA:169,0
DA:178,0
DA:179,0
DA:180,0
DA:181,0
DA:182,0
DA:191,0
DA:199,0
DA:200,0
DA:207,0
DA:214,0
DA:215,0
DA:216,0
DA:217,0
DA:219,0
DA:220,0
DA:221,0
DA:229,0
DA:231,0
DA:236,0
DA:243,0
DA:245,0
DA:246,0
DA:260,0
DA:262,0
DA:263,0
DA:273,0
DA:276,0
DA:277,0
DA:278,0
DA:279,0
DA:280,0
DA:281,0
DA:282,0
DA:283,0
DA:284,0
LF:92
LH:0
BRDA:15,0,0,0
BRDA:16,1,0,0
BRDA:16,1,1,0
BRDA:22,2,0,0
BRDA:22,2,1,0
BRDA:35,3,0,0
BRDA:35,3,1,0
BRDA:45,4,0,0
BRDA:45,4,1,0
BRDA:84,5,0,0
BRDA:93,6,0,0
BRDA:94,7,0,0
BRDA:94,7,1,0
BRDA:96,8,0,0
BRDA:96,8,1,0
BRDA:98,9,0,0
BRDA:98,9,1,0
BRDA:110,10,0,0
BRDA:110,10,1,0
BRDA:118,11,0,0
BRDA:120,12,0,0
BRDA:120,12,1,0
BRDA:120,13,0,0
BRDA:120,13,1,0
BRDA:122,14,0,0
BRDA:122,14,1,0
BRDA:122,15,0,0
BRDA:122,15,1,0
BRDA:131,16,0,0
BRDA:132,17,0,0
BRDA:132,17,1,0
BRDA:146,18,0,0
BRDA:147,19,0,0
BRDA:147,19,1,0
BRDA:179,20,0,0
BRDA:179,20,1,0
BRDA:190,21,0,0
BRDA:228,22,0,0
BRDA:229,23,0,0
BRDA:229,23,1,0
BRDA:243,24,0,0
BRDA:243,24,1,0
BRDA:260,25,0,0
BRDA:260,25,1,0
BRDA:264,26,0,0
BRDA:264,26,1,0
BRDA:264,26,2,0
BRDA:264,26,3,0
BRDA:266,27,0,0
BRDA:266,27,1,0
BRDA:267,28,0,0
BRDA:267,28,1,0
BRF:52
BRH:0
end_of_record
TN:
SF:js\services\auth.js
FN:10,(anonymous_0)
FN:17,(anonymous_1)
FN:30,(anonymous_2)
FN:76,(anonymous_3)
FN:122,(anonymous_4)
FN:154,(anonymous_5)
FN:188,(anonymous_6)
FN:230,(anonymous_7)
FN:274,(anonymous_8)
FN:294,(anonymous_9)
FN:332,(anonymous_10)
FN:339,(anonymous_11)
FN:346,(anonymous_12)
FN:353,(anonymous_13)
FNF:14
FNH:0
FNDA:0,(anonymous_0)
FNDA:0,(anonymous_1)
FNDA:0,(anonymous_2)
FNDA:0,(anonymous_3)
FNDA:0,(anonymous_4)
FNDA:0,(anonymous_5)
FNDA:0,(anonymous_6)
FNDA:0,(anonymous_7)
FNDA:0,(anonymous_8)
FNDA:0,(anonymous_9)
FNDA:0,(anonymous_10)
FNDA:0,(anonymous_11)
FNDA:0,(anonymous_12)
FNDA:0,(anonymous_13)
DA:11,0
DA:18,0
DA:19,0
DA:20,0
DA:23,0
DA:24,0
DA:31,0
DA:32,0
DA:34,0
DA:42,0
DA:44,0
DA:46,0
DA:47,0
DA:50,0
DA:52,0
DA:53,0
DA:57,0
DA:58,0
DA:59,0
DA:63,0
DA:64,0
DA:65,0
DA:66,0
DA:69,0
DA:77,0
DA:78,0
DA:80,0
DA:88,0
DA:90,0
DA:92,0
DA:93,0
DA:96,0
DA:98,0
DA:99,0
DA:103,0
DA:104,0
DA:105,0
DA:109,0
DA:110,0
DA:111,0
DA:112,0
DA:115,0
DA:123,0
DA:125,0
DA:126,0
DA:131,0
DA:135,0
DA:136,0
DA:139,0
DA:141,0
DA:142,0
DA:145,0
DA:146,0
DA:147,0
DA:155,0
DA:156,0
DA:157,0
DA:158,0
DA:161,0
DA:165,0
DA:166,0
DA:167,0
DA:168,0
DA:169,0
DA:172,0
DA:173,0
DA:174,0
DA:175,0
DA:179,0
DA:180,0
DA:181,0
DA:189,0
DA:191,0
DA:192,0
DA:194,0
DA:200,0
DA:201,0
DA:202,0
DA:203,0
DA:206,0
DA:207,0
DA:209,0
DA:210,0
DA:212,0
DA:213,0
DA:214,0
DA:217,0
DA:218,0
DA:223,0
DA:231,0
DA:233,0
DA:234,0
DA:236,0
DA:244,0
DA:245,0
DA:246,0
DA:247,0
DA:250,0
DA:251,0
DA:253,0
DA:254,0
DA:256,0
DA:257,0
DA:258,0
DA:261,0
DA:262,0
DA:267,0
DA:275,0
DA:277,0
DA:278,0
DA:281,0
DA:282,0
DA:285,0
DA:295,0
DA:298,0
DA:299,0
DA:300,0
DA:301,0
DA:305,0
DA:306,0
DA:307,0
DA:308,0
DA:312,0
DA:313,0
DA:314,0
DA:315,0
DA:319,0
DA:320,0
DA:323,0
DA:333,0
DA:340,0
DA:347,0
DA:354,0
DA:355,0
DA:360,0
DA:367,0
DA:368,0
LF:137
LH:0
BRDA:18,0,0,0
BRDA:18,0,1,0
BRDA:44,1,0,0
BRDA:44,1,1,0
BRDA:58,2,0,0
BRDA:58,2,1,0
BRDA:90,3,0,0
BRDA:90,3,1,0
BRDA:104,4,0,0
BRDA:104,4,1,0
BRDA:157,5,0,0
BRDA:157,5,1,0
BRDA:165,6,0,0
BRDA:165,6,1,0
BRDA:201,7,0,0
BRDA:201,7,1,0
BRDA:212,8,0,0
BRDA:212,8,1,0
BRDA:217,9,0,0
BRDA:217,9,1,0
BRDA:245,10,0,0
BRDA:245,10,1,0
BRDA:256,11,0,0
BRDA:256,11,1,0
BRDA:261,12,0,0
BRDA:261,12,1,0
BRDA:277,13,0,0
BRDA:277,13,1,0
BRDA:277,14,0,0
BRDA:277,14,1,0
BRDA:281,15,0,0
BRDA:281,15,1,0
BRDA:281,16,0,0
BRDA:281,16,1,0
BRDA:298,17,0,0
BRDA:298,17,1,0
BRDA:298,18,0,0
BRDA:298,18,1,0
BRDA:300,19,0,0
BRDA:300,19,1,0
BRDA:305,20,0,0
BRDA:305,20,1,0
BRDA:307,21,0,0
BRDA:307,21,1,0
BRDA:312,22,0,0
BRDA:312,22,1,0
BRDA:312,23,0,0
BRDA:312,23,1,0
BRDA:314,24,0,0
BRDA:314,24,1,0
BRDA:319,25,0,0
BRDA:319,25,1,0
BRDA:367,26,0,0
BRDA:367,26,1,0
BRDA:367,27,0,0
BRDA:367,27,1,0
BRF:56
BRH:0
end_of_record
TN:
SF:js\services\canvas.js
FN:9,(anonymous_0)
FN:16,(anonymous_1)
FN:29,(anonymous_2)
FN:57,(anonymous_3)
FN:82,(anonymous_4)
FN:117,(anonymous_5)
FN:179,(anonymous_6)
FNF:7
FNH:0
FNDA:0,(anonymous_0)
FNDA:0,(anonymous_1)
FNDA:0,(anonymous_2)
FNDA:0,(anonymous_3)
FNDA:0,(anonymous_4)
FNDA:0,(anonymous_5)
FNDA:0,(anonymous_6)
DA:10,0
DA:17,0
DA:18,0
DA:19,0
DA:22,0
DA:23,0
DA:30,0
DA:31,0
DA:35,0
DA:36,0
DA:37,0
DA:39,0
DA:43,0
DA:46,0
DA:47,0
DA:50,0
DA:58,0
DA:59,0
DA:63,0
DA:64,0
DA:65,0
DA:67,0
DA:71,0
DA:72,0
DA:73,0
DA:75,0
DA:83,0
DA:84,0
DA:90,0
DA:92,0
DA:93,0
DA:94,0
DA:95,0
DA:97,0
DA:99,0
DA:100,0
DA:102,0
DA:106,0
DA:107,0
DA:108,0
DA:110,0
DA:118,0
DA:120,0
DA:121,0
DA:122,0
DA:123,0
DA:124,0
DA:126,0
DA:129,0
DA:135,0
DA:137,0
DA:138,0
DA:139,0
DA:140,0
DA:142,0
DA:144,0
DA:145,0
DA:147,0
DA:152,0
DA:155,0
DA:156,0
DA:159,0
DA:160,0
DA:161,0
DA:163,0
DA:165,0
DA:166,0
DA:169,0
DA:172,0
DA:180,0
DA:181,0
DA:186,0
LF:72
LH:0
BRDA:17,0,0,0
BRDA:17,0,1,0
BRDA:35,1,0,0
BRDA:35,1,1,0
BRDA:46,2,0,0
BRDA:46,2,1,0
BRDA:63,3,0,0
BRDA:63,3,1,0
BRDA:72,4,0,0
BRDA:72,4,1,0
BRDA:92,5,0,0
BRDA:92,5,1,0
BRDA:94,6,0,0
BRDA:94,6,1,0
BRDA:99,7,0,0
BRDA:99,7,1,0
BRDA:100,8,0,0
BRDA:100,8,1,0
BRDA:107,9,0,0
BRDA:107,9,1,0
BRDA:120,10,0,0
BRDA:120,10,1,0
BRDA:120,11,0,0
BRDA:120,11,1,0
BRDA:123,12,0,0
BRDA:123,12,1,0
BRDA:137,13,0,0
BRDA:137,13,1,0
BRDA:139,14,0,0
BRDA:139,14,1,0
BRDA:144,15,0,0
BRDA:144,15,1,0
BRDA:145,16,0,0
BRDA:145,16,1,0
BRDA:155,17,0,0
BRDA:155,17,1,0
BRDA:159,18,0,0
BRDA:159,18,1,0
BRDA:159,19,0,0
BRDA:159,19,1,0
BRDA:160,20,0,0
BRDA:160,20,1,0
BRDA:161,21,0,0
BRDA:161,21,1,0
BRDA:161,21,2,0
BRDA:165,22,0,0
BRDA:165,22,1,0
BRF:47
BRH:0
end_of_record
TN:
SF:js\utils\events.js
FN:7,(anonymous_0)
FN:15,(anonymous_1)
FN:28,(anonymous_2)
FN:36,(anonymous_3)
FN:44,(anonymous_4)
FN:45,(anonymous_5)
FN:56,(anonymous_6)
FN:71,(anonymous_7)
FN:74,(anonymous_8)
FN:87,(anonymous_9)
FN:98,(anonymous_10)
FN:100,(anonymous_11)
FN:109,(anonymous_12)
FN:116,(anonymous_13)
FNF:14
FNH:0
FNDA:0,(anonymous_0)
FNDA:0,(anonymous_1)
FNDA:0,(anonymous_2)
FNDA:0,(anonymous_3)
FNDA:0,(anonymous_4)
FNDA:0,(anonymous_5)
FNDA:0,(anonymous_6)
FNDA:0,(anonymous_7)
FNDA:0,(anonymous_8)
FNDA:0,(anonymous_9)
FNDA:0,(anonymous_10)
FNDA:0,(anonymous_11)
FNDA:0,(anonymous_12)
FNDA:0,(anonymous_13)
DA:8,0
DA:9,0
DA:16,0
DA:17,0
DA:18,0
DA:21,0
DA:22,0
DA:29,0
DA:30,0
DA:33,0
DA:36,0
DA:37,0
DA:45,0
DA:46,0
DA:47,0
DA:50,0
DA:57,0
DA:58,0
DA:59,0
DA:62,0
DA:63,0
DA:72,0
DA:73,0
DA:74,0
DA:75,0
DA:76,0
DA:78,0
DA:88,0
DA:89,0
DA:91,0
DA:99,0
DA:100,0
DA:101,0
DA:103,0
DA:110,0
DA:117,0
DA:118,0
DA:119,0
DA:124,0
DA:131,0
DA:132,0
LF:41
LH:0
BRDA:16,0,0,0
BRDA:16,0,1,0
BRDA:29,1,0,0
BRDA:29,1,1,0
BRDA:58,2,0,0
BRDA:58,2,1,0
BRDA:62,3,0,0
BRDA:62,3,1,0
BRDA:73,4,0,0
BRDA:73,4,1,0
BRDA:88,5,0,0
BRDA:88,5,1,0
BRDA:110,6,0,0
BRDA:110,6,1,0
BRDA:131,7,0,0
BRDA:131,7,1,0
BRDA:131,8,0,0
BRDA:131,8,1,0
BRF:18
BRH:0
end_of_record
TN:
SF:js\utils\ui.js
FN:7,(anonymous_0)
FN:15,(anonymous_1)
FN:28,(anonymous_2)
FN:38,(anonymous_3)
FN:48,(anonymous_4)
FN:66,(anonymous_5)
FN:71,(anonymous_6)
FN:79,(anonymous_7)
FN:85,(anonymous_8)
FN:99,(anonymous_9)
FN:108,(anonymous_10)
FN:116,(anonymous_11)
FN:121,(anonymous_12)
FN:130,(anonymous_13)
FN:132,(anonymous_14)
FN:134,(anonymous_15)
FN:143,(anonymous_16)
FN:152,(anonymous_17)
FN:164,(anonymous_18)
FN:192,(anonymous_19)
FN:196,(anonymous_20)
FN:209,(anonymous_21)
FN:223,(anonymous_22)
FN:230,(anonymous_23)
FN:236,(anonymous_24)
FN:247,(anonymous_25)
FN:251,(anonymous_26)
FN:259,(anonymous_27)
FN:281,(anonymous_28)
FN:296,(anonymous_29)
FN:300,(anonymous_30)
FN:305,(anonymous_31)
FN:313,(anonymous_32)
FN:315,(anonymous_33)
FN:317,(anonymous_34)
FN:324,(anonymous_35)
FN:326,(anonymous_36)
FN:330,(anonymous_37)
FN:338,(anonymous_38)
FN:353,(anonymous_39)
FN:364,(anonymous_40)
FN:377,(anonymous_41)
FNF:42
FNH:0
FNDA:0,(anonymous_0)
FNDA:0,(anonymous_1)
FNDA:0,(anonymous_2)
FNDA:0,(anonymous_3)
FNDA:0,(anonymous_4)
FNDA:0,(anonymous_5)
FNDA:0,(anonymous_6)
FNDA:0,(anonymous_7)
FNDA:0,(anonymous_8)
FNDA:0,(anonymous_9)
FNDA:0,(anonymous_10)
FNDA:0,(anonymous_11)
FNDA:0,(anonymous_12)
FNDA:0,(anonymous_13)
FNDA:0,(anonymous_14)
FNDA:0,(anonymous_15)
FNDA:0,(anonymous_16)
FNDA:0,(anonymous_17)
FNDA:0,(anonymous_18)
FNDA:0,(anonymous_19)
FNDA:0,(anonymous_20)
FNDA:0,(anonymous_21)
FNDA:0,(anonymous_22)
FNDA:0,(anonymous_23)
FNDA:0,(anonymous_24)
FNDA:0,(anonymous_25)
FNDA:0,(anonymous_26)
FNDA:0,(anonymous_27)
FNDA:0,(anonymous_28)
FNDA:0,(anonymous_29)
FNDA:0,(anonymous_30)
FNDA:0,(anonymous_31)
FNDA:0,(anonymous_32)
FNDA:0,(anonymous_33)
FNDA:0,(anonymous_34)
FNDA:0,(anonymous_35)
FNDA:0,(anonymous_36)
FNDA:0,(anonymous_37)
FNDA:0,(anonymous_38)
FNDA:0,(anonymous_39)
FNDA:0,(anonymous_40)
FNDA:0,(anonymous_41)
DA:8,0
DA:9,0
DA:16,0
DA:17,0
DA:18,0
DA:21,0
DA:22,0
DA:29,0
DA:30,0
DA:31,0
DA:39,0
DA:40,0
DA:41,0
DA:49,0
DA:50,0
DA:51,0
DA:52,0
DA:56,0
DA:57,0
DA:61,0
DA:62,0
DA:63,0
DA:66,0
DA:67,0
DA:71,0
DA:72,0
DA:80,0
DA:81,0
DA:82,0
DA:85,0
DA:86,0
DA:90,0
DA:91,0
DA:92,0
DA:100,0
DA:101,0
DA:102,0
DA:103,0
DA:106,0
DA:107,0
DA:108,0
DA:117,0
DA:118,0
DA:119,0
DA:121,0
DA:122,0
DA:131,0
DA:132,0
DA:133,0
DA:134,0
DA:135,0
DA:144,0
DA:145,0
DA:146,0
DA:153,0
DA:154,0
DA:155,0
DA:157,0
DA:165,0
DA:166,0
DA:167,0
DA:168,0
DA:170,0
DA:171,0
DA:172,0
DA:173,0
DA:175,0
DA:176,0
DA:177,0
DA:178,0
DA:179,0
DA:180,0
DA:182,0
DA:185,0
DA:193,0
DA:196,0
DA:197,0
DA:198,0
DA:199,0
DA:200,0
DA:201,0
DA:202,0
DA:204,0
DA:209,0
DA:210,0
DA:211,0
DA:213,0
DA:217,0
DA:224,0
DA:226,0
DA:227,0
DA:229,0
DA:230,0
DA:231,0
DA:232,0
DA:233,0
DA:236,0
DA:237,0
DA:238,0
DA:239,0
DA:249,0
DA:251,0
DA:252,0
DA:260,0
DA:261,0
DA:264,0
DA:267,0
DA:268,0
DA:269,0
DA:272,0
DA:275,0
DA:282,0
DA:283,0
DA:285,0
DA:287,0
DA:288,0
DA:289,0
DA:297,0
DA:300,0
DA:301,0
DA:305,0
DA:306,0
DA:315,0
DA:316,0
DA:317,0
DA:326,0
DA:327,0
DA:328,0
DA:329,0
DA:330,0
DA:339,0
DA:340,0
DA:341,0
DA:342,0
DA:344,0
DA:345,0
DA:346,0
DA:354,0
DA:355,0
DA:365,0
DA:371,0
DA:378,0
DA:379,0
DA:382,0
DA:383,0
DA:388,0
DA:395,0
DA:396,0
LF:148
LH:0
BRDA:16,0,0,0
BRDA:16,0,1,0
BRDA:30,1,0,0
BRDA:30,1,1,0
BRDA:40,2,0,0
BRDA:40,2,1,0
BRDA:48,3,0,0
BRDA:48,4,0,0
BRDA:50,5,0,0
BRDA:50,5,1,0
BRDA:56,6,0,0
BRDA:56,6,1,0
BRDA:81,7,0,0
BRDA:81,7,1,0
BRDA:90,8,0,0
BRDA:90,8,1,0
BRDA:101,9,0,0
BRDA:101,9,1,0
BRDA:107,10,0,0
BRDA:107,10,1,0
BRDA:118,11,0,0
BRDA:118,11,1,0
BRDA:175,12,0,0
BRDA:175,12,1,0
BRDA:176,13,0,0
BRDA:176,13,1,0
BRDA:177,14,0,0
BRDA:177,14,1,0
BRDA:178,15,0,0
BRDA:178,15,1,0
BRDA:179,16,0,0
BRDA:179,16,1,0
BRDA:180,17,0,0
BRDA:180,17,1,0
BRDA:192,18,0,0
BRDA:192,19,0,0
BRDA:197,20,0,0
BRDA:197,20,1,0
BRDA:199,21,0,0
BRDA:199,21,1,0
BRDA:201,22,0,0
BRDA:201,22,1,0
BRDA:210,23,0,0
BRDA:210,23,1,0
BRDA:223,24,0,0
BRDA:223,25,0,0
BRDA:224,26,0,0
BRDA:224,26,1,0
BRDA:227,27,0,0
BRDA:227,27,1,0
BRDA:229,28,0,0
BRDA:229,28,1,0
BRDA:231,29,0,0
BRDA:231,29,1,0
BRDA:237,30,0,0
BRDA:237,30,1,0
BRDA:238,31,0,0
BRDA:238,31,1,0
BRDA:260,32,0,0
BRDA:260,32,1,0
BRDA:261,33,0,0
BRDA:261,33,1,0
BRDA:268,34,0,0
BRDA:268,34,1,0
BRDA:282,35,0,0
BRDA:282,35,1,0
BRDA:283,36,0,0
BRDA:283,36,1,0
BRDA:288,37,0,0
BRDA:288,37,1,0
BRDA:297,38,0,0
BRDA:297,38,1,0
BRDA:313,39,0,0
BRDA:324,40,0,0
BRDA:327,41,0,0
BRDA:327,41,1,0
BRDA:364,42,0,0
BRDA:378,43,0,0
BRDA:378,43,1,0
BRDA:395,44,0,0
BRDA:395,44,1,0
BRDA:395,45,0,0
BRDA:395,45,1,0
BRF:83
BRH:0
end_of_record
