TN:
SF:js\admin.js
FN:2,(anonymous_0)
FN:7,(anonymous_1)
FN:13,(anonymous_2)
FN:15,(anonymous_3)
FN:16,(anonymous_4)
FN:22,(anonymous_5)
FN:23,(anonymous_6)
FN:28,(anonymous_7)
FN:48,(anonymous_8)
FN:65,(anonymous_9)
FN:87,(anonymous_10)
FN:104,(anonymous_11)
FN:106,(anonymous_12)
FN:139,(anonymous_13)
FN:156,(anonymous_14)
FN:158,(anonymous_15)
FN:184,(anonymous_16)
FN:201,(anonymous_17)
FN:203,(anonymous_18)
FN:220,(anonymous_19)
FN:243,(anonymous_20)
FN:262,(anonymous_21)
FN:285,(anonymous_22)
FNF:23
FNH:0
FNDA:0,(anonymous_0)
FNDA:0,(anonymous_1)
FNDA:0,(anonymous_2)
FNDA:0,(anonymous_3)
FNDA:0,(anonymous_4)
FNDA:0,(anonymous_5)
FNDA:0,(anonymous_6)
FNDA:0,(anonymous_7)
FNDA:0,(anonymous_8)
FNDA:0,(anonymous_9)
FNDA:0,(anonymous_10)
FNDA:0,(anonymous_11)
FNDA:0,(anonymous_12)
FNDA:0,(anonymous_13)
FNDA:0,(anonymous_14)
FNDA:0,(anonymous_15)
FNDA:0,(anonymous_16)
FNDA:0,(anonymous_17)
FNDA:0,(anonymous_18)
FNDA:0,(anonymous_19)
FNDA:0,(anonymous_20)
FNDA:0,(anonymous_21)
FNDA:0,(anonymous_22)
DA:3,0
DA:4,0
DA:8,0
DA:9,0
DA:10,0
DA:14,0
DA:15,0
DA:16,0
DA:17,0
DA:23,0
DA:24,0
DA:26,0
DA:28,0
DA:29,0
DA:31,0
DA:33,0
DA:35,0
DA:37,0
DA:38,0
DA:40,0
DA:41,0
DA:43,0
DA:44,0
DA:49,0
DA:50,0
DA:56,0
DA:57,0
DA:58,0
DA:61,0
DA:66,0
DA:67,0
DA:88,0
DA:89,0
DA:95,0
DA:96,0
DA:97,0
DA:100,0
DA:105,0
DA:106,0
DA:140,0
DA:141,0
DA:147,0
DA:148,0
DA:149,0
DA:152,0
DA:157,0
DA:158,0
DA:185,0
DA:186,0
DA:192,0
DA:193,0
DA:194,0
DA:197,0
DA:202,0
DA:203,0
DA:221,0
DA:223,0
DA:224,0
DA:235,0
DA:236,0
DA:239,0
DA:244,0
DA:246,0
DA:247,0
DA:254,0
DA:255,0
DA:258,0
DA:263,0
DA:265,0
DA:266,0
DA:277,0
DA:278,0
DA:281,0
DA:286,0
DA:288,0
DA:289,0
DA:296,0
DA:297,0
DA:300,0
DA:306,0
LF:80
LH:0
BRDA:35,0,0,0
BRDA:35,0,1,0
BRDA:35,0,2,0
BRDA:56,1,0,0
BRDA:56,1,1,0
BRDA:95,2,0,0
BRDA:95,2,1,0
BRDA:112,3,0,0
BRDA:112,3,1,0
BRDA:113,4,0,0
BRDA:113,4,1,0
BRDA:114,5,0,0
BRDA:114,5,1,0
BRDA:114,6,0,0
BRDA:114,6,1,0
BRDA:117,7,0,0
BRDA:117,7,1,0
BRDA:118,8,0,0
BRDA:118,8,1,0
BRDA:129,9,0,0
BRDA:129,9,1,0
BRDA:147,10,0,0
BRDA:147,10,1,0
BRDA:164,11,0,0
BRDA:164,11,1,0
BRDA:165,12,0,0
BRDA:165,12,1,0
BRDA:192,13,0,0
BRDA:192,13,1,0
BRDA:206,14,0,0
BRDA:206,14,1,0
BRDA:210,15,0,0
BRDA:210,15,1,0
BRDA:221,16,0,0
BRDA:221,16,1,0
BRDA:235,17,0,0
BRDA:235,17,1,0
BRDA:244,18,0,0
BRDA:244,18,1,0
BRDA:254,19,0,0
BRDA:254,19,1,0
BRDA:263,20,0,0
BRDA:263,20,1,0
BRDA:277,21,0,0
BRDA:277,21,1,0
BRDA:286,22,0,0
BRDA:286,22,1,0
BRDA:296,23,0,0
BRDA:296,23,1,0
BRF:49
BRH:0
end_of_record
TN:
SF:js\api.js
FN:7,(anonymous_0)
FN:56,(anonymous_1)
FN:57,(anonymous_2)
FN:65,(anonymous_3)
FN:76,(anonymous_4)
FN:78,(anonymous_5)
FN:86,(anonymous_6)
FN:100,(anonymous_7)
FN:101,(anonymous_8)
FN:109,(anonymous_9)
FN:118,(anonymous_10)
FN:127,(anonymous_11)
FN:202,(anonymous_12)
FN:239,(anonymous_13)
FN:257,(anonymous_14)
FN:290,(anonymous_15)
FN:348,(anonymous_16)
FN:349,(anonymous_17)
FN:361,(anonymous_18)
FN:381,(anonymous_19)
FN:392,(anonymous_20)
FN:403,(anonymous_21)
FN:413,(anonymous_22)
FN:423,(anonymous_23)
FN:444,(anonymous_24)
FN:456,(anonymous_25)
FN:460,(anonymous_26)
FN:471,(anonymous_27)
FN:482,(anonymous_28)
FN:486,(anonymous_29)
FN:495,(anonymous_30)
FN:499,(anonymous_31)
FN:503,(anonymous_32)
FN:507,(anonymous_33)
FN:511,(anonymous_34)
FN:516,(anonymous_35)
FN:520,(anonymous_36)
FN:525,(anonymous_37)
FN:529,(anonymous_38)
FN:535,(anonymous_39)
FN:539,(anonymous_40)
FN:543,(anonymous_41)
FN:547,(anonymous_42)
FN:551,(anonymous_43)
FN:555,(anonymous_44)
FN:559,(anonymous_45)
FN:564,(anonymous_46)
FN:571,(anonymous_47)
FN:575,(anonymous_48)
FN:579,(anonymous_49)
FN:583,(anonymous_50)
FN:587,(anonymous_51)
FN:591,(anonymous_52)
FN:596,(anonymous_53)
FN:601,(anonymous_54)
FN:606,(anonymous_55)
FN:611,(anonymous_56)
FN:616,(anonymous_57)
FN:621,(anonymous_58)
FN:626,(anonymous_59)
FN:631,(anonymous_60)
FN:636,(anonymous_61)
FN:641,(anonymous_62)
FN:648,(anonymous_63)
FN:652,(anonymous_64)
FN:656,(anonymous_65)
FN:660,(anonymous_66)
FN:666,(anonymous_67)
FN:670,(anonymous_68)
FN:674,(anonymous_69)
FN:691,(anonymous_70)
FN:692,(anonymous_71)
FN:693,(anonymous_72)
FN:694,(anonymous_73)
FN:695,(anonymous_74)
FN:696,(anonymous_75)
FN:697,(anonymous_76)
FN:698,(anonymous_77)
FN:699,(anonymous_78)
FN:701,(anonymous_79)
FN:702,(anonymous_80)
FN:704,(anonymous_81)
FN:705,(anonymous_82)
FN:710,(anonymous_83)
FN:711,(anonymous_84)
FN:712,(anonymous_85)
FN:713,(anonymous_86)
FN:714,(anonymous_87)
FN:715,(anonymous_88)
FN:716,(anonymous_89)
FN:721,(anonymous_90)
FN:722,(anonymous_91)
FN:723,(anonymous_92)
FN:724,(anonymous_93)
FN:725,(anonymous_94)
FN:726,(anonymous_95)
FN:727,(anonymous_96)
FN:728,(anonymous_97)
FN:729,(anonymous_98)
FN:730,(anonymous_99)
FN:731,(anonymous_100)
FN:732,(anonymous_101)
FN:733,(anonymous_102)
FN:734,(anonymous_103)
FN:735,(anonymous_104)
FN:740,(anonymous_105)
FN:741,(anonymous_106)
FN:755,(anonymous_107)
FNF:108
FNH:0
FNDA:0,(anonymous_0)
FNDA:0,(anonymous_1)
FNDA:0,(anonymous_2)
FNDA:0,(anonymous_3)
FNDA:0,(anonymous_4)
FNDA:0,(anonymous_5)
FNDA:0,(anonymous_6)
FNDA:0,(anonymous_7)
FNDA:0,(anonymous_8)
FNDA:0,(anonymous_9)
FNDA:0,(anonymous_10)
FNDA:0,(anonymous_11)
FNDA:0,(anonymous_12)
FNDA:0,(anonymous_13)
FNDA:0,(anonymous_14)
FNDA:0,(anonymous_15)
FNDA:0,(anonymous_16)
FNDA:0,(anonymous_17)
FNDA:0,(anonymous_18)
FNDA:0,(anonymous_19)
FNDA:0,(anonymous_20)
FNDA:0,(anonymous_21)
FNDA:0,(anonymous_22)
FNDA:0,(anonymous_23)
FNDA:0,(anonymous_24)
FNDA:0,(anonymous_25)
FNDA:0,(anonymous_26)
FNDA:0,(anonymous_27)
FNDA:0,(anonymous_28)
FNDA:0,(anonymous_29)
FNDA:0,(anonymous_30)
FNDA:0,(anonymous_31)
FNDA:0,(anonymous_32)
FNDA:0,(anonymous_33)
FNDA:0,(anonymous_34)
FNDA:0,(anonymous_35)
FNDA:0,(anonymous_36)
FNDA:0,(anonymous_37)
FNDA:0,(anonymous_38)
FNDA:0,(anonymous_39)
FNDA:0,(anonymous_40)
FNDA:0,(anonymous_41)
FNDA:0,(anonymous_42)
FNDA:0,(anonymous_43)
FNDA:0,(anonymous_44)
FNDA:0,(anonymous_45)
FNDA:0,(anonymous_46)
FNDA:0,(anonymous_47)
FNDA:0,(anonymous_48)
FNDA:0,(anonymous_49)
FNDA:0,(anonymous_50)
FNDA:0,(anonymous_51)
FNDA:0,(anonymous_52)
FNDA:0,(anonymous_53)
FNDA:0,(anonymous_54)
FNDA:0,(anonymous_55)
FNDA:0,(anonymous_56)
FNDA:0,(anonymous_57)
FNDA:0,(anonymous_58)
FNDA:0,(anonymous_59)
FNDA:0,(anonymous_60)
FNDA:0,(anonymous_61)
FNDA:0,(anonymous_62)
FNDA:0,(anonymous_63)
FNDA:0,(anonymous_64)
FNDA:0,(anonymous_65)
FNDA:0,(anonymous_66)
FNDA:0,(anonymous_67)
FNDA:0,(anonymous_68)
FNDA:0,(anonymous_69)
FNDA:0,(anonymous_70)
FNDA:0,(anonymous_71)
FNDA:0,(anonymous_72)
FNDA:0,(anonymous_73)
FNDA:0,(anonymous_74)
FNDA:0,(anonymous_75)
FNDA:0,(anonymous_76)
FNDA:0,(anonymous_77)
FNDA:0,(anonymous_78)
FNDA:0,(anonymous_79)
FNDA:0,(anonymous_80)
FNDA:0,(anonymous_81)
FNDA:0,(anonymous_82)
FNDA:0,(anonymous_83)
FNDA:0,(anonymous_84)
FNDA:0,(anonymous_85)
FNDA:0,(anonymous_86)
FNDA:0,(anonymous_87)
FNDA:0,(anonymous_88)
FNDA:0,(anonymous_89)
FNDA:0,(anonymous_90)
FNDA:0,(anonymous_91)
FNDA:0,(anonymous_92)
FNDA:0,(anonymous_93)
FNDA:0,(anonymous_94)
FNDA:0,(anonymous_95)
FNDA:0,(anonymous_96)
FNDA:0,(anonymous_97)
FNDA:0,(anonymous_98)
FNDA:0,(anonymous_99)
FNDA:0,(anonymous_100)
FNDA:0,(anonymous_101)
FNDA:0,(anonymous_102)
FNDA:0,(anonymous_103)
FNDA:0,(anonymous_104)
FNDA:0,(anonymous_105)
FNDA:0,(anonymous_106)
FNDA:0,(anonymous_107)
DA:9,0
DA:12,0
DA:14,0
DA:15,0
DA:19,0
DA:20,0
DA:21,0
DA:24,0
DA:25,0
DA:28,0
DA:29,0
DA:30,0
DA:31,0
DA:32,0
DA:33,0
DA:36,0
DA:45,0
DA:48,0
DA:50,0
DA:57,0
DA:58,0
DA:59,0
DA:60,0
DA:61,0
DA:65,0
DA:66,0
DA:67,0
DA:68,0
DA:78,0
DA:80,0
DA:86,0
DA:87,0
DA:90,0
DA:91,0
DA:92,0
DA:95,0
DA:99,0
DA:100,0
DA:101,0
DA:110,0
DA:119,0
DA:129,0
DA:130,0
DA:131,0
DA:135,0
DA:136,0
DA:140,0
DA:147,0
DA:148,0
DA:149,0
DA:150,0
DA:152,0
DA:157,0
DA:159,0
DA:160,0
DA:161,0
DA:164,0
DA:165,0
DA:172,0
DA:175,0
DA:176,0
DA:177,0
DA:178,0
DA:179,0
DA:180,0
DA:185,0
DA:187,0
DA:188,0
DA:191,0
DA:192,0
DA:203,0
DA:206,0
DA:214,0
DA:215,0
DA:216,0
DA:217,0
DA:218,0
DA:221,0
DA:222,0
DA:223,0
DA:228,0
DA:229,0
DA:230,0
DA:233,0
DA:234,0
DA:235,0
DA:238,0
DA:239,0
DA:240,0
DA:241,0
DA:245,0
DA:246,0
DA:248,0
DA:249,0
DA:258,0
DA:259,0
DA:260,0
DA:261,0
DA:263,0
DA:264,0
DA:266,0
DA:269,0
DA:272,0
DA:274,0
DA:275,0
DA:276,0
DA:277,0
DA:278,0
DA:279,0
DA:281,0
DA:291,0
DA:293,0
DA:294,0
DA:297,0
DA:298,0
DA:301,0
DA:302,0
DA:303,0
DA:306,0
DA:307,0
DA:310,0
DA:312,0
DA:313,0
DA:314,0
DA:315,0
DA:317,0
DA:320,0
DA:321,0
DA:323,0
DA:325,0
DA:326,0
DA:328,0
DA:330,0
DA:331,0
DA:333,0
DA:335,0
DA:336,0
DA:340,0
DA:349,0
DA:350,0
DA:352,0
DA:353,0
DA:362,0
DA:363,0
DA:365,0
DA:366,0
DA:367,0
DA:368,0
DA:370,0
DA:382,0
DA:393,0
DA:404,0
DA:414,0
DA:426,0
DA:427,0
DA:428,0
DA:430,0
DA:433,0
DA:434,0
DA:438,0
DA:439,0
DA:443,0
DA:444,0
DA:446,0
DA:450,0
DA:457,0
DA:461,0
DA:463,0
DA:464,0
DA:465,0
DA:468,0
DA:472,0
DA:474,0
DA:475,0
DA:476,0
DA:479,0
DA:483,0
DA:487,0
DA:488,0
DA:490,0
DA:491,0
DA:496,0
DA:500,0
DA:504,0
DA:508,0
DA:512,0
DA:517,0
DA:521,0
DA:526,0
DA:530,0
DA:536,0
DA:540,0
DA:544,0
DA:548,0
DA:552,0
DA:556,0
DA:560,0
DA:561,0
DA:565,0
DA:566,0
DA:572,0
DA:576,0
DA:580,0
DA:584,0
DA:588,0
DA:592,0
DA:593,0
DA:597,0
DA:598,0
DA:602,0
DA:603,0
DA:607,0
DA:608,0
DA:612,0
DA:613,0
DA:617,0
DA:618,0
DA:622,0
DA:623,0
DA:627,0
DA:628,0
DA:632,0
DA:633,0
DA:637,0
DA:638,0
DA:642,0
DA:643,0
DA:644,0
DA:649,0
DA:653,0
DA:657,0
DA:661,0
DA:667,0
DA:671,0
DA:675,0
DA:676,0
DA:681,0
DA:682,0
DA:683,0
DA:684,0
DA:685,0
DA:688,0
DA:691,0
DA:692,0
DA:693,0
DA:694,0
DA:695,0
DA:696,0
DA:697,0
DA:698,0
DA:699,0
DA:701,0
DA:702,0
DA:704,0
DA:705,0
DA:710,0
DA:711,0
DA:712,0
DA:713,0
DA:714,0
DA:715,0
DA:716,0
DA:721,0
DA:722,0
DA:723,0
DA:724,0
DA:725,0
DA:726,0
DA:727,0
DA:728,0
DA:729,0
DA:730,0
DA:731,0
DA:732,0
DA:733,0
DA:734,0
DA:735,0
DA:740,0
DA:741,0
DA:746,0
DA:747,0
DA:750,0
DA:752,0
DA:755,0
DA:756,0
DA:757,0
DA:758,0
DA:760,0
DA:767,0
LF:289
LH:0
BRDA:12,0,0,0
BRDA:12,0,1,0
BRDA:12,1,0,0
BRDA:12,1,1,0
BRDA:12,1,2,0
BRDA:12,1,3,0
BRDA:19,2,0,0
BRDA:19,2,1,0
BRDA:19,3,0,0
BRDA:19,3,1,0
BRDA:60,4,0,0
BRDA:60,4,1,0
BRDA:67,5,0,0
BRDA:67,5,1,0
BRDA:90,6,0,0
BRDA:90,6,1,0
BRDA:131,7,0,0
BRDA:131,7,1,0
BRDA:135,8,0,0
BRDA:135,8,1,0
BRDA:135,9,0,0
BRDA:135,9,1,0
BRDA:141,10,0,0
BRDA:141,10,1,0
BRDA:147,11,0,0
BRDA:147,11,1,0
BRDA:147,12,0,0
BRDA:147,12,1,0
BRDA:148,13,0,0
BRDA:148,13,1,0
BRDA:160,14,0,0
BRDA:160,14,1,0
BRDA:164,15,0,0
BRDA:164,15,1,0
BRDA:164,16,0,0
BRDA:164,16,1,0
BRDA:177,17,0,0
BRDA:177,17,1,0
BRDA:177,18,0,0
BRDA:177,18,1,0
BRDA:178,19,0,0
BRDA:178,19,1,0
BRDA:179,20,0,0
BRDA:179,20,1,0
BRDA:179,21,0,0
BRDA:179,21,1,0
BRDA:203,22,0,0
BRDA:203,22,1,0
BRDA:215,23,0,0
BRDA:215,23,1,0
BRDA:215,24,0,0
BRDA:215,24,1,0
BRDA:216,25,0,0
BRDA:216,25,1,0
BRDA:216,26,0,0
BRDA:216,26,1,0
BRDA:221,27,0,0
BRDA:221,27,1,0
BRDA:221,28,0,0
BRDA:221,28,1,0
BRDA:228,29,0,0
BRDA:228,29,1,0
BRDA:228,30,0,0
BRDA:228,30,1,0
BRDA:233,31,0,0
BRDA:233,31,1,0
BRDA:240,32,0,0
BRDA:240,32,1,0
BRDA:240,33,0,0
BRDA:240,33,1,0
BRDA:246,34,0,0
BRDA:246,34,1,0
BRDA:258,35,0,0
BRDA:258,35,1,0
BRDA:274,36,0,0
BRDA:274,36,1,0
BRDA:276,37,0,0
BRDA:276,37,1,0
BRDA:278,38,0,0
BRDA:278,38,1,0
BRDA:291,39,0,0
BRDA:291,39,1,0
BRDA:297,40,0,0
BRDA:297,40,1,0
BRDA:301,41,0,0
BRDA:301,41,1,0
BRDA:306,42,0,0
BRDA:306,42,1,0
BRDA:310,43,0,0
BRDA:310,43,1,0
BRDA:313,44,0,0
BRDA:313,44,1,0
BRDA:313,45,0,0
BRDA:313,45,1,0
BRDA:314,46,0,0
BRDA:314,46,1,0
BRDA:315,47,0,0
BRDA:315,47,1,0
BRDA:315,47,2,0
BRDA:320,48,0,0
BRDA:320,48,1,0
BRDA:323,49,0,0
BRDA:323,49,1,0
BRDA:325,50,0,0
BRDA:325,50,1,0
BRDA:328,51,0,0
BRDA:328,51,1,0
BRDA:330,52,0,0
BRDA:330,52,1,0
BRDA:333,53,0,0
BRDA:333,53,1,0
BRDA:335,54,0,0
BRDA:335,54,1,0
BRDA:352,55,0,0
BRDA:352,55,1,0
BRDA:381,56,0,0
BRDA:392,57,0,0
BRDA:403,58,0,0
BRDA:413,59,0,0
BRDA:423,60,0,0
BRDA:433,61,0,0
BRDA:433,61,1,0
BRDA:433,62,0,0
BRDA:433,62,1,0
BRDA:438,63,0,0
BRDA:438,63,1,0
BRDA:463,64,0,0
BRDA:463,64,1,0
BRDA:474,65,0,0
BRDA:474,65,1,0
BRDA:539,66,0,0
BRDA:591,67,0,0
BRDA:601,68,0,0
BRDA:641,69,0,0
BRDA:643,70,0,0
BRDA:643,70,1,0
BRDA:750,71,0,0
BRDA:750,71,1,0
BRDA:756,72,0,0
BRDA:756,72,1,0
BRF:140
BRH:0
end_of_record
TN:
SF:js\app.js
FN:10,(anonymous_0)
FN:21,(anonymous_1)
FN:50,(anonymous_2)
FN:63,(anonymous_3)
FN:78,(anonymous_4)
FN:111,(anonymous_5)
FN:124,(anonymous_6)
FN:149,(anonymous_7)
FN:151,(anonymous_8)
FN:156,(anonymous_9)
FN:161,(anonymous_10)
FN:166,(anonymous_11)
FN:180,(anonymous_12)
FN:186,(anonymous_13)
FN:192,(anonymous_14)
FN:198,(anonymous_15)
FN:202,(anonymous_16)
FN:206,(anonymous_17)
FN:215,(anonymous_18)
FN:222,(anonymous_19)
FN:232,(anonymous_20)
FN:234,(anonymous_21)
FN:253,(anonymous_22)
FNF:23
FNH:0
FNDA:0,(anonymous_0)
FNDA:0,(anonymous_1)
FNDA:0,(anonymous_2)
FNDA:0,(anonymous_3)
FNDA:0,(anonymous_4)
FNDA:0,(anonymous_5)
FNDA:0,(anonymous_6)
FNDA:0,(anonymous_7)
FNDA:0,(anonymous_8)
FNDA:0,(anonymous_9)
FNDA:0,(anonymous_10)
FNDA:0,(anonymous_11)
FNDA:0,(anonymous_12)
FNDA:0,(anonymous_13)
FNDA:0,(anonymous_14)
FNDA:0,(anonymous_15)
FNDA:0,(anonymous_16)
FNDA:0,(anonymous_17)
FNDA:0,(anonymous_18)
FNDA:0,(anonymous_19)
FNDA:0,(anonymous_20)
FNDA:0,(anonymous_21)
FNDA:0,(anonymous_22)
DA:11,0
DA:12,0
DA:18,0
DA:22,0
DA:23,0
DA:26,0
DA:29,0
DA:32,0
DA:34,0
DA:35,0
DA:38,0
DA:41,0
DA:44,0
DA:46,0
DA:52,0
DA:53,0
DA:56,0
DA:59,0
DA:60,0
DA:62,0
DA:63,0
DA:64,0
DA:67,0
DA:68,0
DA:69,0
DA:71,0
DA:72,0
DA:75,0
DA:79,0
DA:82,0
DA:83,0
DA:85,0
DA:87,0
DA:88,0
DA:89,0
DA:92,0
DA:93,0
DA:94,0
DA:98,0
DA:99,0
DA:103,0
DA:105,0
DA:112,0
DA:113,0
DA:114,0
DA:115,0
DA:117,0
DA:125,0
DA:126,0
DA:139,0
DA:146,0
DA:151,0
DA:152,0
DA:156,0
DA:157,0
DA:161,0
DA:162,0
DA:167,0
DA:169,0
DA:170,0
DA:171,0
DA:174,0
DA:175,0
DA:176,0
DA:182,0
DA:187,0
DA:188,0
DA:193,0
DA:194,0
DA:199,0
DA:203,0
DA:207,0
DA:210,0
DA:212,0
DA:216,0
DA:217,0
DA:219,0
DA:223,0
DA:226,0
DA:228,0
DA:234,0
DA:235,0
DA:236,0
DA:241,0
DA:242,0
DA:243,0
DA:245,0
DA:246,0
DA:251,0
DA:253,0
DA:254,0
DA:255,0
DA:256,0
DA:257,0
DA:259,0
DA:264,0
DA:265,0
DA:267,0
DA:268,0
DA:269,0
DA:270,0
DA:272,0
LF:102
LH:0
BRDA:62,0,0,0
BRDA:62,0,1,0
BRDA:67,1,0,0
BRDA:67,1,1,0
BRDA:67,2,0,0
BRDA:67,2,1,0
BRDA:85,3,0,0
BRDA:85,3,1,0
BRDA:85,4,0,0
BRDA:85,4,1,0
BRDA:98,5,0,0
BRDA:98,5,1,0
BRDA:113,6,0,0
BRDA:113,6,1,0
BRDA:167,7,0,0
BRDA:167,7,1,0
BRDA:187,8,0,0
BRDA:187,8,1,0
BRDA:193,9,0,0
BRDA:193,9,1,0
BRDA:203,10,0,0
BRDA:203,10,1,0
BRDA:207,11,0,0
BRDA:207,11,1,0
BRDA:216,12,0,0
BRDA:216,12,1,0
BRDA:223,13,0,0
BRDA:223,13,1,0
BRDA:235,14,0,0
BRDA:235,14,1,0
BRDA:235,15,0,0
BRDA:235,15,1,0
BRDA:264,16,0,0
BRDA:264,16,1,0
BRF:34
BRH:0
end_of_record
TN:
SF:js\auth-verification.js
FN:8,(anonymous_0)
FN:13,(anonymous_1)
FN:17,(anonymous_2)
FN:19,(anonymous_3)
FN:29,(anonymous_4)
FN:36,(anonymous_5)
FN:49,(anonymous_6)
FN:67,(anonymous_7)
FN:69,(anonymous_8)
FN:75,(anonymous_9)
FN:80,(anonymous_10)
FN:86,(anonymous_11)
FN:88,(anonymous_12)
FN:94,(anonymous_13)
FN:100,(anonymous_14)
FN:106,(anonymous_15)
FN:112,(anonymous_16)
FN:114,(anonymous_17)
FN:120,(anonymous_18)
FN:126,(anonymous_19)
FN:128,(anonymous_20)
FN:133,(anonymous_21)
FN:139,(anonymous_22)
FN:147,(anonymous_23)
FN:153,(anonymous_24)
FN:161,(anonymous_25)
FN:167,(anonymous_26)
FN:174,(anonymous_27)
FN:180,(anonymous_28)
FN:186,(anonymous_29)
FN:192,(anonymous_30)
FN:198,(anonymous_31)
FN:204,(anonymous_32)
FN:211,(anonymous_33)
FN:260,(anonymous_34)
FN:303,(anonymous_35)
FN:346,(anonymous_36)
FN:397,(anonymous_37)
FN:407,(anonymous_38)
FNF:39
FNH:0
FNDA:0,(anonymous_0)
FNDA:0,(anonymous_1)
FNDA:0,(anonymous_2)
FNDA:0,(anonymous_3)
FNDA:0,(anonymous_4)
FNDA:0,(anonymous_5)
FNDA:0,(anonymous_6)
FNDA:0,(anonymous_7)
FNDA:0,(anonymous_8)
FNDA:0,(anonymous_9)
FNDA:0,(anonymous_10)
FNDA:0,(anonymous_11)
FNDA:0,(anonymous_12)
FNDA:0,(anonymous_13)
FNDA:0,(anonymous_14)
FNDA:0,(anonymous_15)
FNDA:0,(anonymous_16)
FNDA:0,(anonymous_17)
FNDA:0,(anonymous_18)
FNDA:0,(anonymous_19)
FNDA:0,(anonymous_20)
FNDA:0,(anonymous_21)
FNDA:0,(anonymous_22)
FNDA:0,(anonymous_23)
FNDA:0,(anonymous_24)
FNDA:0,(anonymous_25)
FNDA:0,(anonymous_26)
FNDA:0,(anonymous_27)
FNDA:0,(anonymous_28)
FNDA:0,(anonymous_29)
FNDA:0,(anonymous_30)
FNDA:0,(anonymous_31)
FNDA:0,(anonymous_32)
FNDA:0,(anonymous_33)
FNDA:0,(anonymous_34)
FNDA:0,(anonymous_35)
FNDA:0,(anonymous_36)
FNDA:0,(anonymous_37)
FNDA:0,(anonymous_38)
DA:9,0
DA:10,0
DA:14,0
DA:17,0
DA:18,0
DA:19,0
DA:21,0
DA:25,0
DA:26,0
DA:31,0
DA:32,0
DA:34,0
DA:35,0
DA:36,0
DA:37,0
DA:40,0
DA:41,0
DA:42,0
DA:45,0
DA:46,0
DA:50,0
DA:53,0
DA:56,0
DA:59,0
DA:62,0
DA:64,0
DA:69,0
DA:70,0
DA:71,0
DA:75,0
DA:76,0
DA:77,0
DA:80,0
DA:81,0
DA:82,0
DA:88,0
DA:89,0
DA:90,0
DA:94,0
DA:95,0
DA:96,0
DA:100,0
DA:101,0
DA:102,0
DA:106,0
DA:107,0
DA:108,0
DA:114,0
DA:115,0
DA:116,0
DA:120,0
DA:121,0
DA:122,0
DA:128,0
DA:129,0
DA:133,0
DA:134,0
DA:140,0
DA:141,0
DA:143,0
DA:148,0
DA:149,0
DA:154,0
DA:155,0
DA:157,0
DA:162,0
DA:163,0
DA:168,0
DA:169,0
DA:175,0
DA:176,0
DA:177,0
DA:181,0
DA:182,0
DA:183,0
DA:187,0
DA:188,0
DA:189,0
DA:193,0
DA:194,0
DA:195,0
DA:199,0
DA:200,0
DA:201,0
DA:205,0
DA:206,0
DA:207,0
DA:212,0
DA:213,0
DA:214,0
DA:215,0
DA:218,0
DA:219,0
DA:221,0
DA:223,0
DA:224,0
DA:225,0
DA:229,0
DA:230,0
DA:233,0
DA:235,0
DA:236,0
DA:237,0
DA:239,0
DA:243,0
DA:244,0
DA:250,0
DA:253,0
DA:254,0
DA:255,0
DA:261,0
DA:262,0
DA:263,0
DA:264,0
DA:267,0
DA:268,0
DA:270,0
DA:272,0
DA:273,0
DA:274,0
DA:278,0
DA:279,0
DA:282,0
DA:284,0
DA:285,0
DA:286,0
DA:288,0
DA:292,0
DA:293,0
DA:296,0
DA:297,0
DA:298,0
DA:304,0
DA:305,0
DA:306,0
DA:307,0
DA:310,0
DA:311,0
DA:313,0
DA:315,0
DA:316,0
DA:317,0
DA:321,0
DA:322,0
DA:325,0
DA:327,0
DA:328,0
DA:329,0
DA:331,0
DA:335,0
DA:336,0
DA:339,0
DA:340,0
DA:341,0
DA:347,0
DA:348,0
DA:350,0
DA:351,0
DA:352,0
DA:355,0
DA:356,0
DA:357,0
DA:360,0
DA:361,0
DA:363,0
DA:365,0
DA:366,0
DA:367,0
DA:371,0
DA:372,0
DA:375,0
DA:377,0
DA:378,0
DA:379,0
DA:381,0
DA:385,0
DA:386,0
DA:389,0
DA:390,0
DA:391,0
DA:398,0
DA:399,0
DA:402,0
DA:408,0
DA:409,0
DA:411,0
DA:416,0
DA:419,0
DA:421,0
LF:189
LH:0
BRDA:14,0,0,0
BRDA:14,0,1,0
BRDA:18,1,0,0
BRDA:18,1,1,0
BRDA:34,2,0,0
BRDA:34,2,1,0
BRDA:40,3,0,0
BRDA:40,3,1,0
BRDA:140,4,0,0
BRDA:140,4,1,0
BRDA:148,5,0,0
BRDA:148,5,1,0
BRDA:154,6,0,0
BRDA:154,6,1,0
BRDA:162,7,0,0
BRDA:162,7,1,0
BRDA:168,8,0,0
BRDA:168,8,1,0
BRDA:213,9,0,0
BRDA:213,9,1,0
BRDA:223,10,0,0
BRDA:223,10,1,0
BRDA:229,11,0,0
BRDA:229,11,1,0
BRDA:229,12,0,0
BRDA:229,12,1,0
BRDA:235,13,0,0
BRDA:235,13,1,0
BRDA:239,14,0,0
BRDA:239,14,1,0
BRDA:253,15,0,0
BRDA:253,15,1,0
BRDA:262,16,0,0
BRDA:262,16,1,0
BRDA:272,17,0,0
BRDA:272,17,1,0
BRDA:278,18,0,0
BRDA:278,18,1,0
BRDA:278,19,0,0
BRDA:278,19,1,0
BRDA:284,20,0,0
BRDA:284,20,1,0
BRDA:288,21,0,0
BRDA:288,21,1,0
BRDA:296,22,0,0
BRDA:296,22,1,0
BRDA:305,23,0,0
BRDA:305,23,1,0
BRDA:315,24,0,0
BRDA:315,24,1,0
BRDA:321,25,0,0
BRDA:321,25,1,0
BRDA:321,26,0,0
BRDA:321,26,1,0
BRDA:327,27,0,0
BRDA:327,27,1,0
BRDA:331,28,0,0
BRDA:331,28,1,0
BRDA:339,29,0,0
BRDA:339,29,1,0
BRDA:350,30,0,0
BRDA:350,30,1,0
BRDA:350,31,0,0
BRDA:350,31,1,0
BRDA:355,32,0,0
BRDA:355,32,1,0
BRDA:365,33,0,0
BRDA:365,33,1,0
BRDA:371,34,0,0
BRDA:371,34,1,0
BRDA:371,35,0,0
BRDA:371,35,1,0
BRDA:377,36,0,0
BRDA:377,36,1,0
BRDA:381,37,0,0
BRDA:381,37,1,0
BRDA:389,38,0,0
BRDA:389,38,1,0
BRDA:397,39,0,0
BRDA:398,40,0,0
BRDA:398,40,1,0
BRDA:408,41,0,0
BRDA:408,41,1,0
BRF:83
BRH:0
end_of_record
TN:
SF:js\canvas-viewer.js
FN:7,(anonymous_0)
FN:89,(anonymous_1)
FN:103,(anonymous_2)
FN:116,(anonymous_3)
FN:141,(anonymous_4)
FN:202,(anonymous_5)
FN:244,(anonymous_6)
FN:283,(anonymous_7)
FN:301,(anonymous_8)
FN:306,(anonymous_9)
FN:314,(anonymous_10)
FN:335,(anonymous_11)
FN:408,(anonymous_12)
FN:425,(anonymous_13)
FN:436,(anonymous_14)
FN:455,(anonymous_15)
FN:483,(anonymous_16)
FN:498,(anonymous_17)
FN:509,(anonymous_18)
FN:548,(anonymous_19)
FN:558,(anonymous_20)
FN:615,(anonymous_21)
FN:678,(anonymous_22)
FN:766,(anonymous_23)
FN:814,(anonymous_24)
FN:825,(anonymous_25)
FN:850,(anonymous_26)
FN:875,(anonymous_27)
FN:884,(anonymous_28)
FN:892,(anonymous_29)
FN:902,(anonymous_30)
FN:974,(anonymous_31)
FN:979,(anonymous_32)
FN:1001,(anonymous_33)
FN:1010,(anonymous_34)
FN:1020,(anonymous_35)
FN:1037,(anonymous_36)
FN:1048,(anonymous_37)
FN:1122,(anonymous_38)
FN:1166,(anonymous_39)
FN:1175,(anonymous_40)
FN:1196,(anonymous_41)
FN:1217,(anonymous_42)
FN:1237,(anonymous_43)
FN:1280,(anonymous_44)
FN:1315,(anonymous_45)
FN:1327,(anonymous_46)
FN:1336,(anonymous_47)
FN:1382,(anonymous_48)
FN:1389,(anonymous_49)
FN:1404,(anonymous_50)
FN:1407,(anonymous_51)
FN:1427,(anonymous_52)
FN:1479,(anonymous_53)
FN:1488,(anonymous_54)
FN:1497,(anonymous_55)
FN:1507,(anonymous_56)
FN:1519,(anonymous_57)
FN:1528,(anonymous_58)
FN:1537,(anonymous_59)
FN:1546,(anonymous_60)
FN:1558,(anonymous_61)
FN:1573,(anonymous_62)
FN:1588,(anonymous_63)
FN:1602,(anonymous_64)
FN:1613,(anonymous_65)
FN:1632,(anonymous_66)
FN:1657,(anonymous_67)
FN:1670,(anonymous_68)
FN:1681,(anonymous_69)
FN:1693,(anonymous_70)
FN:1701,(anonymous_71)
FN:1733,(anonymous_72)
FN:1777,(anonymous_73)
FN:1783,(anonymous_74)
FN:1803,(anonymous_75)
FN:1830,(anonymous_76)
FN:1870,(anonymous_77)
FN:1879,(anonymous_78)
FN:1898,(anonymous_79)
FN:1921,(anonymous_80)
FN:1932,(anonymous_81)
FN:1971,(anonymous_82)
FN:2015,(anonymous_83)
FN:2049,(anonymous_84)
FN:2054,(anonymous_85)
FN:2075,(anonymous_86)
FN:2086,(anonymous_87)
FN:2103,(anonymous_88)
FN:2117,(anonymous_89)
FNF:90
FNH:0
FNDA:0,(anonymous_0)
FNDA:0,(anonymous_1)
FNDA:0,(anonymous_2)
FNDA:0,(anonymous_3)
FNDA:0,(anonymous_4)
FNDA:0,(anonymous_5)
FNDA:0,(anonymous_6)
FNDA:0,(anonymous_7)
FNDA:0,(anonymous_8)
FNDA:0,(anonymous_9)
FNDA:0,(anonymous_10)
FNDA:0,(anonymous_11)
FNDA:0,(anonymous_12)
FNDA:0,(anonymous_13)
FNDA:0,(anonymous_14)
FNDA:0,(anonymous_15)
FNDA:0,(anonymous_16)
FNDA:0,(anonymous_17)
FNDA:0,(anonymous_18)
FNDA:0,(anonymous_19)
FNDA:0,(anonymous_20)
FNDA:0,(anonymous_21)
FNDA:0,(anonymous_22)
FNDA:0,(anonymous_23)
FNDA:0,(anonymous_24)
FNDA:0,(anonymous_25)
FNDA:0,(anonymous_26)
FNDA:0,(anonymous_27)
FNDA:0,(anonymous_28)
FNDA:0,(anonymous_29)
FNDA:0,(anonymous_30)
FNDA:0,(anonymous_31)
FNDA:0,(anonymous_32)
FNDA:0,(anonymous_33)
FNDA:0,(anonymous_34)
FNDA:0,(anonymous_35)
FNDA:0,(anonymous_36)
FNDA:0,(anonymous_37)
FNDA:0,(anonymous_38)
FNDA:0,(anonymous_39)
FNDA:0,(anonymous_40)
FNDA:0,(anonymous_41)
FNDA:0,(anonymous_42)
FNDA:0,(anonymous_43)
FNDA:0,(anonymous_44)
FNDA:0,(anonymous_45)
FNDA:0,(anonymous_46)
FNDA:0,(anonymous_47)
FNDA:0,(anonymous_48)
FNDA:0,(anonymous_49)
FNDA:0,(anonymous_50)
FNDA:0,(anonymous_51)
FNDA:0,(anonymous_52)
FNDA:0,(anonymous_53)
FNDA:0,(anonymous_54)
FNDA:0,(anonymous_55)
FNDA:0,(anonymous_56)
FNDA:0,(anonymous_57)
FNDA:0,(anonymous_58)
FNDA:0,(anonymous_59)
FNDA:0,(anonymous_60)
FNDA:0,(anonymous_61)
FNDA:0,(anonymous_62)
FNDA:0,(anonymous_63)
FNDA:0,(anonymous_64)
FNDA:0,(anonymous_65)
FNDA:0,(anonymous_66)
FNDA:0,(anonymous_67)
FNDA:0,(anonymous_68)
FNDA:0,(anonymous_69)
FNDA:0,(anonymous_70)
FNDA:0,(anonymous_71)
FNDA:0,(anonymous_72)
FNDA:0,(anonymous_73)
FNDA:0,(anonymous_74)
FNDA:0,(anonymous_75)
FNDA:0,(anonymous_76)
FNDA:0,(anonymous_77)
FNDA:0,(anonymous_78)
FNDA:0,(anonymous_79)
FNDA:0,(anonymous_80)
FNDA:0,(anonymous_81)
FNDA:0,(anonymous_82)
FNDA:0,(anonymous_83)
FNDA:0,(anonymous_84)
FNDA:0,(anonymous_85)
FNDA:0,(anonymous_86)
FNDA:0,(anonymous_87)
FNDA:0,(anonymous_88)
FNDA:0,(anonymous_89)
DA:9,0
DA:10,0
DA:13,0
DA:14,0
DA:15,0
DA:18,0
DA:19,0
DA:20,0
DA:21,0
DA:22,0
DA:25,0
DA:26,0
DA:29,0
DA:32,0
DA:45,0
DA:46,0
DA:47,0
DA:48,0
DA:51,0
DA:52,0
DA:53,0
DA:54,0
DA:55,0
DA:58,0
DA:61,0
DA:62,0
DA:63,0
DA:66,0
DA:67,0
DA:70,0
DA:71,0
DA:74,0
DA:89,0
DA:91,0
DA:94,0
DA:95,0
DA:96,0
DA:97,0
DA:100,0
DA:103,0
DA:104,0
DA:107,0
DA:108,0
DA:117,0
DA:118,0
DA:119,0
DA:122,0
DA:123,0
DA:126,0
DA:127,0
DA:130,0
DA:133,0
DA:135,0
DA:143,0
DA:146,0
DA:147,0
DA:148,0
DA:149,0
DA:150,0
DA:153,0
DA:156,0
DA:157,0
DA:160,0
DA:161,0
DA:162,0
DA:165,0
DA:191,0
DA:194,0
DA:195,0
DA:203,0
DA:206,0
DA:207,0
DA:208,0
DA:211,0
DA:212,0
DA:215,0
DA:216,0
DA:220,0
DA:223,0
DA:224,0
DA:225,0
DA:226,0
DA:227,0
DA:230,0
DA:231,0
DA:232,0
DA:234,0
DA:235,0
DA:246,0
DA:247,0
DA:251,0
DA:252,0
DA:253,0
DA:256,0
DA:257,0
DA:260,0
DA:262,0
DA:263,0
DA:265,0
DA:267,0
DA:268,0
DA:270,0
DA:272,0
DA:275,0
DA:284,0
DA:286,0
DA:289,0
DA:290,0
DA:291,0
DA:293,0
DA:301,0
DA:302,0
DA:303,0
DA:304,0
DA:306,0
DA:307,0
DA:308,0
DA:310,0
DA:311,0
DA:314,0
DA:315,0
DA:316,0
DA:319,0
DA:320,0
DA:323,0
DA:325,0
DA:326,0
DA:336,0
DA:337,0
DA:340,0
DA:341,0
DA:344,0
DA:346,0
DA:347,0
DA:348,0
DA:349,0
DA:351,0
DA:352,0
DA:355,0
DA:356,0
DA:368,0
DA:369,0
DA:370,0
DA:371,0
DA:373,0
DA:375,0
DA:376,0
DA:379,0
DA:380,0
DA:381,0
DA:384,0
DA:385,0
DA:387,0
DA:388,0
DA:389,0
DA:392,0
DA:393,0
DA:396,0
DA:410,0
DA:412,0
DA:416,0
DA:417,0
DA:418,0
DA:427,0
DA:428,0
DA:438,0
DA:440,0
DA:441,0
DA:442,0
DA:445,0
DA:446,0
DA:457,0
DA:458,0
DA:459,0
DA:462,0
DA:463,0
DA:466,0
DA:468,0
DA:469,0
DA:471,0
DA:473,0
DA:474,0
DA:485,0
DA:486,0
DA:487,0
DA:489,0
DA:490,0
DA:500,0
DA:501,0
DA:510,0
DA:512,0
DA:513,0
DA:514,0
DA:515,0
DA:517,0
DA:518,0
DA:520,0
DA:522,0
DA:523,0
DA:525,0
DA:527,0
DA:528,0
DA:531,0
DA:533,0
DA:534,0
DA:536,0
DA:537,0
DA:541,0
DA:549,0
DA:550,0
DA:551,0
DA:559,0
DA:561,0
DA:562,0
DA:563,0
DA:564,0
DA:566,0
DA:568,0
DA:569,0
DA:570,0
DA:571,0
DA:572,0
DA:575,0
DA:576,0
DA:577,0
DA:578,0
DA:580,0
DA:582,0
DA:583,0
DA:584,0
DA:585,0
DA:586,0
DA:589,0
DA:590,0
DA:591,0
DA:597,0
DA:598,0
DA:601,0
DA:602,0
DA:603,0
DA:606,0
DA:607,0
DA:616,0
DA:618,0
DA:620,0
DA:621,0
DA:622,0
DA:625,0
DA:626,0
DA:630,0
DA:631,0
DA:632,0
DA:634,0
DA:635,0
DA:637,0
DA:639,0
DA:641,0
DA:642,0
DA:645,0
DA:651,0
DA:652,0
DA:655,0
DA:658,0
DA:659,0
DA:660,0
DA:663,0
DA:666,0
DA:667,0
DA:669,0
DA:670,0
DA:679,0
DA:682,0
DA:684,0
DA:686,0
DA:687,0
DA:688,0
DA:689,0
DA:692,0
DA:693,0
DA:695,0
DA:696,0
DA:697,0
DA:704,0
DA:705,0
DA:706,0
DA:712,0
DA:715,0
DA:716,0
DA:717,0
DA:718,0
DA:722,0
DA:723,0
DA:724,0
DA:727,0
DA:728,0
DA:729,0
DA:730,0
DA:731,0
DA:732,0
DA:733,0
DA:737,0
DA:738,0
DA:739,0
DA:743,0
DA:749,0
DA:751,0
DA:752,0
DA:754,0
DA:755,0
DA:756,0
DA:768,0
DA:769,0
DA:770,0
DA:771,0
DA:775,0
DA:777,0
DA:780,0
DA:781,0
DA:782,0
DA:784,0
DA:785,0
DA:786,0
DA:788,0
DA:789,0
DA:790,0
DA:792,0
DA:793,0
DA:794,0
DA:796,0
DA:797,0
DA:798,0
DA:800,0
DA:801,0
DA:802,0
DA:804,0
DA:805,0
DA:806,0
DA:815,0
DA:816,0
DA:817,0
DA:826,0
DA:827,0
DA:828,0
DA:831,0
DA:832,0
DA:834,0
DA:835,0
DA:837,0
DA:840,0
DA:841,0
DA:851,0
DA:852,0
DA:853,0
DA:854,0
DA:857,0
DA:859,0
DA:860,0
DA:862,0
DA:863,0
DA:866,0
DA:867,0
DA:876,0
DA:877,0
DA:878,0
DA:881,0
DA:882,0
DA:884,0
DA:885,0
DA:888,0
DA:889,0
DA:891,0
DA:892,0
DA:903,0
DA:905,0
DA:906,0
DA:907,0
DA:908,0
DA:911,0
DA:912,0
DA:915,0
DA:916,0
DA:919,0
DA:921,0
DA:922,0
DA:924,0
DA:928,0
DA:929,0
DA:941,0
DA:942,0
DA:943,0
DA:944,0
DA:946,0
DA:951,0
DA:959,0
DA:960,0
DA:963,0
DA:966,0
DA:967,0
DA:975,0
DA:976,0
DA:979,0
DA:980,0
DA:981,0
DA:983,0
DA:985,0
DA:986,0
DA:988,0
DA:991,0
DA:995,0
DA:996,0
DA:1000,0
DA:1001,0
DA:1003,0
DA:1011,0
DA:1012,0
DA:1013,0
DA:1021,0
DA:1022,0
DA:1023,0
DA:1024,0
DA:1025,0
DA:1028,0
DA:1030,0
DA:1038,0
DA:1039,0
DA:1041,0
DA:1049,0
DA:1051,0
DA:1053,0
DA:1056,0
DA:1057,0
DA:1060,0
DA:1062,0
DA:1063,0
DA:1064,0
DA:1065,0
DA:1066,0
DA:1070,0
DA:1071,0
DA:1072,0
DA:1075,0
DA:1078,0
DA:1081,0
DA:1082,0
DA:1086,0
DA:1089,0
DA:1092,0
DA:1093,0
DA:1097,0
DA:1098,0
DA:1102,0
DA:1105,0
DA:1108,0
DA:1110,0
DA:1111,0
DA:1112,0
DA:1113,0
DA:1114,0
DA:1124,0
DA:1127,0
DA:1128,0
DA:1131,0
DA:1132,0
DA:1134,0
DA:1135,0
DA:1136,0
DA:1137,0
DA:1140,0
DA:1141,0
DA:1142,0
DA:1145,0
DA:1146,0
DA:1147,0
DA:1149,0
DA:1151,0
DA:1152,0
DA:1157,0
DA:1158,0
DA:1160,0
DA:1167,0
DA:1168,0
DA:1169,0
DA:1176,0
DA:1179,0
DA:1180,0
DA:1183,0
DA:1184,0
DA:1185,0
DA:1186,0
DA:1187,0
DA:1188,0
DA:1197,0
DA:1200,0
DA:1201,0
DA:1202,0
DA:1203,0
DA:1204,0
DA:1207,0
DA:1208,0
DA:1209,0
DA:1210,0
DA:1211,0
DA:1218,0
DA:1220,0
DA:1221,0
DA:1224,0
DA:1225,0
DA:1226,0
DA:1227,0
DA:1230,0
DA:1231,0
DA:1232,0
DA:1234,0
DA:1235,0
DA:1237,0
DA:1238,0
DA:1241,0
DA:1242,0
DA:1243,0
DA:1246,0
DA:1247,0
DA:1248,0
DA:1249,0
DA:1252,0
DA:1253,0
DA:1254,0
DA:1255,0
DA:1256,0
DA:1258,0
DA:1259,0
DA:1260,0
DA:1262,0
DA:1263,0
DA:1264,0
DA:1265,0
DA:1266,0
DA:1267,0
DA:1273,0
DA:1274,0
DA:1281,0
DA:1284,0
DA:1285,0
DA:1287,0
DA:1288,0
DA:1289,0
DA:1292,0
DA:1293,0
DA:1294,0
DA:1295,0
DA:1296,0
DA:1297,0
DA:1301,0
DA:1302,0
DA:1303,0
DA:1304,0
DA:1305,0
DA:1306,0
DA:1309,0
DA:1317,0
DA:1320,0
DA:1321,0
DA:1323,0
DA:1324,0
DA:1327,0
DA:1328,0
DA:1337,0
DA:1339,0
DA:1340,0
DA:1342,0
DA:1344,0
DA:1349,0
DA:1351,0
DA:1352,0
DA:1353,0
DA:1354,0
DA:1355,0
DA:1356,0
DA:1366,0
DA:1369,0
DA:1370,0
DA:1372,0
DA:1373,0
DA:1374,0
DA:1375,0
DA:1383,0
DA:1385,0
DA:1386,0
DA:1387,0
DA:1389,0
DA:1390,0
DA:1391,0
DA:1393,0
DA:1394,0
DA:1395,0
DA:1398,0
DA:1405,0
DA:1407,0
DA:1408,0
DA:1409,0
DA:1410,0
DA:1413,0
DA:1414,0
DA:1416,0
DA:1417,0
DA:1418,0
DA:1419,0
DA:1428,0
DA:1429,0
DA:1432,0
DA:1433,0
DA:1436,0
DA:1437,0
DA:1438,0
DA:1440,0
DA:1441,0
DA:1442,0
DA:1444,0
DA:1447,0
DA:1448,0
DA:1451,0
DA:1452,0
DA:1454,0
DA:1456,0
DA:1457,0
DA:1460,0
DA:1461,0
DA:1462,0
DA:1463,0
DA:1466,0
DA:1467,0
DA:1470,0
DA:1480,0
DA:1481,0
DA:1482,0
DA:1489,0
DA:1490,0
DA:1491,0
DA:1498,0
DA:1499,0
DA:1500,0
DA:1501,0
DA:1508,0
DA:1510,0
DA:1511,0
DA:1513,0
DA:1520,0
DA:1521,0
DA:1522,0
DA:1529,0
DA:1530,0
DA:1531,0
DA:1538,0
DA:1539,0
DA:1540,0
DA:1547,0
DA:1548,0
DA:1549,0
DA:1559,0
DA:1566,0
DA:1574,0
DA:1581,0
DA:1589,0
DA:1596,0
DA:1603,0
DA:1605,0
DA:1606,0
DA:1614,0
DA:1633,0
DA:1635,0
DA:1636,0
DA:1637,0
DA:1640,0
DA:1641,0
DA:1644,0
DA:1645,0
DA:1646,0
DA:1647,0
DA:1648,0
DA:1651,0
DA:1658,0
DA:1659,0
DA:1660,0
DA:1662,0
DA:1671,0
DA:1673,0
DA:1674,0
DA:1682,0
DA:1683,0
DA:1684,0
DA:1694,0
DA:1695,0
DA:1702,0
DA:1704,0
DA:1705,0
DA:1708,0
DA:1711,0
DA:1712,0
DA:1716,0
DA:1717,0
DA:1721,0
DA:1722,0
DA:1726,0
DA:1734,0
DA:1735,0
DA:1736,0
DA:1737,0
DA:1740,0
DA:1741,0
DA:1742,0
DA:1743,0
DA:1744,0
DA:1747,0
DA:1748,0
DA:1749,0
DA:1750,0
DA:1751,0
DA:1752,0
DA:1755,0
DA:1756,0
DA:1760,0
DA:1761,0
DA:1762,0
DA:1763,0
DA:1764,0
DA:1765,0
DA:1768,0
DA:1769,0
DA:1778,0
DA:1779,0
DA:1782,0
DA:1783,0
DA:1784,0
DA:1785,0
DA:1786,0
DA:1788,0
DA:1789,0
DA:1790,0
DA:1793,0
DA:1794,0
DA:1795,0
DA:1804,0
DA:1806,0
DA:1807,0
DA:1808,0
DA:1809,0
DA:1812,0
DA:1813,0
DA:1816,0
DA:1817,0
DA:1818,0
DA:1819,0
DA:1820,0
DA:1821,0
DA:1822,0
DA:1823,0
DA:1831,0
DA:1832,0
DA:1833,0
DA:1836,0
DA:1837,0
DA:1840,0
DA:1841,0
DA:1842,0
DA:1845,0
DA:1846,0
DA:1848,0
DA:1849,0
DA:1850,0
DA:1853,0
DA:1870,0
DA:1871,0
DA:1880,0
DA:1886,0
DA:1887,0
DA:1890,0
DA:1891,0
DA:1900,0
DA:1901,0
DA:1902,0
DA:1903,0
DA:1906,0
DA:1909,0
DA:1910,0
DA:1913,0
DA:1914,0
DA:1922,0
DA:1923,0
DA:1924,0
DA:1925,0
DA:1926,0
DA:1933,0
DA:1934,0
DA:1935,0
DA:1936,0
DA:1937,0
DA:1938,0
DA:1939,0
DA:1942,0
DA:1964,0
DA:1965,0
DA:1972,0
DA:1974,0
DA:1975,0
DA:1978,0
DA:1981,0
DA:1982,0
DA:1983,0
DA:1984,0
DA:1985,0
DA:1988,0
DA:1989,0
DA:1990,0
DA:1991,0
DA:1994,0
DA:1995,0
DA:1996,0
DA:1999,0
DA:2000,0
DA:2001,0
DA:2004,0
DA:2005,0
DA:2006,0
DA:2007,0
DA:2009,0
DA:2016,0
DA:2019,0
DA:2020,0
DA:2021,0
DA:2022,0
DA:2023,0
DA:2024,0
DA:2025,0
DA:2026,0
DA:2027,0
DA:2028,0
DA:2031,0
DA:2032,0
DA:2033,0
DA:2036,0
DA:2037,0
DA:2041,0
DA:2042,0
DA:2050,0
DA:2051,0
DA:2054,0
DA:2055,0
DA:2059,0
DA:2060,0
DA:2062,0
DA:2063,0
DA:2069,0
DA:2072,0
DA:2075,0
DA:2076,0
DA:2077,0
DA:2085,0
DA:2086,0
DA:2088,0
DA:2089,0
DA:2093,0
DA:2094,0
DA:2095,0
DA:2097,0
DA:2102,0
DA:2103,0
DA:2105,0
DA:2106,0
DA:2110,0
DA:2111,0
DA:2116,0
DA:2117,0
DA:2119,0
DA:2120,0
DA:2124,0
DA:2125,0
DA:2130,0
LF:876
LH:0
BRDA:107,0,0,0
BRDA:107,0,1,0
BRDA:117,1,0,0
BRDA:117,1,1,0
BRDA:206,2,0,0
BRDA:206,2,1,0
BRDA:208,3,0,0
BRDA:208,3,1,0
BRDA:211,4,0,0
BRDA:211,4,1,0
BRDA:215,5,0,0
BRDA:215,5,1,0
BRDA:232,6,0,0
BRDA:232,6,1,0
BRDA:246,7,0,0
BRDA:246,7,1,0
BRDA:251,8,0,0
BRDA:251,8,1,0
BRDA:251,9,0,0
BRDA:251,9,1,0
BRDA:267,10,0,0
BRDA:267,10,1,0
BRDA:270,11,0,0
BRDA:270,11,1,0
BRDA:284,12,0,0
BRDA:284,12,1,0
BRDA:291,13,0,0
BRDA:291,13,1,0
BRDA:308,14,0,0
BRDA:308,14,1,0
BRDA:310,15,0,0
BRDA:310,15,1,0
BRDA:319,16,0,0
BRDA:319,16,1,0
BRDA:319,17,0,0
BRDA:319,17,1,0
BRDA:340,18,0,0
BRDA:340,18,1,0
BRDA:340,19,0,0
BRDA:340,19,1,0
BRDA:344,20,0,0
BRDA:344,20,1,0
BRDA:344,21,0,0
BRDA:344,21,1,0
BRDA:349,22,0,0
BRDA:349,22,1,0
BRDA:355,23,0,0
BRDA:355,23,1,0
BRDA:355,24,0,0
BRDA:355,24,1,0
BRDA:368,25,0,0
BRDA:368,25,1,0
BRDA:368,26,0,0
BRDA:368,26,1,0
BRDA:373,27,0,0
BRDA:373,27,1,0
BRDA:373,28,0,0
BRDA:373,28,1,0
BRDA:379,29,0,0
BRDA:379,29,1,0
BRDA:388,30,0,0
BRDA:388,30,1,0
BRDA:410,31,0,0
BRDA:410,31,1,0
BRDA:410,32,0,0
BRDA:410,32,1,0
BRDA:427,33,0,0
BRDA:427,33,1,0
BRDA:438,34,0,0
BRDA:438,34,1,0
BRDA:445,35,0,0
BRDA:445,35,1,0
BRDA:457,36,0,0
BRDA:457,36,1,0
BRDA:457,37,0,0
BRDA:457,37,1,0
BRDA:473,38,0,0
BRDA:473,38,1,0
BRDA:489,39,0,0
BRDA:489,39,1,0
BRDA:500,40,0,0
BRDA:500,40,1,0
BRDA:517,41,0,0
BRDA:517,41,1,0
BRDA:520,42,0,0
BRDA:520,42,1,0
BRDA:536,43,0,0
BRDA:536,43,1,0
BRDA:566,44,0,0
BRDA:566,44,1,0
BRDA:580,45,0,0
BRDA:580,45,1,0
BRDA:618,46,0,0
BRDA:618,46,1,0
BRDA:618,47,0,0
BRDA:618,47,1,0
BRDA:625,48,0,0
BRDA:625,48,1,0
BRDA:625,49,0,0
BRDA:625,49,1,0
BRDA:639,50,0,0
BRDA:639,50,1,0
BRDA:639,51,0,0
BRDA:639,51,1,0
BRDA:684,52,0,0
BRDA:684,52,1,0
BRDA:692,53,0,0
BRDA:692,53,1,0
BRDA:693,54,0,0
BRDA:693,54,1,0
BRDA:693,55,0,0
BRDA:693,55,1,0
BRDA:696,56,0,0
BRDA:696,56,1,0
BRDA:712,57,0,0
BRDA:712,57,1,0
BRDA:712,58,0,0
BRDA:712,58,1,0
BRDA:717,59,0,0
BRDA:717,59,1,0
BRDA:717,60,0,0
BRDA:717,60,1,0
BRDA:729,61,0,0
BRDA:729,61,1,0
BRDA:729,62,0,0
BRDA:729,62,1,0
BRDA:732,63,0,0
BRDA:732,63,1,0
BRDA:749,64,0,0
BRDA:749,64,1,0
BRDA:768,65,0,0
BRDA:768,65,1,0
BRDA:775,66,0,0
BRDA:775,66,1,0
BRDA:777,67,0,0
BRDA:777,67,1,0
BRDA:777,67,2,0
BRDA:777,67,3,0
BRDA:777,67,4,0
BRDA:777,67,5,0
BRDA:777,67,6,0
BRDA:777,67,7,0
BRDA:825,68,0,0
BRDA:826,69,0,0
BRDA:826,69,1,0
BRDA:826,70,0,0
BRDA:826,70,1,0
BRDA:834,71,0,0
BRDA:834,71,1,0
BRDA:840,72,0,0
BRDA:840,72,1,0
BRDA:850,73,0,0
BRDA:852,74,0,0
BRDA:852,74,1,0
BRDA:859,75,0,0
BRDA:859,75,1,0
BRDA:866,76,0,0
BRDA:866,76,1,0
BRDA:876,77,0,0
BRDA:876,77,1,0
BRDA:902,78,0,0
BRDA:903,79,0,0
BRDA:903,79,1,0
BRDA:919,80,0,0
BRDA:919,80,1,0
BRDA:919,81,0,0
BRDA:919,81,1,0
BRDA:919,81,2,0
BRDA:919,81,3,0
BRDA:919,81,4,0
BRDA:921,82,0,0
BRDA:921,82,1,0
BRDA:928,83,0,0
BRDA:928,83,1,0
BRDA:928,84,0,0
BRDA:928,84,1,0
BRDA:928,84,2,0
BRDA:942,85,0,0
BRDA:942,85,1,0
BRDA:942,86,0,0
BRDA:942,86,1,0
BRDA:943,87,0,0
BRDA:943,87,1,0
BRDA:954,88,0,0
BRDA:954,88,1,0
BRDA:959,89,0,0
BRDA:959,89,1,0
BRDA:983,90,0,0
BRDA:983,90,1,0
BRDA:985,91,0,0
BRDA:985,91,1,0
BRDA:995,92,0,0
BRDA:995,92,1,0
BRDA:1000,93,0,0
BRDA:1000,93,1,0
BRDA:1011,94,0,0
BRDA:1011,94,1,0
BRDA:1023,95,0,0
BRDA:1023,95,1,0
BRDA:1049,96,0,0
BRDA:1049,96,1,0
BRDA:1049,97,0,0
BRDA:1049,97,1,0
BRDA:1060,98,0,0
BRDA:1060,98,1,0
BRDA:1081,99,0,0
BRDA:1081,99,1,0
BRDA:1092,100,0,0
BRDA:1092,100,1,0
BRDA:1097,101,0,0
BRDA:1097,101,1,0
BRDA:1127,102,0,0
BRDA:1127,102,1,0
BRDA:1127,103,0,0
BRDA:1127,103,1,0
BRDA:1141,104,0,0
BRDA:1141,104,1,0
BRDA:1147,105,0,0
BRDA:1147,105,1,0
BRDA:1149,106,0,0
BRDA:1149,106,1,0
BRDA:1149,107,0,0
BRDA:1149,107,1,0
BRDA:1149,107,2,0
BRDA:1149,107,3,0
BRDA:1176,108,0,0
BRDA:1176,108,1,0
BRDA:1197,109,0,0
BRDA:1197,109,1,0
BRDA:1218,110,0,0
BRDA:1218,110,1,0
BRDA:1218,111,0,0
BRDA:1218,111,1,0
BRDA:1238,112,0,0
BRDA:1238,112,1,0
BRDA:1241,113,0,0
BRDA:1241,113,1,0
BRDA:1252,114,0,0
BRDA:1252,114,1,0
BRDA:1281,115,0,0
BRDA:1281,115,1,0
BRDA:1323,116,0,0
BRDA:1323,116,1,0
BRDA:1337,117,0,0
BRDA:1337,117,1,0
BRDA:1344,118,0,0
BRDA:1344,118,1,0
BRDA:1353,119,0,0
BRDA:1353,119,1,0
BRDA:1354,120,0,0
BRDA:1354,120,1,0
BRDA:1354,121,0,0
BRDA:1354,121,1,0
BRDA:1408,122,0,0
BRDA:1408,122,1,0
BRDA:1428,123,0,0
BRDA:1428,123,1,0
BRDA:1454,124,0,0
BRDA:1454,124,1,0
BRDA:1470,125,0,0
BRDA:1470,125,1,0
BRDA:1508,126,0,0
BRDA:1508,126,1,0
BRDA:1522,127,0,0
BRDA:1522,127,1,0
BRDA:1531,128,0,0
BRDA:1531,128,1,0
BRDA:1540,129,0,0
BRDA:1540,129,1,0
BRDA:1548,130,0,0
BRDA:1548,130,1,0
BRDA:1603,131,0,0
BRDA:1603,131,1,0
BRDA:1619,132,0,0
BRDA:1619,132,1,0
BRDA:1624,133,0,0
BRDA:1624,133,1,0
BRDA:1632,134,0,0
BRDA:1635,135,0,0
BRDA:1635,135,1,0
BRDA:1659,136,0,0
BRDA:1659,136,1,0
BRDA:1671,137,0,0
BRDA:1671,137,1,0
BRDA:1671,138,0,0
BRDA:1671,138,1,0
BRDA:1682,139,0,0
BRDA:1682,139,1,0
BRDA:1694,140,0,0
BRDA:1694,140,1,0
BRDA:1702,141,0,0
BRDA:1702,141,1,0
BRDA:1702,142,0,0
BRDA:1702,142,1,0
BRDA:1711,143,0,0
BRDA:1711,143,1,0
BRDA:1716,144,0,0
BRDA:1716,144,1,0
BRDA:1721,145,0,0
BRDA:1721,145,1,0
BRDA:1804,146,0,0
BRDA:1804,146,1,0
BRDA:1859,147,0,0
BRDA:1859,147,1,0
BRDA:1862,148,0,0
BRDA:1862,148,1,0
BRDA:1865,149,0,0
BRDA:1865,149,1,0
BRDA:1886,150,0,0
BRDA:1886,150,1,0
BRDA:1890,151,0,0
BRDA:1890,151,1,0
BRDA:1909,152,0,0
BRDA:1909,152,1,0
BRDA:1913,153,0,0
BRDA:1913,153,1,0
BRDA:2016,154,0,0
BRDA:2016,154,1,0
BRDA:2041,155,0,0
BRDA:2041,155,1,0
BRDA:2062,156,0,0
BRDA:2062,156,1,0
BRDA:2076,157,0,0
BRDA:2076,157,1,0
BRDA:2085,158,0,0
BRDA:2085,158,1,0
BRDA:2088,159,0,0
BRDA:2088,159,1,0
BRDA:2094,160,0,0
BRDA:2094,160,1,0
BRDA:2102,161,0,0
BRDA:2102,161,1,0
BRDA:2105,162,0,0
BRDA:2105,162,1,0
BRDA:2105,163,0,0
BRDA:2105,163,1,0
BRDA:2105,163,2,0
BRDA:2110,164,0,0
BRDA:2110,164,1,0
BRDA:2110,165,0,0
BRDA:2110,165,1,0
BRDA:2116,166,0,0
BRDA:2116,166,1,0
BRDA:2119,167,0,0
BRDA:2119,167,1,0
BRDA:2119,168,0,0
BRDA:2119,168,1,0
BRDA:2119,168,2,0
BRDA:2124,169,0,0
BRDA:2124,169,1,0
BRDA:2124,170,0,0
BRDA:2124,170,1,0
BRF:352
BRH:0
end_of_record
TN:
SF:js\debug-http-requests.js
FN:6,(anonymous_0)
FN:13,(anonymous_1)
FN:37,(anonymous_2)
FN:58,(anonymous_3)
FNF:4
FNH:0
FNDA:0,(anonymous_0)
FNDA:0,(anonymous_1)
FNDA:0,(anonymous_2)
FNDA:0,(anonymous_3)
DA:6,0
DA:9,0
DA:12,0
DA:13,0
DA:14,0
DA:15,0
DA:17,0
DA:24,0
DA:25,0
DA:32,0
DA:36,0
DA:37,0
DA:38,0
DA:45,0
DA:46,0
DA:53,0
DA:57,0
DA:58,0
DA:59,0
DA:60,0
DA:61,0
DA:70,0
DA:71,0
DA:72,0
DA:74,0
DA:78,0
LF:26
LH:0
BRDA:15,0,0,0
BRDA:15,0,1,0
BRDA:19,1,0,0
BRDA:19,1,1,0
BRDA:24,2,0,0
BRDA:24,2,1,0
BRDA:24,3,0,0
BRDA:24,3,1,0
BRDA:27,4,0,0
BRDA:27,4,1,0
BRDA:45,5,0,0
BRDA:45,5,1,0
BRDA:45,6,0,0
BRDA:45,6,1,0
BRDA:57,7,0,0
BRDA:57,7,1,0
BRDA:60,8,0,0
BRDA:60,8,1,0
BRDA:60,9,0,0
BRDA:60,9,1,0
BRF:20
BRH:0
end_of_record
TN:
SF:js\form-validation.js
FN:7,(anonymous_0)
FN:23,(anonymous_1)
FN:25,(anonymous_2)
FN:30,(anonymous_3)
FN:35,(anonymous_4)
FN:43,(anonymous_5)
FN:45,(anonymous_6)
FN:50,(anonymous_7)
FN:55,(anonymous_8)
FN:65,(anonymous_9)
FN:72,(anonymous_10)
FN:77,(anonymous_11)
FN:87,(anonymous_12)
FN:101,(anonymous_13)
FN:127,(anonymous_14)
FN:145,(anonymous_15)
FN:163,(anonymous_16)
FN:181,(anonymous_17)
FN:212,(anonymous_18)
FN:224,(anonymous_19)
FN:249,(anonymous_20)
FN:253,(anonymous_21)
FN:257,(anonymous_22)
FN:265,(anonymous_23)
FN:281,(anonymous_24)
FN:308,(anonymous_25)
FN:320,(anonymous_26)
FN:329,(anonymous_27)
FN:336,(anonymous_28)
FN:358,(anonymous_29)
FN:362,(anonymous_30)
FN:371,(anonymous_31)
FN:375,(anonymous_32)
FN:380,(anonymous_33)
FN:384,(anonymous_34)
FN:391,(anonymous_35)
FNF:36
FNH:0
FNDA:0,(anonymous_0)
FNDA:0,(anonymous_1)
FNDA:0,(anonymous_2)
FNDA:0,(anonymous_3)
FNDA:0,(anonymous_4)
FNDA:0,(anonymous_5)
FNDA:0,(anonymous_6)
FNDA:0,(anonymous_7)
FNDA:0,(anonymous_8)
FNDA:0,(anonymous_9)
FNDA:0,(anonymous_10)
FNDA:0,(anonymous_11)
FNDA:0,(anonymous_12)
FNDA:0,(anonymous_13)
FNDA:0,(anonymous_14)
FNDA:0,(anonymous_15)
FNDA:0,(anonymous_16)
FNDA:0,(anonymous_17)
FNDA:0,(anonymous_18)
FNDA:0,(anonymous_19)
FNDA:0,(anonymous_20)
FNDA:0,(anonymous_21)
FNDA:0,(anonymous_22)
FNDA:0,(anonymous_23)
FNDA:0,(anonymous_24)
FNDA:0,(anonymous_25)
FNDA:0,(anonymous_26)
FNDA:0,(anonymous_27)
FNDA:0,(anonymous_28)
FNDA:0,(anonymous_29)
FNDA:0,(anonymous_30)
FNDA:0,(anonymous_31)
FNDA:0,(anonymous_32)
FNDA:0,(anonymous_33)
FNDA:0,(anonymous_34)
FNDA:0,(anonymous_35)
DA:8,0
DA:17,0
DA:18,0
DA:20,0
DA:25,0
DA:26,0
DA:31,0
DA:32,0
DA:35,0
DA:36,0
DA:37,0
DA:38,0
DA:45,0
DA:46,0
DA:50,0
DA:51,0
DA:55,0
DA:56,0
DA:60,0
DA:61,0
DA:67,0
DA:68,0
DA:72,0
DA:73,0
DA:78,0
DA:79,0
DA:81,0
DA:82,0
DA:84,0
DA:88,0
DA:90,0
DA:92,0
DA:93,0
DA:94,0
DA:95,0
DA:96,0
DA:102,0
DA:103,0
DA:106,0
DA:108,0
DA:109,0
DA:112,0
DA:113,0
DA:116,0
DA:117,0
DA:120,0
DA:121,0
DA:124,0
DA:128,0
DA:129,0
DA:132,0
DA:134,0
DA:135,0
DA:138,0
DA:139,0
DA:142,0
DA:146,0
DA:147,0
DA:150,0
DA:152,0
DA:153,0
DA:156,0
DA:157,0
DA:160,0
DA:164,0
DA:165,0
DA:168,0
DA:170,0
DA:171,0
DA:174,0
DA:175,0
DA:178,0
DA:182,0
DA:184,0
DA:185,0
DA:188,0
DA:189,0
DA:192,0
DA:193,0
DA:196,0
DA:197,0
DA:200,0
DA:201,0
DA:204,0
DA:205,0
DA:206,0
DA:209,0
DA:213,0
DA:214,0
DA:217,0
DA:218,0
DA:221,0
DA:226,0
DA:227,0
DA:228,0
DA:231,0
DA:232,0
DA:233,0
DA:242,0
DA:245,0
DA:246,0
DA:249,0
DA:250,0
DA:253,0
DA:254,0
DA:257,0
DA:258,0
DA:259,0
DA:260,0
DA:266,0
DA:267,0
DA:268,0
DA:271,0
DA:273,0
DA:281,0
DA:282,0
DA:283,0
DA:284,0
DA:289,0
DA:292,0
DA:293,0
DA:294,0
DA:295,0
DA:296,0
DA:297,0
DA:299,0
DA:300,0
DA:303,0
DA:304,0
DA:309,0
DA:311,0
DA:313,0
DA:314,0
DA:315,0
DA:317,0
DA:321,0
DA:322,0
DA:323,0
DA:324,0
DA:330,0
DA:331,0
DA:333,0
DA:334,0
DA:336,0
DA:337,0
DA:338,0
DA:339,0
DA:340,0
DA:341,0
DA:342,0
DA:347,0
DA:352,0
DA:355,0
DA:358,0
DA:359,0
DA:362,0
DA:363,0
DA:364,0
DA:365,0
DA:366,0
DA:370,0
DA:371,0
DA:374,0
DA:375,0
DA:376,0
DA:380,0
DA:381,0
DA:384,0
DA:385,0
DA:386,0
DA:387,0
DA:391,0
DA:392,0
DA:393,0
DA:394,0
LF:175
LH:0
BRDA:32,0,0,0
BRDA:32,0,1,0
BRDA:37,1,0,0
BRDA:37,1,1,0
BRDA:60,2,0,0
BRDA:60,2,1,0
BRDA:67,3,0,0
BRDA:67,3,1,0
BRDA:79,4,0,0
BRDA:79,4,1,0
BRDA:92,5,0,0
BRDA:92,5,1,0
BRDA:94,6,0,0
BRDA:94,6,1,0
BRDA:102,7,0,0
BRDA:102,7,1,0
BRDA:102,8,0,0
BRDA:102,8,1,0
BRDA:108,9,0,0
BRDA:108,9,1,0
BRDA:112,10,0,0
BRDA:112,10,1,0
BRDA:116,11,0,0
BRDA:116,11,1,0
BRDA:120,12,0,0
BRDA:120,12,1,0
BRDA:120,13,0,0
BRDA:120,13,1,0
BRDA:128,14,0,0
BRDA:128,14,1,0
BRDA:128,15,0,0
BRDA:128,15,1,0
BRDA:134,16,0,0
BRDA:134,16,1,0
BRDA:138,17,0,0
BRDA:138,17,1,0
BRDA:146,18,0,0
BRDA:146,18,1,0
BRDA:146,19,0,0
BRDA:146,19,1,0
BRDA:152,20,0,0
BRDA:152,20,1,0
BRDA:156,21,0,0
BRDA:156,21,1,0
BRDA:164,22,0,0
BRDA:164,22,1,0
BRDA:164,23,0,0
BRDA:164,23,1,0
BRDA:170,24,0,0
BRDA:170,24,1,0
BRDA:174,25,0,0
BRDA:174,25,1,0
BRDA:184,26,0,0
BRDA:184,26,1,0
BRDA:188,27,0,0
BRDA:188,27,1,0
BRDA:192,28,0,0
BRDA:192,28,1,0
BRDA:196,29,0,0
BRDA:196,29,1,0
BRDA:200,30,0,0
BRDA:200,30,1,0
BRDA:205,31,0,0
BRDA:205,31,1,0
BRDA:213,32,0,0
BRDA:213,32,1,0
BRDA:217,33,0,0
BRDA:217,33,1,0
BRDA:258,34,0,0
BRDA:258,34,1,0
BRDA:266,35,0,0
BRDA:266,35,1,0
BRDA:283,36,0,0
BRDA:283,36,1,0
BRDA:292,37,0,0
BRDA:292,37,1,0
BRDA:295,38,0,0
BRDA:295,38,1,0
BRDA:323,39,0,0
BRDA:323,39,1,0
BRDA:331,40,0,0
BRDA:331,40,1,0
BRDA:338,41,0,0
BRDA:338,41,1,0
BRDA:340,42,0,0
BRDA:340,42,1,0
BRDA:364,43,0,0
BRDA:364,43,1,0
BRDA:386,44,0,0
BRDA:386,44,1,0
BRDA:393,45,0,0
BRDA:393,45,1,0
BRF:92
BRH:0
end_of_record
TN:
SF:js\https-enforcer.js
FN:6,(anonymous_0)
FN:19,(anonymous_1)
FN:37,(anonymous_2)
FN:51,(anonymous_3)
FNF:4
FNH:0
FNDA:0,(anonymous_0)
FNDA:0,(anonymous_1)
FNDA:0,(anonymous_2)
FNDA:0,(anonymous_3)
DA:6,0
DA:10,0
DA:11,0
DA:17,0
DA:18,0
DA:19,0
DA:20,0
DA:23,0
DA:24,0
DA:25,0
DA:26,0
DA:29,0
DA:35,0
DA:36,0
DA:37,0
DA:39,0
DA:40,0
DA:41,0
DA:42,0
DA:45,0
DA:51,0
DA:52,0
DA:53,0
DA:54,0
DA:59,0
DA:60,0
LF:26
LH:0
BRDA:10,0,0,0
BRDA:10,0,1,0
BRDA:17,1,0,0
BRDA:17,1,1,0
BRDA:23,2,0,0
BRDA:23,2,1,0
BRDA:23,3,0,0
BRDA:23,3,1,0
BRDA:35,4,0,0
BRDA:35,4,1,0
BRDA:39,5,0,0
BRDA:39,5,1,0
BRDA:39,6,0,0
BRDA:39,6,1,0
BRDA:53,7,0,0
BRDA:53,7,1,0
BRDA:53,8,0,0
BRDA:53,8,1,0
BRF:18
BRH:0
end_of_record
TN:
SF:js\neighbor-display.js
FN:6,(anonymous_0)
FN:10,(anonymous_1)
FN:29,(anonymous_2)
FN:53,(anonymous_3)
FN:63,(anonymous_4)
FN:87,(anonymous_5)
FN:148,(anonymous_6)
FN:170,(anonymous_7)
FN:207,(anonymous_8)
FN:284,(anonymous_9)
FN:295,(anonymous_10)
FN:318,(anonymous_11)
FN:319,(anonymous_12)
FN:331,(anonymous_13)
FN:339,(anonymous_14)
FN:359,(anonymous_15)
FN:368,(anonymous_16)
FN:376,(anonymous_17)
FN:383,(anonymous_18)
FN:393,(anonymous_19)
FN:399,(anonymous_20)
FN:405,(anonymous_21)
FNF:22
FNH:0
FNDA:0,(anonymous_0)
FNDA:0,(anonymous_1)
FNDA:0,(anonymous_2)
FNDA:0,(anonymous_3)
FNDA:0,(anonymous_4)
FNDA:0,(anonymous_5)
FNDA:0,(anonymous_6)
FNDA:0,(anonymous_7)
FNDA:0,(anonymous_8)
FNDA:0,(anonymous_9)
FNDA:0,(anonymous_10)
FNDA:0,(anonymous_11)
FNDA:0,(anonymous_12)
FNDA:0,(anonymous_13)
FNDA:0,(anonymous_14)
FNDA:0,(anonymous_15)
FNDA:0,(anonymous_16)
FNDA:0,(anonymous_17)
FNDA:0,(anonymous_18)
FNDA:0,(anonymous_19)
FNDA:0,(anonymous_20)
FNDA:0,(anonymous_21)
DA:6,0
DA:11,0
DA:17,0
DA:18,0
DA:19,0
DA:20,0
DA:21,0
DA:23,0
DA:30,0
DA:31,0
DA:32,0
DA:35,0
DA:36,0
DA:39,0
DA:40,0
DA:41,0
DA:42,0
DA:45,0
DA:53,0
DA:54,0
DA:55,0
DA:56,0
DA:58,0
DA:59,0
DA:63,0
DA:64,0
DA:65,0
DA:66,0
DA:68,0
DA:69,0
DA:70,0
DA:71,0
DA:73,0
DA:78,0
DA:79,0
DA:89,0
DA:90,0
DA:93,0
DA:94,0
DA:95,0
DA:98,0
DA:100,0
DA:101,0
DA:102,0
DA:106,0
DA:107,0
DA:108,0
DA:111,0
DA:112,0
DA:114,0
DA:122,0
DA:126,0
DA:127,0
DA:128,0
DA:129,0
DA:132,0
DA:134,0
DA:136,0
DA:138,0
DA:139,0
DA:149,0
DA:156,0
DA:159,0
DA:160,0
DA:161,0
DA:164,0
DA:170,0
DA:171,0
DA:172,0
DA:173,0
DA:176,0
DA:177,0
DA:179,0
DA:181,0
DA:182,0
DA:183,0
DA:184,0
DA:185,0
DA:186,0
DA:187,0
DA:188,0
DA:189,0
DA:190,0
DA:191,0
DA:192,0
DA:194,0
DA:198,0
DA:199,0
DA:208,0
DA:210,0
DA:211,0
DA:213,0
DA:214,0
DA:215,0
DA:219,0
DA:221,0
DA:222,0
DA:223,0
DA:224,0
DA:227,0
DA:235,0
DA:236,0
DA:239,0
DA:245,0
DA:246,0
DA:247,0
DA:250,0
DA:251,0
DA:252,0
DA:253,0
DA:257,0
DA:258,0
DA:260,0
DA:261,0
DA:262,0
DA:263,0
DA:264,0
DA:265,0
DA:271,0
DA:276,0
DA:285,0
DA:286,0
DA:297,0
DA:298,0
DA:299,0
DA:301,0
DA:302,0
DA:303,0
DA:304,0
DA:305,0
DA:319,0
DA:320,0
DA:321,0
DA:322,0
DA:323,0
DA:332,0
DA:339,0
DA:340,0
DA:341,0
DA:344,0
DA:346,0
DA:347,0
DA:349,0
DA:360,0
DA:369,0
DA:377,0
DA:384,0
DA:385,0
DA:386,0
DA:387,0
DA:394,0
DA:395,0
DA:396,0
DA:399,0
DA:400,0
DA:403,0
DA:404,0
DA:405,0
DA:412,0
DA:413,0
LF:160
LH:0
BRDA:30,0,0,0
BRDA:30,0,1,0
BRDA:54,1,0,0
BRDA:54,1,1,0
BRDA:64,2,0,0
BRDA:64,2,1,0
BRDA:87,3,0,0
BRDA:89,4,0,0
BRDA:89,4,1,0
BRDA:93,5,0,0
BRDA:93,5,1,0
BRDA:100,6,0,0
BRDA:100,6,1,0
BRDA:106,7,0,0
BRDA:106,7,1,0
BRDA:156,8,0,0
BRDA:156,8,1,0
BRDA:159,9,0,0
BRDA:159,9,1,0
BRDA:171,10,0,0
BRDA:171,10,1,0
BRDA:171,11,0,0
BRDA:171,11,1,0
BRDA:171,11,2,0
BRDA:181,12,0,0
BRDA:181,12,1,0
BRDA:181,13,0,0
BRDA:181,13,1,0
BRDA:184,14,0,0
BRDA:184,14,1,0
BRDA:184,15,0,0
BRDA:184,15,1,0
BRDA:187,16,0,0
BRDA:187,16,1,0
BRDA:187,17,0,0
BRDA:187,17,1,0
BRDA:190,18,0,0
BRDA:190,18,1,0
BRDA:190,19,0,0
BRDA:190,19,1,0
BRDA:213,20,0,0
BRDA:213,20,1,0
BRDA:213,21,0,0
BRDA:213,21,1,0
BRDA:221,22,0,0
BRDA:221,22,1,0
BRDA:221,23,0,0
BRDA:221,23,1,0
BRDA:230,24,0,0
BRDA:230,24,1,0
BRDA:236,25,0,0
BRDA:236,25,1,0
BRDA:241,26,0,0
BRDA:241,26,1,0
BRDA:242,27,0,0
BRDA:242,27,1,0
BRDA:242,28,0,0
BRDA:242,28,1,0
BRDA:250,29,0,0
BRDA:250,29,1,0
BRDA:262,30,0,0
BRDA:262,30,1,0
BRDA:263,31,0,0
BRDA:263,31,1,0
BRDA:263,32,0,0
BRDA:263,32,1,0
BRDA:304,33,0,0
BRDA:304,33,1,0
BRDA:322,34,0,0
BRDA:322,34,1,0
BRDA:322,35,0,0
BRDA:322,35,1,0
BRDA:341,36,0,0
BRDA:341,36,1,0
BRDA:346,37,0,0
BRDA:346,37,1,0
BRDA:360,38,0,0
BRDA:360,38,1,0
BRDA:403,39,0,0
BRDA:403,39,1,0
BRDA:403,40,0,0
BRDA:403,40,1,0
BRF:82
BRH:0
end_of_record
TN:
SF:js\pixel-editor.js
FN:7,(anonymous_0)
FN:55,(anonymous_1)
FN:106,(anonymous_2)
FN:122,(anonymous_3)
FN:136,(anonymous_4)
FN:152,(anonymous_5)
FN:162,(anonymous_6)
FN:194,(anonymous_7)
FN:218,(anonymous_8)
FN:246,(anonymous_9)
FN:258,(anonymous_10)
FN:302,(anonymous_11)
FN:344,(anonymous_12)
FN:410,(anonymous_13)
FN:428,(anonymous_14)
FN:452,(anonymous_15)
FN:466,(anonymous_16)
FN:482,(anonymous_17)
FN:534,(anonymous_18)
FN:559,(anonymous_19)
FN:587,(anonymous_20)
FN:603,(anonymous_21)
FN:628,(anonymous_22)
FN:663,(anonymous_23)
FN:683,(anonymous_24)
FN:697,(anonymous_25)
FN:717,(anonymous_26)
FN:730,(anonymous_27)
FN:753,(anonymous_28)
FN:762,(anonymous_29)
FN:778,(anonymous_30)
FN:805,(anonymous_31)
FN:820,(anonymous_32)
FN:828,(anonymous_33)
FN:837,(anonymous_34)
FN:848,(anonymous_35)
FN:862,(anonymous_36)
FN:882,(anonymous_37)
FN:914,(anonymous_38)
FN:938,(anonymous_39)
FN:966,(anonymous_40)
FN:974,(anonymous_41)
FN:982,(anonymous_42)
FN:994,(anonymous_43)
FN:1046,(anonymous_44)
FN:1071,(anonymous_45)
FN:1095,(anonymous_46)
FN:1113,(anonymous_47)
FN:1127,(anonymous_48)
FN:1138,(anonymous_49)
FN:1168,(anonymous_50)
FN:1177,(anonymous_51)
FN:1188,(anonymous_52)
FN:1203,(anonymous_53)
FN:1237,(anonymous_54)
FN:1241,(anonymous_55)
FN:1245,(anonymous_56)
FNF:57
FNH:0
FNDA:0,(anonymous_0)
FNDA:0,(anonymous_1)
FNDA:0,(anonymous_2)
FNDA:0,(anonymous_3)
FNDA:0,(anonymous_4)
FNDA:0,(anonymous_5)
FNDA:0,(anonymous_6)
FNDA:0,(anonymous_7)
FNDA:0,(anonymous_8)
FNDA:0,(anonymous_9)
FNDA:0,(anonymous_10)
FNDA:0,(anonymous_11)
FNDA:0,(anonymous_12)
FNDA:0,(anonymous_13)
FNDA:0,(anonymous_14)
FNDA:0,(anonymous_15)
FNDA:0,(anonymous_16)
FNDA:0,(anonymous_17)
FNDA:0,(anonymous_18)
FNDA:0,(anonymous_19)
FNDA:0,(anonymous_20)
FNDA:0,(anonymous_21)
FNDA:0,(anonymous_22)
FNDA:0,(anonymous_23)
FNDA:0,(anonymous_24)
FNDA:0,(anonymous_25)
FNDA:0,(anonymous_26)
FNDA:0,(anonymous_27)
FNDA:0,(anonymous_28)
FNDA:0,(anonymous_29)
FNDA:0,(anonymous_30)
FNDA:0,(anonymous_31)
FNDA:0,(anonymous_32)
FNDA:0,(anonymous_33)
FNDA:0,(anonymous_34)
FNDA:0,(anonymous_35)
FNDA:0,(anonymous_36)
FNDA:0,(anonymous_37)
FNDA:0,(anonymous_38)
FNDA:0,(anonymous_39)
FNDA:0,(anonymous_40)
FNDA:0,(anonymous_41)
FNDA:0,(anonymous_42)
FNDA:0,(anonymous_43)
FNDA:0,(anonymous_44)
FNDA:0,(anonymous_45)
FNDA:0,(anonymous_46)
FNDA:0,(anonymous_47)
FNDA:0,(anonymous_48)
FNDA:0,(anonymous_49)
FNDA:0,(anonymous_50)
FNDA:0,(anonymous_51)
FNDA:0,(anonymous_52)
FNDA:0,(anonymous_53)
FNDA:0,(anonymous_54)
FNDA:0,(anonymous_55)
FNDA:0,(anonymous_56)
DA:8,0
DA:9,0
DA:10,0
DA:11,0
DA:12,0
DA:13,0
DA:14,0
DA:15,0
DA:16,0
DA:17,0
DA:18,0
DA:19,0
DA:22,0
DA:23,0
DA:24,0
DA:27,0
DA:35,0
DA:56,0
DA:57,0
DA:58,0
DA:62,0
DA:63,0
DA:64,0
DA:72,0
DA:73,0
DA:80,0
DA:81,0
DA:87,0
DA:88,0
DA:89,0
DA:90,0
DA:93,0
DA:96,0
DA:97,0
DA:98,0
DA:107,0
DA:108,0
DA:109,0
DA:123,0
DA:124,0
DA:125,0
DA:126,0
DA:127,0
DA:130,0
DA:138,0
DA:141,0
DA:142,0
DA:143,0
DA:144,0
DA:147,0
DA:148,0
DA:149,0
DA:152,0
DA:155,0
DA:164,0
DA:166,0
DA:167,0
DA:168,0
DA:170,0
DA:172,0
DA:174,0
DA:175,0
DA:176,0
DA:177,0
DA:179,0
DA:180,0
DA:182,0
DA:183,0
DA:196,0
DA:198,0
DA:199,0
DA:200,0
DA:202,0
DA:203,0
DA:206,0
DA:207,0
DA:208,0
DA:209,0
DA:220,0
DA:223,0
DA:225,0
DA:226,0
DA:227,0
DA:230,0
DA:231,0
DA:248,0
DA:250,0
DA:251,0
DA:260,0
DA:262,0
DA:263,0
DA:266,0
DA:267,0
DA:268,0
DA:271,0
DA:272,0
DA:275,0
DA:276,0
DA:277,0
DA:278,0
DA:279,0
DA:280,0
DA:283,0
DA:284,0
DA:285,0
DA:286,0
DA:288,0
DA:289,0
DA:292,0
DA:293,0
DA:304,0
DA:306,0
DA:307,0
DA:310,0
DA:311,0
DA:312,0
DA:315,0
DA:316,0
DA:319,0
DA:320,0
DA:321,0
DA:324,0
DA:325,0
DA:326,0
DA:327,0
DA:330,0
DA:333,0
DA:334,0
DA:335,0
DA:346,0
DA:348,0
DA:350,0
DA:351,0
DA:354,0
DA:356,0
DA:357,0
DA:358,0
DA:359,0
DA:362,0
DA:363,0
DA:368,0
DA:369,0
DA:371,0
DA:372,0
DA:373,0
DA:374,0
DA:375,0
DA:381,0
DA:384,0
DA:387,0
DA:388,0
DA:389,0
DA:392,0
DA:395,0
DA:396,0
DA:397,0
DA:412,0
DA:414,0
DA:415,0
DA:418,0
DA:429,0
DA:432,0
DA:434,0
DA:435,0
DA:436,0
DA:438,0
DA:439,0
DA:440,0
DA:441,0
DA:443,0
DA:446,0
DA:454,0
DA:455,0
DA:475,0
DA:484,0
DA:486,0
DA:488,0
DA:489,0
DA:490,0
DA:491,0
DA:493,0
DA:496,0
DA:498,0
DA:499,0
DA:500,0
DA:502,0
DA:503,0
DA:504,0
DA:506,0
DA:507,0
DA:508,0
DA:510,0
DA:511,0
DA:512,0
DA:514,0
DA:515,0
DA:516,0
DA:518,0
DA:520,0
DA:521,0
DA:522,0
DA:524,0
DA:535,0
DA:537,0
DA:539,0
DA:540,0
DA:542,0
DA:543,0
DA:545,0
DA:546,0
DA:548,0
DA:549,0
DA:561,0
DA:562,0
DA:563,0
DA:566,0
DA:568,0
DA:571,0
DA:572,0
DA:574,0
DA:575,0
DA:579,0
DA:588,0
DA:590,0
DA:591,0
DA:592,0
DA:604,0
DA:607,0
DA:608,0
DA:609,0
DA:612,0
DA:615,0
DA:616,0
DA:617,0
DA:618,0
DA:629,0
DA:631,0
DA:632,0
DA:634,0
DA:635,0
DA:637,0
DA:638,0
DA:639,0
DA:641,0
DA:642,0
DA:644,0
DA:645,0
DA:647,0
DA:649,0
DA:652,0
DA:653,0
DA:654,0
DA:655,0
DA:664,0
DA:667,0
DA:668,0
DA:672,0
DA:673,0
DA:684,0
DA:687,0
DA:688,0
DA:699,0
DA:701,0
DA:704,0
DA:711,0
DA:719,0
DA:721,0
DA:724,0
DA:732,0
DA:734,0
DA:738,0
DA:741,0
DA:745,0
DA:754,0
DA:755,0
DA:763,0
DA:764,0
DA:765,0
DA:768,0
DA:769,0
DA:779,0
DA:780,0
DA:781,0
DA:782,0
DA:785,0
DA:806,0
DA:809,0
DA:810,0
DA:811,0
DA:812,0
DA:815,0
DA:816,0
DA:817,0
DA:820,0
DA:829,0
DA:830,0
DA:838,0
DA:839,0
DA:841,0
DA:849,0
DA:850,0
DA:851,0
DA:854,0
DA:865,0
DA:866,0
DA:867,0
DA:868,0
DA:871,0
DA:874,0
DA:875,0
DA:876,0
DA:884,0
DA:886,0
DA:889,0
DA:890,0
DA:893,0
DA:894,0
DA:895,0
DA:896,0
DA:897,0
DA:901,0
DA:902,0
DA:903,0
DA:904,0
DA:905,0
DA:916,0
DA:918,0
DA:921,0
DA:922,0
DA:925,0
DA:926,0
DA:927,0
DA:928,0
DA:929,0
DA:930,0
DA:931,0
DA:943,0
DA:944,0
DA:945,0
DA:948,0
DA:953,0
DA:956,0
DA:967,0
DA:975,0
DA:983,0
DA:984,0
DA:985,0
DA:987,0
DA:996,0
DA:998,0
DA:1002,0
DA:1010,0
DA:1011,0
DA:1012,0
DA:1013,0
DA:1014,0
DA:1015,0
DA:1016,0
DA:1018,0
DA:1019,0
DA:1020,0
DA:1021,0
DA:1023,0
DA:1024,0
DA:1039,0
DA:1048,0
DA:1049,0
DA:1053,0
DA:1054,0
DA:1057,0
DA:1058,0
DA:1059,0
DA:1063,0
DA:1064,0
DA:1073,0
DA:1074,0
DA:1075,0
DA:1076,0
DA:1081,0
DA:1083,0
DA:1096,0
DA:1097,0
DA:1098,0
DA:1099,0
DA:1104,0
DA:1105,0
DA:1114,0
DA:1115,0
DA:1120,0
DA:1140,0
DA:1141,0
DA:1143,0
DA:1144,0
DA:1147,0
DA:1150,0
DA:1151,0
DA:1152,0
DA:1153,0
DA:1154,0
DA:1155,0
DA:1160,0
DA:1169,0
DA:1178,0
DA:1179,0
DA:1180,0
DA:1189,0
DA:1190,0
DA:1191,0
DA:1192,0
DA:1196,0
DA:1204,0
DA:1205,0
DA:1206,0
DA:1208,0
DA:1209,0
DA:1210,0
DA:1211,0
DA:1212,0
DA:1213,0
DA:1218,0
DA:1229,0
DA:1232,0
DA:1235,0
DA:1237,0
DA:1238,0
DA:1241,0
DA:1242,0
DA:1245,0
DA:1247,0
DA:1248,0
DA:1249,0
LF:431
LH:0
BRDA:56,0,0,0
BRDA:56,0,1,0
BRDA:62,1,0,0
BRDA:62,1,1,0
BRDA:107,2,0,0
BRDA:107,2,1,0
BRDA:170,3,0,0
BRDA:170,3,1,0
BRDA:170,4,0,0
BRDA:170,4,1,0
BRDA:170,4,2,0
BRDA:170,4,3,0
BRDA:172,5,0,0
BRDA:172,5,1,0
BRDA:202,6,0,0
BRDA:202,6,1,0
BRDA:202,7,0,0
BRDA:202,7,1,0
BRDA:202,7,2,0
BRDA:202,7,3,0
BRDA:206,8,0,0
BRDA:206,8,1,0
BRDA:206,9,0,0
BRDA:206,9,1,0
BRDA:223,10,0,0
BRDA:223,10,1,0
BRDA:223,11,0,0
BRDA:223,11,1,0
BRDA:230,12,0,0
BRDA:230,12,1,0
BRDA:262,13,0,0
BRDA:262,13,1,0
BRDA:271,14,0,0
BRDA:271,14,1,0
BRDA:271,15,0,0
BRDA:271,15,1,0
BRDA:271,15,2,0
BRDA:271,15,3,0
BRDA:280,16,0,0
BRDA:280,16,1,0
BRDA:306,17,0,0
BRDA:306,17,1,0
BRDA:306,18,0,0
BRDA:306,18,1,0
BRDA:315,19,0,0
BRDA:315,19,1,0
BRDA:315,20,0,0
BRDA:315,20,1,0
BRDA:315,20,2,0
BRDA:315,20,3,0
BRDA:315,20,4,0
BRDA:321,21,0,0
BRDA:321,21,1,0
BRDA:326,22,0,0
BRDA:326,22,1,0
BRDA:326,23,0,0
BRDA:326,23,1,0
BRDA:348,24,0,0
BRDA:348,24,1,0
BRDA:350,25,0,0
BRDA:350,25,1,0
BRDA:356,26,0,0
BRDA:356,26,1,0
BRDA:362,27,0,0
BRDA:362,27,1,0
BRDA:369,28,0,0
BRDA:369,28,1,0
BRDA:369,29,0,0
BRDA:369,29,1,0
BRDA:372,30,0,0
BRDA:372,30,1,0
BRDA:381,31,0,0
BRDA:381,31,1,0
BRDA:381,32,0,0
BRDA:381,32,1,0
BRDA:412,33,0,0
BRDA:412,33,1,0
BRDA:412,34,0,0
BRDA:412,34,1,0
BRDA:429,35,0,0
BRDA:429,35,1,0
BRDA:432,36,0,0
BRDA:432,36,1,0
BRDA:454,37,0,0
BRDA:454,37,1,0
BRDA:484,38,0,0
BRDA:484,38,1,0
BRDA:486,39,0,0
BRDA:486,39,1,0
BRDA:486,39,2,0
BRDA:486,39,3,0
BRDA:486,39,4,0
BRDA:486,39,5,0
BRDA:486,39,6,0
BRDA:488,40,0,0
BRDA:488,40,1,0
BRDA:488,41,0,0
BRDA:488,41,1,0
BRDA:490,42,0,0
BRDA:490,42,1,0
BRDA:514,43,0,0
BRDA:514,43,1,0
BRDA:514,44,0,0
BRDA:514,44,1,0
BRDA:520,45,0,0
BRDA:520,45,1,0
BRDA:520,46,0,0
BRDA:520,46,1,0
BRDA:534,47,0,0
BRDA:535,48,0,0
BRDA:535,48,1,0
BRDA:537,49,0,0
BRDA:537,49,1,0
BRDA:537,49,2,0
BRDA:537,49,3,0
BRDA:561,50,0,0
BRDA:561,50,1,0
BRDA:561,51,0,0
BRDA:561,51,1,0
BRDA:566,52,0,0
BRDA:566,52,1,0
BRDA:566,53,0,0
BRDA:566,53,1,0
BRDA:566,53,2,0
BRDA:566,53,3,0
BRDA:571,54,0,0
BRDA:571,54,1,0
BRDA:588,55,0,0
BRDA:588,55,1,0
BRDA:588,56,0,0
BRDA:588,56,1,0
BRDA:588,56,2,0
BRDA:588,56,3,0
BRDA:591,57,0,0
BRDA:591,57,1,0
BRDA:591,58,0,0
BRDA:591,58,1,0
BRDA:604,59,0,0
BRDA:604,59,1,0
BRDA:604,60,0,0
BRDA:604,60,1,0
BRDA:604,60,2,0
BRDA:612,61,0,0
BRDA:612,61,1,0
BRDA:612,62,0,0
BRDA:612,62,1,0
BRDA:612,62,2,0
BRDA:612,62,3,0
BRDA:615,63,0,0
BRDA:615,63,1,0
BRDA:616,64,0,0
BRDA:616,64,1,0
BRDA:616,65,0,0
BRDA:616,65,1,0
BRDA:616,65,2,0
BRDA:629,66,0,0
BRDA:629,66,1,0
BRDA:629,67,0,0
BRDA:629,67,1,0
BRDA:629,67,2,0
BRDA:629,67,3,0
BRDA:632,68,0,0
BRDA:632,68,1,0
BRDA:641,69,0,0
BRDA:641,69,1,0
BRDA:644,70,0,0
BRDA:644,70,1,0
BRDA:644,71,0,0
BRDA:644,71,1,0
BRDA:644,71,2,0
BRDA:644,71,3,0
BRDA:647,72,0,0
BRDA:647,72,1,0
BRDA:667,73,0,0
BRDA:667,73,1,0
BRDA:672,74,0,0
BRDA:672,74,1,0
BRDA:687,75,0,0
BRDA:687,75,1,0
BRDA:699,76,0,0
BRDA:699,76,1,0
BRDA:711,77,0,0
BRDA:711,77,1,0
BRDA:719,78,0,0
BRDA:719,78,1,0
BRDA:719,79,0,0
BRDA:719,79,1,0
BRDA:732,80,0,0
BRDA:732,80,1,0
BRDA:732,81,0,0
BRDA:732,81,1,0
BRDA:768,82,0,0
BRDA:768,82,1,0
BRDA:806,83,0,0
BRDA:806,83,1,0
BRDA:838,84,0,0
BRDA:838,84,1,0
BRDA:838,85,0,0
BRDA:838,85,1,0
BRDA:849,86,0,0
BRDA:849,86,1,0
BRDA:884,87,0,0
BRDA:884,87,1,0
BRDA:884,88,0,0
BRDA:884,88,1,0
BRDA:916,89,0,0
BRDA:916,89,1,0
BRDA:916,90,0,0
BRDA:916,90,1,0
BRDA:943,91,0,0
BRDA:943,91,1,0
BRDA:943,92,0,0
BRDA:943,92,1,0
BRDA:944,93,0,0
BRDA:944,93,1,0
BRDA:996,94,0,0
BRDA:996,94,1,0
BRDA:996,95,0,0
BRDA:996,95,1,0
BRDA:1014,96,0,0
BRDA:1014,96,1,0
BRDA:1016,97,0,0
BRDA:1016,97,1,0
BRDA:1016,98,0,0
BRDA:1016,98,1,0
BRDA:1021,99,0,0
BRDA:1021,99,1,0
BRDA:1048,100,0,0
BRDA:1048,100,1,0
BRDA:1057,101,0,0
BRDA:1057,101,1,0
BRDA:1063,102,0,0
BRDA:1063,102,1,0
BRDA:1063,103,0,0
BRDA:1063,103,1,0
BRDA:1073,104,0,0
BRDA:1073,104,1,0
BRDA:1081,105,0,0
BRDA:1081,105,1,0
BRDA:1081,106,0,0
BRDA:1081,106,1,0
BRDA:1096,107,0,0
BRDA:1096,107,1,0
BRDA:1104,108,0,0
BRDA:1104,108,1,0
BRDA:1104,109,0,0
BRDA:1104,109,1,0
BRDA:1138,110,0,0
BRDA:1138,111,0,0
BRDA:1153,112,0,0
BRDA:1153,112,1,0
BRDA:1168,113,0,0
BRDA:1179,114,0,0
BRDA:1179,114,1,0
BRDA:1191,115,0,0
BRDA:1191,115,1,0
BRDA:1211,116,0,0
BRDA:1211,116,1,0
BRDA:1211,117,0,0
BRDA:1211,117,1,0
BRDA:1235,118,0,0
BRDA:1235,118,1,0
BRDA:1248,119,0,0
BRDA:1248,119,1,0
BRF:264
BRH:0
end_of_record
TN:
SF:js\ui.js
FN:7,(anonymous_0)
FN:22,(anonymous_1)
FN:31,(anonymous_2)
FN:48,(anonymous_3)
FN:50,executedFunction
FN:51,(anonymous_5)
FN:63,(anonymous_6)
FN:144,(anonymous_7)
FN:147,(anonymous_8)
FN:153,(anonymous_9)
FN:159,(anonymous_10)
FN:161,(anonymous_11)
FN:168,(anonymous_12)
FN:183,(anonymous_13)
FN:236,(anonymous_14)
FN:239,(anonymous_15)
FN:259,(anonymous_16)
FN:285,(anonymous_17)
FN:288,(anonymous_18)
FN:297,(anonymous_19)
FN:306,(anonymous_20)
FN:318,(anonymous_21)
FN:323,(anonymous_22)
FN:326,(anonymous_23)
FN:338,(anonymous_24)
FN:339,(anonymous_25)
FN:369,(anonymous_26)
FN:376,(anonymous_27)
FN:388,(anonymous_28)
FN:398,(anonymous_29)
FN:404,(anonymous_30)
FN:413,(anonymous_31)
FN:419,(anonymous_32)
FN:438,(anonymous_33)
FN:456,(anonymous_34)
FN:479,(anonymous_35)
FN:522,(anonymous_36)
FN:541,(anonymous_37)
FN:557,(anonymous_38)
FN:589,(anonymous_39)
FN:592,(anonymous_40)
FN:605,(anonymous_41)
FN:618,(anonymous_42)
FN:622,(anonymous_43)
FN:642,(anonymous_44)
FN:643,(anonymous_45)
FN:673,(anonymous_46)
FN:675,(anonymous_47)
FN:680,(anonymous_48)
FN:685,(anonymous_49)
FN:691,(anonymous_50)
FN:699,(anonymous_51)
FN:707,(anonymous_52)
FN:712,(anonymous_53)
FN:717,(anonymous_54)
FN:723,(anonymous_55)
FN:732,(anonymous_56)
FN:746,(anonymous_57)
FN:756,(anonymous_58)
FN:767,(anonymous_59)
FN:797,(anonymous_60)
FN:816,(anonymous_61)
FN:824,(anonymous_62)
FN:832,(anonymous_63)
FN:840,(anonymous_64)
FN:850,(anonymous_65)
FN:857,(anonymous_66)
FN:868,(anonymous_67)
FN:879,(anonymous_68)
FN:890,(anonymous_69)
FN:967,(anonymous_70)
FN:985,(anonymous_71)
FN:993,(anonymous_72)
FN:1000,(anonymous_73)
FN:1018,(anonymous_74)
FN:1021,(anonymous_75)
FN:1039,(anonymous_76)
FN:1045,(anonymous_77)
FN:1046,(anonymous_78)
FN:1069,(anonymous_79)
FN:1085,(anonymous_80)
FN:1087,(anonymous_81)
FN:1095,(anonymous_82)
FN:1102,(anonymous_83)
FN:1125,(anonymous_84)
FN:1126,(anonymous_85)
FN:1127,(anonymous_86)
FNF:87
FNH:0
FNDA:0,(anonymous_0)
FNDA:0,(anonymous_1)
FNDA:0,(anonymous_2)
FNDA:0,(anonymous_3)
FNDA:0,executedFunction
FNDA:0,(anonymous_5)
FNDA:0,(anonymous_6)
FNDA:0,(anonymous_7)
FNDA:0,(anonymous_8)
FNDA:0,(anonymous_9)
FNDA:0,(anonymous_10)
FNDA:0,(anonymous_11)
FNDA:0,(anonymous_12)
FNDA:0,(anonymous_13)
FNDA:0,(anonymous_14)
FNDA:0,(anonymous_15)
FNDA:0,(anonymous_16)
FNDA:0,(anonymous_17)
FNDA:0,(anonymous_18)
FNDA:0,(anonymous_19)
FNDA:0,(anonymous_20)
FNDA:0,(anonymous_21)
FNDA:0,(anonymous_22)
FNDA:0,(anonymous_23)
FNDA:0,(anonymous_24)
FNDA:0,(anonymous_25)
FNDA:0,(anonymous_26)
FNDA:0,(anonymous_27)
FNDA:0,(anonymous_28)
FNDA:0,(anonymous_29)
FNDA:0,(anonymous_30)
FNDA:0,(anonymous_31)
FNDA:0,(anonymous_32)
FNDA:0,(anonymous_33)
FNDA:0,(anonymous_34)
FNDA:0,(anonymous_35)
FNDA:0,(anonymous_36)
FNDA:0,(anonymous_37)
FNDA:0,(anonymous_38)
FNDA:0,(anonymous_39)
FNDA:0,(anonymous_40)
FNDA:0,(anonymous_41)
FNDA:0,(anonymous_42)
FNDA:0,(anonymous_43)
FNDA:0,(anonymous_44)
FNDA:0,(anonymous_45)
FNDA:0,(anonymous_46)
FNDA:0,(anonymous_47)
FNDA:0,(anonymous_48)
FNDA:0,(anonymous_49)
FNDA:0,(anonymous_50)
FNDA:0,(anonymous_51)
FNDA:0,(anonymous_52)
FNDA:0,(anonymous_53)
FNDA:0,(anonymous_54)
FNDA:0,(anonymous_55)
FNDA:0,(anonymous_56)
FNDA:0,(anonymous_57)
FNDA:0,(anonymous_58)
FNDA:0,(anonymous_59)
FNDA:0,(anonymous_60)
FNDA:0,(anonymous_61)
FNDA:0,(anonymous_62)
FNDA:0,(anonymous_63)
FNDA:0,(anonymous_64)
FNDA:0,(anonymous_65)
FNDA:0,(anonymous_66)
FNDA:0,(anonymous_67)
FNDA:0,(anonymous_68)
FNDA:0,(anonymous_69)
FNDA:0,(anonymous_70)
FNDA:0,(anonymous_71)
FNDA:0,(anonymous_72)
FNDA:0,(anonymous_73)
FNDA:0,(anonymous_74)
FNDA:0,(anonymous_75)
FNDA:0,(anonymous_76)
FNDA:0,(anonymous_77)
FNDA:0,(anonymous_78)
FNDA:0,(anonymous_79)
FNDA:0,(anonymous_80)
FNDA:0,(anonymous_81)
FNDA:0,(anonymous_82)
FNDA:0,(anonymous_83)
FNDA:0,(anonymous_84)
FNDA:0,(anonymous_85)
FNDA:0,(anonymous_86)
DA:8,0
DA:9,0
DA:10,0
DA:11,0
DA:12,0
DA:13,0
DA:16,0
DA:17,0
DA:18,0
DA:21,0
DA:22,0
DA:24,0
DA:32,0
DA:33,0
DA:34,0
DA:35,0
DA:36,0
DA:37,0
DA:39,0
DA:50,0
DA:51,0
DA:52,0
DA:53,0
DA:55,0
DA:56,0
DA:65,0
DA:80,0
DA:106,0
DA:138,0
DA:145,0
DA:147,0
DA:148,0
DA:149,0
DA:151,0
DA:153,0
DA:154,0
DA:157,0
DA:159,0
DA:160,0
DA:161,0
DA:168,0
DA:169,0
DA:170,0
DA:171,0
DA:184,0
DA:185,0
DA:188,0
DA:189,0
DA:193,0
DA:195,0
DA:196,0
DA:199,0
DA:200,0
DA:204,0
DA:205,0
DA:209,0
DA:210,0
DA:211,0
DA:212,0
DA:216,0
DA:217,0
DA:218,0
DA:219,0
DA:225,0
DA:227,0
DA:237,0
DA:239,0
DA:240,0
DA:243,0
DA:244,0
DA:245,0
DA:246,0
DA:251,0
DA:261,0
DA:262,0
DA:263,0
DA:264,0
DA:267,0
DA:269,0
DA:272,0
DA:273,0
DA:274,0
DA:275,0
DA:276,0
DA:278,0
DA:286,0
DA:288,0
DA:289,0
DA:298,0
DA:299,0
DA:302,0
DA:304,0
DA:306,0
DA:307,0
DA:308,0
DA:309,0
DA:310,0
DA:313,0
DA:314,0
DA:315,0
DA:318,0
DA:319,0
DA:323,0
DA:324,0
DA:325,0
DA:326,0
DA:327,0
DA:328,0
DA:339,0
DA:341,0
DA:342,0
DA:344,0
DA:345,0
DA:346,0
DA:348,0
DA:349,0
DA:350,0
DA:355,0
DA:356,0
DA:360,0
DA:361,0
DA:371,0
DA:374,0
DA:375,0
DA:376,0
DA:380,0
DA:381,0
DA:382,0
DA:383,0
DA:388,0
DA:389,0
DA:390,0
DA:400,0
DA:401,0
DA:403,0
DA:404,0
DA:405,0
DA:406,0
DA:411,0
DA:412,0
DA:413,0
DA:421,0
DA:424,0
DA:427,0
DA:430,0
DA:439,0
DA:440,0
DA:441,0
DA:442,0
DA:446,0
DA:449,0
DA:452,0
DA:453,0
DA:456,0
DA:457,0
DA:458,0
DA:459,0
DA:464,0
DA:467,0
DA:468,0
DA:471,0
DA:480,0
DA:481,0
DA:484,0
DA:487,0
DA:488,0
DA:491,0
DA:492,0
DA:493,0
DA:494,0
DA:495,0
DA:500,0
DA:501,0
DA:502,0
DA:506,0
DA:509,0
DA:510,0
DA:513,0
DA:523,0
DA:531,0
DA:533,0
DA:534,0
DA:542,0
DA:543,0
DA:544,0
DA:547,0
DA:548,0
DA:550,0
DA:558,0
DA:559,0
DA:560,0
DA:561,0
DA:565,0
DA:566,0
DA:568,0
DA:569,0
DA:572,0
DA:573,0
DA:579,0
DA:583,0
DA:586,0
DA:589,0
DA:590,0
DA:592,0
DA:593,0
DA:597,0
DA:607,0
DA:608,0
DA:609,0
DA:612,0
DA:615,0
DA:616,0
DA:618,0
DA:619,0
DA:620,0
DA:621,0
DA:622,0
DA:623,0
DA:624,0
DA:626,0
DA:629,0
DA:632,0
DA:643,0
DA:645,0
DA:646,0
DA:647,0
DA:667,0
DA:670,0
DA:671,0
DA:673,0
DA:674,0
DA:675,0
DA:676,0
DA:680,0
DA:681,0
DA:682,0
DA:685,0
DA:686,0
DA:687,0
DA:691,0
DA:692,0
DA:693,0
DA:694,0
DA:699,0
DA:708,0
DA:711,0
DA:712,0
DA:713,0
DA:716,0
DA:717,0
DA:724,0
DA:725,0
DA:733,0
DA:734,0
DA:736,0
DA:737,0
DA:739,0
DA:747,0
DA:748,0
DA:749,0
DA:757,0
DA:758,0
DA:759,0
DA:768,0
DA:769,0
DA:771,0
DA:773,0
DA:777,0
DA:778,0
DA:780,0
DA:781,0
DA:782,0
DA:783,0
DA:786,0
DA:787,0
DA:788,0
DA:798,0
DA:800,0
DA:803,0
DA:806,0
DA:807,0
DA:808,0
DA:818,0
DA:826,0
DA:834,0
DA:842,0
DA:843,0
DA:851,0
DA:858,0
DA:869,0
DA:870,0
DA:872,0
DA:873,0
DA:874,0
DA:875,0
DA:876,0
DA:879,0
DA:880,0
DA:891,0
DA:902,0
DA:968,0
DA:969,0
DA:970,0
DA:971,0
DA:975,0
DA:976,0
DA:978,0
DA:979,0
DA:986,0
DA:987,0
DA:989,0
DA:991,0
DA:993,0
DA:994,0
DA:995,0
DA:996,0
DA:997,0
DA:998,0
DA:1000,0
DA:1001,0
DA:1004,0
DA:1008,0
DA:1009,0
DA:1020,0
DA:1021,0
DA:1022,0
DA:1023,0
DA:1024,0
DA:1029,0
DA:1030,0
DA:1033,0
DA:1040,0
DA:1041,0
DA:1042,0
DA:1043,0
DA:1045,0
DA:1046,0
DA:1047,0
DA:1048,0
DA:1049,0
DA:1051,0
DA:1052,0
DA:1054,0
DA:1057,0
DA:1058,0
DA:1061,0
DA:1062,0
DA:1070,0
DA:1071,0
DA:1074,0
DA:1075,0
DA:1076,0
DA:1077,0
DA:1078,0
DA:1080,0
DA:1084,0
DA:1085,0
DA:1087,0
DA:1089,0
DA:1096,0
DA:1103,0
DA:1106,0
DA:1107,0
DA:1108,0
DA:1109,0
DA:1110,0
DA:1111,0
DA:1117,0
DA:1120,0
DA:1123,0
DA:1125,0
DA:1126,0
DA:1127,0
DA:1130,0
LF:374
LH:0
BRDA:16,0,0,0
BRDA:16,0,1,0
BRDA:21,1,0,0
BRDA:21,1,1,0
BRDA:151,2,0,0
BRDA:151,2,1,0
BRDA:154,3,0,0
BRDA:154,3,1,0
BRDA:157,4,0,0
BRDA:157,4,1,0
BRDA:169,5,0,0
BRDA:169,5,1,0
BRDA:188,6,0,0
BRDA:188,6,1,0
BRDA:188,7,0,0
BRDA:188,7,1,0
BRDA:193,8,0,0
BRDA:193,8,1,0
BRDA:195,9,0,0
BRDA:195,9,1,0
BRDA:195,10,0,0
BRDA:195,10,1,0
BRDA:199,11,0,0
BRDA:199,11,1,0
BRDA:199,12,0,0
BRDA:199,12,1,0
BRDA:204,13,0,0
BRDA:204,13,1,0
BRDA:204,14,0,0
BRDA:204,14,1,0
BRDA:205,15,0,0
BRDA:205,15,1,0
BRDA:209,16,0,0
BRDA:209,16,1,0
BRDA:211,17,0,0
BRDA:211,17,1,0
BRDA:211,18,0,0
BRDA:211,18,1,0
BRDA:216,19,0,0
BRDA:216,19,1,0
BRDA:218,20,0,0
BRDA:218,20,1,0
BRDA:218,21,0,0
BRDA:218,21,1,0
BRDA:240,22,0,0
BRDA:240,22,1,0
BRDA:243,23,0,0
BRDA:243,23,1,0
BRDA:245,24,0,0
BRDA:245,24,1,0
BRDA:263,25,0,0
BRDA:263,25,1,0
BRDA:267,26,0,0
BRDA:267,26,1,0
BRDA:276,27,0,0
BRDA:276,27,1,0
BRDA:299,28,0,0
BRDA:299,28,1,0
BRDA:324,29,0,0
BRDA:324,29,1,0
BRDA:327,30,0,0
BRDA:327,30,1,0
BRDA:327,31,0,0
BRDA:327,31,1,0
BRDA:341,32,0,0
BRDA:341,32,1,0
BRDA:341,33,0,0
BRDA:341,33,1,0
BRDA:342,34,0,0
BRDA:342,34,1,0
BRDA:355,35,0,0
BRDA:355,35,1,0
BRDA:360,36,0,0
BRDA:360,36,1,0
BRDA:360,37,0,0
BRDA:360,37,1,0
BRDA:375,38,0,0
BRDA:375,38,1,0
BRDA:380,39,0,0
BRDA:380,39,1,0
BRDA:382,40,0,0
BRDA:382,40,1,0
BRDA:389,41,0,0
BRDA:389,41,1,0
BRDA:390,42,0,0
BRDA:390,42,1,0
BRDA:403,43,0,0
BRDA:403,43,1,0
BRDA:403,44,0,0
BRDA:403,44,1,0
BRDA:438,45,0,0
BRDA:440,46,0,0
BRDA:440,46,1,0
BRDA:446,47,0,0
BRDA:446,47,1,0
BRDA:458,48,0,0
BRDA:458,48,1,0
BRDA:467,49,0,0
BRDA:467,49,1,0
BRDA:479,50,0,0
BRDA:481,51,0,0
BRDA:481,51,1,0
BRDA:492,52,0,0
BRDA:492,52,1,0
BRDA:494,53,0,0
BRDA:494,53,1,0
BRDA:501,54,0,0
BRDA:501,54,1,0
BRDA:509,55,0,0
BRDA:509,55,1,0
BRDA:522,56,0,0
BRDA:522,57,0,0
BRDA:527,58,0,0
BRDA:527,58,1,0
BRDA:528,59,0,0
BRDA:528,59,1,0
BRDA:533,60,0,0
BRDA:533,60,1,0
BRDA:542,61,0,0
BRDA:542,61,1,0
BRDA:559,62,0,0
BRDA:559,62,1,0
BRDA:568,63,0,0
BRDA:568,63,1,0
BRDA:572,64,0,0
BRDA:572,64,1,0
BRDA:579,65,0,0
BRDA:579,65,1,0
BRDA:608,66,0,0
BRDA:608,66,1,0
BRDA:612,67,0,0
BRDA:612,67,1,0
BRDA:620,68,0,0
BRDA:620,68,1,0
BRDA:623,69,0,0
BRDA:623,69,1,0
BRDA:642,70,0,0
BRDA:657,71,0,0
BRDA:657,71,1,0
BRDA:660,72,0,0
BRDA:660,72,1,0
BRDA:692,73,0,0
BRDA:692,73,1,0
BRDA:724,74,0,0
BRDA:724,74,1,0
BRDA:747,75,0,0
BRDA:747,75,1,0
BRDA:757,76,0,0
BRDA:757,76,1,0
BRDA:771,77,0,0
BRDA:771,77,1,0
BRDA:780,78,0,0
BRDA:780,78,1,0
BRDA:781,79,0,0
BRDA:781,79,1,0
BRDA:786,80,0,0
BRDA:786,80,1,0
BRDA:798,81,0,0
BRDA:798,81,1,0
BRDA:807,82,0,0
BRDA:807,82,1,0
BRDA:842,83,0,0
BRDA:842,83,1,0
BRDA:868,84,0,0
BRDA:872,85,0,0
BRDA:872,85,1,0
BRDA:873,86,0,0
BRDA:873,86,1,0
BRDA:875,87,0,0
BRDA:875,87,1,0
BRDA:969,88,0,0
BRDA:969,88,1,0
BRDA:976,89,0,0
BRDA:976,89,1,0
BRDA:985,90,0,0
BRDA:987,91,0,0
BRDA:987,91,1,0
BRDA:989,92,0,0
BRDA:989,92,1,0
BRDA:1008,93,0,0
BRDA:1008,93,1,0
BRDA:1023,94,0,0
BRDA:1023,94,1,0
BRDA:1029,95,0,0
BRDA:1029,95,1,0
BRDA:1039,96,0,0
BRDA:1080,97,0,0
BRDA:1080,97,1,0
BRDA:1096,98,0,0
BRDA:1096,98,1,0
BRDA:1107,99,0,0
BRDA:1107,99,1,0
BRDA:1123,100,0,0
BRDA:1123,100,1,0
BRF:194
BRH:0
end_of_record
TN:
SF:js\websocket.js
FN:7,(anonymous_0)
FN:43,(anonymous_1)
FN:65,(anonymous_2)
FN:73,(anonymous_3)
FN:79,(anonymous_4)
FN:84,(anonymous_5)
FN:89,(anonymous_6)
FN:95,(anonymous_7)
FN:115,(anonymous_8)
FN:146,(anonymous_9)
FN:169,(anonymous_10)
FN:181,(anonymous_11)
FN:195,(anonymous_12)
FN:199,(anonymous_13)
FN:211,(anonymous_14)
FN:241,(anonymous_15)
FN:263,(anonymous_16)
FN:323,(anonymous_17)
FN:331,(anonymous_18)
FN:348,(anonymous_19)
FN:366,(anonymous_20)
FN:384,(anonymous_21)
FN:408,(anonymous_22)
FN:429,(anonymous_23)
FN:450,(anonymous_24)
FN:465,(anonymous_25)
FN:479,(anonymous_26)
FN:495,(anonymous_27)
FN:512,(anonymous_28)
FN:540,(anonymous_29)
FN:555,(anonymous_30)
FN:582,(anonymous_31)
FN:595,(anonymous_32)
FN:596,(anonymous_33)
FN:612,(anonymous_34)
FN:622,(anonymous_35)
FN:631,(anonymous_36)
FN:642,(anonymous_37)
FN:657,(anonymous_38)
FN:667,(anonymous_39)
FN:684,(anonymous_40)
FN:696,(anonymous_41)
FN:712,(anonymous_42)
FN:721,(anonymous_43)
FN:734,(anonymous_44)
FN:758,(anonymous_45)
FN:779,(anonymous_46)
FN:780,(anonymous_47)
FN:781,(anonymous_48)
FN:784,(anonymous_49)
FN:788,(anonymous_50)
FNF:51
FNH:0
FNDA:0,(anonymous_0)
FNDA:0,(anonymous_1)
FNDA:0,(anonymous_2)
FNDA:0,(anonymous_3)
FNDA:0,(anonymous_4)
FNDA:0,(anonymous_5)
FNDA:0,(anonymous_6)
FNDA:0,(anonymous_7)
FNDA:0,(anonymous_8)
FNDA:0,(anonymous_9)
FNDA:0,(anonymous_10)
FNDA:0,(anonymous_11)
FNDA:0,(anonymous_12)
FNDA:0,(anonymous_13)
FNDA:0,(anonymous_14)
FNDA:0,(anonymous_15)
FNDA:0,(anonymous_16)
FNDA:0,(anonymous_17)
FNDA:0,(anonymous_18)
FNDA:0,(anonymous_19)
FNDA:0,(anonymous_20)
FNDA:0,(anonymous_21)
FNDA:0,(anonymous_22)
FNDA:0,(anonymous_23)
FNDA:0,(anonymous_24)
FNDA:0,(anonymous_25)
FNDA:0,(anonymous_26)
FNDA:0,(anonymous_27)
FNDA:0,(anonymous_28)
FNDA:0,(anonymous_29)
FNDA:0,(anonymous_30)
FNDA:0,(anonymous_31)
FNDA:0,(anonymous_32)
FNDA:0,(anonymous_33)
FNDA:0,(anonymous_34)
FNDA:0,(anonymous_35)
FNDA:0,(anonymous_36)
FNDA:0,(anonymous_37)
FNDA:0,(anonymous_38)
FNDA:0,(anonymous_39)
FNDA:0,(anonymous_40)
FNDA:0,(anonymous_41)
FNDA:0,(anonymous_42)
FNDA:0,(anonymous_43)
FNDA:0,(anonymous_44)
FNDA:0,(anonymous_45)
FNDA:0,(anonymous_46)
FNDA:0,(anonymous_47)
FNDA:0,(anonymous_48)
FNDA:0,(anonymous_49)
FNDA:0,(anonymous_50)
DA:8,0
DA:9,0
DA:10,0
DA:11,0
DA:12,0
DA:13,0
DA:14,0
DA:15,0
DA:16,0
DA:17,0
DA:20,0
DA:21,0
DA:22,0
DA:25,0
DA:33,0
DA:35,0
DA:44,0
DA:45,0
DA:46,0
DA:50,0
DA:51,0
DA:54,0
DA:55,0
DA:56,0
DA:59,0
DA:60,0
DA:61,0
DA:65,0
DA:66,0
DA:67,0
DA:68,0
DA:70,0
DA:73,0
DA:74,0
DA:75,0
DA:79,0
DA:80,0
DA:84,0
DA:85,0
DA:89,0
DA:90,0
DA:91,0
DA:95,0
DA:96,0
DA:97,0
DA:98,0
DA:103,0
DA:104,0
DA:108,0
DA:116,0
DA:117,0
DA:120,0
DA:121,0
DA:122,0
DA:126,0
DA:127,0
DA:128,0
DA:132,0
DA:133,0
DA:134,0
DA:137,0
DA:139,0
DA:147,0
DA:148,0
DA:149,0
DA:150,0
DA:153,0
DA:154,0
DA:155,0
DA:156,0
DA:158,0
DA:160,0
DA:170,0
DA:171,0
DA:173,0
DA:182,0
DA:184,0
DA:185,0
DA:186,0
DA:196,0
DA:197,0
DA:199,0
DA:200,0
DA:201,0
DA:203,0
DA:212,0
DA:214,0
DA:215,0
DA:216,0
DA:219,0
DA:222,0
DA:225,0
DA:228,0
DA:234,0
DA:242,0
DA:243,0
DA:244,0
DA:246,0
DA:249,0
DA:252,0
DA:255,0
DA:264,0
DA:266,0
DA:268,0
DA:269,0
DA:272,0
DA:273,0
DA:276,0
DA:277,0
DA:280,0
DA:281,0
DA:284,0
DA:285,0
DA:288,0
DA:289,0
DA:292,0
DA:293,0
DA:296,0
DA:297,0
DA:300,0
DA:301,0
DA:304,0
DA:305,0
DA:308,0
DA:309,0
DA:312,0
DA:316,0
DA:324,0
DA:333,0
DA:338,0
DA:339,0
DA:341,0
DA:349,0
DA:352,0
DA:353,0
DA:357,0
DA:359,0
DA:367,0
DA:370,0
DA:371,0
DA:375,0
DA:377,0
DA:385,0
DA:386,0
DA:389,0
DA:390,0
DA:394,0
DA:395,0
DA:399,0
DA:401,0
DA:409,0
DA:410,0
DA:413,0
DA:414,0
DA:418,0
DA:419,0
DA:422,0
DA:430,0
DA:431,0
DA:434,0
DA:435,0
DA:439,0
DA:440,0
DA:443,0
DA:451,0
DA:452,0
DA:455,0
DA:458,0
DA:466,0
DA:467,0
DA:470,0
DA:472,0
DA:480,0
DA:481,0
DA:484,0
DA:485,0
DA:488,0
DA:497,0
DA:498,0
DA:505,0
DA:513,0
DA:515,0
DA:516,0
DA:519,0
DA:520,0
DA:521,0
DA:525,0
DA:528,0
DA:531,0
DA:532,0
DA:541,0
DA:543,0
DA:546,0
DA:549,0
DA:556,0
DA:557,0
DA:560,0
DA:561,0
DA:568,0
DA:571,0
DA:572,0
DA:573,0
DA:575,0
DA:578,0
DA:581,0
DA:582,0
DA:584,0
DA:585,0
DA:587,0
DA:596,0
DA:597,0
DA:598,0
DA:601,0
DA:602,0
DA:603,0
DA:613,0
DA:614,0
DA:615,0
DA:623,0
DA:632,0
DA:643,0
DA:644,0
DA:645,0
DA:646,0
DA:650,0
DA:658,0
DA:659,0
DA:661,0
DA:662,0
DA:665,0
DA:667,0
DA:668,0
DA:669,0
DA:670,0
DA:676,0
DA:685,0
DA:686,0
DA:687,0
DA:698,0
DA:699,0
DA:700,0
DA:701,0
DA:702,0
DA:714,0
DA:723,0
DA:724,0
DA:727,0
DA:736,0
DA:737,0
DA:739,0
DA:741,0
DA:742,0
DA:745,0
DA:746,0
DA:749,0
DA:750,0
DA:759,0
DA:771,0
DA:774,0
DA:777,0
DA:779,0
DA:780,0
DA:781,0
DA:784,0
DA:785,0
DA:788,0
DA:789,0
DA:793,0
LF:268
LH:0
BRDA:44,0,0,0
BRDA:44,0,1,0
BRDA:44,1,0,0
BRDA:44,1,1,0
BRDA:50,2,0,0
BRDA:50,2,1,0
BRDA:50,3,0,0
BRDA:50,3,1,0
BRDA:60,4,0,0
BRDA:60,4,1,0
BRDA:96,5,0,0
BRDA:96,5,1,0
BRDA:120,6,0,0
BRDA:120,6,1,0
BRDA:126,7,0,0
BRDA:126,7,1,0
BRDA:147,8,0,0
BRDA:147,8,1,0
BRDA:170,9,0,0
BRDA:170,9,1,0
BRDA:182,10,0,0
BRDA:182,10,1,0
BRDA:185,11,0,0
BRDA:185,11,1,0
BRDA:197,12,0,0
BRDA:197,12,1,0
BRDA:266,13,0,0
BRDA:266,13,1,0
BRDA:266,13,2,0
BRDA:266,13,3,0
BRDA:266,13,4,0
BRDA:266,13,5,0
BRDA:266,13,6,0
BRDA:266,13,7,0
BRDA:266,13,8,0
BRDA:266,13,9,0
BRDA:266,13,10,0
BRDA:266,13,11,0
BRDA:333,14,0,0
BRDA:333,14,1,0
BRDA:349,15,0,0
BRDA:349,15,1,0
BRDA:352,16,0,0
BRDA:352,16,1,0
BRDA:367,17,0,0
BRDA:367,17,1,0
BRDA:370,18,0,0
BRDA:370,18,1,0
BRDA:386,19,0,0
BRDA:386,19,1,0
BRDA:389,20,0,0
BRDA:389,20,1,0
BRDA:394,21,0,0
BRDA:394,21,1,0
BRDA:410,22,0,0
BRDA:410,22,1,0
BRDA:413,23,0,0
BRDA:413,23,1,0
BRDA:418,24,0,0
BRDA:418,24,1,0
BRDA:431,25,0,0
BRDA:431,25,1,0
BRDA:434,26,0,0
BRDA:434,26,1,0
BRDA:439,27,0,0
BRDA:439,27,1,0
BRDA:452,28,0,0
BRDA:452,28,1,0
BRDA:467,29,0,0
BRDA:467,29,1,0
BRDA:480,30,0,0
BRDA:480,30,1,0
BRDA:484,31,0,0
BRDA:484,31,1,0
BRDA:484,32,0,0
BRDA:484,32,1,0
BRDA:497,33,0,0
BRDA:497,33,1,0
BRDA:519,34,0,0
BRDA:519,34,1,0
BRDA:531,35,0,0
BRDA:531,35,1,0
BRDA:531,36,0,0
BRDA:531,36,1,0
BRDA:556,37,0,0
BRDA:556,37,1,0
BRDA:560,38,0,0
BRDA:560,38,1,0
BRDA:597,39,0,0
BRDA:597,39,1,0
BRDA:601,40,0,0
BRDA:601,40,1,0
BRDA:601,41,0,0
BRDA:601,41,1,0
BRDA:644,42,0,0
BRDA:644,42,1,0
BRDA:659,43,0,0
BRDA:659,43,1,0
BRDA:686,44,0,0
BRDA:686,44,1,0
BRDA:699,45,0,0
BRDA:699,45,1,0
BRDA:701,46,0,0
BRDA:701,46,1,0
BRDA:702,47,0,0
BRDA:702,47,1,0
BRDA:723,48,0,0
BRDA:723,48,1,0
BRDA:724,49,0,0
BRDA:724,49,1,0
BRDA:739,50,0,0
BRDA:739,50,1,0
BRDA:739,50,2,0
BRDA:739,50,3,0
BRDA:739,50,4,0
BRDA:765,51,0,0
BRDA:765,51,1,0
BRDA:777,52,0,0
BRDA:777,52,1,0
BRF:119
BRH:0
end_of_record
TN:
SF:js\core\app.js
FN:14,(anonymous_0)
FN:32,(anonymous_1)
FN:69,(anonymous_2)
FN:72,(anonymous_3)
FN:82,(anonymous_4)
FN:102,(anonymous_5)
FN:142,(anonymous_6)
FN:161,(anonymous_7)
FN:163,(anonymous_8)
FN:165,(anonymous_9)
FN:171,(anonymous_10)
FN:181,(anonymous_11)
FN:188,(anonymous_12)
FN:190,(anonymous_13)
FN:196,(anonymous_14)
FN:208,(anonymous_15)
FN:217,(anonymous_16)
FN:224,(anonymous_17)
FN:238,(anonymous_18)
FN:244,(anonymous_19)
FN:249,(anonymous_20)
FN:264,(anonymous_21)
FN:265,(anonymous_22)
FN:293,(anonymous_23)
FN:295,(anonymous_24)
FN:304,(anonymous_25)
FN:313,(anonymous_26)
FN:317,(anonymous_27)
FN:322,(anonymous_28)
FN:326,(anonymous_29)
FN:334,(anonymous_30)
FN:348,(anonymous_31)
FN:368,(anonymous_32)
FN:372,(anonymous_33)
FN:387,(anonymous_34)
FN:391,(anonymous_35)
FN:406,(anonymous_36)
FN:413,(anonymous_37)
FN:420,(anonymous_38)
FN:424,(anonymous_39)
FNF:40
FNH:0
FNDA:0,(anonymous_0)
FNDA:0,(anonymous_1)
FNDA:0,(anonymous_2)
FNDA:0,(anonymous_3)
FNDA:0,(anonymous_4)
FNDA:0,(anonymous_5)
FNDA:0,(anonymous_6)
FNDA:0,(anonymous_7)
FNDA:0,(anonymous_8)
FNDA:0,(anonymous_9)
FNDA:0,(anonymous_10)
FNDA:0,(anonymous_11)
FNDA:0,(anonymous_12)
FNDA:0,(anonymous_13)
FNDA:0,(anonymous_14)
FNDA:0,(anonymous_15)
FNDA:0,(anonymous_16)
FNDA:0,(anonymous_17)
FNDA:0,(anonymous_18)
FNDA:0,(anonymous_19)
FNDA:0,(anonymous_20)
FNDA:0,(anonymous_21)
FNDA:0,(anonymous_22)
FNDA:0,(anonymous_23)
FNDA:0,(anonymous_24)
FNDA:0,(anonymous_25)
FNDA:0,(anonymous_26)
FNDA:0,(anonymous_27)
FNDA:0,(anonymous_28)
FNDA:0,(anonymous_29)
FNDA:0,(anonymous_30)
FNDA:0,(anonymous_31)
FNDA:0,(anonymous_32)
FNDA:0,(anonymous_33)
FNDA:0,(anonymous_34)
FNDA:0,(anonymous_35)
FNDA:0,(anonymous_36)
FNDA:0,(anonymous_37)
FNDA:0,(anonymous_38)
FNDA:0,(anonymous_39)
DA:15,0
DA:16,0
DA:19,0
DA:20,0
DA:21,0
DA:22,0
DA:23,0
DA:24,0
DA:26,0
DA:33,0
DA:34,0
DA:35,0
DA:38,0
DA:39,0
DA:42,0
DA:45,0
DA:48,0
DA:51,0
DA:54,0
DA:56,0
DA:57,0
DA:60,0
DA:61,0
DA:62,0
DA:70,0
DA:71,0
DA:72,0
DA:73,0
DA:76,0
DA:83,0
DA:86,0
DA:89,0
DA:90,0
DA:94,0
DA:96,0
DA:103,0
DA:106,0
DA:107,0
DA:108,0
DA:110,0
DA:111,0
DA:112,0
DA:113,0
DA:115,0
DA:118,0
DA:119,0
DA:120,0
DA:121,0
DA:123,0
DA:125,0
DA:126,0
DA:131,0
DA:132,0
DA:136,0
DA:144,0
DA:147,0
DA:150,0
DA:153,0
DA:155,0
DA:163,0
DA:165,0
DA:166,0
DA:167,0
DA:171,0
DA:172,0
DA:173,0
DA:176,0
DA:177,0
DA:181,0
DA:182,0
DA:183,0
DA:188,0
DA:190,0
DA:191,0
DA:192,0
DA:196,0
DA:197,0
DA:198,0
DA:201,0
DA:202,0
DA:203,0
DA:208,0
DA:209,0
DA:210,0
DA:215,0
DA:216,0
DA:217,0
DA:219,0
DA:220,0
DA:224,0
DA:226,0
DA:227,0
DA:232,0
DA:239,0
DA:240,0
DA:242,0
DA:244,0
DA:245,0
DA:246,0
DA:247,0
DA:248,0
DA:249,0
DA:250,0
DA:254,0
DA:255,0
DA:256,0
DA:257,0
DA:265,0
DA:267,0
DA:268,0
DA:271,0
DA:273,0
DA:274,0
DA:276,0
DA:278,0
DA:279,0
DA:281,0
DA:282,0
DA:284,0
DA:285,0
DA:295,0
DA:296,0
DA:297,0
DA:298,0
DA:299,0
DA:301,0
DA:304,0
DA:305,0
DA:306,0
DA:307,0
DA:308,0
DA:313,0
DA:314,0
DA:317,0
DA:318,0
DA:322,0
DA:323,0
DA:326,0
DA:327,0
DA:335,0
DA:336,0
DA:337,0
DA:338,0
DA:340,0
DA:341,0
DA:349,0
DA:350,0
DA:351,0
DA:352,0
DA:356,0
DA:357,0
DA:360,0
DA:361,0
DA:369,0
DA:372,0
DA:373,0
DA:376,0
DA:377,0
DA:378,0
DA:381,0
DA:388,0
DA:391,0
DA:392,0
DA:395,0
DA:396,0
DA:397,0
DA:400,0
DA:407,0
DA:414,0
DA:421,0
DA:424,0
DA:425,0
DA:426,0
DA:431,0
DA:433,0
DA:434,0
DA:439,0
LF:177
LH:0
BRDA:33,0,0,0
BRDA:33,0,1,0
BRDA:70,1,0,0
BRDA:70,1,1,0
BRDA:89,2,0,0
BRDA:89,2,1,0
BRDA:106,3,0,0
BRDA:106,3,1,0
BRDA:108,4,0,0
BRDA:108,4,1,0
BRDA:112,5,0,0
BRDA:112,5,1,0
BRDA:119,6,0,0
BRDA:119,6,1,0
BRDA:120,7,0,0
BRDA:120,7,1,0
BRDA:125,8,0,0
BRDA:125,8,1,0
BRDA:131,9,0,0
BRDA:131,9,1,0
BRDA:201,10,0,0
BRDA:201,10,1,0
BRDA:202,11,0,0
BRDA:202,11,1,0
BRDA:216,12,0,0
BRDA:216,12,1,0
BRDA:219,13,0,0
BRDA:219,13,1,0
BRDA:219,14,0,0
BRDA:219,14,1,0
BRDA:226,15,0,0
BRDA:226,15,1,0
BRDA:226,16,0,0
BRDA:226,16,1,0
BRDA:240,17,0,0
BRDA:240,17,1,0
BRDA:255,18,0,0
BRDA:255,18,1,0
BRDA:267,19,0,0
BRDA:267,19,1,0
BRDA:267,20,0,0
BRDA:267,20,1,0
BRDA:271,21,0,0
BRDA:271,21,1,0
BRDA:271,21,2,0
BRDA:271,21,3,0
BRDA:273,22,0,0
BRDA:273,22,1,0
BRDA:298,23,0,0
BRDA:298,23,1,0
BRDA:307,24,0,0
BRDA:307,24,1,0
BRDA:351,25,0,0
BRDA:351,25,1,0
BRDA:377,26,0,0
BRDA:377,26,1,0
BRDA:396,27,0,0
BRDA:396,27,1,0
BRDA:425,28,0,0
BRDA:425,28,1,0
BRF:60
BRH:0
end_of_record
TN:
SF:js\core\state.js
FN:9,(anonymous_0)
FN:42,(anonymous_1)
FN:58,(anonymous_2)
FN:85,(anonymous_3)
FN:102,(anonymous_4)
FN:109,(anonymous_5)
FN:116,(anonymous_6)
FN:134,(anonymous_7)
FN:137,(anonymous_8)
FN:149,(anonymous_9)
FN:159,(anonymous_10)
FN:163,(anonymous_11)
FN:177,(anonymous_12)
FN:181,(anonymous_13)
FN:188,(anonymous_14)
FN:192,(anonymous_15)
FN:199,(anonymous_16)
FN:203,(anonymous_17)
FN:210,(anonymous_18)
FN:214,(anonymous_19)
FN:218,(anonymous_20)
FN:220,(anonymous_21)
FN:226,(anonymous_22)
FN:227,(anonymous_23)
FN:234,(anonymous_24)
FN:242,(anonymous_25)
FN:253,(anonymous_26)
FN:256,(anonymous_27)
FN:274,(anonymous_28)
FN:295,(anonymous_29)
FN:306,(anonymous_30)
FNF:31
FNH:0
FNDA:0,(anonymous_0)
[...]
FN:717,(anonymous_16)
FN:749,(anonymous_17)
FN:757,(anonymous_18)
FN:760,(anonymous_19)
FN:773,(anonymous_20)
FN:777,(anonymous_21)
FN:812,(anonymous_22)
FN:833,(anonymous_23)
FN:848,(anonymous_24)
FN:863,(anonymous_25)
FN:879,(anonymous_26)
FN:888,(anonymous_27)
FN:891,(anonymous_28)
FN:910,(anonymous_29)
FN:956,(anonymous_30)
FN:971,(anonymous_31)
FN:975,(anonymous_32)
FN:993,(anonymous_33)
FN:999,(anonymous_34)
FN:1033,(anonymous_35)
FN:1074,(anonymous_36)
FN:1082,(anonymous_37)
FN:1087,(anonymous_38)
FN:1128,(anonymous_39)
FN:1138,(anonymous_40)
FN:1144,(anonymous_41)
FN:1159,(anonymous_42)
FN:1180,(anonymous_43)
FN:1192,(anonymous_44)
FNF:45
FNH:0
FNDA:0,(anonymous_0)
FNDA:0,(anonymous_1)
FNDA:0,(anonymous_2)
FNDA:0,(anonymous_3)
FNDA:0,(anonymous_4)
FNDA:0,(anonymous_5)
FNDA:0,(anonymous_6)
FNDA:0,(anonymous_7)
FNDA:0,(anonymous_8)
FNDA:0,(anonymous_9)
FNDA:0,(anonymous_10)
FNDA:0,(anonymous_11)
FNDA:0,(anonymous_12)
FNDA:0,(anonymous_13)
FNDA:0,(anonymous_14)
FNDA:0,(anonymous_15)
FNDA:0,(anonymous_16)
FNDA:0,(anonymous_17)
FNDA:0,(anonymous_18)
FNDA:0,(anonymous_19)
FNDA:0,(anonymous_20)
FNDA:0,(anonymous_21)
FNDA:0,(anonymous_22)
FNDA:0,(anonymous_23)
FNDA:0,(anonymous_24)
FNDA:0,(anonymous_25)
FNDA:0,(anonymous_26)
FNDA:0,(anonymous_27)
FNDA:0,(anonymous_28)
FNDA:0,(anonymous_29)
FNDA:0,(anonymous_30)
FNDA:0,(anonymous_31)
FNDA:0,(anonymous_32)
FNDA:0,(anonymous_33)
FNDA:0,(anonymous_34)
FNDA:0,(anonymous_35)
FNDA:0,(anonymous_36)
FNDA:0,(anonymous_37)
FNDA:0,(anonymous_38)
FNDA:0,(anonymous_39)
FNDA:0,(anonymous_40)
FNDA:0,(anonymous_41)
FNDA:0,(anonymous_42)
FNDA:0,(anonymous_43)
FNDA:0,(anonymous_44)
DA:8,0
DA:9,0
DA:10,0
DA:11,0
DA:12,0
DA:13,0
DA:14,0
DA:15,0
DA:22,0
DA:23,0
DA:26,0
DA:27,0
DA:28,0
DA:29,0
DA:30,0
DA:31,0
DA:34,0
DA:39,0
DA:40,0
DA:41,0
DA:42,0
DA:47,0
DA:50,0
DA:53,0
DA:55,0
DA:56,0
DA:58,0
DA:60,0
DA:66,0
DA:67,0
DA:68,0
DA:69,0
DA:70,0
DA:73,0
DA:77,0
DA:79,0
DA:80,0
DA:81,0
DA:82,0
DA:85,0
DA:88,0
DA:89,0
DA:92,0
DA:95,0
DA:96,0
DA:97,0
DA:106,0
DA:109,0
DA:112,0
DA:115,0
DA:116,0
DA:119,0
DA:120,0
DA:122,0
DA:125,0
DA:126,0
DA:129,0
DA:130,0
DA:133,0
DA:134,0
DA:135,0
DA:138,0
DA:140,0
DA:141,0
DA:144,0
DA:145,0
DA:146,0
DA:148,0
DA:151,0
DA:154,0
DA:155,0
DA:159,0
DA:161,0
DA:162,0
DA:165,0
DA:166,0
DA:167,0
DA:169,0
DA:172,0
DA:176,0
DA:180,0
DA:183,0
DA:186,0
DA:190,0
DA:193,0
DA:196,0
DA:199,0
DA:202,0
DA:204,0
DA:211,0
DA:214,0
DA:215,0
DA:216,0
DA:217,0
DA:220,0
DA:223,0
DA:226,0
DA:229,0
DA:239,0
DA:240,0
DA:241,0
DA:242,0
DA:243,0
DA:244,0
DA:245,0
DA:246,0
DA:247,0
DA:248,0
DA:249,0
DA:250,0
DA:251,0
DA:252,0
DA:254,0
DA:257,0
DA:260,0
DA:504,0
DA:506,0
DA:509,0
DA:510,0
DA:511,0
DA:512,0
DA:513,0
DA:514,0
DA:516,0
DA:517,0
DA:520,0
DA:521,0
DA:525,0
DA:526,0
DA:529,0
DA:532,0
DA:533,0
DA:534,0
DA:535,0
DA:537,0
DA:545,0
DA:548,0
DA:549,0
DA:550,0
DA:551,0
DA:552,0
DA:557,0
DA:558,0
DA:559,0
DA:561,0
DA:570,0
DA:571,0
DA:572,0
DA:576,0
DA:577,0
DA:578,0
DA:582,0
DA:583,0
DA:584,0
DA:588,0
DA:589,0
DA:590,0
DA:594,0
DA:595,0
DA:596,0
DA:599,0
DA:606,0
DA:607,0
DA:609,0
DA:610,0
DA:612,0
DA:613,0
DA:614,0
DA:618,0
DA:620,0
DA:622,0
DA:630,0
DA:631,0
DA:633,0
DA:634,0
DA:637,0
DA:638,0
DA:641,0
DA:642,0
DA:643,0
DA:645,0
DA:648,0
DA:649,0
DA:652,0
DA:653,0
DA:656,0
DA:663,0
DA:666,0
DA:667,0
DA:670,0
DA:673,0
DA:674,0
DA:677,0
DA:680,0
DA:681,0
DA:683,0
DA:687,0
DA:689,0
DA:693,0
DA:695,0
DA:696,0
DA:699,0
DA:700,0
DA:703,0
DA:706,0
DA:707,0
DA:709,0
DA:714,0
DA:717,0
DA:718,0
DA:719,0
DA:722,0
DA:723,0
DA:724,0
DA:725,0
DA:730,0
DA:731,0
DA:742,0
DA:750,0
DA:757,0
DA:758,0
DA:759,0
DA:760,0
DA:761,0
DA:763,0
DA:765,0
DA:774,0
DA:777,0
DA:778,0
DA:782,0
DA:789,0
DA:790,0
DA:791,0
DA:792,0
DA:793,0
DA:794,0
DA:796,0
DA:801,0
DA:802,0
DA:803,0
DA:805,0
DA:813,0
DA:814,0
DA:817,0
DA:818,0
DA:819,0
DA:822,0
DA:823,0
DA:824,0
DA:827,0
DA:834,0
DA:835,0
DA:836,0
DA:838,0
DA:839,0
DA:841,0
DA:849,0
DA:850,0
DA:851,0
DA:853,0
DA:854,0
DA:856,0
DA:864,0
DA:865,0
DA:867,0
DA:868,0
DA:871,0
DA:872,0
DA:880,0
DA:881,0
DA:882,0
DA:889,0
DA:890,0
DA:891,0
DA:892,0
DA:895,0
DA:897,0
DA:898,0
DA:901,0
DA:903,0
DA:911,0
DA:912,0
DA:915,0
DA:916,0
DA:917,0
DA:921,0
DA:922,0
DA:926,0
DA:927,0
DA:928,0
DA:929,0
DA:931,0
DA:932,0
DA:935,0
DA:936,0
DA:937,0
DA:941,0
DA:944,0
DA:946,0
DA:949,0
DA:957,0
DA:960,0
DA:971,0
DA:972,0
DA:973,0
DA:975,0
DA:976,0
DA:979,0
DA:980,0
DA:981,0
DA:983,0
DA:987,0
DA:994,0
DA:999,0
DA:1000,0
DA:1001,0
DA:1002,0
DA:1003,0
DA:1005,0
DA:1006,0
DA:1008,0
DA:1009,0
DA:1012,0
DA:1015,0
DA:1019,0
DA:1020,0
DA:1023,0
DA:1024,0
DA:1034,0
DA:1035,0
DA:1038,0
DA:1041,0
DA:1045,0
DA:1046,0
DA:1047,0
DA:1049,0
DA:1050,0
DA:1053,0
DA:1057,0
DA:1058,0
DA:1059,0
DA:1060,0
DA:1061,0
DA:1062,0
DA:1063,0
DA:1075,0
DA:1076,0
DA:1084,0
DA:1087,0
DA:1089,0
DA:1090,0
DA:1091,0
DA:1095,0
DA:1096,0
DA:1097,0
DA:1099,0
DA:1100,0
DA:1103,0
DA:1106,0
DA:1108,0
DA:1119,0
DA:1120,0
DA:1122,0
DA:1129,0
DA:1130,0
DA:1131,0
DA:1139,0
DA:1140,0
DA:1144,0
DA:1145,0
DA:1146,0
DA:1147,0
DA:1148,0
DA:1150,0
DA:1160,0
DA:1161,0
DA:1162,0
DA:1163,0
DA:1165,0
DA:1169,0
DA:1171,0
DA:1172,0
DA:1173,0
DA:1181,0
DA:1182,0
DA:1183,0
DA:1184,0
DA:1187,0
DA:1192,0
DA:1193,0
DA:1194,0
DA:1195,0
DA:1196,0
DA:1201,0
LF:394
LH:0
BRDA:7,0,0,0
BRDA:28,1,0,0
BRDA:28,1,1,0
BRDA:28,2,0,0
BRDA:28,2,1,0
BRDA:40,3,0,0
BRDA:40,3,1,0
BRDA:40,4,0,0
BRDA:40,4,1,0
BRDA:53,5,0,0
BRDA:53,5,1,0
BRDA:55,6,0,0
BRDA:55,6,1,0
BRDA:68,7,0,0
BRDA:68,7,1,0
BRDA:68,8,0,0
BRDA:68,8,1,0
BRDA:88,9,0,0
BRDA:88,9,1,0
BRDA:96,10,0,0
BRDA:96,10,1,0
BRDA:115,11,0,0
BRDA:115,11,1,0
BRDA:120,12,0,0
BRDA:120,12,1,0
BRDA:129,13,0,0
BRDA:129,13,1,0
BRDA:129,14,0,0
BRDA:129,14,1,0
BRDA:129,14,2,0
BRDA:133,15,0,0
BRDA:133,15,1,0
BRDA:138,16,0,0
BRDA:138,16,1,0
BRDA:138,17,0,0
BRDA:138,17,1,0
BRDA:138,17,2,0
BRDA:141,18,0,0
BRDA:141,18,1,0
BRDA:141,18,2,0
BRDA:141,19,0,0
BRDA:141,19,1,0
BRDA:144,20,0,0
BRDA:144,20,1,0
BRDA:159,21,0,0
BRDA:159,21,1,0
BRDA:159,22,0,0
BRDA:159,22,1,0
BRDA:162,23,0,0
BRDA:162,23,1,0
BRDA:162,23,2,0
BRDA:162,24,0,0
BRDA:162,24,1,0
BRDA:165,25,0,0
BRDA:165,25,1,0
BRDA:215,26,0,0
BRDA:215,26,1,0
BRDA:235,27,0,0
BRDA:235,27,1,0
BRDA:239,28,0,0
BRDA:239,28,1,0
BRDA:239,29,0,0
BRDA:239,29,1,0
BRDA:242,30,0,0
BRDA:242,30,1,0
BRDA:245,31,0,0
BRDA:245,31,1,0
BRDA:245,32,0,0
BRDA:245,32,1,0
BRDA:247,33,0,0
BRDA:247,33,1,0
BRDA:249,34,0,0
BRDA:249,34,1,0
BRDA:249,35,0,0
BRDA:249,35,1,0
BRDA:251,36,0,0
BRDA:251,36,1,0
BRDA:504,37,0,0
BRDA:504,37,1,0
BRDA:525,38,0,0
BRDA:525,38,1,0
BRDA:533,39,0,0
BRDA:533,39,1,0
BRDA:551,40,0,0
BRDA:551,40,1,0
BRDA:557,41,0,0
BRDA:557,41,1,0
BRDA:571,42,0,0
BRDA:571,42,1,0
BRDA:577,43,0,0
BRDA:577,43,1,0
BRDA:578,44,0,0
BRDA:578,44,1,0
BRDA:583,45,0,0
BRDA:583,45,1,0
BRDA:584,46,0,0
BRDA:584,46,1,0
BRDA:589,47,0,0
BRDA:589,47,1,0
BRDA:595,48,0,0
BRDA:595,48,1,0
BRDA:596,49,0,0
BRDA:596,49,1,0
BRDA:607,50,0,0
BRDA:607,50,1,0
BRDA:633,51,0,0
BRDA:633,51,1,0
BRDA:642,52,0,0
BRDA:642,52,1,0
BRDA:648,53,0,0
BRDA:648,53,1,0
BRDA:648,54,0,0
BRDA:648,54,1,0
BRDA:652,55,0,0
BRDA:652,55,1,0
BRDA:652,56,0,0
BRDA:652,56,1,0
BRDA:680,57,0,0
BRDA:680,57,1,0
BRDA:706,58,0,0
BRDA:706,58,1,0
BRDA:718,59,0,0
BRDA:718,59,1,0
BRDA:724,60,0,0
BRDA:724,60,1,0
BRDA:725,61,0,0
BRDA:725,61,1,0
BRDA:759,62,0,0
BRDA:759,62,1,0
BRDA:790,63,0,0
BRDA:790,63,1,0
BRDA:792,64,0,0
BRDA:792,64,1,0
BRDA:801,65,0,0
BRDA:801,65,1,0
BRDA:817,66,0,0
BRDA:817,66,1,0
BRDA:822,67,0,0
BRDA:822,67,1,0
BRDA:834,68,0,0
BRDA:834,68,1,0
BRDA:834,69,0,0
BRDA:834,69,1,0
BRDA:849,70,0,0
BRDA:849,70,1,0
BRDA:849,71,0,0
BRDA:849,71,1,0
BRDA:867,72,0,0
BRDA:867,72,1,0
BRDA:871,73,0,0
BRDA:871,73,1,0
BRDA:890,74,0,0
BRDA:890,74,1,0
BRDA:897,75,0,0
BRDA:897,75,1,0
BRDA:915,76,0,0
BRDA:915,76,1,0
BRDA:926,77,0,0
BRDA:926,77,1,0
BRDA:928,78,0,0
BRDA:928,78,1,0
BRDA:935,79,0,0
BRDA:935,79,1,0
BRDA:935,80,0,0
BRDA:935,80,1,0
BRDA:976,81,0,0
BRDA:976,81,1,0
BRDA:979,82,0,0
BRDA:979,82,1,0
BRDA:1005,83,0,0
BRDA:1005,83,1,0
BRDA:1005,84,0,0
BRDA:1005,84,1,0
BRDA:1006,85,0,0
BRDA:1006,85,1,0
BRDA:1041,86,0,0
BRDA:1041,86,1,0
BRDA:1045,87,0,0
BRDA:1045,87,1,0
BRDA:1057,88,0,0
BRDA:1057,88,1,0
BRDA:1057,89,0,0
BRDA:1057,89,1,0
BRDA:1061,90,0,0
BRDA:1061,90,1,0
BRDA:1061,91,0,0
BRDA:1061,91,1,0
BRDA:1089,92,0,0
BRDA:1089,92,1,0
BRDA:1089,93,0,0
BRDA:1089,93,1,0
BRDA:1095,94,0,0
BRDA:1095,94,1,0
BRDA:1106,95,0,0
BRDA:1106,95,1,0
BRDA:1106,96,0,0
BRDA:1106,96,1,0
BRDA:1129,97,0,0
BRDA:1129,97,1,0
BRDA:1139,98,0,0
BRDA:1139,98,1,0
BRDA:1145,99,0,0
BRDA:1145,99,1,0
BRDA:1145,100,0,0
BRDA:1145,100,1,0
BRDA:1145,100,2,0
BRDA:1160,101,0,0
BRDA:1160,101,1,0
BRDA:1160,102,0,0
BRDA:1160,102,1,0
BRDA:1160,102,2,0
BRDA:1171,103,0,0
BRDA:1171,103,1,0
BRDA:1195,104,0,0
BRDA:1195,104,1,0
BRF:215
BRH:0
end_of_record
TN:
SF:js\modules\managers\websocket-manager.js
FN:7,(anonymous_0)
FN:17,(anonymous_1)
FN:24,(anonymous_2)
FN:29,(anonymous_3)
FN:34,(anonymous_4)
FN:50,(anonymous_5)
FN:57,(anonymous_6)
FN:82,(anonymous_7)
FN:94,(anonymous_8)
FN:105,(anonymous_9)
FN:106,(anonymous_10)
FNF:11
FNH:0
FNDA:0,(anonymous_0)
FNDA:0,(anonymous_1)
FNDA:0,(anonymous_2)
FNDA:0,(anonymous_3)
FNDA:0,(anonymous_4)
FNDA:0,(anonymous_5)
FNDA:0,(anonymous_6)
FNDA:0,(anonymous_7)
FNDA:0,(anonymous_8)
FNDA:0,(anonymous_9)
FNDA:0,(anonymous_10)
DA:8,0
DA:9,0
DA:10,0
DA:11,0
DA:18,0
DA:19,0
DA:20,0
DA:21,0
DA:22,0
DA:24,0
DA:25,0
DA:26,0
DA:29,0
DA:30,0
DA:31,0
DA:34,0
DA:35,0
DA:38,0
DA:39,0
DA:42,0
DA:43,0
DA:51,0
DA:53,0
DA:54,0
DA:55,0
DA:57,0
DA:58,0
DA:61,0
DA:64,0
DA:65,0
DA:67,0
DA:68,0
DA:72,0
DA:73,0
DA:83,0
DA:84,0
DA:85,0
DA:87,0
DA:95,0
DA:96,0
DA:97,0
DA:98,0
DA:106,0
DA:107,0
DA:109,0
LF:45
LH:0
BRDA:53,0,0,0
BRDA:53,0,1,0
BRDA:65,1,0,0
BRDA:65,1,1,0
BRDA:67,2,0,0
BRDA:67,2,1,0
BRDA:72,3,0,0
BRDA:72,3,1,0
BRDA:84,4,0,0
BRDA:84,4,1,0
BRDA:84,5,0,0
BRDA:84,5,1,0
BRDA:96,6,0,0
BRDA:96,6,1,0
BRF:14
BRH:0
end_of_record
TN:
SF:js\services\auth.js
FN:10,(anonymous_0)
FN:17,(anonymous_1)
FN:30,(anonymous_2)
FN:76,(anonymous_3)
FN:122,(anonymous_4)
FN:154,(anonymous_5)
FN:188,(anonymous_6)
FN:230,(anonymous_7)
FN:274,(anonymous_8)
FN:294,(anonymous_9)
FN:332,(anonymous_10)
FN:339,(anonymous_11)
FN:346,(anonymous_12)
FN:353,(anonymous_13)
FNF:14
FNH:0
FNDA:0,(anonymous_0)
FNDA:0,(anonymous_1)
FNDA:0,(anonymous_2)
FNDA:0,(anonymous_3)
FNDA:0,(anonymous_4)
FNDA:0,(anonymous_5)
FNDA:0,(anonymous_6)
FNDA:0,(anonymous_7)
FNDA:0,(anonymous_8)
FNDA:0,(anonymous_9)
FNDA:0,(anonymous_10)
FNDA:0,(anonymous_11)
FNDA:0,(anonymous_12)
FNDA:0,(anonymous_13)
DA:11,0
DA:18,0
DA:19,0
DA:20,0
DA:23,0
DA:24,0
DA:31,0
DA:32,0
DA:34,0
DA:42,0
DA:44,0
DA:46,0
DA:47,0
DA:50,0
DA:52,0
DA:53,0
DA:57,0
DA:58,0
DA:59,0
DA:63,0
DA:64,0
DA:65,0
DA:66,0
DA:69,0
DA:77,0
DA:78,0
DA:80,0
DA:88,0
DA:90,0
DA:92,0
DA:93,0
DA:96,0
DA:98,0
DA:99,0
DA:103,0
DA:104,0
DA:105,0
DA:109,0
DA:110,0
DA:111,0
DA:112,0
DA:115,0
DA:123,0
DA:125,0
DA:126,0
DA:131,0
DA:135,0
DA:136,0
DA:139,0
DA:141,0
DA:142,0
DA:145,0
DA:146,0
DA:147,0
DA:155,0
DA:156,0
DA:157,0
DA:158,0
DA:161,0
DA:165,0
DA:166,0
DA:167,0
DA:168,0
DA:169,0
DA:172,0
DA:173,0
DA:174,0
DA:175,0
DA:179,0
DA:180,0
DA:181,0
DA:189,0
DA:191,0
DA:192,0
DA:194,0
DA:200,0
DA:201,0
DA:202,0
DA:203,0
DA:206,0
DA:207,0
DA:209,0
DA:210,0
DA:212,0
DA:213,0
DA:214,0
DA:217,0
DA:218,0
DA:223,0
DA:231,0
DA:233,0
DA:234,0
DA:236,0
DA:244,0
DA:245,0
DA:246,0
DA:247,0
DA:250,0
DA:251,0
DA:253,0
DA:254,0
DA:256,0
DA:257,0
DA:258,0
DA:261,0
DA:262,0
DA:267,0
DA:275,0
DA:277,0
DA:278,0
DA:281,0
DA:282,0
DA:285,0
DA:295,0
DA:298,0
DA:299,0
DA:300,0
DA:301,0
DA:305,0
DA:306,0
DA:307,0
DA:308,0
DA:312,0
DA:313,0
DA:314,0
DA:315,0
DA:319,0
DA:320,0
DA:323,0
DA:333,0
DA:340,0
DA:347,0
DA:354,0
DA:355,0
DA:360,0
DA:367,0
DA:368,0
LF:137
LH:0
BRDA:18,0,0,0
BRDA:18,0,1,0
BRDA:44,1,0,0
BRDA:44,1,1,0
BRDA:58,2,0,0
BRDA:58,2,1,0
BRDA:90,3,0,0
BRDA:90,3,1,0
BRDA:104,4,0,0
BRDA:104,4,1,0
BRDA:157,5,0,0
BRDA:157,5,1,0
BRDA:165,6,0,0
BRDA:165,6,1,0
BRDA:201,7,0,0
BRDA:201,7,1,0
BRDA:212,8,0,0
BRDA:212,8,1,0
BRDA:217,9,0,0
BRDA:217,9,1,0
BRDA:245,10,0,0
BRDA:245,10,1,0
BRDA:256,11,0,0
BRDA:256,11,1,0
BRDA:261,12,0,0
BRDA:261,12,1,0
BRDA:277,13,0,0
BRDA:277,13,1,0
BRDA:277,14,0,0
BRDA:277,14,1,0
BRDA:281,15,0,0
BRDA:281,15,1,0
BRDA:281,16,0,0
BRDA:281,16,1,0
BRDA:298,17,0,0
BRDA:298,17,1,0
BRDA:298,18,0,0
BRDA:298,18,1,0
BRDA:300,19,0,0
BRDA:300,19,1,0
BRDA:305,20,0,0
BRDA:305,20,1,0
BRDA:307,21,0,0
BRDA:307,21,1,0
BRDA:312,22,0,0
BRDA:312,22,1,0
BRDA:312,23,0,0
BRDA:312,23,1,0
BRDA:314,24,0,0
BRDA:314,24,1,0
BRDA:319,25,0,0
BRDA:319,25,1,0
BRDA:367,26,0,0
BRDA:367,26,1,0
BRDA:367,27,0,0
BRDA:367,27,1,0
BRF:56
BRH:0
end_of_record
TN:
SF:js\services\canvas.js
FN:9,(anonymous_0)
FN:16,(anonymous_1)
FN:29,(anonymous_2)
FN:57,(anonymous_3)
FN:82,(anonymous_4)
FN:117,(anonymous_5)
FN:179,(anonymous_6)
FNF:7
FNH:0
FNDA:0,(anonymous_0)
FNDA:0,(anonymous_1)
FNDA:0,(anonymous_2)
FNDA:0,(anonymous_3)
FNDA:0,(anonymous_4)
FNDA:0,(anonymous_5)
FNDA:0,(anonymous_6)
DA:10,0
DA:17,0
DA:18,0
DA:19,0
DA:22,0
DA:23,0
DA:30,0
DA:31,0
DA:35,0
DA:36,0
DA:37,0
DA:39,0
DA:43,0
DA:46,0
DA:47,0
DA:50,0
DA:58,0
DA:59,0
DA:63,0
DA:64,0
DA:65,0
DA:67,0
DA:71,0
DA:72,0
DA:73,0
DA:75,0
DA:83,0
DA:84,0
DA:90,0
DA:92,0
DA:93,0
DA:94,0
DA:95,0
DA:97,0
DA:99,0
DA:100,0
DA:102,0
DA:106,0
DA:107,0
DA:108,0
DA:110,0
DA:118,0
DA:120,0
DA:121,0
DA:122,0
DA:123,0
DA:124,0
DA:126,0
DA:129,0
DA:135,0
DA:137,0
DA:138,0
DA:139,0
DA:140,0
DA:142,0
DA:144,0
DA:145,0
DA:147,0
DA:152,0
DA:155,0
DA:156,0
DA:159,0
DA:160,0
DA:161,0
DA:163,0
DA:165,0
DA:166,0
DA:169,0
DA:172,0
DA:180,0
DA:181,0
DA:186,0
LF:72
LH:0
BRDA:17,0,0,0
BRDA:17,0,1,0
BRDA:35,1,0,0
BRDA:35,1,1,0
BRDA:46,2,0,0
BRDA:46,2,1,0
BRDA:63,3,0,0
BRDA:63,3,1,0
BRDA:72,4,0,0
BRDA:72,4,1,0
BRDA:92,5,0,0
BRDA:92,5,1,0
BRDA:94,6,0,0
BRDA:94,6,1,0
BRDA:99,7,0,0
BRDA:99,7,1,0
BRDA:100,8,0,0
BRDA:100,8,1,0
BRDA:107,9,0,0
BRDA:107,9,1,0
BRDA:120,10,0,0
BRDA:120,10,1,0
BRDA:120,11,0,0
BRDA:120,11,1,0
BRDA:123,12,0,0
BRDA:123,12,1,0
BRDA:137,13,0,0
BRDA:137,13,1,0
BRDA:139,14,0,0
BRDA:139,14,1,0
BRDA:144,15,0,0
BRDA:144,15,1,0
BRDA:145,16,0,0
BRDA:145,16,1,0
BRDA:155,17,0,0
BRDA:155,17,1,0
BRDA:159,18,0,0
BRDA:159,18,1,0
BRDA:159,19,0,0
BRDA:159,19,1,0
BRDA:160,20,0,0
BRDA:160,20,1,0
BRDA:161,21,0,0
BRDA:161,21,1,0
BRDA:161,21,2,0
BRDA:165,22,0,0
BRDA:165,22,1,0
BRF:47
BRH:0
end_of_record
TN:
SF:js\utils\events.js
FN:7,(anonymous_0)
FN:15,(anonymous_1)
FN:28,(anonymous_2)
FN:36,(anonymous_3)
FN:44,(anonymous_4)
FN:45,(anonymous_5)
FN:56,(anonymous_6)
FN:71,(anonymous_7)
FN:74,(anonymous_8)
FN:87,(anonymous_9)
FN:98,(anonymous_10)
FN:100,(anonymous_11)
FN:109,(anonymous_12)
FN:116,(anonymous_13)
FNF:14
FNH:0
FNDA:0,(anonymous_0)
FNDA:0,(anonymous_1)
FNDA:0,(anonymous_2)
FNDA:0,(anonymous_3)
FNDA:0,(anonymous_4)
FNDA:0,(anonymous_5)
FNDA:0,(anonymous_6)
FNDA:0,(anonymous_7)
FNDA:0,(anonymous_8)
FNDA:0,(anonymous_9)
FNDA:0,(anonymous_10)
FNDA:0,(anonymous_11)
FNDA:0,(anonymous_12)
FNDA:0,(anonymous_13)
DA:8,0
DA:9,0
DA:16,0
DA:17,0
DA:18,0
DA:21,0
DA:22,0
DA:29,0
DA:30,0
DA:33,0
DA:36,0
DA:37,0
DA:45,0
DA:46,0
DA:47,0
DA:50,0
DA:57,0
DA:58,0
DA:59,0
DA:62,0
DA:63,0
DA:72,0
DA:73,0
DA:74,0
DA:75,0
DA:76,0
DA:78,0
DA:88,0
DA:89,0
DA:91,0
DA:99,0
DA:100,0
DA:101,0
DA:103,0
DA:110,0
DA:117,0
DA:118,0
DA:119,0
DA:124,0
DA:131,0
DA:132,0
LF:41
LH:0
BRDA:16,0,0,0
BRDA:16,0,1,0
BRDA:29,1,0,0
BRDA:29,1,1,0
BRDA:58,2,0,0
BRDA:58,2,1,0
BRDA:62,3,0,0
BRDA:62,3,1,0
BRDA:73,4,0,0
BRDA:73,4,1,0
BRDA:88,5,0,0
BRDA:88,5,1,0
BRDA:110,6,0,0
BRDA:110,6,1,0
BRDA:131,7,0,0
BRDA:131,7,1,0
BRDA:131,8,0,0
BRDA:131,8,1,0
BRF:18
BRH:0
end_of_record
TN:
SF:js\utils\ui.js
FN:7,(anonymous_0)
FN:15,(anonymous_1)
FN:28,(anonymous_2)
FN:38,(anonymous_3)
FN:48,(anonymous_4)
FN:66,(anonymous_5)
FN:71,(anonymous_6)
FN:79,(anonymous_7)
FN:85,(anonymous_8)
FN:99,(anonymous_9)
FN:108,(anonymous_10)
FN:116,(anonymous_11)
FN:121,(anonymous_12)
FN:130,(anonymous_13)
FN:132,(anonymous_14)
FN:134,(anonymous_15)
FN:143,(anonymous_16)
FN:152,(anonymous_17)
FN:164,(anonymous_18)
FN:192,(anonymous_19)
FN:196,(anonymous_20)
FN:209,(anonymous_21)
FN:223,(anonymous_22)
FN:230,(anonymous_23)
FN:236,(anonymous_24)
FN:247,(anonymous_25)
FN:251,(anonymous_26)
FN:259,(anonymous_27)
FN:281,(anonymous_28)
FN:296,(anonymous_29)
FN:300,(anonymous_30)
FN:305,(anonymous_31)
FN:313,(anonymous_32)
FN:315,(anonymous_33)
FN:317,(anonymous_34)
FN:324,(anonymous_35)
FN:326,(anonymous_36)
FN:330,(anonymous_37)
FN:338,(anonymous_38)
FN:353,(anonymous_39)
FN:364,(anonymous_40)
FN:377,(anonymous_41)
FNF:42
FNH:0
FNDA:0,(anonymous_0)
FNDA:0,(anonymous_1)
FNDA:0,(anonymous_2)
FNDA:0,(anonymous_3)
FNDA:0,(anonymous_4)
FNDA:0,(anonymous_5)
FNDA:0,(anonymous_6)
FNDA:0,(anonymous_7)
FNDA:0,(anonymous_8)
FNDA:0,(anonymous_9)
FNDA:0,(anonymous_10)
FNDA:0,(anonymous_11)
FNDA:0,(anonymous_12)
FNDA:0,(anonymous_13)
FNDA:0,(anonymous_14)
FNDA:0,(anonymous_15)
FNDA:0,(anonymous_16)
FNDA:0,(anonymous_17)
FNDA:0,(anonymous_18)
FNDA:0,(anonymous_19)
FNDA:0,(anonymous_20)
FNDA:0,(anonymous_21)
FNDA:0,(anonymous_22)
FNDA:0,(anonymous_23)
FNDA:0,(anonymous_24)
FNDA:0,(anonymous_25)
FNDA:0,(anonymous_26)
FNDA:0,(anonymous_27)
FNDA:0,(anonymous_28)
FNDA:0,(anonymous_29)
FNDA:0,(anonymous_30)
FNDA:0,(anonymous_31)
FNDA:0,(anonymous_32)
FNDA:0,(anonymous_33)
FNDA:0,(anonymous_34)
FNDA:0,(anonymous_35)
FNDA:0,(anonymous_36)
FNDA:0,(anonymous_37)
FNDA:0,(anonymous_38)
FNDA:0,(anonymous_39)
FNDA:0,(anonymous_40)
FNDA:0,(anonymous_41)
DA:8,0
DA:9,0
DA:16,0
DA:17,0
DA:18,0
DA:21,0
DA:22,0
DA:29,0
DA:30,0
DA:31,0
DA:39,0
DA:40,0
DA:41,0
DA:49,0
DA:50,0
DA:51,0
DA:52,0
DA:56,0
DA:57,0
DA:61,0
DA:62,0
DA:63,0
DA:66,0
DA:67,0
DA:71,0
DA:72,0
DA:80,0
DA:81,0
DA:82,0
DA:85,0
DA:86,0
DA:90,0
DA:91,0
DA:92,0
DA:100,0
DA:101,0
DA:102,0
DA:103,0
DA:106,0
DA:107,0
DA:108,0
DA:117,0
DA:118,0
DA:119,0
DA:121,0
DA:122,0
DA:131,0
DA:132,0
DA:133,0
DA:134,0
DA:135,0
DA:144,0
DA:145,0
DA:146,0
DA:153,0
DA:154,0
DA:155,0
DA:157,0
DA:165,0
DA:166,0
DA:167,0
DA:168,0
DA:170,0
DA:171,0
DA:172,0
DA:173,0
DA:175,0
DA:176,0
DA:177,0
DA:178,0
DA:179,0
DA:180,0
DA:182,0
DA:185,0
DA:193,0
DA:196,0
DA:197,0
DA:198,0
DA:199,0
DA:200,0
DA:201,0
DA:202,0
DA:204,0
DA:209,0
DA:210,0
DA:211,0
DA:213,0
DA:217,0
DA:224,0
DA:226,0
DA:227,0
DA:229,0
DA:230,0
DA:231,0
DA:232,0
DA:233,0
DA:236,0
DA:237,0
DA:238,0
DA:239,0
DA:249,0
DA:251,0
DA:252,0
DA:260,0
DA:261,0
DA:264,0
DA:267,0
DA:268,0
DA:269,0
DA:272,0
DA:275,0
DA:282,0
DA:283,0
DA:285,0
DA:287,0
DA:288,0
DA:289,0
DA:297,0
DA:300,0
DA:301,0
DA:305,0
DA:306,0
DA:315,0
DA:316,0
DA:317,0
DA:326,0
DA:327,0
DA:328,0
DA:329,0
DA:330,0
DA:339,0
DA:340,0
DA:341,0
DA:342,0
DA:344,0
DA:345,0
DA:346,0
DA:354,0
DA:355,0
DA:365,0
DA:371,0
DA:378,0
DA:379,0
DA:382,0
DA:383,0
DA:388,0
DA:395,0
DA:396,0
LF:148
LH:0
BRDA:16,0,0,0
BRDA:16,0,1,0
BRDA:30,1,0,0
BRDA:30,1,1,0
BRDA:40,2,0,0
BRDA:40,2,1,0
BRDA:48,3,0,0
BRDA:48,4,0,0
BRDA:50,5,0,0
BRDA:50,5,1,0
BRDA:56,6,0,0
BRDA:56,6,1,0
BRDA:81,7,0,0
BRDA:81,7,1,0
BRDA:90,8,0,0
BRDA:90,8,1,0
BRDA:101,9,0,0
BRDA:101,9,1,0
BRDA:107,10,0,0
BRDA:107,10,1,0
BRDA:118,11,0,0
BRDA:118,11,1,0
BRDA:175,12,0,0
BRDA:175,12,1,0
BRDA:176,13,0,0
BRDA:176,13,1,0
BRDA:177,14,0,0
BRDA:177,14,1,0
BRDA:178,15,0,0
BRDA:178,15,1,0
BRDA:179,16,0,0
BRDA:179,16,1,0
BRDA:180,17,0,0
BRDA:180,17,1,0
BRDA:192,18,0,0
BRDA:192,19,0,0
BRDA:197,20,0,0
BRDA:197,20,1,0
BRDA:199,21,0,0
BRDA:199,21,1,0
BRDA:201,22,0,0
BRDA:201,22,1,0
BRDA:210,23,0,0
BRDA:210,23,1,0
BRDA:223,24,0,0
BRDA:223,25,0,0
BRDA:224,26,0,0
BRDA:224,26,1,0
BRDA:227,27,0,0
BRDA:227,27,1,0
BRDA:229,28,0,0
BRDA:229,28,1,0
BRDA:231,29,0,0
BRDA:231,29,1,0
BRDA:237,30,0,0
BRDA:237,30,1,0
BRDA:238,31,0,0
BRDA:238,31,1,0
BRDA:260,32,0,0
BRDA:260,32,1,0
BRDA:261,33,0,0
BRDA:261,33,1,0
BRDA:268,34,0,0
BRDA:268,34,1,0
BRDA:282,35,0,0
BRDA:282,35,1,0
BRDA:283,36,0,0
BRDA:283,36,1,0
BRDA:288,37,0,0
BRDA:288,37,1,0
BRDA:297,38,0,0
BRDA:297,38,1,0
BRDA:313,39,0,0
BRDA:324,40,0,0
BRDA:327,41,0,0
BRDA:327,41,1,0
BRDA:364,42,0,0
BRDA:378,43,0,0
BRDA:378,43,1,0
BRDA:395,44,0,0
BRDA:395,44,1,0
BRDA:395,45,0,0
BRDA:395,45,1,0
BRF:83
BRH:0
end_of_record
